<?xml version="1.0" encoding="UTF-8"?>
<!-- Generated by org.testng.reporters.JUnitReportReporter -->
<testsuite hostname="admin-PC" name="testcases.Test_ng" tests="2" failures="0" timestamp="2 May 2017 02:45:25 GMT" time="30.712" errors="0">
  <testcase name="f" time="15.361" classname="testcases.Test_ng"/>
  <testcase name="f" time="15.351" classname="testcases.Test_ng"/>
</testsuite> <!-- testcases.Test_ng -->
