<?xml version="1.0" encoding="UTF-8"?>
<!-- Generated by org.testng.reporters.JUnitReportReporter -->
<testsuite hostname="admin-PC" name="testcases.Test_ng2" tests="2" failures="0" timestamp="17 Apr 2017 07:37:16 GMT" time="0.016" errors="0">
  <testcase name="f" time="0.007" classname="testcases.Test_ng2"/>
  <testcase name="f" time="0.009" classname="testcases.Test_ng2"/>
</testsuite> <!-- testcases.Test_ng2 -->
