<?xml version="1.0" encoding="UTF-8"?>
<!-- Generated by org.testng.reporters.JUnitReportReporter -->
<testsuite hostname="EDZ-20180329MIP" name="testcases.Counting" tests="6000" failures="0" timestamp="2 May 2018 09:52:10 GMT" time="15495.260" errors="0">
  <testcase name="service" time="0.000" classname="testcases.Counting"/>
  <testcase name="service" time="5.242" classname="testcases.Counting"/>
  <testcase name="service" time="7.409" classname="testcases.Counting"/>
  <testcase name="service" time="0.001" classname="testcases.Counting"/>
  <testcase name="service" time="0.000" classname="testcases.Counting"/>
  <testcase name="service" time="3.941" classname="testcases.Counting"/>
  <testcase name="service" time="3.678" classname="testcases.Counting"/>
  <testcase name="service" time="8.426" classname="testcases.Counting"/>
  <testcase name="service" time="0.000" classname="testcases.Counting"/>
  <testcase name="service" time="5.392" classname="testcases.Counting"/>
  <testcase name="service" time="5.260" classname="testcases.Counting"/>
  <testcase name="service" time="0.000" classname="testcases.Counting"/>
  <testcase name="service" time="0.000" classname="testcases.Counting"/>
  <testcase name="service" time="7.601" classname="testcases.Counting"/>
  <testcase name="service" time="0.000" classname="testcases.Counting"/>
  <testcase name="service" time="0.000" classname="testcases.Counting"/>
  <testcase name="service" time="0.000" classname="testcases.Counting"/>
  <testcase name="service" time="3.022" classname="testcases.Counting"/>
  <testcase name="service" time="7.759" classname="testcases.Counting"/>
  <testcase name="service" time="7.509" classname="testcases.Counting"/>
  <testcase name="service" time="0.000" classname="testcases.Counting"/>
  <testcase name="service" time="0.001" classname="testcases.Counting"/>
  <testcase name="service" time="0.000" classname="testcases.Counting"/>
  <testcase name="service" time="8.340" classname="testcases.Counting"/>
  <testcase name="service" time="0.001" classname="testcases.Counting"/>
  <testcase name="service" time="0.000" classname="testcases.Counting"/>
  <testcase name="service" time="7.595" classname="testcases.Counting"/>
  <testcase name="service" time="7.330" classname="testcases.Counting"/>
  <testcase name="service" time="2.021" classname="testcases.Counting"/>
  <testcase name="service" time="6.300" classname="testcases.Counting"/>
  <testcase name="service" time="0.016" classname="testcases.Counting"/>
  <testcase name="service" time="0.001" classname="testcases.Counting"/>
  <testcase name="service" time="3.930" classname="testcases.Counting"/>
  <testcase name="service" time="5.016" classname="testcases.Counting"/>
  <testcase name="service" time="0.001" classname="testcases.Counting"/>
  <testcase name="service" time="5.515" classname="testcases.Counting"/>
  <testcase name="service" time="4.478" classname="testcases.Counting"/>
  <testcase name="service" time="4.613" classname="testcases.Counting"/>
  <testcase name="service" time="0.000" classname="testcases.Counting"/>
  <testcase name="service" time="5.411" classname="testcases.Counting"/>
  <testcase name="service" time="2.096" classname="testcases.Counting"/>
  <testcase name="service" time="0.002" classname="testcases.Counting"/>
  <testcase name="service" time="0.001" classname="testcases.Counting"/>
  <testcase name="service" time="3.913" classname="testcases.Counting"/>
  <testcase name="service" time="0.000" classname="testcases.Counting"/>
  <testcase name="service" time="0.001" classname="testcases.Counting"/>
  <testcase name="service" time="0.001" classname="testcases.Counting"/>
  <testcase name="service" time="3.567" classname="testcases.Counting"/>
  <testcase name="service" time="0.001" classname="testcases.Counting"/>
  <testcase name="service" time="3.753" classname="testcases.Counting"/>
  <testcase name="service" time="1.403" classname="testcases.Counting"/>
  <testcase name="service" time="4.782" classname="testcases.Counting"/>
  <testcase name="service" time="0.000" classname="testcases.Counting"/>
  <testcase name="service" time="5.218" classname="testcases.Counting"/>
  <testcase name="service" time="5.272" classname="testcases.Counting"/>
  <testcase name="service" time="8.188" classname="testcases.Counting"/>
  <testcase name="service" time="0.000" classname="testcases.Counting"/>
  <testcase name="service" time="7.507" classname="testcases.Counting"/>
  <testcase name="service" time="7.356" classname="testcases.Counting"/>
  <testcase name="service" time="0.000" classname="testcases.Counting"/>
  <testcase name="service" time="0.000" classname="testcases.Counting"/>
  <testcase name="service" time="4.359" classname="testcases.Counting"/>
  <testcase name="service" time="2.669" classname="testcases.Counting"/>
  <testcase name="service" time="1.640" classname="testcases.Counting"/>
  <testcase name="service" time="4.571" classname="testcases.Counting"/>
  <testcase name="service" time="3.067" classname="testcases.Counting"/>
  <testcase name="service" time="2.465" classname="testcases.Counting"/>
  <testcase name="service" time="2.833" classname="testcases.Counting"/>
  <testcase name="service" time="3.261" classname="testcases.Counting"/>
  <testcase name="service" time="0.006" classname="testcases.Counting"/>
  <testcase name="service" time="0.285" classname="testcases.Counting"/>
  <testcase name="service" time="0.470" classname="testcases.Counting"/>
  <testcase name="service" time="0.000" classname="testcases.Counting"/>
  <testcase name="service" time="3.139" classname="testcases.Counting"/>
  <testcase name="service" time="0.002" classname="testcases.Counting"/>
  <testcase name="service" time="0.000" classname="testcases.Counting"/>
  <testcase name="service" time="0.000" classname="testcases.Counting"/>
  <testcase name="service" time="2.678" classname="testcases.Counting"/>
  <testcase name="service" time="0.003" classname="testcases.Counting"/>
  <testcase name="service" time="7.435" classname="testcases.Counting"/>
  <testcase name="service" time="0.000" classname="testcases.Counting"/>
  <testcase name="service" time="0.000" classname="testcases.Counting"/>
  <testcase name="service" time="4.867" classname="testcases.Counting"/>
  <testcase name="service" time="0.000" classname="testcases.Counting"/>
  <testcase name="service" time="0.001" classname="testcases.Counting"/>
  <testcase name="service" time="5.001" classname="testcases.Counting"/>
  <testcase name="service" time="2.823" classname="testcases.Counting"/>
  <testcase name="service" time="0.001" classname="testcases.Counting"/>
  <testcase name="service" time="0.003" classname="testcases.Counting"/>
  <testcase name="service" time="4.514" classname="testcases.Counting"/>
  <testcase name="service" time="0.688" classname="testcases.Counting"/>
  <testcase name="service" time="0.000" classname="testcases.Counting"/>
  <testcase name="service" time="4.266" classname="testcases.Counting"/>
  <testcase name="service" time="7.434" classname="testcases.Counting"/>
  <testcase name="service" time="8.615" classname="testcases.Counting"/>
  <testcase name="service" time="0.000" classname="testcases.Counting"/>
  <testcase name="service" time="2.078" classname="testcases.Counting"/>
  <testcase name="service" time="3.109" classname="testcases.Counting"/>
  <testcase name="service" time="3.309" classname="testcases.Counting"/>
  <testcase name="service" time="2.001" classname="testcases.Counting"/>
  <testcase name="service" time="0.000" classname="testcases.Counting"/>
  <testcase name="service" time="0.835" classname="testcases.Counting"/>
  <testcase name="service" time="0.000" classname="testcases.Counting"/>
  <testcase name="service" time="0.006" classname="testcases.Counting"/>
  <testcase name="service" time="3.563" classname="testcases.Counting"/>
  <testcase name="service" time="0.000" classname="testcases.Counting"/>
  <testcase name="service" time="3.356" classname="testcases.Counting"/>
  <testcase name="service" time="2.651" classname="testcases.Counting"/>
  <testcase name="service" time="0.000" classname="testcases.Counting"/>
  <testcase name="service" time="0.936" classname="testcases.Counting"/>
  <testcase name="service" time="0.007" classname="testcases.Counting"/>
  <testcase name="service" time="5.171" classname="testcases.Counting"/>
  <testcase name="service" time="5.003" classname="testcases.Counting"/>
  <testcase name="service" time="2.709" classname="testcases.Counting"/>
  <testcase name="service" time="8.430" classname="testcases.Counting"/>
  <testcase name="service" time="2.238" classname="testcases.Counting"/>
  <testcase name="service" time="3.072" classname="testcases.Counting"/>
  <testcase name="service" time="1.388" classname="testcases.Counting"/>
  <testcase name="service" time="0.001" classname="testcases.Counting"/>
  <testcase name="service" time="3.649" classname="testcases.Counting"/>
  <testcase name="service" time="0.001" classname="testcases.Counting"/>
  <testcase name="service" time="8.073" classname="testcases.Counting"/>
  <testcase name="service" time="2.065" classname="testcases.Counting"/>
  <testcase name="service" time="2.359" classname="testcases.Counting"/>
  <testcase name="service" time="5.274" classname="testcases.Counting"/>
  <testcase name="service" time="0.002" classname="testcases.Counting"/>
  <testcase name="service" time="2.238" classname="testcases.Counting"/>
  <testcase name="service" time="4.532" classname="testcases.Counting"/>
  <testcase name="service" time="0.912" classname="testcases.Counting"/>
  <testcase name="service" time="0.001" classname="testcases.Counting"/>
  <testcase name="service" time="5.218" classname="testcases.Counting"/>
  <testcase name="service" time="4.556" classname="testcases.Counting"/>
  <testcase name="service" time="0.000" classname="testcases.Counting"/>
  <testcase name="service" time="0.000" classname="testcases.Counting"/>
  <testcase name="service" time="0.003" classname="testcases.Counting"/>
  <testcase name="service" time="0.000" classname="testcases.Counting"/>
  <testcase name="service" time="3.955" classname="testcases.Counting"/>
  <testcase name="service" time="0.000" classname="testcases.Counting"/>
  <testcase name="service" time="2.077" classname="testcases.Counting"/>
  <testcase name="service" time="8.205" classname="testcases.Counting"/>
  <testcase name="service" time="0.638" classname="testcases.Counting"/>
  <testcase name="service" time="0.001" classname="testcases.Counting"/>
  <testcase name="service" time="0.000" classname="testcases.Counting"/>
  <testcase name="service" time="2.517" classname="testcases.Counting"/>
  <testcase name="service" time="2.855" classname="testcases.Counting"/>
  <testcase name="service" time="0.002" classname="testcases.Counting"/>
  <testcase name="service" time="7.787" classname="testcases.Counting"/>
  <testcase name="service" time="0.001" classname="testcases.Counting"/>
  <testcase name="service" time="2.169" classname="testcases.Counting"/>
  <testcase name="service" time="4.721" classname="testcases.Counting"/>
  <testcase name="service" time="0.001" classname="testcases.Counting"/>
  <testcase name="service" time="4.315" classname="testcases.Counting"/>
  <testcase name="service" time="0.083" classname="testcases.Counting"/>
  <testcase name="service" time="2.698" classname="testcases.Counting"/>
  <testcase name="service" time="8.529" classname="testcases.Counting"/>
  <testcase name="service" time="8.335" classname="testcases.Counting"/>
  <testcase name="service" time="5.526" classname="testcases.Counting"/>
  <testcase name="service" time="0.364" classname="testcases.Counting"/>
  <testcase name="service" time="2.305" classname="testcases.Counting"/>
  <testcase name="service" time="7.788" classname="testcases.Counting"/>
  <testcase name="service" time="0.001" classname="testcases.Counting"/>
  <testcase name="service" time="0.001" classname="testcases.Counting"/>
  <testcase name="service" time="0.000" classname="testcases.Counting"/>
  <testcase name="service" time="2.439" classname="testcases.Counting"/>
  <testcase name="service" time="4.393" classname="testcases.Counting"/>
  <testcase name="service" time="2.956" classname="testcases.Counting"/>
  <testcase name="service" time="4.272" classname="testcases.Counting"/>
  <testcase name="service" time="0.000" classname="testcases.Counting"/>
  <testcase name="service" time="6.144" classname="testcases.Counting"/>
  <testcase name="service" time="5.190" classname="testcases.Counting"/>
  <testcase name="service" time="3.294" classname="testcases.Counting"/>
  <testcase name="service" time="0.001" classname="testcases.Counting"/>
  <testcase name="service" time="0.001" classname="testcases.Counting"/>
  <testcase name="service" time="6.147" classname="testcases.Counting"/>
  <testcase name="service" time="0.000" classname="testcases.Counting"/>
  <testcase name="service" time="7.619" classname="testcases.Counting"/>
  <testcase name="service" time="4.467" classname="testcases.Counting"/>
  <testcase name="service" time="1.514" classname="testcases.Counting"/>
  <testcase name="service" time="0.071" classname="testcases.Counting"/>
  <testcase name="service" time="5.219" classname="testcases.Counting"/>
  <testcase name="service" time="2.515" classname="testcases.Counting"/>
  <testcase name="service" time="0.001" classname="testcases.Counting"/>
  <testcase name="service" time="0.000" classname="testcases.Counting"/>
  <testcase name="service" time="3.998" classname="testcases.Counting"/>
  <testcase name="service" time="7.421" classname="testcases.Counting"/>
  <testcase name="service" time="0.490" classname="testcases.Counting"/>
  <testcase name="service" time="2.297" classname="testcases.Counting"/>
  <testcase name="service" time="0.000" classname="testcases.Counting"/>
  <testcase name="service" time="2.803" classname="testcases.Counting"/>
  <testcase name="service" time="2.288" classname="testcases.Counting"/>
  <testcase name="service" time="0.000" classname="testcases.Counting"/>
  <testcase name="service" time="0.000" classname="testcases.Counting"/>
  <testcase name="service" time="0.002" classname="testcases.Counting"/>
  <testcase name="service" time="0.000" classname="testcases.Counting"/>
  <testcase name="service" time="7.434" classname="testcases.Counting"/>
  <testcase name="service" time="0.000" classname="testcases.Counting"/>
  <testcase name="service" time="0.000" classname="testcases.Counting"/>
  <testcase name="service" time="0.424" classname="testcases.Counting"/>
  <testcase name="service" time="0.001" classname="testcases.Counting"/>
  <testcase name="service" time="0.000" classname="testcases.Counting"/>
  <testcase name="service" time="2.967" classname="testcases.Counting"/>
  <testcase name="service" time="2.111" classname="testcases.Counting"/>
  <testcase name="service" time="0.362" classname="testcases.Counting"/>
  <testcase name="service" time="0.000" classname="testcases.Counting"/>
  <testcase name="service" time="6.228" classname="testcases.Counting"/>
  <testcase name="service" time="7.364" classname="testcases.Counting"/>
  <testcase name="service" time="2.274" classname="testcases.Counting"/>
  <testcase name="service" time="0.002" classname="testcases.Counting"/>
  <testcase name="service" time="0.002" classname="testcases.Counting"/>
  <testcase name="service" time="0.001" classname="testcases.Counting"/>
  <testcase name="service" time="8.120" classname="testcases.Counting"/>
  <testcase name="service" time="0.008" classname="testcases.Counting"/>
  <testcase name="service" time="0.001" classname="testcases.Counting"/>
  <testcase name="service" time="0.000" classname="testcases.Counting"/>
  <testcase name="service" time="0.121" classname="testcases.Counting"/>
  <testcase name="service" time="1.505" classname="testcases.Counting"/>
  <testcase name="service" time="5.384" classname="testcases.Counting"/>
  <testcase name="service" time="8.614" classname="testcases.Counting"/>
  <testcase name="service" time="5.505" classname="testcases.Counting"/>
  <testcase name="service" time="5.927" classname="testcases.Counting"/>
  <testcase name="service" time="4.272" classname="testcases.Counting"/>
  <testcase name="service" time="1.530" classname="testcases.Counting"/>
  <testcase name="service" time="4.446" classname="testcases.Counting"/>
  <testcase name="service" time="4.675" classname="testcases.Counting"/>
  <testcase name="service" time="3.559" classname="testcases.Counting"/>
  <testcase name="service" time="0.001" classname="testcases.Counting"/>
  <testcase name="service" time="0.000" classname="testcases.Counting"/>
  <testcase name="service" time="2.298" classname="testcases.Counting"/>
  <testcase name="service" time="4.070" classname="testcases.Counting"/>
  <testcase name="service" time="0.000" classname="testcases.Counting"/>
  <testcase name="service" time="6.109" classname="testcases.Counting"/>
  <testcase name="service" time="4.321" classname="testcases.Counting"/>
  <testcase name="service" time="4.482" classname="testcases.Counting"/>
  <testcase name="service" time="4.272" classname="testcases.Counting"/>
  <testcase name="service" time="2.166" classname="testcases.Counting"/>
  <testcase name="service" time="0.000" classname="testcases.Counting"/>
  <testcase name="service" time="1.414" classname="testcases.Counting"/>
  <testcase name="service" time="1.943" classname="testcases.Counting"/>
  <testcase name="service" time="2.325" classname="testcases.Counting"/>
  <testcase name="service" time="0.000" classname="testcases.Counting"/>
  <testcase name="service" time="0.000" classname="testcases.Counting"/>
  <testcase name="service" time="0.009" classname="testcases.Counting"/>
  <testcase name="service" time="4.908" classname="testcases.Counting"/>
  <testcase name="service" time="5.278" classname="testcases.Counting"/>
  <testcase name="service" time="1.341" classname="testcases.Counting"/>
  <testcase name="service" time="4.744" classname="testcases.Counting"/>
  <testcase name="service" time="0.008" classname="testcases.Counting"/>
  <testcase name="service" time="7.418" classname="testcases.Counting"/>
  <testcase name="service" time="3.827" classname="testcases.Counting"/>
  <testcase name="service" time="5.423" classname="testcases.Counting"/>
  <testcase name="service" time="2.097" classname="testcases.Counting"/>
  <testcase name="service" time="3.352" classname="testcases.Counting"/>
  <testcase name="service" time="0.642" classname="testcases.Counting"/>
  <testcase name="service" time="3.108" classname="testcases.Counting"/>
  <testcase name="service" time="0.001" classname="testcases.Counting"/>
  <testcase name="service" time="0.009" classname="testcases.Counting"/>
  <testcase name="service" time="0.000" classname="testcases.Counting"/>
  <testcase name="service" time="8.409" classname="testcases.Counting"/>
  <testcase name="service" time="0.000" classname="testcases.Counting"/>
  <testcase name="service" time="8.106" classname="testcases.Counting"/>
  <testcase name="service" time="4.596" classname="testcases.Counting"/>
  <testcase name="service" time="0.000" classname="testcases.Counting"/>
  <testcase name="service" time="0.001" classname="testcases.Counting"/>
  <testcase name="service" time="3.081" classname="testcases.Counting"/>
  <testcase name="service" time="3.281" classname="testcases.Counting"/>
  <testcase name="service" time="1.916" classname="testcases.Counting"/>
  <testcase name="service" time="0.001" classname="testcases.Counting"/>
  <testcase name="service" time="1.572" classname="testcases.Counting"/>
  <testcase name="service" time="0.657" classname="testcases.Counting"/>
  <testcase name="service" time="8.541" classname="testcases.Counting"/>
  <testcase name="service" time="2.667" classname="testcases.Counting"/>
  <testcase name="service" time="5.237" classname="testcases.Counting"/>
  <testcase name="service" time="2.490" classname="testcases.Counting"/>
  <testcase name="service" time="0.001" classname="testcases.Counting"/>
  <testcase name="service" time="0.557" classname="testcases.Counting"/>
  <testcase name="service" time="0.000" classname="testcases.Counting"/>
  <testcase name="service" time="2.110" classname="testcases.Counting"/>
  <testcase name="service" time="2.115" classname="testcases.Counting"/>
  <testcase name="service" time="8.135" classname="testcases.Counting"/>
  <testcase name="service" time="0.000" classname="testcases.Counting"/>
  <testcase name="service" time="0.000" classname="testcases.Counting"/>
  <testcase name="service" time="4.952" classname="testcases.Counting"/>
  <testcase name="service" time="5.347" classname="testcases.Counting"/>
  <testcase name="service" time="0.001" classname="testcases.Counting"/>
  <testcase name="service" time="0.000" classname="testcases.Counting"/>
  <testcase name="service" time="1.020" classname="testcases.Counting"/>
  <testcase name="service" time="3.922" classname="testcases.Counting"/>
  <testcase name="service" time="0.330" classname="testcases.Counting"/>
  <testcase name="service" time="3.380" classname="testcases.Counting"/>
  <testcase name="service" time="0.917" classname="testcases.Counting"/>
  <testcase name="service" time="1.265" classname="testcases.Counting"/>
  <testcase name="service" time="5.997" classname="testcases.Counting"/>
  <testcase name="service" time="0.000" classname="testcases.Counting"/>
  <testcase name="service" time="3.147" classname="testcases.Counting"/>
  <testcase name="service" time="2.396" classname="testcases.Counting"/>
  <testcase name="service" time="4.352" classname="testcases.Counting"/>
  <testcase name="service" time="4.637" classname="testcases.Counting"/>
  <testcase name="service" time="2.715" classname="testcases.Counting"/>
  <testcase name="service" time="0.757" classname="testcases.Counting"/>
  <testcase name="service" time="7.254" classname="testcases.Counting"/>
  <testcase name="service" time="0.001" classname="testcases.Counting"/>
  <testcase name="service" time="2.396" classname="testcases.Counting"/>
  <testcase name="service" time="1.478" classname="testcases.Counting"/>
  <testcase name="service" time="0.068" classname="testcases.Counting"/>
  <testcase name="service" time="0.001" classname="testcases.Counting"/>
  <testcase name="service" time="3.124" classname="testcases.Counting"/>
  <testcase name="service" time="2.445" classname="testcases.Counting"/>
  <testcase name="service" time="0.000" classname="testcases.Counting"/>
  <testcase name="service" time="3.121" classname="testcases.Counting"/>
  <testcase name="service" time="0.000" classname="testcases.Counting"/>
  <testcase name="service" time="0.001" classname="testcases.Counting"/>
  <testcase name="service" time="8.217" classname="testcases.Counting"/>
  <testcase name="service" time="4.955" classname="testcases.Counting"/>
  <testcase name="service" time="2.107" classname="testcases.Counting"/>
  <testcase name="service" time="0.000" classname="testcases.Counting"/>
  <testcase name="service" time="2.845" classname="testcases.Counting"/>
  <testcase name="service" time="2.100" classname="testcases.Counting"/>
  <testcase name="service" time="7.506" classname="testcases.Counting"/>
  <testcase name="service" time="4.313" classname="testcases.Counting"/>
  <testcase name="service" time="0.001" classname="testcases.Counting"/>
  <testcase name="service" time="4.319" classname="testcases.Counting"/>
  <testcase name="service" time="4.474" classname="testcases.Counting"/>
  <testcase name="service" time="8.092" classname="testcases.Counting"/>
  <testcase name="service" time="0.255" classname="testcases.Counting"/>
  <testcase name="service" time="0.003" classname="testcases.Counting"/>
  <testcase name="service" time="0.000" classname="testcases.Counting"/>
  <testcase name="service" time="7.316" classname="testcases.Counting"/>
  <testcase name="service" time="0.000" classname="testcases.Counting"/>
  <testcase name="service" time="0.753" classname="testcases.Counting"/>
  <testcase name="service" time="8.096" classname="testcases.Counting"/>
  <testcase name="service" time="8.295" classname="testcases.Counting"/>
  <testcase name="service" time="0.584" classname="testcases.Counting"/>
  <testcase name="service" time="3.919" classname="testcases.Counting"/>
  <testcase name="service" time="5.325" classname="testcases.Counting"/>
  <testcase name="service" time="3.783" classname="testcases.Counting"/>
  <testcase name="service" time="5.944" classname="testcases.Counting"/>
  <testcase name="service" time="1.413" classname="testcases.Counting"/>
  <testcase name="service" time="0.000" classname="testcases.Counting"/>
  <testcase name="service" time="4.477" classname="testcases.Counting"/>
  <testcase name="service" time="0.005" classname="testcases.Counting"/>
  <testcase name="service" time="0.321" classname="testcases.Counting"/>
  <testcase name="service" time="0.000" classname="testcases.Counting"/>
  <testcase name="service" time="2.007" classname="testcases.Counting"/>
  <testcase name="service" time="0.291" classname="testcases.Counting"/>
  <testcase name="service" time="1.414" classname="testcases.Counting"/>
  <testcase name="service" time="3.373" classname="testcases.Counting"/>
  <testcase name="service" time="0.000" classname="testcases.Counting"/>
  <testcase name="service" time="0.367" classname="testcases.Counting"/>
  <testcase name="service" time="0.001" classname="testcases.Counting"/>
  <testcase name="service" time="0.000" classname="testcases.Counting"/>
  <testcase name="service" time="0.000" classname="testcases.Counting"/>
  <testcase name="service" time="0.001" classname="testcases.Counting"/>
  <testcase name="service" time="2.583" classname="testcases.Counting"/>
  <testcase name="service" time="0.000" classname="testcases.Counting"/>
  <testcase name="service" time="0.000" classname="testcases.Counting"/>
  <testcase name="service" time="2.162" classname="testcases.Counting"/>
  <testcase name="service" time="0.000" classname="testcases.Counting"/>
  <testcase name="service" time="5.563" classname="testcases.Counting"/>
  <testcase name="service" time="0.000" classname="testcases.Counting"/>
  <testcase name="service" time="2.421" classname="testcases.Counting"/>
  <testcase name="service" time="0.002" classname="testcases.Counting"/>
  <testcase name="service" time="1.647" classname="testcases.Counting"/>
  <testcase name="service" time="4.513" classname="testcases.Counting"/>
  <testcase name="service" time="5.394" classname="testcases.Counting"/>
  <testcase name="service" time="8.362" classname="testcases.Counting"/>
  <testcase name="service" time="0.001" classname="testcases.Counting"/>
  <testcase name="service" time="0.001" classname="testcases.Counting"/>
  <testcase name="service" time="3.140" classname="testcases.Counting"/>
  <testcase name="service" time="0.000" classname="testcases.Counting"/>
  <testcase name="service" time="0.000" classname="testcases.Counting"/>
  <testcase name="service" time="8.347" classname="testcases.Counting"/>
  <testcase name="service" time="1.529" classname="testcases.Counting"/>
  <testcase name="service" time="7.633" classname="testcases.Counting"/>
  <testcase name="service" time="4.576" classname="testcases.Counting"/>
  <testcase name="service" time="0.001" classname="testcases.Counting"/>
  <testcase name="service" time="0.000" classname="testcases.Counting"/>
  <testcase name="service" time="0.207" classname="testcases.Counting"/>
  <testcase name="service" time="2.070" classname="testcases.Counting"/>
  <testcase name="service" time="0.007" classname="testcases.Counting"/>
  <testcase name="service" time="2.635" classname="testcases.Counting"/>
  <testcase name="service" time="8.219" classname="testcases.Counting"/>
  <testcase name="service" time="1.602" classname="testcases.Counting"/>
  <testcase name="service" time="2.856" classname="testcases.Counting"/>
  <testcase name="service" time="5.223" classname="testcases.Counting"/>
  <testcase name="service" time="2.298" classname="testcases.Counting"/>
  <testcase name="service" time="2.273" classname="testcases.Counting"/>
  <testcase name="service" time="2.708" classname="testcases.Counting"/>
  <testcase name="service" time="0.957" classname="testcases.Counting"/>
  <testcase name="service" time="1.538" classname="testcases.Counting"/>
  <testcase name="service" time="1.962" classname="testcases.Counting"/>
  <testcase name="service" time="0.765" classname="testcases.Counting"/>
  <testcase name="service" time="0.002" classname="testcases.Counting"/>
  <testcase name="service" time="3.924" classname="testcases.Counting"/>
  <testcase name="service" time="0.001" classname="testcases.Counting"/>
  <testcase name="service" time="3.315" classname="testcases.Counting"/>
  <testcase name="service" time="0.001" classname="testcases.Counting"/>
  <testcase name="service" time="0.001" classname="testcases.Counting"/>
  <testcase name="service" time="0.000" classname="testcases.Counting"/>
  <testcase name="service" time="5.078" classname="testcases.Counting"/>
  <testcase name="service" time="3.917" classname="testcases.Counting"/>
  <testcase name="service" time="0.000" classname="testcases.Counting"/>
  <testcase name="service" time="0.001" classname="testcases.Counting"/>
  <testcase name="service" time="8.295" classname="testcases.Counting"/>
  <testcase name="service" time="6.301" classname="testcases.Counting"/>
  <testcase name="service" time="0.001" classname="testcases.Counting"/>
  <testcase name="service" time="1.359" classname="testcases.Counting"/>
  <testcase name="service" time="0.000" classname="testcases.Counting"/>
  <testcase name="service" time="0.260" classname="testcases.Counting"/>
  <testcase name="service" time="7.600" classname="testcases.Counting"/>
  <testcase name="service" time="0.000" classname="testcases.Counting"/>
  <testcase name="service" time="5.212" classname="testcases.Counting"/>
  <testcase name="service" time="5.346" classname="testcases.Counting"/>
  <testcase name="service" time="2.843" classname="testcases.Counting"/>
  <testcase name="service" time="3.088" classname="testcases.Counting"/>
  <testcase name="service" time="1.745" classname="testcases.Counting"/>
  <testcase name="service" time="2.579" classname="testcases.Counting"/>
  <testcase name="service" time="4.596" classname="testcases.Counting"/>
  <testcase name="service" time="1.163" classname="testcases.Counting"/>
  <testcase name="service" time="7.374" classname="testcases.Counting"/>
  <testcase name="service" time="3.985" classname="testcases.Counting"/>
  <testcase name="service" time="4.002" classname="testcases.Counting"/>
  <testcase name="service" time="0.001" classname="testcases.Counting"/>
  <testcase name="service" time="2.353" classname="testcases.Counting"/>
  <testcase name="service" time="8.285" classname="testcases.Counting"/>
  <testcase name="service" time="0.887" classname="testcases.Counting"/>
  <testcase name="service" time="2.286" classname="testcases.Counting"/>
  <testcase name="service" time="2.336" classname="testcases.Counting"/>
  <testcase name="service" time="6.019" classname="testcases.Counting"/>
  <testcase name="service" time="2.290" classname="testcases.Counting"/>
  <testcase name="service" time="0.000" classname="testcases.Counting"/>
  <testcase name="service" time="1.975" classname="testcases.Counting"/>
  <testcase name="service" time="1.641" classname="testcases.Counting"/>
  <testcase name="service" time="0.001" classname="testcases.Counting"/>
  <testcase name="service" time="2.939" classname="testcases.Counting"/>
  <testcase name="service" time="4.906" classname="testcases.Counting"/>
  <testcase name="service" time="2.477" classname="testcases.Counting"/>
  <testcase name="service" time="0.005" classname="testcases.Counting"/>
  <testcase name="service" time="7.421" classname="testcases.Counting"/>
  <testcase name="service" time="2.211" classname="testcases.Counting"/>
  <testcase name="service" time="0.001" classname="testcases.Counting"/>
  <testcase name="service" time="2.230" classname="testcases.Counting"/>
  <testcase name="service" time="0.000" classname="testcases.Counting"/>
  <testcase name="service" time="0.001" classname="testcases.Counting"/>
  <testcase name="service" time="0.000" classname="testcases.Counting"/>
  <testcase name="service" time="2.500" classname="testcases.Counting"/>
  <testcase name="service" time="1.497" classname="testcases.Counting"/>
  <testcase name="service" time="4.625" classname="testcases.Counting"/>
  <testcase name="service" time="1.268" classname="testcases.Counting"/>
  <testcase name="service" time="0.001" classname="testcases.Counting"/>
  <testcase name="service" time="2.367" classname="testcases.Counting"/>
  <testcase name="service" time="4.547" classname="testcases.Counting"/>
  <testcase name="service" time="6.333" classname="testcases.Counting"/>
  <testcase name="service" time="0.000" classname="testcases.Counting"/>
  <testcase name="service" time="0.001" classname="testcases.Counting"/>
  <testcase name="service" time="3.339" classname="testcases.Counting"/>
  <testcase name="service" time="2.210" classname="testcases.Counting"/>
  <testcase name="service" time="3.264" classname="testcases.Counting"/>
  <testcase name="service" time="8.439" classname="testcases.Counting"/>
  <testcase name="service" time="3.067" classname="testcases.Counting"/>
  <testcase name="service" time="0.000" classname="testcases.Counting"/>
  <testcase name="service" time="2.236" classname="testcases.Counting"/>
  <testcase name="service" time="0.000" classname="testcases.Counting"/>
  <testcase name="service" time="8.499" classname="testcases.Counting"/>
  <testcase name="service" time="4.360" classname="testcases.Counting"/>
  <testcase name="service" time="2.405" classname="testcases.Counting"/>
  <testcase name="service" time="0.000" classname="testcases.Counting"/>
  <testcase name="service" time="3.236" classname="testcases.Counting"/>
  <testcase name="service" time="0.001" classname="testcases.Counting"/>
  <testcase name="service" time="1.939" classname="testcases.Counting"/>
  <testcase name="service" time="0.000" classname="testcases.Counting"/>
  <testcase name="service" time="8.375" classname="testcases.Counting"/>
  <testcase name="service" time="2.479" classname="testcases.Counting"/>
  <testcase name="service" time="3.526" classname="testcases.Counting"/>
  <testcase name="service" time="0.000" classname="testcases.Counting"/>
  <testcase name="service" time="0.000" classname="testcases.Counting"/>
  <testcase name="service" time="2.547" classname="testcases.Counting"/>
  <testcase name="service" time="0.000" classname="testcases.Counting"/>
  <testcase name="service" time="3.419" classname="testcases.Counting"/>
  <testcase name="service" time="4.361" classname="testcases.Counting"/>
  <testcase name="service" time="2.856" classname="testcases.Counting"/>
  <testcase name="service" time="2.513" classname="testcases.Counting"/>
  <testcase name="service" time="0.001" classname="testcases.Counting"/>
  <testcase name="service" time="3.021" classname="testcases.Counting"/>
  <testcase name="service" time="2.770" classname="testcases.Counting"/>
  <testcase name="service" time="4.522" classname="testcases.Counting"/>
  <testcase name="service" time="0.001" classname="testcases.Counting"/>
  <testcase name="service" time="0.495" classname="testcases.Counting"/>
  <testcase name="service" time="5.219" classname="testcases.Counting"/>
  <testcase name="service" time="8.454" classname="testcases.Counting"/>
  <testcase name="service" time="0.001" classname="testcases.Counting"/>
  <testcase name="service" time="4.356" classname="testcases.Counting"/>
  <testcase name="service" time="2.781" classname="testcases.Counting"/>
  <testcase name="service" time="0.000" classname="testcases.Counting"/>
  <testcase name="service" time="2.325" classname="testcases.Counting"/>
  <testcase name="service" time="0.000" classname="testcases.Counting"/>
  <testcase name="service" time="0.003" classname="testcases.Counting"/>
  <testcase name="service" time="0.037" classname="testcases.Counting"/>
  <testcase name="service" time="8.296" classname="testcases.Counting"/>
  <testcase name="service" time="3.936" classname="testcases.Counting"/>
  <testcase name="service" time="0.000" classname="testcases.Counting"/>
  <testcase name="service" time="0.000" classname="testcases.Counting"/>
  <testcase name="service" time="0.000" classname="testcases.Counting"/>
  <testcase name="service" time="0.002" classname="testcases.Counting"/>
  <testcase name="service" time="5.977" classname="testcases.Counting"/>
  <testcase name="service" time="2.317" classname="testcases.Counting"/>
  <testcase name="service" time="0.000" classname="testcases.Counting"/>
  <testcase name="service" time="1.345" classname="testcases.Counting"/>
  <testcase name="service" time="0.469" classname="testcases.Counting"/>
  <testcase name="service" time="2.200" classname="testcases.Counting"/>
  <testcase name="service" time="0.593" classname="testcases.Counting"/>
  <testcase name="service" time="1.246" classname="testcases.Counting"/>
  <testcase name="service" time="5.333" classname="testcases.Counting"/>
  <testcase name="service" time="0.000" classname="testcases.Counting"/>
  <testcase name="service" time="0.645" classname="testcases.Counting"/>
  <testcase name="service" time="8.134" classname="testcases.Counting"/>
  <testcase name="service" time="0.011" classname="testcases.Counting"/>
  <testcase name="service" time="0.001" classname="testcases.Counting"/>
  <testcase name="service" time="0.000" classname="testcases.Counting"/>
  <testcase name="service" time="0.005" classname="testcases.Counting"/>
  <testcase name="service" time="8.614" classname="testcases.Counting"/>
  <testcase name="service" time="3.027" classname="testcases.Counting"/>
  <testcase name="service" time="8.331" classname="testcases.Counting"/>
  <testcase name="service" time="7.593" classname="testcases.Counting"/>
  <testcase name="service" time="7.409" classname="testcases.Counting"/>
  <testcase name="service" time="0.001" classname="testcases.Counting"/>
  <testcase name="service" time="8.216" classname="testcases.Counting"/>
  <testcase name="service" time="5.975" classname="testcases.Counting"/>
  <testcase name="service" time="0.000" classname="testcases.Counting"/>
  <testcase name="service" time="0.000" classname="testcases.Counting"/>
  <testcase name="service" time="8.350" classname="testcases.Counting"/>
  <testcase name="service" time="3.604" classname="testcases.Counting"/>
  <testcase name="service" time="0.001" classname="testcases.Counting"/>
  <testcase name="service" time="3.465" classname="testcases.Counting"/>
  <testcase name="service" time="0.599" classname="testcases.Counting"/>
  <testcase name="service" time="1.217" classname="testcases.Counting"/>
  <testcase name="service" time="2.539" classname="testcases.Counting"/>
  <testcase name="service" time="0.001" classname="testcases.Counting"/>
  <testcase name="service" time="0.000" classname="testcases.Counting"/>
  <testcase name="service" time="2.982" classname="testcases.Counting"/>
  <testcase name="service" time="2.177" classname="testcases.Counting"/>
  <testcase name="service" time="1.207" classname="testcases.Counting"/>
  <testcase name="service" time="4.342" classname="testcases.Counting"/>
  <testcase name="service" time="0.005" classname="testcases.Counting"/>
  <testcase name="service" time="0.000" classname="testcases.Counting"/>
  <testcase name="service" time="0.000" classname="testcases.Counting"/>
  <testcase name="service" time="0.002" classname="testcases.Counting"/>
  <testcase name="service" time="3.261" classname="testcases.Counting"/>
  <testcase name="service" time="1.576" classname="testcases.Counting"/>
  <testcase name="service" time="2.298" classname="testcases.Counting"/>
  <testcase name="service" time="0.000" classname="testcases.Counting"/>
  <testcase name="service" time="5.335" classname="testcases.Counting"/>
  <testcase name="service" time="1.051" classname="testcases.Counting"/>
  <testcase name="service" time="2.169" classname="testcases.Counting"/>
  <testcase name="service" time="2.722" classname="testcases.Counting"/>
  <testcase name="service" time="1.713" classname="testcases.Counting"/>
  <testcase name="service" time="2.553" classname="testcases.Counting"/>
  <testcase name="service" time="3.237" classname="testcases.Counting"/>
  <testcase name="service" time="5.282" classname="testcases.Counting"/>
  <testcase name="service" time="0.001" classname="testcases.Counting"/>
  <testcase name="service" time="1.792" classname="testcases.Counting"/>
  <testcase name="service" time="7.314" classname="testcases.Counting"/>
  <testcase name="service" time="0.001" classname="testcases.Counting"/>
  <testcase name="service" time="2.409" classname="testcases.Counting"/>
  <testcase name="service" time="1.792" classname="testcases.Counting"/>
  <testcase name="service" time="0.883" classname="testcases.Counting"/>
  <testcase name="service" time="2.816" classname="testcases.Counting"/>
  <testcase name="service" time="4.572" classname="testcases.Counting"/>
  <testcase name="service" time="5.217" classname="testcases.Counting"/>
  <testcase name="service" time="8.629" classname="testcases.Counting"/>
  <testcase name="service" time="3.532" classname="testcases.Counting"/>
  <testcase name="service" time="7.398" classname="testcases.Counting"/>
  <testcase name="service" time="3.097" classname="testcases.Counting"/>
  <testcase name="service" time="5.425" classname="testcases.Counting"/>
  <testcase name="service" time="2.031" classname="testcases.Counting"/>
  <testcase name="service" time="0.000" classname="testcases.Counting"/>
  <testcase name="service" time="2.815" classname="testcases.Counting"/>
  <testcase name="service" time="2.619" classname="testcases.Counting"/>
  <testcase name="service" time="0.000" classname="testcases.Counting"/>
  <testcase name="service" time="2.425" classname="testcases.Counting"/>
  <testcase name="service" time="3.077" classname="testcases.Counting"/>
  <testcase name="service" time="2.550" classname="testcases.Counting"/>
  <testcase name="service" time="3.587" classname="testcases.Counting"/>
  <testcase name="service" time="0.004" classname="testcases.Counting"/>
  <testcase name="service" time="5.054" classname="testcases.Counting"/>
  <testcase name="service" time="0.000" classname="testcases.Counting"/>
  <testcase name="service" time="7.628" classname="testcases.Counting"/>
  <testcase name="service" time="1.990" classname="testcases.Counting"/>
  <testcase name="service" time="0.000" classname="testcases.Counting"/>
  <testcase name="service" time="0.000" classname="testcases.Counting"/>
  <testcase name="service" time="0.342" classname="testcases.Counting"/>
  <testcase name="service" time="0.002" classname="testcases.Counting"/>
  <testcase name="service" time="0.001" classname="testcases.Counting"/>
  <testcase name="service" time="6.443" classname="testcases.Counting"/>
  <testcase name="service" time="4.060" classname="testcases.Counting"/>
  <testcase name="service" time="8.340" classname="testcases.Counting"/>
  <testcase name="service" time="7.813" classname="testcases.Counting"/>
  <testcase name="service" time="2.353" classname="testcases.Counting"/>
  <testcase name="service" time="5.468" classname="testcases.Counting"/>
  <testcase name="service" time="1.687" classname="testcases.Counting"/>
  <testcase name="service" time="5.175" classname="testcases.Counting"/>
  <testcase name="service" time="3.952" classname="testcases.Counting"/>
  <testcase name="service" time="0.598" classname="testcases.Counting"/>
  <testcase name="service" time="2.309" classname="testcases.Counting"/>
  <testcase name="service" time="3.543" classname="testcases.Counting"/>
  <testcase name="service" time="3.368" classname="testcases.Counting"/>
  <testcase name="service" time="4.530" classname="testcases.Counting"/>
  <testcase name="service" time="0.000" classname="testcases.Counting"/>
  <testcase name="service" time="4.467" classname="testcases.Counting"/>
  <testcase name="service" time="0.017" classname="testcases.Counting"/>
  <testcase name="service" time="0.001" classname="testcases.Counting"/>
  <testcase name="service" time="8.530" classname="testcases.Counting"/>
  <testcase name="service" time="3.989" classname="testcases.Counting"/>
  <testcase name="service" time="4.673" classname="testcases.Counting"/>
  <testcase name="service" time="4.342" classname="testcases.Counting"/>
  <testcase name="service" time="4.483" classname="testcases.Counting"/>
  <testcase name="service" time="0.001" classname="testcases.Counting"/>
  <testcase name="service" time="8.499" classname="testcases.Counting"/>
  <testcase name="service" time="4.481" classname="testcases.Counting"/>
  <testcase name="service" time="0.001" classname="testcases.Counting"/>
  <testcase name="service" time="0.000" classname="testcases.Counting"/>
  <testcase name="service" time="2.100" classname="testcases.Counting"/>
  <testcase name="service" time="2.871" classname="testcases.Counting"/>
  <testcase name="service" time="3.372" classname="testcases.Counting"/>
  <testcase name="service" time="5.222" classname="testcases.Counting"/>
  <testcase name="service" time="1.765" classname="testcases.Counting"/>
  <testcase name="service" time="7.393" classname="testcases.Counting"/>
  <testcase name="service" time="0.273" classname="testcases.Counting"/>
  <testcase name="service" time="0.273" classname="testcases.Counting"/>
  <testcase name="service" time="0.000" classname="testcases.Counting"/>
  <testcase name="service" time="4.285" classname="testcases.Counting"/>
  <testcase name="service" time="5.467" classname="testcases.Counting"/>
  <testcase name="service" time="5.831" classname="testcases.Counting"/>
  <testcase name="service" time="4.322" classname="testcases.Counting"/>
  <testcase name="service" time="4.790" classname="testcases.Counting"/>
  <testcase name="service" time="1.927" classname="testcases.Counting"/>
  <testcase name="service" time="0.000" classname="testcases.Counting"/>
  <testcase name="service" time="4.448" classname="testcases.Counting"/>
  <testcase name="service" time="0.000" classname="testcases.Counting"/>
  <testcase name="service" time="4.470" classname="testcases.Counting"/>
  <testcase name="service" time="0.001" classname="testcases.Counting"/>
  <testcase name="service" time="3.458" classname="testcases.Counting"/>
  <testcase name="service" time="7.409" classname="testcases.Counting"/>
  <testcase name="service" time="2.644" classname="testcases.Counting"/>
  <testcase name="service" time="4.280" classname="testcases.Counting"/>
  <testcase name="service" time="0.993" classname="testcases.Counting"/>
  <testcase name="service" time="4.899" classname="testcases.Counting"/>
  <testcase name="service" time="1.519" classname="testcases.Counting"/>
  <testcase name="service" time="0.000" classname="testcases.Counting"/>
  <testcase name="service" time="3.783" classname="testcases.Counting"/>
  <testcase name="service" time="1.371" classname="testcases.Counting"/>
  <testcase name="service" time="2.250" classname="testcases.Counting"/>
  <testcase name="service" time="2.421" classname="testcases.Counting"/>
  <testcase name="service" time="4.051" classname="testcases.Counting"/>
  <testcase name="service" time="8.296" classname="testcases.Counting"/>
  <testcase name="service" time="0.479" classname="testcases.Counting"/>
  <testcase name="service" time="2.406" classname="testcases.Counting"/>
  <testcase name="service" time="8.364" classname="testcases.Counting"/>
  <testcase name="service" time="2.557" classname="testcases.Counting"/>
  <testcase name="service" time="0.000" classname="testcases.Counting"/>
  <testcase name="service" time="0.000" classname="testcases.Counting"/>
  <testcase name="service" time="3.169" classname="testcases.Counting"/>
  <testcase name="service" time="0.001" classname="testcases.Counting"/>
  <testcase name="service" time="4.003" classname="testcases.Counting"/>
  <testcase name="service" time="0.000" classname="testcases.Counting"/>
  <testcase name="service" time="0.006" classname="testcases.Counting"/>
  <testcase name="service" time="7.447" classname="testcases.Counting"/>
  <testcase name="service" time="4.337" classname="testcases.Counting"/>
  <testcase name="service" time="3.605" classname="testcases.Counting"/>
  <testcase name="service" time="0.000" classname="testcases.Counting"/>
  <testcase name="service" time="5.436" classname="testcases.Counting"/>
  <testcase name="service" time="0.001" classname="testcases.Counting"/>
  <testcase name="service" time="0.000" classname="testcases.Counting"/>
  <testcase name="service" time="4.185" classname="testcases.Counting"/>
  <testcase name="service" time="2.710" classname="testcases.Counting"/>
  <testcase name="service" time="2.355" classname="testcases.Counting"/>
  <testcase name="service" time="0.000" classname="testcases.Counting"/>
  <testcase name="service" time="2.161" classname="testcases.Counting"/>
  <testcase name="service" time="2.720" classname="testcases.Counting"/>
  <testcase name="service" time="4.349" classname="testcases.Counting"/>
  <testcase name="service" time="4.884" classname="testcases.Counting"/>
  <testcase name="service" time="5.504" classname="testcases.Counting"/>
  <testcase name="service" time="0.000" classname="testcases.Counting"/>
  <testcase name="service" time="7.406" classname="testcases.Counting"/>
  <testcase name="service" time="0.001" classname="testcases.Counting"/>
  <testcase name="service" time="0.119" classname="testcases.Counting"/>
  <testcase name="service" time="0.000" classname="testcases.Counting"/>
  <testcase name="service" time="8.292" classname="testcases.Counting"/>
  <testcase name="service" time="0.001" classname="testcases.Counting"/>
  <testcase name="service" time="0.534" classname="testcases.Counting"/>
  <testcase name="service" time="2.076" classname="testcases.Counting"/>
  <testcase name="service" time="3.765" classname="testcases.Counting"/>
  <testcase name="service" time="2.586" classname="testcases.Counting"/>
  <testcase name="service" time="0.249" classname="testcases.Counting"/>
  <testcase name="service" time="1.374" classname="testcases.Counting"/>
  <testcase name="service" time="0.006" classname="testcases.Counting"/>
  <testcase name="service" time="0.000" classname="testcases.Counting"/>
  <testcase name="service" time="2.301" classname="testcases.Counting"/>
  <testcase name="service" time="1.428" classname="testcases.Counting"/>
  <testcase name="service" time="5.425" classname="testcases.Counting"/>
  <testcase name="service" time="2.648" classname="testcases.Counting"/>
  <testcase name="service" time="2.174" classname="testcases.Counting"/>
  <testcase name="service" time="8.095" classname="testcases.Counting"/>
  <testcase name="service" time="0.000" classname="testcases.Counting"/>
  <testcase name="service" time="0.000" classname="testcases.Counting"/>
  <testcase name="service" time="1.962" classname="testcases.Counting"/>
  <testcase name="service" time="0.002" classname="testcases.Counting"/>
  <testcase name="service" time="0.000" classname="testcases.Counting"/>
  <testcase name="service" time="2.992" classname="testcases.Counting"/>
  <testcase name="service" time="0.000" classname="testcases.Counting"/>
  <testcase name="service" time="5.852" classname="testcases.Counting"/>
  <testcase name="service" time="2.567" classname="testcases.Counting"/>
  <testcase name="service" time="4.443" classname="testcases.Counting"/>
  <testcase name="service" time="4.317" classname="testcases.Counting"/>
  <testcase name="service" time="0.000" classname="testcases.Counting"/>
  <testcase name="service" time="4.980" classname="testcases.Counting"/>
  <testcase name="service" time="5.240" classname="testcases.Counting"/>
  <testcase name="service" time="7.620" classname="testcases.Counting"/>
  <testcase name="service" time="0.001" classname="testcases.Counting"/>
  <testcase name="service" time="7.158" classname="testcases.Counting"/>
  <testcase name="service" time="0.000" classname="testcases.Counting"/>
  <testcase name="service" time="0.000" classname="testcases.Counting"/>
  <testcase name="service" time="0.001" classname="testcases.Counting"/>
  <testcase name="service" time="1.713" classname="testcases.Counting"/>
  <testcase name="service" time="2.619" classname="testcases.Counting"/>
  <testcase name="service" time="0.002" classname="testcases.Counting"/>
  <testcase name="service" time="2.053" classname="testcases.Counting"/>
  <testcase name="service" time="2.030" classname="testcases.Counting"/>
  <testcase name="service" time="0.000" classname="testcases.Counting"/>
  <testcase name="service" time="0.502" classname="testcases.Counting"/>
  <testcase name="service" time="3.276" classname="testcases.Counting"/>
  <testcase name="service" time="4.539" classname="testcases.Counting"/>
  <testcase name="service" time="0.007" classname="testcases.Counting"/>
  <testcase name="service" time="0.001" classname="testcases.Counting"/>
  <testcase name="service" time="8.212" classname="testcases.Counting"/>
  <testcase name="service" time="0.000" classname="testcases.Counting"/>
  <testcase name="service" time="0.001" classname="testcases.Counting"/>
  <testcase name="service" time="0.000" classname="testcases.Counting"/>
  <testcase name="service" time="2.708" classname="testcases.Counting"/>
  <testcase name="service" time="3.459" classname="testcases.Counting"/>
  <testcase name="service" time="1.927" classname="testcases.Counting"/>
  <testcase name="service" time="5.927" classname="testcases.Counting"/>
  <testcase name="service" time="0.000" classname="testcases.Counting"/>
  <testcase name="service" time="3.310" classname="testcases.Counting"/>
  <testcase name="service" time="0.000" classname="testcases.Counting"/>
  <testcase name="service" time="7.796" classname="testcases.Counting"/>
  <testcase name="service" time="0.000" classname="testcases.Counting"/>
  <testcase name="service" time="2.364" classname="testcases.Counting"/>
  <testcase name="service" time="5.568" classname="testcases.Counting"/>
  <testcase name="service" time="0.000" classname="testcases.Counting"/>
  <testcase name="service" time="3.362" classname="testcases.Counting"/>
  <testcase name="service" time="0.000" classname="testcases.Counting"/>
  <testcase name="service" time="3.925" classname="testcases.Counting"/>
  <testcase name="service" time="0.001" classname="testcases.Counting"/>
  <testcase name="service" time="3.284" classname="testcases.Counting"/>
  <testcase name="service" time="4.172" classname="testcases.Counting"/>
  <testcase name="service" time="0.001" classname="testcases.Counting"/>
  <testcase name="service" time="0.000" classname="testcases.Counting"/>
  <testcase name="service" time="5.885" classname="testcases.Counting"/>
  <testcase name="service" time="5.445" classname="testcases.Counting"/>
  <testcase name="service" time="5.557" classname="testcases.Counting"/>
  <testcase name="service" time="0.000" classname="testcases.Counting"/>
  <testcase name="service" time="3.289" classname="testcases.Counting"/>
  <testcase name="service" time="1.796" classname="testcases.Counting"/>
  <testcase name="service" time="2.145" classname="testcases.Counting"/>
  <testcase name="service" time="4.322" classname="testcases.Counting"/>
  <testcase name="service" time="0.001" classname="testcases.Counting"/>
  <testcase name="service" time="4.044" classname="testcases.Counting"/>
  <testcase name="service" time="3.078" classname="testcases.Counting"/>
  <testcase name="service" time="4.942" classname="testcases.Counting"/>
  <testcase name="service" time="8.346" classname="testcases.Counting"/>
  <testcase name="service" time="2.115" classname="testcases.Counting"/>
  <testcase name="service" time="0.000" classname="testcases.Counting"/>
  <testcase name="service" time="0.001" classname="testcases.Counting"/>
  <testcase name="service" time="2.331" classname="testcases.Counting"/>
  <testcase name="service" time="5.226" classname="testcases.Counting"/>
  <testcase name="service" time="0.001" classname="testcases.Counting"/>
  <testcase name="service" time="0.001" classname="testcases.Counting"/>
  <testcase name="service" time="0.000" classname="testcases.Counting"/>
  <testcase name="service" time="0.001" classname="testcases.Counting"/>
  <testcase name="service" time="2.766" classname="testcases.Counting"/>
  <testcase name="service" time="0.002" classname="testcases.Counting"/>
  <testcase name="service" time="7.418" classname="testcases.Counting"/>
  <testcase name="service" time="1.298" classname="testcases.Counting"/>
  <testcase name="service" time="4.981" classname="testcases.Counting"/>
  <testcase name="service" time="0.000" classname="testcases.Counting"/>
  <testcase name="service" time="4.727" classname="testcases.Counting"/>
  <testcase name="service" time="0.000" classname="testcases.Counting"/>
  <testcase name="service" time="0.001" classname="testcases.Counting"/>
  <testcase name="service" time="0.000" classname="testcases.Counting"/>
  <testcase name="service" time="0.001" classname="testcases.Counting"/>
  <testcase name="service" time="7.630" classname="testcases.Counting"/>
  <testcase name="service" time="0.001" classname="testcases.Counting"/>
  <testcase name="service" time="1.757" classname="testcases.Counting"/>
  <testcase name="service" time="8.373" classname="testcases.Counting"/>
  <testcase name="service" time="5.241" classname="testcases.Counting"/>
  <testcase name="service" time="2.185" classname="testcases.Counting"/>
  <testcase name="service" time="5.348" classname="testcases.Counting"/>
  <testcase name="service" time="6.133" classname="testcases.Counting"/>
  <testcase name="service" time="3.236" classname="testcases.Counting"/>
  <testcase name="service" time="3.303" classname="testcases.Counting"/>
  <testcase name="service" time="0.000" classname="testcases.Counting"/>
  <testcase name="service" time="0.000" classname="testcases.Counting"/>
  <testcase name="service" time="0.766" classname="testcases.Counting"/>
  <testcase name="service" time="0.001" classname="testcases.Counting"/>
  <testcase name="service" time="4.548" classname="testcases.Counting"/>
  <testcase name="service" time="0.001" classname="testcases.Counting"/>
  <testcase name="service" time="8.355" classname="testcases.Counting"/>
  <testcase name="service" time="2.710" classname="testcases.Counting"/>
  <testcase name="service" time="7.428" classname="testcases.Counting"/>
  <testcase name="service" time="0.000" classname="testcases.Counting"/>
  <testcase name="service" time="0.004" classname="testcases.Counting"/>
  <testcase name="service" time="0.005" classname="testcases.Counting"/>
  <testcase name="service" time="3.915" classname="testcases.Counting"/>
  <testcase name="service" time="3.022" classname="testcases.Counting"/>
  <testcase name="service" time="0.000" classname="testcases.Counting"/>
  <testcase name="service" time="2.141" classname="testcases.Counting"/>
  <testcase name="service" time="0.000" classname="testcases.Counting"/>
  <testcase name="service" time="3.074" classname="testcases.Counting"/>
  <testcase name="service" time="7.278" classname="testcases.Counting"/>
  <testcase name="service" time="8.239" classname="testcases.Counting"/>
  <testcase name="service" time="5.171" classname="testcases.Counting"/>
  <testcase name="service" time="2.722" classname="testcases.Counting"/>
  <testcase name="service" time="0.000" classname="testcases.Counting"/>
  <testcase name="service" time="0.220" classname="testcases.Counting"/>
  <testcase name="service" time="8.610" classname="testcases.Counting"/>
  <testcase name="service" time="0.001" classname="testcases.Counting"/>
  <testcase name="service" time="5.186" classname="testcases.Counting"/>
  <testcase name="service" time="0.002" classname="testcases.Counting"/>
  <testcase name="service" time="0.000" classname="testcases.Counting"/>
  <testcase name="service" time="7.400" classname="testcases.Counting"/>
  <testcase name="service" time="0.000" classname="testcases.Counting"/>
  <testcase name="service" time="0.001" classname="testcases.Counting"/>
  <testcase name="service" time="0.001" classname="testcases.Counting"/>
  <testcase name="service" time="5.403" classname="testcases.Counting"/>
  <testcase name="service" time="8.064" classname="testcases.Counting"/>
  <testcase name="service" time="3.278" classname="testcases.Counting"/>
  <testcase name="service" time="0.000" classname="testcases.Counting"/>
  <testcase name="service" time="5.508" classname="testcases.Counting"/>
  <testcase name="service" time="8.358" classname="testcases.Counting"/>
  <testcase name="service" time="0.054" classname="testcases.Counting"/>
  <testcase name="service" time="3.036" classname="testcases.Counting"/>
  <testcase name="service" time="0.000" classname="testcases.Counting"/>
  <testcase name="service" time="0.500" classname="testcases.Counting"/>
  <testcase name="service" time="1.277" classname="testcases.Counting"/>
  <testcase name="service" time="5.280" classname="testcases.Counting"/>
  <testcase name="service" time="5.404" classname="testcases.Counting"/>
  <testcase name="service" time="7.373" classname="testcases.Counting"/>
  <testcase name="service" time="3.773" classname="testcases.Counting"/>
  <testcase name="service" time="0.001" classname="testcases.Counting"/>
  <testcase name="service" time="5.271" classname="testcases.Counting"/>
  <testcase name="service" time="2.470" classname="testcases.Counting"/>
  <testcase name="service" time="7.704" classname="testcases.Counting"/>
  <testcase name="service" time="0.000" classname="testcases.Counting"/>
  <testcase name="service" time="8.327" classname="testcases.Counting"/>
  <testcase name="service" time="1.296" classname="testcases.Counting"/>
  <testcase name="service" time="0.001" classname="testcases.Counting"/>
  <testcase name="service" time="0.001" classname="testcases.Counting"/>
  <testcase name="service" time="1.774" classname="testcases.Counting"/>
  <testcase name="service" time="7.881" classname="testcases.Counting"/>
  <testcase name="service" time="3.699" classname="testcases.Counting"/>
  <testcase name="service" time="0.000" classname="testcases.Counting"/>
  <testcase name="service" time="0.001" classname="testcases.Counting"/>
  <testcase name="service" time="3.313" classname="testcases.Counting"/>
  <testcase name="service" time="7.630" classname="testcases.Counting"/>
  <testcase name="service" time="2.175" classname="testcases.Counting"/>
  <testcase name="service" time="1.920" classname="testcases.Counting"/>
  <testcase name="service" time="4.328" classname="testcases.Counting"/>
  <testcase name="service" time="0.001" classname="testcases.Counting"/>
  <testcase name="service" time="3.315" classname="testcases.Counting"/>
  <testcase name="service" time="5.871" classname="testcases.Counting"/>
  <testcase name="service" time="2.125" classname="testcases.Counting"/>
  <testcase name="service" time="5.440" classname="testcases.Counting"/>
  <testcase name="service" time="2.679" classname="testcases.Counting"/>
  <testcase name="service" time="0.070" classname="testcases.Counting"/>
  <testcase name="service" time="0.000" classname="testcases.Counting"/>
  <testcase name="service" time="2.237" classname="testcases.Counting"/>
  <testcase name="service" time="3.147" classname="testcases.Counting"/>
  <testcase name="service" time="0.001" classname="testcases.Counting"/>
  <testcase name="service" time="0.376" classname="testcases.Counting"/>
  <testcase name="service" time="2.238" classname="testcases.Counting"/>
  <testcase name="service" time="8.290" classname="testcases.Counting"/>
  <testcase name="service" time="1.173" classname="testcases.Counting"/>
  <testcase name="service" time="3.198" classname="testcases.Counting"/>
  <testcase name="service" time="4.484" classname="testcases.Counting"/>
  <testcase name="service" time="2.433" classname="testcases.Counting"/>
  <testcase name="service" time="1.764" classname="testcases.Counting"/>
  <testcase name="service" time="0.000" classname="testcases.Counting"/>
  <testcase name="service" time="7.832" classname="testcases.Counting"/>
  <testcase name="service" time="1.842" classname="testcases.Counting"/>
  <testcase name="service" time="0.712" classname="testcases.Counting"/>
  <testcase name="service" time="4.444" classname="testcases.Counting"/>
  <testcase name="service" time="3.217" classname="testcases.Counting"/>
  <testcase name="service" time="4.060" classname="testcases.Counting"/>
  <testcase name="service" time="8.243" classname="testcases.Counting"/>
  <testcase name="service" time="2.106" classname="testcases.Counting"/>
  <testcase name="service" time="0.000" classname="testcases.Counting"/>
  <testcase name="service" time="1.764" classname="testcases.Counting"/>
  <testcase name="service" time="3.566" classname="testcases.Counting"/>
  <testcase name="service" time="3.951" classname="testcases.Counting"/>
  <testcase name="service" time="4.614" classname="testcases.Counting"/>
  <testcase name="service" time="8.241" classname="testcases.Counting"/>
  <testcase name="service" time="0.000" classname="testcases.Counting"/>
  <testcase name="service" time="0.000" classname="testcases.Counting"/>
  <testcase name="service" time="0.007" classname="testcases.Counting"/>
  <testcase name="service" time="0.003" classname="testcases.Counting"/>
  <testcase name="service" time="8.212" classname="testcases.Counting"/>
  <testcase name="service" time="0.001" classname="testcases.Counting"/>
  <testcase name="service" time="4.355" classname="testcases.Counting"/>
  <testcase name="service" time="7.429" classname="testcases.Counting"/>
  <testcase name="service" time="0.001" classname="testcases.Counting"/>
  <testcase name="service" time="8.325" classname="testcases.Counting"/>
  <testcase name="service" time="8.219" classname="testcases.Counting"/>
  <testcase name="service" time="6.116" classname="testcases.Counting"/>
  <testcase name="service" time="3.355" classname="testcases.Counting"/>
  <testcase name="service" time="4.477" classname="testcases.Counting"/>
  <testcase name="service" time="5.369" classname="testcases.Counting"/>
  <testcase name="service" time="0.000" classname="testcases.Counting"/>
  <testcase name="service" time="0.001" classname="testcases.Counting"/>
  <testcase name="service" time="0.001" classname="testcases.Counting"/>
  <testcase name="service" time="1.250" classname="testcases.Counting"/>
  <testcase name="service" time="7.619" classname="testcases.Counting"/>
  <testcase name="service" time="2.658" classname="testcases.Counting"/>
  <testcase name="service" time="3.603" classname="testcases.Counting"/>
  <testcase name="service" time="8.439" classname="testcases.Counting"/>
  <testcase name="service" time="0.002" classname="testcases.Counting"/>
  <testcase name="service" time="2.372" classname="testcases.Counting"/>
  <testcase name="service" time="0.001" classname="testcases.Counting"/>
  <testcase name="service" time="2.246" classname="testcases.Counting"/>
  <testcase name="service" time="0.008" classname="testcases.Counting"/>
  <testcase name="service" time="4.494" classname="testcases.Counting"/>
  <testcase name="service" time="7.813" classname="testcases.Counting"/>
  <testcase name="service" time="4.527" classname="testcases.Counting"/>
  <testcase name="service" time="3.953" classname="testcases.Counting"/>
  <testcase name="service" time="2.380" classname="testcases.Counting"/>
  <testcase name="service" time="0.001" classname="testcases.Counting"/>
  <testcase name="service" time="0.000" classname="testcases.Counting"/>
  <testcase name="service" time="0.001" classname="testcases.Counting"/>
  <testcase name="service" time="2.564" classname="testcases.Counting"/>
  <testcase name="service" time="5.240" classname="testcases.Counting"/>
  <testcase name="service" time="5.179" classname="testcases.Counting"/>
  <testcase name="service" time="3.188" classname="testcases.Counting"/>
  <testcase name="service" time="5.335" classname="testcases.Counting"/>
  <testcase name="service" time="8.204" classname="testcases.Counting"/>
  <testcase name="service" time="2.471" classname="testcases.Counting"/>
  <testcase name="service" time="0.461" classname="testcases.Counting"/>
  <testcase name="service" time="3.947" classname="testcases.Counting"/>
  <testcase name="service" time="0.022" classname="testcases.Counting"/>
  <testcase name="service" time="2.037" classname="testcases.Counting"/>
  <testcase name="service" time="0.000" classname="testcases.Counting"/>
  <testcase name="service" time="2.330" classname="testcases.Counting"/>
  <testcase name="service" time="1.457" classname="testcases.Counting"/>
  <testcase name="service" time="0.000" classname="testcases.Counting"/>
  <testcase name="service" time="3.351" classname="testcases.Counting"/>
  <testcase name="service" time="0.000" classname="testcases.Counting"/>
  <testcase name="service" time="0.001" classname="testcases.Counting"/>
  <testcase name="service" time="8.362" classname="testcases.Counting"/>
  <testcase name="service" time="5.284" classname="testcases.Counting"/>
  <testcase name="service" time="1.608" classname="testcases.Counting"/>
  <testcase name="service" time="5.547" classname="testcases.Counting"/>
  <testcase name="service" time="0.001" classname="testcases.Counting"/>
  <testcase name="service" time="8.430" classname="testcases.Counting"/>
  <testcase name="service" time="0.000" classname="testcases.Counting"/>
  <testcase name="service" time="3.362" classname="testcases.Counting"/>
  <testcase name="service" time="2.308" classname="testcases.Counting"/>
  <testcase name="service" time="0.000" classname="testcases.Counting"/>
  <testcase name="service" time="0.000" classname="testcases.Counting"/>
  <testcase name="service" time="2.268" classname="testcases.Counting"/>
  <testcase name="service" time="1.280" classname="testcases.Counting"/>
  <testcase name="service" time="3.662" classname="testcases.Counting"/>
  <testcase name="service" time="2.308" classname="testcases.Counting"/>
  <testcase name="service" time="5.278" classname="testcases.Counting"/>
  <testcase name="service" time="2.506" classname="testcases.Counting"/>
  <testcase name="service" time="2.456" classname="testcases.Counting"/>
  <testcase name="service" time="3.521" classname="testcases.Counting"/>
  <testcase name="service" time="2.977" classname="testcases.Counting"/>
  <testcase name="service" time="3.013" classname="testcases.Counting"/>
  <testcase name="service" time="3.012" classname="testcases.Counting"/>
  <testcase name="service" time="8.351" classname="testcases.Counting"/>
  <testcase name="service" time="3.876" classname="testcases.Counting"/>
  <testcase name="service" time="0.134" classname="testcases.Counting"/>
  <testcase name="service" time="5.531" classname="testcases.Counting"/>
  <testcase name="service" time="0.110" classname="testcases.Counting"/>
  <testcase name="service" time="1.829" classname="testcases.Counting"/>
  <testcase name="service" time="2.069" classname="testcases.Counting"/>
  <testcase name="service" time="3.106" classname="testcases.Counting"/>
  <testcase name="service" time="1.129" classname="testcases.Counting"/>
  <testcase name="service" time="0.001" classname="testcases.Counting"/>
  <testcase name="service" time="7.511" classname="testcases.Counting"/>
  <testcase name="service" time="1.194" classname="testcases.Counting"/>
  <testcase name="service" time="0.000" classname="testcases.Counting"/>
  <testcase name="service" time="0.001" classname="testcases.Counting"/>
  <testcase name="service" time="3.074" classname="testcases.Counting"/>
  <testcase name="service" time="0.000" classname="testcases.Counting"/>
  <testcase name="service" time="8.045" classname="testcases.Counting"/>
  <testcase name="service" time="0.000" classname="testcases.Counting"/>
  <testcase name="service" time="0.008" classname="testcases.Counting"/>
  <testcase name="service" time="0.011" classname="testcases.Counting"/>
  <testcase name="service" time="5.680" classname="testcases.Counting"/>
  <testcase name="service" time="0.000" classname="testcases.Counting"/>
  <testcase name="service" time="1.799" classname="testcases.Counting"/>
  <testcase name="service" time="0.000" classname="testcases.Counting"/>
  <testcase name="service" time="0.000" classname="testcases.Counting"/>
  <testcase name="service" time="1.041" classname="testcases.Counting"/>
  <testcase name="service" time="0.003" classname="testcases.Counting"/>
  <testcase name="service" time="0.001" classname="testcases.Counting"/>
  <testcase name="service" time="2.179" classname="testcases.Counting"/>
  <testcase name="service" time="1.198" classname="testcases.Counting"/>
  <testcase name="service" time="5.452" classname="testcases.Counting"/>
  <testcase name="service" time="0.079" classname="testcases.Counting"/>
  <testcase name="service" time="5.272" classname="testcases.Counting"/>
  <testcase name="service" time="5.187" classname="testcases.Counting"/>
  <testcase name="service" time="0.000" classname="testcases.Counting"/>
  <testcase name="service" time="5.282" classname="testcases.Counting"/>
  <testcase name="service" time="0.235" classname="testcases.Counting"/>
  <testcase name="service" time="7.433" classname="testcases.Counting"/>
  <testcase name="service" time="2.976" classname="testcases.Counting"/>
  <testcase name="service" time="0.001" classname="testcases.Counting"/>
  <testcase name="service" time="0.020" classname="testcases.Counting"/>
  <testcase name="service" time="8.558" classname="testcases.Counting"/>
  <testcase name="service" time="7.436" classname="testcases.Counting"/>
  <testcase name="service" time="2.415" classname="testcases.Counting"/>
  <testcase name="service" time="8.040" classname="testcases.Counting"/>
  <testcase name="service" time="5.321" classname="testcases.Counting"/>
  <testcase name="service" time="8.094" classname="testcases.Counting"/>
  <testcase name="service" time="0.008" classname="testcases.Counting"/>
  <testcase name="service" time="0.001" classname="testcases.Counting"/>
  <testcase name="service" time="5.189" classname="testcases.Counting"/>
  <testcase name="service" time="3.609" classname="testcases.Counting"/>
  <testcase name="service" time="4.285" classname="testcases.Counting"/>
  <testcase name="service" time="1.105" classname="testcases.Counting"/>
  <testcase name="service" time="0.000" classname="testcases.Counting"/>
  <testcase name="service" time="0.005" classname="testcases.Counting"/>
  <testcase name="service" time="8.295" classname="testcases.Counting"/>
  <testcase name="service" time="0.000" classname="testcases.Counting"/>
  <testcase name="service" time="4.016" classname="testcases.Counting"/>
  <testcase name="service" time="7.324" classname="testcases.Counting"/>
  <testcase name="service" time="2.331" classname="testcases.Counting"/>
  <testcase name="service" time="7.795" classname="testcases.Counting"/>
  <testcase name="service" time="0.000" classname="testcases.Counting"/>
  <testcase name="service" time="3.236" classname="testcases.Counting"/>
  <testcase name="service" time="3.130" classname="testcases.Counting"/>
  <testcase name="service" time="0.001" classname="testcases.Counting"/>
  <testcase name="service" time="0.991" classname="testcases.Counting"/>
  <testcase name="service" time="5.202" classname="testcases.Counting"/>
  <testcase name="service" time="0.001" classname="testcases.Counting"/>
  <testcase name="service" time="2.077" classname="testcases.Counting"/>
  <testcase name="service" time="5.165" classname="testcases.Counting"/>
  <testcase name="service" time="2.621" classname="testcases.Counting"/>
  <testcase name="service" time="1.688" classname="testcases.Counting"/>
  <testcase name="service" time="3.570" classname="testcases.Counting"/>
  <testcase name="service" time="7.358" classname="testcases.Counting"/>
  <testcase name="service" time="8.438" classname="testcases.Counting"/>
  <testcase name="service" time="0.000" classname="testcases.Counting"/>
  <testcase name="service" time="2.430" classname="testcases.Counting"/>
  <testcase name="service" time="2.768" classname="testcases.Counting"/>
  <testcase name="service" time="0.000" classname="testcases.Counting"/>
  <testcase name="service" time="5.676" classname="testcases.Counting"/>
  <testcase name="service" time="1.340" classname="testcases.Counting"/>
  <testcase name="service" time="0.006" classname="testcases.Counting"/>
  <testcase name="service" time="0.001" classname="testcases.Counting"/>
  <testcase name="service" time="1.796" classname="testcases.Counting"/>
  <testcase name="service" time="4.445" classname="testcases.Counting"/>
  <testcase name="service" time="8.077" classname="testcases.Counting"/>
  <testcase name="service" time="0.002" classname="testcases.Counting"/>
  <testcase name="service" time="0.000" classname="testcases.Counting"/>
  <testcase name="service" time="8.300" classname="testcases.Counting"/>
  <testcase name="service" time="0.001" classname="testcases.Counting"/>
  <testcase name="service" time="5.216" classname="testcases.Counting"/>
  <testcase name="service" time="1.778" classname="testcases.Counting"/>
  <testcase name="service" time="0.001" classname="testcases.Counting"/>
  <testcase name="service" time="2.057" classname="testcases.Counting"/>
  <testcase name="service" time="3.278" classname="testcases.Counting"/>
  <testcase name="service" time="7.431" classname="testcases.Counting"/>
  <testcase name="service" time="0.001" classname="testcases.Counting"/>
  <testcase name="service" time="5.538" classname="testcases.Counting"/>
  <testcase name="service" time="0.005" classname="testcases.Counting"/>
  <testcase name="service" time="0.001" classname="testcases.Counting"/>
  <testcase name="service" time="0.000" classname="testcases.Counting"/>
  <testcase name="service" time="2.177" classname="testcases.Counting"/>
  <testcase name="service" time="0.009" classname="testcases.Counting"/>
  <testcase name="service" time="5.437" classname="testcases.Counting"/>
  <testcase name="service" time="2.093" classname="testcases.Counting"/>
  <testcase name="service" time="0.006" classname="testcases.Counting"/>
  <testcase name="service" time="1.076" classname="testcases.Counting"/>
  <testcase name="service" time="0.001" classname="testcases.Counting"/>
  <testcase name="service" time="0.002" classname="testcases.Counting"/>
  <testcase name="service" time="5.452" classname="testcases.Counting"/>
  <testcase name="service" time="7.394" classname="testcases.Counting"/>
  <testcase name="service" time="0.000" classname="testcases.Counting"/>
  <testcase name="service" time="7.695" classname="testcases.Counting"/>
  <testcase name="service" time="2.758" classname="testcases.Counting"/>
  <testcase name="service" time="0.281" classname="testcases.Counting"/>
  <testcase name="service" time="3.315" classname="testcases.Counting"/>
  <testcase name="service" time="2.382" classname="testcases.Counting"/>
  <testcase name="service" time="0.001" classname="testcases.Counting"/>
  <testcase name="service" time="0.000" classname="testcases.Counting"/>
  <testcase name="service" time="0.001" classname="testcases.Counting"/>
  <testcase name="service" time="4.761" classname="testcases.Counting"/>
  <testcase name="service" time="1.204" classname="testcases.Counting"/>
  <testcase name="service" time="5.495" classname="testcases.Counting"/>
  <testcase name="service" time="0.018" classname="testcases.Counting"/>
  <testcase name="service" time="0.001" classname="testcases.Counting"/>
  <testcase name="service" time="0.000" classname="testcases.Counting"/>
  <testcase name="service" time="7.313" classname="testcases.Counting"/>
  <testcase name="service" time="3.342" classname="testcases.Counting"/>
  <testcase name="service" time="0.000" classname="testcases.Counting"/>
  <testcase name="service" time="0.000" classname="testcases.Counting"/>
  <testcase name="service" time="1.584" classname="testcases.Counting"/>
  <testcase name="service" time="2.109" classname="testcases.Counting"/>
  <testcase name="service" time="6.242" classname="testcases.Counting"/>
  <testcase name="service" time="1.966" classname="testcases.Counting"/>
  <testcase name="service" time="1.749" classname="testcases.Counting"/>
  <testcase name="service" time="4.682" classname="testcases.Counting"/>
  <testcase name="service" time="1.315" classname="testcases.Counting"/>
  <testcase name="service" time="5.374" classname="testcases.Counting"/>
  <testcase name="service" time="2.323" classname="testcases.Counting"/>
  <testcase name="service" time="3.215" classname="testcases.Counting"/>
  <testcase name="service" time="0.001" classname="testcases.Counting"/>
  <testcase name="service" time="0.000" classname="testcases.Counting"/>
  <testcase name="service" time="0.000" classname="testcases.Counting"/>
  <testcase name="service" time="8.329" classname="testcases.Counting"/>
  <testcase name="service" time="0.001" classname="testcases.Counting"/>
  <testcase name="service" time="3.937" classname="testcases.Counting"/>
  <testcase name="service" time="1.364" classname="testcases.Counting"/>
  <testcase name="service" time="5.364" classname="testcases.Counting"/>
  <testcase name="service" time="0.000" classname="testcases.Counting"/>
  <testcase name="service" time="5.244" classname="testcases.Counting"/>
  <testcase name="service" time="0.000" classname="testcases.Counting"/>
  <testcase name="service" time="2.212" classname="testcases.Counting"/>
  <testcase name="service" time="0.000" classname="testcases.Counting"/>
  <testcase name="service" time="2.026" classname="testcases.Counting"/>
  <testcase name="service" time="2.830" classname="testcases.Counting"/>
  <testcase name="service" time="3.027" classname="testcases.Counting"/>
  <testcase name="service" time="3.251" classname="testcases.Counting"/>
  <testcase name="service" time="4.475" classname="testcases.Counting"/>
  <testcase name="service" time="2.850" classname="testcases.Counting"/>
  <testcase name="service" time="2.989" classname="testcases.Counting"/>
  <testcase name="service" time="8.621" classname="testcases.Counting"/>
  <testcase name="service" time="2.245" classname="testcases.Counting"/>
  <testcase name="service" time="3.261" classname="testcases.Counting"/>
  <testcase name="service" time="5.442" classname="testcases.Counting"/>
  <testcase name="service" time="5.436" classname="testcases.Counting"/>
  <testcase name="service" time="0.001" classname="testcases.Counting"/>
  <testcase name="service" time="0.029" classname="testcases.Counting"/>
  <testcase name="service" time="0.001" classname="testcases.Counting"/>
  <testcase name="service" time="0.000" classname="testcases.Counting"/>
  <testcase name="service" time="0.000" classname="testcases.Counting"/>
  <testcase name="service" time="4.456" classname="testcases.Counting"/>
  <testcase name="service" time="2.589" classname="testcases.Counting"/>
  <testcase name="service" time="1.392" classname="testcases.Counting"/>
  <testcase name="service" time="0.008" classname="testcases.Counting"/>
  <testcase name="service" time="2.249" classname="testcases.Counting"/>
  <testcase name="service" time="1.338" classname="testcases.Counting"/>
  <testcase name="service" time="4.600" classname="testcases.Counting"/>
  <testcase name="service" time="0.005" classname="testcases.Counting"/>
  <testcase name="service" time="0.001" classname="testcases.Counting"/>
  <testcase name="service" time="2.977" classname="testcases.Counting"/>
  <testcase name="service" time="1.458" classname="testcases.Counting"/>
  <testcase name="service" time="7.287" classname="testcases.Counting"/>
  <testcase name="service" time="0.000" classname="testcases.Counting"/>
  <testcase name="service" time="0.000" classname="testcases.Counting"/>
  <testcase name="service" time="5.529" classname="testcases.Counting"/>
  <testcase name="service" time="0.000" classname="testcases.Counting"/>
  <testcase name="service" time="3.374" classname="testcases.Counting"/>
  <testcase name="service" time="0.000" classname="testcases.Counting"/>
  <testcase name="service" time="8.373" classname="testcases.Counting"/>
  <testcase name="service" time="3.260" classname="testcases.Counting"/>
  <testcase name="service" time="7.436" classname="testcases.Counting"/>
  <testcase name="service" time="2.159" classname="testcases.Counting"/>
  <testcase name="service" time="0.001" classname="testcases.Counting"/>
  <testcase name="service" time="4.470" classname="testcases.Counting"/>
  <testcase name="service" time="1.749" classname="testcases.Counting"/>
  <testcase name="service" time="0.596" classname="testcases.Counting"/>
  <testcase name="service" time="0.000" classname="testcases.Counting"/>
  <testcase name="service" time="8.525" classname="testcases.Counting"/>
  <testcase name="service" time="4.724" classname="testcases.Counting"/>
  <testcase name="service" time="5.274" classname="testcases.Counting"/>
  <testcase name="service" time="0.005" classname="testcases.Counting"/>
  <testcase name="service" time="0.000" classname="testcases.Counting"/>
  <testcase name="service" time="1.997" classname="testcases.Counting"/>
  <testcase name="service" time="0.000" classname="testcases.Counting"/>
  <testcase name="service" time="5.169" classname="testcases.Counting"/>
  <testcase name="service" time="6.127" classname="testcases.Counting"/>
  <testcase name="service" time="5.205" classname="testcases.Counting"/>
  <testcase name="service" time="0.001" classname="testcases.Counting"/>
  <testcase name="service" time="3.256" classname="testcases.Counting"/>
  <testcase name="service" time="5.350" classname="testcases.Counting"/>
  <testcase name="service" time="2.634" classname="testcases.Counting"/>
  <testcase name="service" time="3.945" classname="testcases.Counting"/>
  <testcase name="service" time="1.125" classname="testcases.Counting"/>
  <testcase name="service" time="2.365" classname="testcases.Counting"/>
  <testcase name="service" time="5.884" classname="testcases.Counting"/>
  <testcase name="service" time="2.757" classname="testcases.Counting"/>
  <testcase name="service" time="8.558" classname="testcases.Counting"/>
  <testcase name="service" time="2.146" classname="testcases.Counting"/>
  <testcase name="service" time="0.000" classname="testcases.Counting"/>
  <testcase name="service" time="7.595" classname="testcases.Counting"/>
  <testcase name="service" time="2.101" classname="testcases.Counting"/>
  <testcase name="service" time="0.000" classname="testcases.Counting"/>
  <testcase name="service" time="0.001" classname="testcases.Counting"/>
  <testcase name="service" time="0.000" classname="testcases.Counting"/>
  <testcase name="service" time="2.523" classname="testcases.Counting"/>
  <testcase name="service" time="0.001" classname="testcases.Counting"/>
  <testcase name="service" time="1.708" classname="testcases.Counting"/>
  <testcase name="service" time="0.000" classname="testcases.Counting"/>
  <testcase name="service" time="0.000" classname="testcases.Counting"/>
  <testcase name="service" time="7.415" classname="testcases.Counting"/>
  <testcase name="service" time="0.000" classname="testcases.Counting"/>
  <testcase name="service" time="1.417" classname="testcases.Counting"/>
  <testcase name="service" time="0.007" classname="testcases.Counting"/>
  <testcase name="service" time="0.000" classname="testcases.Counting"/>
  <testcase name="service" time="3.076" classname="testcases.Counting"/>
  <testcase name="service" time="1.114" classname="testcases.Counting"/>
  <testcase name="service" time="2.566" classname="testcases.Counting"/>
  <testcase name="service" time="0.000" classname="testcases.Counting"/>
  <testcase name="service" time="5.369" classname="testcases.Counting"/>
  <testcase name="service" time="0.002" classname="testcases.Counting"/>
  <testcase name="service" time="3.087" classname="testcases.Counting"/>
  <testcase name="service" time="5.400" classname="testcases.Counting"/>
  <testcase name="service" time="0.001" classname="testcases.Counting"/>
  <testcase name="service" time="0.785" classname="testcases.Counting"/>
  <testcase name="service" time="0.000" classname="testcases.Counting"/>
  <testcase name="service" time="0.001" classname="testcases.Counting"/>
  <testcase name="service" time="2.455" classname="testcases.Counting"/>
  <testcase name="service" time="7.286" classname="testcases.Counting"/>
  <testcase name="service" time="0.000" classname="testcases.Counting"/>
  <testcase name="service" time="0.919" classname="testcases.Counting"/>
  <testcase name="service" time="0.000" classname="testcases.Counting"/>
  <testcase name="service" time="2.819" classname="testcases.Counting"/>
  <testcase name="service" time="0.002" classname="testcases.Counting"/>
  <testcase name="service" time="2.725" classname="testcases.Counting"/>
  <testcase name="service" time="4.602" classname="testcases.Counting"/>
  <testcase name="service" time="0.002" classname="testcases.Counting"/>
  <testcase name="service" time="0.000" classname="testcases.Counting"/>
  <testcase name="service" time="2.405" classname="testcases.Counting"/>
  <testcase name="service" time="4.265" classname="testcases.Counting"/>
  <testcase name="service" time="0.521" classname="testcases.Counting"/>
  <testcase name="service" time="0.000" classname="testcases.Counting"/>
  <testcase name="service" time="2.983" classname="testcases.Counting"/>
  <testcase name="service" time="0.424" classname="testcases.Counting"/>
  <testcase name="service" time="2.536" classname="testcases.Counting"/>
  <testcase name="service" time="1.774" classname="testcases.Counting"/>
  <testcase name="service" time="0.001" classname="testcases.Counting"/>
  <testcase name="service" time="8.136" classname="testcases.Counting"/>
  <testcase name="service" time="0.001" classname="testcases.Counting"/>
  <testcase name="service" time="0.000" classname="testcases.Counting"/>
  <testcase name="service" time="0.001" classname="testcases.Counting"/>
  <testcase name="service" time="2.813" classname="testcases.Counting"/>
  <testcase name="service" time="8.227" classname="testcases.Counting"/>
  <testcase name="service" time="2.925" classname="testcases.Counting"/>
  <testcase name="service" time="0.000" classname="testcases.Counting"/>
  <testcase name="service" time="8.211" classname="testcases.Counting"/>
  <testcase name="service" time="0.000" classname="testcases.Counting"/>
  <testcase name="service" time="4.288" classname="testcases.Counting"/>
  <testcase name="service" time="4.423" classname="testcases.Counting"/>
  <testcase name="service" time="4.693" classname="testcases.Counting"/>
  <testcase name="service" time="0.003" classname="testcases.Counting"/>
  <testcase name="service" time="3.311" classname="testcases.Counting"/>
  <testcase name="service" time="5.443" classname="testcases.Counting"/>
  <testcase name="service" time="0.001" classname="testcases.Counting"/>
  <testcase name="service" time="5.223" classname="testcases.Counting"/>
  <testcase name="service" time="7.612" classname="testcases.Counting"/>
  <testcase name="service" time="6.292" classname="testcases.Counting"/>
  <testcase name="service" time="1.328" classname="testcases.Counting"/>
  <testcase name="service" time="0.518" classname="testcases.Counting"/>
  <testcase name="service" time="4.625" classname="testcases.Counting"/>
  <testcase name="service" time="2.307" classname="testcases.Counting"/>
  <testcase name="service" time="7.602" classname="testcases.Counting"/>
  <testcase name="service" time="0.001" classname="testcases.Counting"/>
  <testcase name="service" time="0.000" classname="testcases.Counting"/>
  <testcase name="service" time="3.515" classname="testcases.Counting"/>
  <testcase name="service" time="7.804" classname="testcases.Counting"/>
  <testcase name="service" time="0.003" classname="testcases.Counting"/>
  <testcase name="service" time="0.000" classname="testcases.Counting"/>
  <testcase name="service" time="1.293" classname="testcases.Counting"/>
  <testcase name="service" time="0.001" classname="testcases.Counting"/>
  <testcase name="service" time="5.212" classname="testcases.Counting"/>
  <testcase name="service" time="3.268" classname="testcases.Counting"/>
  <testcase name="service" time="0.001" classname="testcases.Counting"/>
  <testcase name="service" time="6.325" classname="testcases.Counting"/>
  <testcase name="service" time="0.001" classname="testcases.Counting"/>
  <testcase name="service" time="0.000" classname="testcases.Counting"/>
  <testcase name="service" time="3.664" classname="testcases.Counting"/>
  <testcase name="service" time="7.318" classname="testcases.Counting"/>
  <testcase name="service" time="2.188" classname="testcases.Counting"/>
  <testcase name="service" time="2.140" classname="testcases.Counting"/>
  <testcase name="service" time="0.001" classname="testcases.Counting"/>
  <testcase name="service" time="0.634" classname="testcases.Counting"/>
  <testcase name="service" time="1.558" classname="testcases.Counting"/>
  <testcase name="service" time="1.354" classname="testcases.Counting"/>
  <testcase name="service" time="1.325" classname="testcases.Counting"/>
  <testcase name="service" time="0.081" classname="testcases.Counting"/>
  <testcase name="service" time="1.125" classname="testcases.Counting"/>
  <testcase name="service" time="3.338" classname="testcases.Counting"/>
  <testcase name="service" time="7.402" classname="testcases.Counting"/>
  <testcase name="service" time="6.265" classname="testcases.Counting"/>
  <testcase name="service" time="2.348" classname="testcases.Counting"/>
  <testcase name="service" time="2.282" classname="testcases.Counting"/>
  <testcase name="service" time="0.000" classname="testcases.Counting"/>
  <testcase name="service" time="5.203" classname="testcases.Counting"/>
  <testcase name="service" time="5.515" classname="testcases.Counting"/>
  <testcase name="service" time="0.000" classname="testcases.Counting"/>
  <testcase name="service" time="5.241" classname="testcases.Counting"/>
  <testcase name="service" time="5.303" classname="testcases.Counting"/>
  <testcase name="service" time="2.675" classname="testcases.Counting"/>
  <testcase name="service" time="0.000" classname="testcases.Counting"/>
  <testcase name="service" time="2.295" classname="testcases.Counting"/>
  <testcase name="service" time="0.001" classname="testcases.Counting"/>
  <testcase name="service" time="0.000" classname="testcases.Counting"/>
  <testcase name="service" time="4.571" classname="testcases.Counting"/>
  <testcase name="service" time="5.330" classname="testcases.Counting"/>
  <testcase name="service" time="3.037" classname="testcases.Counting"/>
  <testcase name="service" time="4.712" classname="testcases.Counting"/>
  <testcase name="service" time="1.330" classname="testcases.Counting"/>
  <testcase name="service" time="0.002" classname="testcases.Counting"/>
  <testcase name="service" time="7.443" classname="testcases.Counting"/>
  <testcase name="service" time="0.001" classname="testcases.Counting"/>
  <testcase name="service" time="1.946" classname="testcases.Counting"/>
  <testcase name="service" time="2.328" classname="testcases.Counting"/>
  <testcase name="service" time="0.000" classname="testcases.Counting"/>
  <testcase name="service" time="4.772" classname="testcases.Counting"/>
  <testcase name="service" time="5.931" classname="testcases.Counting"/>
  <testcase name="service" time="3.830" classname="testcases.Counting"/>
  <testcase name="service" time="0.001" classname="testcases.Counting"/>
  <testcase name="service" time="1.890" classname="testcases.Counting"/>
  <testcase name="service" time="1.903" classname="testcases.Counting"/>
  <testcase name="service" time="0.000" classname="testcases.Counting"/>
  <testcase name="service" time="5.392" classname="testcases.Counting"/>
  <testcase name="service" time="0.000" classname="testcases.Counting"/>
  <testcase name="service" time="0.000" classname="testcases.Counting"/>
  <testcase name="service" time="4.285" classname="testcases.Counting"/>
  <testcase name="service" time="4.610" classname="testcases.Counting"/>
  <testcase name="service" time="5.995" classname="testcases.Counting"/>
  <testcase name="service" time="1.345" classname="testcases.Counting"/>
  <testcase name="service" time="4.915" classname="testcases.Counting"/>
  <testcase name="service" time="2.048" classname="testcases.Counting"/>
  <testcase name="service" time="5.242" classname="testcases.Counting"/>
  <testcase name="service" time="5.238" classname="testcases.Counting"/>
  <testcase name="service" time="2.445" classname="testcases.Counting"/>
  <testcase name="service" time="1.490" classname="testcases.Counting"/>
  <testcase name="service" time="7.699" classname="testcases.Counting"/>
  <testcase name="service" time="4.356" classname="testcases.Counting"/>
  <testcase name="service" time="0.700" classname="testcases.Counting"/>
  <testcase name="service" time="5.358" classname="testcases.Counting"/>
  <testcase name="service" time="0.502" classname="testcases.Counting"/>
  <testcase name="service" time="5.047" classname="testcases.Counting"/>
  <testcase name="service" time="7.436" classname="testcases.Counting"/>
  <testcase name="service" time="0.005" classname="testcases.Counting"/>
  <testcase name="service" time="5.385" classname="testcases.Counting"/>
  <testcase name="service" time="0.003" classname="testcases.Counting"/>
  <testcase name="service" time="2.249" classname="testcases.Counting"/>
  <testcase name="service" time="6.273" classname="testcases.Counting"/>
  <testcase name="service" time="4.610" classname="testcases.Counting"/>
  <testcase name="service" time="5.189" classname="testcases.Counting"/>
  <testcase name="service" time="5.269" classname="testcases.Counting"/>
  <testcase name="service" time="0.000" classname="testcases.Counting"/>
  <testcase name="service" time="2.879" classname="testcases.Counting"/>
  <testcase name="service" time="1.450" classname="testcases.Counting"/>
  <testcase name="service" time="1.261" classname="testcases.Counting"/>
  <testcase name="service" time="4.339" classname="testcases.Counting"/>
  <testcase name="service" time="0.000" classname="testcases.Counting"/>
  <testcase name="service" time="0.000" classname="testcases.Counting"/>
  <testcase name="service" time="0.018" classname="testcases.Counting"/>
  <testcase name="service" time="8.397" classname="testcases.Counting"/>
  <testcase name="service" time="7.509" classname="testcases.Counting"/>
  <testcase name="service" time="3.591" classname="testcases.Counting"/>
  <testcase name="service" time="1.372" classname="testcases.Counting"/>
  <testcase name="service" time="0.000" classname="testcases.Counting"/>
  <testcase name="service" time="4.335" classname="testcases.Counting"/>
  <testcase name="service" time="1.788" classname="testcases.Counting"/>
  <testcase name="service" time="2.806" classname="testcases.Counting"/>
  <testcase name="service" time="0.000" classname="testcases.Counting"/>
  <testcase name="service" time="0.001" classname="testcases.Counting"/>
  <testcase name="service" time="0.000" classname="testcases.Counting"/>
  <testcase name="service" time="0.000" classname="testcases.Counting"/>
  <testcase name="service" time="1.944" classname="testcases.Counting"/>
  <testcase name="service" time="3.732" classname="testcases.Counting"/>
  <testcase name="service" time="6.190" classname="testcases.Counting"/>
  <testcase name="service" time="5.169" classname="testcases.Counting"/>
  <testcase name="service" time="0.001" classname="testcases.Counting"/>
  <testcase name="service" time="0.002" classname="testcases.Counting"/>
  <testcase name="service" time="0.002" classname="testcases.Counting"/>
  <testcase name="service" time="3.879" classname="testcases.Counting"/>
  <testcase name="service" time="0.001" classname="testcases.Counting"/>
  <testcase name="service" time="0.000" classname="testcases.Counting"/>
  <testcase name="service" time="2.455" classname="testcases.Counting"/>
  <testcase name="service" time="3.373" classname="testcases.Counting"/>
  <testcase name="service" time="0.001" classname="testcases.Counting"/>
  <testcase name="service" time="2.405" classname="testcases.Counting"/>
  <testcase name="service" time="0.029" classname="testcases.Counting"/>
  <testcase name="service" time="0.647" classname="testcases.Counting"/>
  <testcase name="service" time="0.000" classname="testcases.Counting"/>
  <testcase name="service" time="0.001" classname="testcases.Counting"/>
  <testcase name="service" time="0.001" classname="testcases.Counting"/>
  <testcase name="service" time="0.002" classname="testcases.Counting"/>
  <testcase name="service" time="0.001" classname="testcases.Counting"/>
  <testcase name="service" time="0.001" classname="testcases.Counting"/>
  <testcase name="service" time="0.006" classname="testcases.Counting"/>
  <testcase name="service" time="4.914" classname="testcases.Counting"/>
  <testcase name="service" time="8.300" classname="testcases.Counting"/>
  <testcase name="service" time="3.998" classname="testcases.Counting"/>
  <testcase name="service" time="0.007" classname="testcases.Counting"/>
  <testcase name="service" time="0.001" classname="testcases.Counting"/>
  <testcase name="service" time="1.048" classname="testcases.Counting"/>
  <testcase name="service" time="2.045" classname="testcases.Counting"/>
  <testcase name="service" time="0.408" classname="testcases.Counting"/>
  <testcase name="service" time="0.000" classname="testcases.Counting"/>
  <testcase name="service" time="0.000" classname="testcases.Counting"/>
  <testcase name="service" time="8.275" classname="testcases.Counting"/>
  <testcase name="service" time="3.368" classname="testcases.Counting"/>
  <testcase name="service" time="0.000" classname="testcases.Counting"/>
  <testcase name="service" time="8.541" classname="testcases.Counting"/>
  <testcase name="service" time="0.000" classname="testcases.Counting"/>
  <testcase name="service" time="6.307" classname="testcases.Counting"/>
  <testcase name="service" time="4.729" classname="testcases.Counting"/>
  <testcase name="service" time="5.247" classname="testcases.Counting"/>
  <testcase name="service" time="0.000" classname="testcases.Counting"/>
  <testcase name="service" time="4.569" classname="testcases.Counting"/>
  <testcase name="service" time="7.255" classname="testcases.Counting"/>
  <testcase name="service" time="0.856" classname="testcases.Counting"/>
  <testcase name="service" time="8.071" classname="testcases.Counting"/>
  <testcase name="service" time="4.284" classname="testcases.Counting"/>
  <testcase name="service" time="0.001" classname="testcases.Counting"/>
  <testcase name="service" time="0.006" classname="testcases.Counting"/>
  <testcase name="service" time="5.023" classname="testcases.Counting"/>
  <testcase name="service" time="1.475" classname="testcases.Counting"/>
  <testcase name="service" time="0.119" classname="testcases.Counting"/>
  <testcase name="service" time="4.940" classname="testcases.Counting"/>
  <testcase name="service" time="2.291" classname="testcases.Counting"/>
  <testcase name="service" time="1.078" classname="testcases.Counting"/>
  <testcase name="service" time="5.323" classname="testcases.Counting"/>
  <testcase name="service" time="2.416" classname="testcases.Counting"/>
  <testcase name="service" time="0.898" classname="testcases.Counting"/>
  <testcase name="service" time="5.303" classname="testcases.Counting"/>
  <testcase name="service" time="0.270" classname="testcases.Counting"/>
  <testcase name="service" time="0.000" classname="testcases.Counting"/>
  <testcase name="service" time="0.000" classname="testcases.Counting"/>
  <testcase name="service" time="0.001" classname="testcases.Counting"/>
  <testcase name="service" time="0.001" classname="testcases.Counting"/>
  <testcase name="service" time="0.381" classname="testcases.Counting"/>
  <testcase name="service" time="1.585" classname="testcases.Counting"/>
  <testcase name="service" time="0.702" classname="testcases.Counting"/>
  <testcase name="service" time="0.000" classname="testcases.Counting"/>
  <testcase name="service" time="5.046" classname="testcases.Counting"/>
  <testcase name="service" time="0.000" classname="testcases.Counting"/>
  <testcase name="service" time="0.001" classname="testcases.Counting"/>
  <testcase name="service" time="4.549" classname="testcases.Counting"/>
  <testcase name="service" time="4.898" classname="testcases.Counting"/>
  <testcase name="service" time="7.402" classname="testcases.Counting"/>
  <testcase name="service" time="0.000" classname="testcases.Counting"/>
  <testcase name="service" time="4.501" classname="testcases.Counting"/>
  <testcase name="service" time="1.660" classname="testcases.Counting"/>
  <testcase name="service" time="7.416" classname="testcases.Counting"/>
  <testcase name="service" time="0.770" classname="testcases.Counting"/>
  <testcase name="service" time="2.199" classname="testcases.Counting"/>
  <testcase name="service" time="3.920" classname="testcases.Counting"/>
  <testcase name="service" time="2.047" classname="testcases.Counting"/>
  <testcase name="service" time="3.284" classname="testcases.Counting"/>
  <testcase name="service" time="0.000" classname="testcases.Counting"/>
  <testcase name="service" time="0.001" classname="testcases.Counting"/>
  <testcase name="service" time="4.458" classname="testcases.Counting"/>
  <testcase name="service" time="0.658" classname="testcases.Counting"/>
  <testcase name="service" time="4.497" classname="testcases.Counting"/>
  <testcase name="service" time="0.016" classname="testcases.Counting"/>
  <testcase name="service" time="2.261" classname="testcases.Counting"/>
  <testcase name="service" time="0.001" classname="testcases.Counting"/>
  <testcase name="service" time="1.764" classname="testcases.Counting"/>
  <testcase name="service" time="2.129" classname="testcases.Counting"/>
  <testcase name="service" time="4.814" classname="testcases.Counting"/>
  <testcase name="service" time="3.062" classname="testcases.Counting"/>
  <testcase name="service" time="2.411" classname="testcases.Counting"/>
  <testcase name="service" time="0.000" classname="testcases.Counting"/>
  <testcase name="service" time="5.187" classname="testcases.Counting"/>
  <testcase name="service" time="0.001" classname="testcases.Counting"/>
  <testcase name="service" time="0.000" classname="testcases.Counting"/>
  <testcase name="service" time="0.000" classname="testcases.Counting"/>
  <testcase name="service" time="2.106" classname="testcases.Counting"/>
  <testcase name="service" time="0.000" classname="testcases.Counting"/>
  <testcase name="service" time="0.001" classname="testcases.Counting"/>
  <testcase name="service" time="1.417" classname="testcases.Counting"/>
  <testcase name="service" time="0.488" classname="testcases.Counting"/>
  <testcase name="service" time="8.326" classname="testcases.Counting"/>
  <testcase name="service" time="2.111" classname="testcases.Counting"/>
  <testcase name="service" time="0.000" classname="testcases.Counting"/>
  <testcase name="service" time="4.026" classname="testcases.Counting"/>
  <testcase name="service" time="0.657" classname="testcases.Counting"/>
  <testcase name="service" time="0.002" classname="testcases.Counting"/>
  <testcase name="service" time="2.120" classname="testcases.Counting"/>
  <testcase name="service" time="7.500" classname="testcases.Counting"/>
  <testcase name="service" time="5.289" classname="testcases.Counting"/>
  <testcase name="service" time="2.038" classname="testcases.Counting"/>
  <testcase name="service" time="5.519" classname="testcases.Counting"/>
  <testcase name="service" time="1.675" classname="testcases.Counting"/>
  <testcase name="service" time="5.296" classname="testcases.Counting"/>
  <testcase name="service" time="1.333" classname="testcases.Counting"/>
  <testcase name="service" time="5.212" classname="testcases.Counting"/>
  <testcase name="service" time="3.195" classname="testcases.Counting"/>
  <testcase name="service" time="0.000" classname="testcases.Counting"/>
  <testcase name="service" time="8.372" classname="testcases.Counting"/>
  <testcase name="service" time="0.001" classname="testcases.Counting"/>
  <testcase name="service" time="8.399" classname="testcases.Counting"/>
  <testcase name="service" time="2.871" classname="testcases.Counting"/>
  <testcase name="service" time="0.001" classname="testcases.Counting"/>
  <testcase name="service" time="0.001" classname="testcases.Counting"/>
  <testcase name="service" time="2.428" classname="testcases.Counting"/>
  <testcase name="service" time="0.000" classname="testcases.Counting"/>
  <testcase name="service" time="3.309" classname="testcases.Counting"/>
  <testcase name="service" time="5.537" classname="testcases.Counting"/>
  <testcase name="service" time="8.293" classname="testcases.Counting"/>
  <testcase name="service" time="8.136" classname="testcases.Counting"/>
  <testcase name="service" time="0.000" classname="testcases.Counting"/>
  <testcase name="service" time="0.000" classname="testcases.Counting"/>
  <testcase name="service" time="2.251" classname="testcases.Counting"/>
  <testcase name="service" time="2.107" classname="testcases.Counting"/>
  <testcase name="service" time="3.923" classname="testcases.Counting"/>
  <testcase name="service" time="2.130" classname="testcases.Counting"/>
  <testcase name="service" time="2.351" classname="testcases.Counting"/>
  <testcase name="service" time="2.967" classname="testcases.Counting"/>
  <testcase name="service" time="4.658" classname="testcases.Counting"/>
  <testcase name="service" time="7.633" classname="testcases.Counting"/>
  <testcase name="service" time="0.000" classname="testcases.Counting"/>
  <testcase name="service" time="0.004" classname="testcases.Counting"/>
  <testcase name="service" time="0.001" classname="testcases.Counting"/>
  <testcase name="service" time="0.908" classname="testcases.Counting"/>
  <testcase name="service" time="0.001" classname="testcases.Counting"/>
  <testcase name="service" time="0.586" classname="testcases.Counting"/>
  <testcase name="service" time="3.738" classname="testcases.Counting"/>
  <testcase name="service" time="1.775" classname="testcases.Counting"/>
  <testcase name="service" time="0.001" classname="testcases.Counting"/>
  <testcase name="service" time="0.876" classname="testcases.Counting"/>
  <testcase name="service" time="0.005" classname="testcases.Counting"/>
  <testcase name="service" time="1.271" classname="testcases.Counting"/>
  <testcase name="service" time="2.185" classname="testcases.Counting"/>
  <testcase name="service" time="2.047" classname="testcases.Counting"/>
  <testcase name="service" time="0.000" classname="testcases.Counting"/>
  <testcase name="service" time="2.412" classname="testcases.Counting"/>
  <testcase name="service" time="2.054" classname="testcases.Counting"/>
  <testcase name="service" time="1.872" classname="testcases.Counting"/>
  <testcase name="service" time="0.000" classname="testcases.Counting"/>
  <testcase name="service" time="1.489" classname="testcases.Counting"/>
  <testcase name="service" time="2.299" classname="testcases.Counting"/>
  <testcase name="service" time="0.000" classname="testcases.Counting"/>
  <testcase name="service" time="1.946" classname="testcases.Counting"/>
  <testcase name="service" time="0.000" classname="testcases.Counting"/>
  <testcase name="service" time="3.268" classname="testcases.Counting"/>
  <testcase name="service" time="1.322" classname="testcases.Counting"/>
  <testcase name="service" time="0.658" classname="testcases.Counting"/>
  <testcase name="service" time="0.090" classname="testcases.Counting"/>
  <testcase name="service" time="3.046" classname="testcases.Counting"/>
  <testcase name="service" time="0.001" classname="testcases.Counting"/>
  <testcase name="service" time="4.548" classname="testcases.Counting"/>
  <testcase name="service" time="0.001" classname="testcases.Counting"/>
  <testcase name="service" time="8.379" classname="testcases.Counting"/>
  <testcase name="service" time="4.360" classname="testcases.Counting"/>
  <testcase name="service" time="1.932" classname="testcases.Counting"/>
  <testcase name="service" time="8.376" classname="testcases.Counting"/>
  <testcase name="service" time="0.001" classname="testcases.Counting"/>
  <testcase name="service" time="1.398" classname="testcases.Counting"/>
  <testcase name="service" time="0.000" classname="testcases.Counting"/>
  <testcase name="service" time="4.484" classname="testcases.Counting"/>
  <testcase name="service" time="0.005" classname="testcases.Counting"/>
  <testcase name="service" time="8.326" classname="testcases.Counting"/>
  <testcase name="service" time="0.001" classname="testcases.Counting"/>
  <testcase name="service" time="4.930" classname="testcases.Counting"/>
  <testcase name="service" time="1.351" classname="testcases.Counting"/>
  <testcase name="service" time="0.235" classname="testcases.Counting"/>
  <testcase name="service" time="0.000" classname="testcases.Counting"/>
  <testcase name="service" time="0.546" classname="testcases.Counting"/>
  <testcase name="service" time="3.346" classname="testcases.Counting"/>
  <testcase name="service" time="4.005" classname="testcases.Counting"/>
  <testcase name="service" time="0.000" classname="testcases.Counting"/>
  <testcase name="service" time="0.000" classname="testcases.Counting"/>
  <testcase name="service" time="0.000" classname="testcases.Counting"/>
  <testcase name="service" time="6.326" classname="testcases.Counting"/>
  <testcase name="service" time="3.207" classname="testcases.Counting"/>
  <testcase name="service" time="6.013" classname="testcases.Counting"/>
  <testcase name="service" time="0.010" classname="testcases.Counting"/>
  <testcase name="service" time="0.000" classname="testcases.Counting"/>
  <testcase name="service" time="0.002" classname="testcases.Counting"/>
  <testcase name="service" time="5.017" classname="testcases.Counting"/>
  <testcase name="service" time="2.113" classname="testcases.Counting"/>
  <testcase name="service" time="3.313" classname="testcases.Counting"/>
  <testcase name="service" time="0.001" classname="testcases.Counting"/>
  <testcase name="service" time="0.000" classname="testcases.Counting"/>
  <testcase name="service" time="2.786" classname="testcases.Counting"/>
  <testcase name="service" time="5.467" classname="testcases.Counting"/>
  <testcase name="service" time="3.954" classname="testcases.Counting"/>
  <testcase name="service" time="4.767" classname="testcases.Counting"/>
  <testcase name="service" time="0.000" classname="testcases.Counting"/>
  <testcase name="service" time="0.000" classname="testcases.Counting"/>
  <testcase name="service" time="0.001" classname="testcases.Counting"/>
  <testcase name="service" time="0.001" classname="testcases.Counting"/>
  <testcase name="service" time="8.445" classname="testcases.Counting"/>
  <testcase name="service" time="4.355" classname="testcases.Counting"/>
  <testcase name="service" time="0.001" classname="testcases.Counting"/>
  <testcase name="service" time="7.363" classname="testcases.Counting"/>
  <testcase name="service" time="5.526" classname="testcases.Counting"/>
  <testcase name="service" time="2.708" classname="testcases.Counting"/>
  <testcase name="service" time="4.354" classname="testcases.Counting"/>
  <testcase name="service" time="1.249" classname="testcases.Counting"/>
  <testcase name="service" time="5.487" classname="testcases.Counting"/>
  <testcase name="service" time="4.348" classname="testcases.Counting"/>
  <testcase name="service" time="3.798" classname="testcases.Counting"/>
  <testcase name="service" time="0.003" classname="testcases.Counting"/>
  <testcase name="service" time="0.000" classname="testcases.Counting"/>
  <testcase name="service" time="8.287" classname="testcases.Counting"/>
  <testcase name="service" time="8.395" classname="testcases.Counting"/>
  <testcase name="service" time="5.546" classname="testcases.Counting"/>
  <testcase name="service" time="0.001" classname="testcases.Counting"/>
  <testcase name="service" time="3.017" classname="testcases.Counting"/>
  <testcase name="service" time="8.361" classname="testcases.Counting"/>
  <testcase name="service" time="8.033" classname="testcases.Counting"/>
  <testcase name="service" time="0.000" classname="testcases.Counting"/>
  <testcase name="service" time="4.487" classname="testcases.Counting"/>
  <testcase name="service" time="8.534" classname="testcases.Counting"/>
  <testcase name="service" time="5.386" classname="testcases.Counting"/>
  <testcase name="service" time="4.516" classname="testcases.Counting"/>
  <testcase name="service" time="3.098" classname="testcases.Counting"/>
  <testcase name="service" time="7.429" classname="testcases.Counting"/>
  <testcase name="service" time="3.605" classname="testcases.Counting"/>
  <testcase name="service" time="5.472" classname="testcases.Counting"/>
  <testcase name="service" time="3.047" classname="testcases.Counting"/>
  <testcase name="service" time="7.261" classname="testcases.Counting"/>
  <testcase name="service" time="4.932" classname="testcases.Counting"/>
  <testcase name="service" time="0.000" classname="testcases.Counting"/>
  <testcase name="service" time="4.456" classname="testcases.Counting"/>
  <testcase name="service" time="1.080" classname="testcases.Counting"/>
  <testcase name="service" time="0.277" classname="testcases.Counting"/>
  <testcase name="service" time="0.006" classname="testcases.Counting"/>
  <testcase name="service" time="0.001" classname="testcases.Counting"/>
  <testcase name="service" time="0.000" classname="testcases.Counting"/>
  <testcase name="service" time="0.527" classname="testcases.Counting"/>
  <testcase name="service" time="0.001" classname="testcases.Counting"/>
  <testcase name="service" time="0.001" classname="testcases.Counting"/>
  <testcase name="service" time="4.457" classname="testcases.Counting"/>
  <testcase name="service" time="5.535" classname="testcases.Counting"/>
  <testcase name="service" time="4.040" classname="testcases.Counting"/>
  <testcase name="service" time="0.002" classname="testcases.Counting"/>
  <testcase name="service" time="0.001" classname="testcases.Counting"/>
  <testcase name="service" time="3.938" classname="testcases.Counting"/>
  <testcase name="service" time="8.563" classname="testcases.Counting"/>
  <testcase name="service" time="0.000" classname="testcases.Counting"/>
  <testcase name="service" time="0.623" classname="testcases.Counting"/>
  <testcase name="service" time="7.418" classname="testcases.Counting"/>
  <testcase name="service" time="1.278" classname="testcases.Counting"/>
  <testcase name="service" time="0.013" classname="testcases.Counting"/>
  <testcase name="service" time="3.929" classname="testcases.Counting"/>
  <testcase name="service" time="4.184" classname="testcases.Counting"/>
  <testcase name="service" time="0.557" classname="testcases.Counting"/>
  <testcase name="service" time="2.165" classname="testcases.Counting"/>
  <testcase name="service" time="0.001" classname="testcases.Counting"/>
  <testcase name="service" time="0.000" classname="testcases.Counting"/>
  <testcase name="service" time="5.184" classname="testcases.Counting"/>
  <testcase name="service" time="2.354" classname="testcases.Counting"/>
  <testcase name="service" time="7.507" classname="testcases.Counting"/>
  <testcase name="service" time="2.879" classname="testcases.Counting"/>
  <testcase name="service" time="1.383" classname="testcases.Counting"/>
  <testcase name="service" time="7.620" classname="testcases.Counting"/>
  <testcase name="service" time="5.274" classname="testcases.Counting"/>
  <testcase name="service" time="0.001" classname="testcases.Counting"/>
  <testcase name="service" time="0.002" classname="testcases.Counting"/>
  <testcase name="service" time="0.000" classname="testcases.Counting"/>
  <testcase name="service" time="2.567" classname="testcases.Counting"/>
  <testcase name="service" time="7.796" classname="testcases.Counting"/>
  <testcase name="service" time="2.702" classname="testcases.Counting"/>
  <testcase name="service" time="2.946" classname="testcases.Counting"/>
  <testcase name="service" time="1.817" classname="testcases.Counting"/>
  <testcase name="service" time="2.114" classname="testcases.Counting"/>
  <testcase name="service" time="0.000" classname="testcases.Counting"/>
  <testcase name="service" time="0.001" classname="testcases.Counting"/>
  <testcase name="service" time="0.001" classname="testcases.Counting"/>
  <testcase name="service" time="4.038" classname="testcases.Counting"/>
  <testcase name="service" time="1.661" classname="testcases.Counting"/>
  <testcase name="service" time="4.372" classname="testcases.Counting"/>
  <testcase name="service" time="1.194" classname="testcases.Counting"/>
  <testcase name="service" time="3.313" classname="testcases.Counting"/>
  <testcase name="service" time="4.676" classname="testcases.Counting"/>
  <testcase name="service" time="4.569" classname="testcases.Counting"/>
  <testcase name="service" time="2.371" classname="testcases.Counting"/>
  <testcase name="service" time="2.392" classname="testcases.Counting"/>
  <testcase name="service" time="0.002" classname="testcases.Counting"/>
  <testcase name="service" time="0.006" classname="testcases.Counting"/>
  <testcase name="service" time="5.289" classname="testcases.Counting"/>
  <testcase name="service" time="3.330" classname="testcases.Counting"/>
  <testcase name="service" time="0.002" classname="testcases.Counting"/>
  <testcase name="service" time="0.000" classname="testcases.Counting"/>
  <testcase name="service" time="0.000" classname="testcases.Counting"/>
  <testcase name="service" time="0.531" classname="testcases.Counting"/>
  <testcase name="service" time="5.411" classname="testcases.Counting"/>
  <testcase name="service" time="1.946" classname="testcases.Counting"/>
  <testcase name="service" time="0.468" classname="testcases.Counting"/>
  <testcase name="service" time="0.001" classname="testcases.Counting"/>
  <testcase name="service" time="0.851" classname="testcases.Counting"/>
  <testcase name="service" time="0.001" classname="testcases.Counting"/>
  <testcase name="service" time="1.379" classname="testcases.Counting"/>
  <testcase name="service" time="3.624" classname="testcases.Counting"/>
  <testcase name="service" time="0.000" classname="testcases.Counting"/>
  <testcase name="service" time="0.522" classname="testcases.Counting"/>
  <testcase name="service" time="3.027" classname="testcases.Counting"/>
  <testcase name="service" time="3.281" classname="testcases.Counting"/>
  <testcase name="service" time="0.001" classname="testcases.Counting"/>
  <testcase name="service" time="3.435" classname="testcases.Counting"/>
  <testcase name="service" time="0.000" classname="testcases.Counting"/>
  <testcase name="service" time="0.000" classname="testcases.Counting"/>
  <testcase name="service" time="8.129" classname="testcases.Counting"/>
  <testcase name="service" time="2.229" classname="testcases.Counting"/>
  <testcase name="service" time="5.831" classname="testcases.Counting"/>
  <testcase name="service" time="2.659" classname="testcases.Counting"/>
  <testcase name="service" time="1.366" classname="testcases.Counting"/>
  <testcase name="service" time="0.000" classname="testcases.Counting"/>
  <testcase name="service" time="4.673" classname="testcases.Counting"/>
  <testcase name="service" time="0.000" classname="testcases.Counting"/>
  <testcase name="service" time="0.000" classname="testcases.Counting"/>
  <testcase name="service" time="2.409" classname="testcases.Counting"/>
  <testcase name="service" time="0.000" classname="testcases.Counting"/>
  <testcase name="service" time="0.002" classname="testcases.Counting"/>
  <testcase name="service" time="2.428" classname="testcases.Counting"/>
  <testcase name="service" time="0.033" classname="testcases.Counting"/>
  <testcase name="service" time="0.000" classname="testcases.Counting"/>
  <testcase name="service" time="5.437" classname="testcases.Counting"/>
  <testcase name="service" time="0.001" classname="testcases.Counting"/>
  <testcase name="service" time="0.002" classname="testcases.Counting"/>
  <testcase name="service" time="0.000" classname="testcases.Counting"/>
  <testcase name="service" time="2.309" classname="testcases.Counting"/>
  <testcase name="service" time="5.819" classname="testcases.Counting"/>
  <testcase name="service" time="0.004" classname="testcases.Counting"/>
  <testcase name="service" time="0.001" classname="testcases.Counting"/>
  <testcase name="service" time="0.000" classname="testcases.Counting"/>
  <testcase name="service" time="5.340" classname="testcases.Counting"/>
  <testcase name="service" time="3.159" classname="testcases.Counting"/>
  <testcase name="service" time="0.000" classname="testcases.Counting"/>
  <testcase name="service" time="0.000" classname="testcases.Counting"/>
  <testcase name="service" time="2.411" classname="testcases.Counting"/>
  <testcase name="service" time="0.000" classname="testcases.Counting"/>
  <testcase name="service" time="5.241" classname="testcases.Counting"/>
  <testcase name="service" time="0.000" classname="testcases.Counting"/>
  <testcase name="service" time="0.007" classname="testcases.Counting"/>
  <testcase name="service" time="0.000" classname="testcases.Counting"/>
  <testcase name="service" time="1.972" classname="testcases.Counting"/>
  <testcase name="service" time="2.285" classname="testcases.Counting"/>
  <testcase name="service" time="3.424" classname="testcases.Counting"/>
  <testcase name="service" time="4.682" classname="testcases.Counting"/>
  <testcase name="service" time="5.399" classname="testcases.Counting"/>
  <testcase name="service" time="5.300" classname="testcases.Counting"/>
  <testcase name="service" time="5.433" classname="testcases.Counting"/>
  <testcase name="service" time="0.001" classname="testcases.Counting"/>
  <testcase name="service" time="3.079" classname="testcases.Counting"/>
  <testcase name="service" time="5.368" classname="testcases.Counting"/>
  <testcase name="service" time="8.365" classname="testcases.Counting"/>
  <testcase name="service" time="7.313" classname="testcases.Counting"/>
  <testcase name="service" time="2.926" classname="testcases.Counting"/>
  <testcase name="service" time="0.001" classname="testcases.Counting"/>
  <testcase name="service" time="0.000" classname="testcases.Counting"/>
  <testcase name="service" time="0.000" classname="testcases.Counting"/>
  <testcase name="service" time="0.002" classname="testcases.Counting"/>
  <testcase name="service" time="0.000" classname="testcases.Counting"/>
  <testcase name="service" time="0.007" classname="testcases.Counting"/>
  <testcase name="service" time="0.007" classname="testcases.Counting"/>
  <testcase name="service" time="5.976" classname="testcases.Counting"/>
  <testcase name="service" time="0.000" classname="testcases.Counting"/>
  <testcase name="service" time="0.959" classname="testcases.Counting"/>
  <testcase name="service" time="0.000" classname="testcases.Counting"/>
  <testcase name="service" time="1.587" classname="testcases.Counting"/>
  <testcase name="service" time="5.246" classname="testcases.Counting"/>
  <testcase name="service" time="0.327" classname="testcases.Counting"/>
  <testcase name="service" time="0.001" classname="testcases.Counting"/>
  <testcase name="service" time="7.407" classname="testcases.Counting"/>
  <testcase name="service" time="8.236" classname="testcases.Counting"/>
  <testcase name="service" time="1.269" classname="testcases.Counting"/>
  <testcase name="service" time="0.002" classname="testcases.Counting"/>
  <testcase name="service" time="0.000" classname="testcases.Counting"/>
  <testcase name="service" time="0.374" classname="testcases.Counting"/>
  <testcase name="service" time="0.008" classname="testcases.Counting"/>
  <testcase name="service" time="1.926" classname="testcases.Counting"/>
  <testcase name="service" time="0.001" classname="testcases.Counting"/>
  <testcase name="service" time="5.996" classname="testcases.Counting"/>
  <testcase name="service" time="0.002" classname="testcases.Counting"/>
  <testcase name="service" time="0.003" classname="testcases.Counting"/>
  <testcase name="service" time="5.487" classname="testcases.Counting"/>
  <testcase name="service" time="0.000" classname="testcases.Counting"/>
  <testcase name="service" time="1.669" classname="testcases.Counting"/>
  <testcase name="service" time="2.267" classname="testcases.Counting"/>
  <testcase name="service" time="4.897" classname="testcases.Counting"/>
  <testcase name="service" time="0.000" classname="testcases.Counting"/>
  <testcase name="service" time="2.977" classname="testcases.Counting"/>
  <testcase name="service" time="1.465" classname="testcases.Counting"/>
  <testcase name="service" time="3.274" classname="testcases.Counting"/>
  <testcase name="service" time="0.000" classname="testcases.Counting"/>
  <testcase name="service" time="3.941" classname="testcases.Counting"/>
  <testcase name="service" time="6.208" classname="testcases.Counting"/>
  <testcase name="service" time="6.269" classname="testcases.Counting"/>
  <testcase name="service" time="0.000" classname="testcases.Counting"/>
  <testcase name="service" time="0.002" classname="testcases.Counting"/>
  <testcase name="service" time="0.004" classname="testcases.Counting"/>
  <testcase name="service" time="0.000" classname="testcases.Counting"/>
  <testcase name="service" time="2.159" classname="testcases.Counting"/>
  <testcase name="service" time="3.309" classname="testcases.Counting"/>
  <testcase name="service" time="1.647" classname="testcases.Counting"/>
  <testcase name="service" time="5.306" classname="testcases.Counting"/>
  <testcase name="service" time="6.333" classname="testcases.Counting"/>
  <testcase name="service" time="0.000" classname="testcases.Counting"/>
  <testcase name="service" time="2.030" classname="testcases.Counting"/>
  <testcase name="service" time="7.786" classname="testcases.Counting"/>
  <testcase name="service" time="0.001" classname="testcases.Counting"/>
  <testcase name="service" time="5.851" classname="testcases.Counting"/>
  <testcase name="service" time="4.827" classname="testcases.Counting"/>
  <testcase name="service" time="5.295" classname="testcases.Counting"/>
  <testcase name="service" time="0.005" classname="testcases.Counting"/>
  <testcase name="service" time="0.001" classname="testcases.Counting"/>
  <testcase name="service" time="4.810" classname="testcases.Counting"/>
  <testcase name="service" time="2.220" classname="testcases.Counting"/>
  <testcase name="service" time="6.018" classname="testcases.Counting"/>
  <testcase name="service" time="0.000" classname="testcases.Counting"/>
  <testcase name="service" time="3.072" classname="testcases.Counting"/>
  <testcase name="service" time="6.127" classname="testcases.Counting"/>
  <testcase name="service" time="4.388" classname="testcases.Counting"/>
  <testcase name="service" time="3.137" classname="testcases.Counting"/>
  <testcase name="service" time="4.954" classname="testcases.Counting"/>
  <testcase name="service" time="0.001" classname="testcases.Counting"/>
  <testcase name="service" time="7.788" classname="testcases.Counting"/>
  <testcase name="service" time="1.927" classname="testcases.Counting"/>
  <testcase name="service" time="1.585" classname="testcases.Counting"/>
  <testcase name="service" time="0.000" classname="testcases.Counting"/>
  <testcase name="service" time="8.535" classname="testcases.Counting"/>
  <testcase name="service" time="8.363" classname="testcases.Counting"/>
  <testcase name="service" time="4.609" classname="testcases.Counting"/>
  <testcase name="service" time="2.446" classname="testcases.Counting"/>
  <testcase name="service" time="0.556" classname="testcases.Counting"/>
  <testcase name="service" time="0.000" classname="testcases.Counting"/>
  <testcase name="service" time="3.407" classname="testcases.Counting"/>
  <testcase name="service" time="0.001" classname="testcases.Counting"/>
  <testcase name="service" time="0.001" classname="testcases.Counting"/>
  <testcase name="service" time="3.999" classname="testcases.Counting"/>
  <testcase name="service" time="0.001" classname="testcases.Counting"/>
  <testcase name="service" time="2.046" classname="testcases.Counting"/>
  <testcase name="service" time="0.001" classname="testcases.Counting"/>
  <testcase name="service" time="0.659" classname="testcases.Counting"/>
  <testcase name="service" time="0.003" classname="testcases.Counting"/>
  <testcase name="service" time="8.549" classname="testcases.Counting"/>
  <testcase name="service" time="3.286" classname="testcases.Counting"/>
  <testcase name="service" time="2.062" classname="testcases.Counting"/>
  <testcase name="service" time="0.001" classname="testcases.Counting"/>
  <testcase name="service" time="0.000" classname="testcases.Counting"/>
  <testcase name="service" time="0.001" classname="testcases.Counting"/>
  <testcase name="service" time="2.430" classname="testcases.Counting"/>
  <testcase name="service" time="0.000" classname="testcases.Counting"/>
  <testcase name="service" time="0.000" classname="testcases.Counting"/>
  <testcase name="service" time="0.001" classname="testcases.Counting"/>
  <testcase name="service" time="0.703" classname="testcases.Counting"/>
  <testcase name="service" time="2.027" classname="testcases.Counting"/>
  <testcase name="service" time="0.002" classname="testcases.Counting"/>
  <testcase name="service" time="2.245" classname="testcases.Counting"/>
  <testcase name="service" time="3.490" classname="testcases.Counting"/>
  <testcase name="service" time="5.407" classname="testcases.Counting"/>
  <testcase name="service" time="7.323" classname="testcases.Counting"/>
  <testcase name="service" time="4.331" classname="testcases.Counting"/>
  <testcase name="service" time="6.292" classname="testcases.Counting"/>
  <testcase name="service" time="0.000" classname="testcases.Counting"/>
  <testcase name="service" time="0.000" classname="testcases.Counting"/>
  <testcase name="service" time="0.001" classname="testcases.Counting"/>
  <testcase name="service" time="0.002" classname="testcases.Counting"/>
  <testcase name="service" time="4.178" classname="testcases.Counting"/>
  <testcase name="service" time="7.619" classname="testcases.Counting"/>
  <testcase name="service" time="8.053" classname="testcases.Counting"/>
  <testcase name="service" time="6.187" classname="testcases.Counting"/>
  <testcase name="service" time="0.000" classname="testcases.Counting"/>
  <testcase name="service" time="7.811" classname="testcases.Counting"/>
  <testcase name="service" time="0.000" classname="testcases.Counting"/>
  <testcase name="service" time="2.210" classname="testcases.Counting"/>
  <testcase name="service" time="0.000" classname="testcases.Counting"/>
  <testcase name="service" time="1.598" classname="testcases.Counting"/>
  <testcase name="service" time="0.000" classname="testcases.Counting"/>
  <testcase name="service" time="5.181" classname="testcases.Counting"/>
  <testcase name="service" time="1.591" classname="testcases.Counting"/>
  <testcase name="service" time="2.254" classname="testcases.Counting"/>
  <testcase name="service" time="0.001" classname="testcases.Counting"/>
  <testcase name="service" time="6.313" classname="testcases.Counting"/>
  <testcase name="service" time="0.001" classname="testcases.Counting"/>
  <testcase name="service" time="0.000" classname="testcases.Counting"/>
  <testcase name="service" time="8.275" classname="testcases.Counting"/>
  <testcase name="service" time="6.186" classname="testcases.Counting"/>
  <testcase name="service" time="0.000" classname="testcases.Counting"/>
  <testcase name="service" time="0.000" classname="testcases.Counting"/>
  <testcase name="service" time="0.002" classname="testcases.Counting"/>
  <testcase name="service" time="5.227" classname="testcases.Counting"/>
  <testcase name="service" time="3.257" classname="testcases.Counting"/>
  <testcase name="service" time="2.040" classname="testcases.Counting"/>
  <testcase name="service" time="2.620" classname="testcases.Counting"/>
  <testcase name="service" time="0.007" classname="testcases.Counting"/>
  <testcase name="service" time="4.362" classname="testcases.Counting"/>
  <testcase name="service" time="2.768" classname="testcases.Counting"/>
  <testcase name="service" time="2.958" classname="testcases.Counting"/>
  <testcase name="service" time="0.000" classname="testcases.Counting"/>
  <testcase name="service" time="6.628" classname="testcases.Counting"/>
  <testcase name="service" time="1.184" classname="testcases.Counting"/>
  <testcase name="service" time="0.000" classname="testcases.Counting"/>
  <testcase name="service" time="5.543" classname="testcases.Counting"/>
  <testcase name="service" time="5.303" classname="testcases.Counting"/>
  <testcase name="service" time="3.558" classname="testcases.Counting"/>
  <testcase name="service" time="0.768" classname="testcases.Counting"/>
  <testcase name="service" time="5.389" classname="testcases.Counting"/>
  <testcase name="service" time="2.257" classname="testcases.Counting"/>
  <testcase name="service" time="5.890" classname="testcases.Counting"/>
  <testcase name="service" time="0.001" classname="testcases.Counting"/>
  <testcase name="service" time="5.932" classname="testcases.Counting"/>
  <testcase name="service" time="2.219" classname="testcases.Counting"/>
  <testcase name="service" time="0.000" classname="testcases.Counting"/>
  <testcase name="service" time="7.601" classname="testcases.Counting"/>
  <testcase name="service" time="0.000" classname="testcases.Counting"/>
  <testcase name="service" time="0.000" classname="testcases.Counting"/>
  <testcase name="service" time="0.000" classname="testcases.Counting"/>
  <testcase name="service" time="2.876" classname="testcases.Counting"/>
  <testcase name="service" time="0.001" classname="testcases.Counting"/>
  <testcase name="service" time="0.166" classname="testcases.Counting"/>
  <testcase name="service" time="0.002" classname="testcases.Counting"/>
  <testcase name="service" time="0.000" classname="testcases.Counting"/>
  <testcase name="service" time="0.000" classname="testcases.Counting"/>
  <testcase name="service" time="3.569" classname="testcases.Counting"/>
  <testcase name="service" time="2.114" classname="testcases.Counting"/>
  <testcase name="service" time="7.594" classname="testcases.Counting"/>
  <testcase name="service" time="0.000" classname="testcases.Counting"/>
  <testcase name="service" time="1.256" classname="testcases.Counting"/>
  <testcase name="service" time="8.360" classname="testcases.Counting"/>
  <testcase name="service" time="3.041" classname="testcases.Counting"/>
  <testcase name="service" time="0.001" classname="testcases.Counting"/>
  <testcase name="service" time="0.002" classname="testcases.Counting"/>
  <testcase name="service" time="5.687" classname="testcases.Counting"/>
  <testcase name="service" time="3.098" classname="testcases.Counting"/>
  <testcase name="service" time="5.183" classname="testcases.Counting"/>
  <testcase name="service" time="2.079" classname="testcases.Counting"/>
  <testcase name="service" time="0.000" classname="testcases.Counting"/>
  <testcase name="service" time="8.267" classname="testcases.Counting"/>
  <testcase name="service" time="7.788" classname="testcases.Counting"/>
  <testcase name="service" time="3.361" classname="testcases.Counting"/>
  <testcase name="service" time="0.000" classname="testcases.Counting"/>
  <testcase name="service" time="2.384" classname="testcases.Counting"/>
  <testcase name="service" time="2.645" classname="testcases.Counting"/>
  <testcase name="service" time="0.593" classname="testcases.Counting"/>
  <testcase name="service" time="4.468" classname="testcases.Counting"/>
  <testcase name="service" time="1.087" classname="testcases.Counting"/>
  <testcase name="service" time="2.047" classname="testcases.Counting"/>
  <testcase name="service" time="0.697" classname="testcases.Counting"/>
  <testcase name="service" time="0.446" classname="testcases.Counting"/>
  <testcase name="service" time="2.350" classname="testcases.Counting"/>
  <testcase name="service" time="0.003" classname="testcases.Counting"/>
  <testcase name="service" time="4.800" classname="testcases.Counting"/>
  <testcase name="service" time="2.063" classname="testcases.Counting"/>
  <testcase name="service" time="2.255" classname="testcases.Counting"/>
  <testcase name="service" time="1.638" classname="testcases.Counting"/>
  <testcase name="service" time="3.920" classname="testcases.Counting"/>
  <testcase name="service" time="2.000" classname="testcases.Counting"/>
  <testcase name="service" time="0.000" classname="testcases.Counting"/>
  <testcase name="service" time="1.926" classname="testcases.Counting"/>
  <testcase name="service" time="0.002" classname="testcases.Counting"/>
  <testcase name="service" time="1.579" classname="testcases.Counting"/>
  <testcase name="service" time="7.447" classname="testcases.Counting"/>
  <testcase name="service" time="5.372" classname="testcases.Counting"/>
  <testcase name="service" time="2.165" classname="testcases.Counting"/>
  <testcase name="service" time="2.438" classname="testcases.Counting"/>
  <testcase name="service" time="5.194" classname="testcases.Counting"/>
  <testcase name="service" time="7.421" classname="testcases.Counting"/>
  <testcase name="service" time="0.000" classname="testcases.Counting"/>
  <testcase name="service" time="4.218" classname="testcases.Counting"/>
  <testcase name="service" time="0.001" classname="testcases.Counting"/>
  <testcase name="service" time="0.001" classname="testcases.Counting"/>
  <testcase name="service" time="1.684" classname="testcases.Counting"/>
  <testcase name="service" time="4.455" classname="testcases.Counting"/>
  <testcase name="service" time="0.000" classname="testcases.Counting"/>
  <testcase name="service" time="0.591" classname="testcases.Counting"/>
  <testcase name="service" time="0.000" classname="testcases.Counting"/>
  <testcase name="service" time="2.609" classname="testcases.Counting"/>
  <testcase name="service" time="4.474" classname="testcases.Counting"/>
  <testcase name="service" time="7.495" classname="testcases.Counting"/>
  <testcase name="service" time="8.535" classname="testcases.Counting"/>
  <testcase name="service" time="3.773" classname="testcases.Counting"/>
  <testcase name="service" time="0.000" classname="testcases.Counting"/>
  <testcase name="service" time="5.819" classname="testcases.Counting"/>
  <testcase name="service" time="8.612" classname="testcases.Counting"/>
  <testcase name="service" time="8.374" classname="testcases.Counting"/>
  <testcase name="service" time="7.369" classname="testcases.Counting"/>
  <testcase name="service" time="2.651" classname="testcases.Counting"/>
  <testcase name="service" time="0.000" classname="testcases.Counting"/>
  <testcase name="service" time="7.511" classname="testcases.Counting"/>
  <testcase name="service" time="0.000" classname="testcases.Counting"/>
  <testcase name="service" time="2.776" classname="testcases.Counting"/>
  <testcase name="service" time="0.831" classname="testcases.Counting"/>
  <testcase name="service" time="0.001" classname="testcases.Counting"/>
  <testcase name="service" time="7.641" classname="testcases.Counting"/>
  <testcase name="service" time="7.623" classname="testcases.Counting"/>
  <testcase name="service" time="5.185" classname="testcases.Counting"/>
  <testcase name="service" time="4.577" classname="testcases.Counting"/>
  <testcase name="service" time="0.001" classname="testcases.Counting"/>
  <testcase name="service" time="0.000" classname="testcases.Counting"/>
  <testcase name="service" time="4.962" classname="testcases.Counting"/>
  <testcase name="service" time="0.010" classname="testcases.Counting"/>
  <testcase name="service" time="2.607" classname="testcases.Counting"/>
  <testcase name="service" time="1.995" classname="testcases.Counting"/>
  <testcase name="service" time="8.376" classname="testcases.Counting"/>
  <testcase name="service" time="3.235" classname="testcases.Counting"/>
  <testcase name="service" time="0.000" classname="testcases.Counting"/>
  <testcase name="service" time="0.001" classname="testcases.Counting"/>
  <testcase name="service" time="5.821" classname="testcases.Counting"/>
  <testcase name="service" time="4.423" classname="testcases.Counting"/>
  <testcase name="service" time="0.000" classname="testcases.Counting"/>
  <testcase name="service" time="0.000" classname="testcases.Counting"/>
  <testcase name="service" time="0.001" classname="testcases.Counting"/>
  <testcase name="service" time="5.237" classname="testcases.Counting"/>
  <testcase name="service" time="3.830" classname="testcases.Counting"/>
  <testcase name="service" time="5.439" classname="testcases.Counting"/>
  <testcase name="service" time="0.000" classname="testcases.Counting"/>
  <testcase name="service" time="0.000" classname="testcases.Counting"/>
  <testcase name="service" time="5.311" classname="testcases.Counting"/>
  <testcase name="service" time="0.000" classname="testcases.Counting"/>
  <testcase name="service" time="0.001" classname="testcases.Counting"/>
  <testcase name="service" time="8.513" classname="testcases.Counting"/>
  <testcase name="service" time="7.436" classname="testcases.Counting"/>
  <testcase name="service" time="1.260" classname="testcases.Counting"/>
  <testcase name="service" time="5.577" classname="testcases.Counting"/>
  <testcase name="service" time="0.736" classname="testcases.Counting"/>
  <testcase name="service" time="0.001" classname="testcases.Counting"/>
  <testcase name="service" time="8.529" classname="testcases.Counting"/>
  <testcase name="service" time="2.119" classname="testcases.Counting"/>
  <testcase name="service" time="8.228" classname="testcases.Counting"/>
  <testcase name="service" time="0.158" classname="testcases.Counting"/>
  <testcase name="service" time="2.998" classname="testcases.Counting"/>
  <testcase name="service" time="2.586" classname="testcases.Counting"/>
  <testcase name="service" time="0.000" classname="testcases.Counting"/>
  <testcase name="service" time="0.000" classname="testcases.Counting"/>
  <testcase name="service" time="0.001" classname="testcases.Counting"/>
  <testcase name="service" time="0.001" classname="testcases.Counting"/>
  <testcase name="service" time="0.064" classname="testcases.Counting"/>
  <testcase name="service" time="0.499" classname="testcases.Counting"/>
  <testcase name="service" time="1.305" classname="testcases.Counting"/>
  <testcase name="service" time="0.001" classname="testcases.Counting"/>
  <testcase name="service" time="0.000" classname="testcases.Counting"/>
  <testcase name="service" time="0.965" classname="testcases.Counting"/>
  <testcase name="service" time="7.404" classname="testcases.Counting"/>
  <testcase name="service" time="4.591" classname="testcases.Counting"/>
  <testcase name="service" time="3.346" classname="testcases.Counting"/>
  <testcase name="service" time="5.356" classname="testcases.Counting"/>
  <testcase name="service" time="0.000" classname="testcases.Counting"/>
  <testcase name="service" time="0.000" classname="testcases.Counting"/>
  <testcase name="service" time="7.654" classname="testcases.Counting"/>
  <testcase name="service" time="4.355" classname="testcases.Counting"/>
  <testcase name="service" time="0.000" classname="testcases.Counting"/>
  <testcase name="service" time="0.002" classname="testcases.Counting"/>
  <testcase name="service" time="4.549" classname="testcases.Counting"/>
  <testcase name="service" time="0.000" classname="testcases.Counting"/>
  <testcase name="service" time="4.972" classname="testcases.Counting"/>
  <testcase name="service" time="8.291" classname="testcases.Counting"/>
  <testcase name="service" time="0.019" classname="testcases.Counting"/>
  <testcase name="service" time="8.540" classname="testcases.Counting"/>
  <testcase name="service" time="2.147" classname="testcases.Counting"/>
  <testcase name="service" time="5.531" classname="testcases.Counting"/>
  <testcase name="service" time="0.496" classname="testcases.Counting"/>
  <testcase name="service" time="2.675" classname="testcases.Counting"/>
  <testcase name="service" time="6.264" classname="testcases.Counting"/>
  <testcase name="service" time="0.000" classname="testcases.Counting"/>
  <testcase name="service" time="1.675" classname="testcases.Counting"/>
  <testcase name="service" time="0.000" classname="testcases.Counting"/>
  <testcase name="service" time="1.602" classname="testcases.Counting"/>
  <testcase name="service" time="4.669" classname="testcases.Counting"/>
  <testcase name="service" time="5.280" classname="testcases.Counting"/>
  <testcase name="service" time="2.998" classname="testcases.Counting"/>
  <testcase name="service" time="5.422" classname="testcases.Counting"/>
  <testcase name="service" time="1.371" classname="testcases.Counting"/>
  <testcase name="service" time="0.002" classname="testcases.Counting"/>
  <testcase name="service" time="0.000" classname="testcases.Counting"/>
  <testcase name="service" time="3.239" classname="testcases.Counting"/>
  <testcase name="service" time="0.002" classname="testcases.Counting"/>
  <testcase name="service" time="0.001" classname="testcases.Counting"/>
  <testcase name="service" time="5.182" classname="testcases.Counting"/>
  <testcase name="service" time="0.702" classname="testcases.Counting"/>
  <testcase name="service" time="0.002" classname="testcases.Counting"/>
  <testcase name="service" time="5.334" classname="testcases.Counting"/>
  <testcase name="service" time="2.095" classname="testcases.Counting"/>
  <testcase name="service" time="1.233" classname="testcases.Counting"/>
  <testcase name="service" time="5.829" classname="testcases.Counting"/>
  <testcase name="service" time="8.328" classname="testcases.Counting"/>
  <testcase name="service" time="1.486" classname="testcases.Counting"/>
  <testcase name="service" time="3.146" classname="testcases.Counting"/>
  <testcase name="service" time="0.000" classname="testcases.Counting"/>
  <testcase name="service" time="0.001" classname="testcases.Counting"/>
  <testcase name="service" time="7.505" classname="testcases.Counting"/>
  <testcase name="service" time="7.630" classname="testcases.Counting"/>
  <testcase name="service" time="0.000" classname="testcases.Counting"/>
  <testcase name="service" time="0.002" classname="testcases.Counting"/>
  <testcase name="service" time="0.000" classname="testcases.Counting"/>
  <testcase name="service" time="3.794" classname="testcases.Counting"/>
  <testcase name="service" time="0.003" classname="testcases.Counting"/>
  <testcase name="service" time="2.112" classname="testcases.Counting"/>
  <testcase name="service" time="0.000" classname="testcases.Counting"/>
  <testcase name="service" time="2.250" classname="testcases.Counting"/>
  <testcase name="service" time="7.626" classname="testcases.Counting"/>
  <testcase name="service" time="0.000" classname="testcases.Counting"/>
  <testcase name="service" time="0.001" classname="testcases.Counting"/>
  <testcase name="service" time="7.609" classname="testcases.Counting"/>
  <testcase name="service" time="0.000" classname="testcases.Counting"/>
  <testcase name="service" time="5.477" classname="testcases.Counting"/>
  <testcase name="service" time="4.884" classname="testcases.Counting"/>
  <testcase name="service" time="1.231" classname="testcases.Counting"/>
  <testcase name="service" time="0.000" classname="testcases.Counting"/>
  <testcase name="service" time="0.000" classname="testcases.Counting"/>
  <testcase name="service" time="0.001" classname="testcases.Counting"/>
  <testcase name="service" time="0.000" classname="testcases.Counting"/>
  <testcase name="service" time="2.298" classname="testcases.Counting"/>
  <testcase name="service" time="0.000" classname="testcases.Counting"/>
  <testcase name="service" time="3.559" classname="testcases.Counting"/>
  <testcase name="service" time="4.570" classname="testcases.Counting"/>
  <testcase name="service" time="5.319" classname="testcases.Counting"/>
  <testcase name="service" time="5.916" classname="testcases.Counting"/>
  <testcase name="service" time="0.456" classname="testcases.Counting"/>
  <testcase name="service" time="8.351" classname="testcases.Counting"/>
  <testcase name="service" time="5.973" classname="testcases.Counting"/>
  <testcase name="service" time="0.000" classname="testcases.Counting"/>
  <testcase name="service" time="3.750" classname="testcases.Counting"/>
  <testcase name="service" time="0.000" classname="testcases.Counting"/>
  <testcase name="service" time="0.001" classname="testcases.Counting"/>
  <testcase name="service" time="0.000" classname="testcases.Counting"/>
  <testcase name="service" time="4.177" classname="testcases.Counting"/>
  <testcase name="service" time="2.549" classname="testcases.Counting"/>
  <testcase name="service" time="2.036" classname="testcases.Counting"/>
  <testcase name="service" time="0.000" classname="testcases.Counting"/>
  <testcase name="service" time="0.000" classname="testcases.Counting"/>
  <testcase name="service" time="0.001" classname="testcases.Counting"/>
  <testcase name="service" time="0.002" classname="testcases.Counting"/>
  <testcase name="service" time="0.528" classname="testcases.Counting"/>
  <testcase name="service" time="0.000" classname="testcases.Counting"/>
  <testcase name="service" time="0.003" classname="testcases.Counting"/>
  <testcase name="service" time="3.870" classname="testcases.Counting"/>
  <testcase name="service" time="5.276" classname="testcases.Counting"/>
  <testcase name="service" time="2.595" classname="testcases.Counting"/>
  <testcase name="service" time="0.001" classname="testcases.Counting"/>
  <testcase name="service" time="0.640" classname="testcases.Counting"/>
  <testcase name="service" time="0.001" classname="testcases.Counting"/>
  <testcase name="service" time="4.890" classname="testcases.Counting"/>
  <testcase name="service" time="0.000" classname="testcases.Counting"/>
  <testcase name="service" time="0.001" classname="testcases.Counting"/>
  <testcase name="service" time="5.476" classname="testcases.Counting"/>
  <testcase name="service" time="0.270" classname="testcases.Counting"/>
  <testcase name="service" time="0.001" classname="testcases.Counting"/>
  <testcase name="service" time="2.616" classname="testcases.Counting"/>
  <testcase name="service" time="0.005" classname="testcases.Counting"/>
  <testcase name="service" time="0.000" classname="testcases.Counting"/>
  <testcase name="service" time="0.001" classname="testcases.Counting"/>
  <testcase name="service" time="0.003" classname="testcases.Counting"/>
  <testcase name="service" time="0.000" classname="testcases.Counting"/>
  <testcase name="service" time="5.356" classname="testcases.Counting"/>
  <testcase name="service" time="6.178" classname="testcases.Counting"/>
  <testcase name="service" time="5.190" classname="testcases.Counting"/>
  <testcase name="service" time="2.935" classname="testcases.Counting"/>
  <testcase name="service" time="1.506" classname="testcases.Counting"/>
  <testcase name="service" time="2.666" classname="testcases.Counting"/>
  <testcase name="service" time="1.719" classname="testcases.Counting"/>
  <testcase name="service" time="2.092" classname="testcases.Counting"/>
  <testcase name="service" time="0.000" classname="testcases.Counting"/>
  <testcase name="service" time="5.304" classname="testcases.Counting"/>
  <testcase name="service" time="2.081" classname="testcases.Counting"/>
  <testcase name="service" time="0.001" classname="testcases.Counting"/>
  <testcase name="service" time="0.000" classname="testcases.Counting"/>
  <testcase name="service" time="8.375" classname="testcases.Counting"/>
  <testcase name="service" time="0.002" classname="testcases.Counting"/>
  <testcase name="service" time="0.141" classname="testcases.Counting"/>
  <testcase name="service" time="1.084" classname="testcases.Counting"/>
  <testcase name="service" time="4.713" classname="testcases.Counting"/>
  <testcase name="service" time="5.142" classname="testcases.Counting"/>
  <testcase name="service" time="1.028" classname="testcases.Counting"/>
  <testcase name="service" time="1.456" classname="testcases.Counting"/>
  <testcase name="service" time="0.001" classname="testcases.Counting"/>
  <testcase name="service" time="0.000" classname="testcases.Counting"/>
  <testcase name="service" time="2.567" classname="testcases.Counting"/>
  <testcase name="service" time="0.000" classname="testcases.Counting"/>
  <testcase name="service" time="0.006" classname="testcases.Counting"/>
  <testcase name="service" time="1.963" classname="testcases.Counting"/>
  <testcase name="service" time="6.116" classname="testcases.Counting"/>
  <testcase name="service" time="2.717" classname="testcases.Counting"/>
  <testcase name="service" time="0.771" classname="testcases.Counting"/>
  <testcase name="service" time="0.009" classname="testcases.Counting"/>
  <testcase name="service" time="0.000" classname="testcases.Counting"/>
  <testcase name="service" time="2.429" classname="testcases.Counting"/>
  <testcase name="service" time="3.374" classname="testcases.Counting"/>
  <testcase name="service" time="2.130" classname="testcases.Counting"/>
  <testcase name="service" time="2.221" classname="testcases.Counting"/>
  <testcase name="service" time="3.534" classname="testcases.Counting"/>
  <testcase name="service" time="3.688" classname="testcases.Counting"/>
  <testcase name="service" time="4.692" classname="testcases.Counting"/>
  <testcase name="service" time="4.477" classname="testcases.Counting"/>
  <testcase name="service" time="7.411" classname="testcases.Counting"/>
  <testcase name="service" time="7.625" classname="testcases.Counting"/>
  <testcase name="service" time="3.066" classname="testcases.Counting"/>
  <testcase name="service" time="0.001" classname="testcases.Counting"/>
  <testcase name="service" time="0.936" classname="testcases.Counting"/>
  <testcase name="service" time="3.404" classname="testcases.Counting"/>
  <testcase name="service" time="0.780" classname="testcases.Counting"/>
  <testcase name="service" time="2.213" classname="testcases.Counting"/>
  <testcase name="service" time="2.372" classname="testcases.Counting"/>
  <testcase name="service" time="2.140" classname="testcases.Counting"/>
  <testcase name="service" time="4.912" classname="testcases.Counting"/>
  <testcase name="service" time="3.355" classname="testcases.Counting"/>
  <testcase name="service" time="1.390" classname="testcases.Counting"/>
  <testcase name="service" time="0.002" classname="testcases.Counting"/>
  <testcase name="service" time="8.535" classname="testcases.Counting"/>
  <testcase name="service" time="0.003" classname="testcases.Counting"/>
  <testcase name="service" time="0.001" classname="testcases.Counting"/>
  <testcase name="service" time="5.188" classname="testcases.Counting"/>
  <testcase name="service" time="5.905" classname="testcases.Counting"/>
  <testcase name="service" time="0.000" classname="testcases.Counting"/>
  <testcase name="service" time="4.340" classname="testcases.Counting"/>
  <testcase name="service" time="0.000" classname="testcases.Counting"/>
  <testcase name="service" time="0.001" classname="testcases.Counting"/>
  <testcase name="service" time="0.528" classname="testcases.Counting"/>
  <testcase name="service" time="2.315" classname="testcases.Counting"/>
  <testcase name="service" time="1.726" classname="testcases.Counting"/>
  <testcase name="service" time="0.001" classname="testcases.Counting"/>
  <testcase name="service" time="0.000" classname="testcases.Counting"/>
  <testcase name="service" time="0.000" classname="testcases.Counting"/>
  <testcase name="service" time="4.575" classname="testcases.Counting"/>
  <testcase name="service" time="2.956" classname="testcases.Counting"/>
  <testcase name="service" time="4.279" classname="testcases.Counting"/>
  <testcase name="service" time="2.694" classname="testcases.Counting"/>
  <testcase name="service" time="5.577" classname="testcases.Counting"/>
  <testcase name="service" time="0.003" classname="testcases.Counting"/>
  <testcase name="service" time="0.006" classname="testcases.Counting"/>
  <testcase name="service" time="7.400" classname="testcases.Counting"/>
  <testcase name="service" time="0.134" classname="testcases.Counting"/>
  <testcase name="service" time="7.429" classname="testcases.Counting"/>
  <testcase name="service" time="3.275" classname="testcases.Counting"/>
  <testcase name="service" time="4.846" classname="testcases.Counting"/>
  <testcase name="service" time="6.264" classname="testcases.Counting"/>
  <testcase name="service" time="1.113" classname="testcases.Counting"/>
  <testcase name="service" time="8.439" classname="testcases.Counting"/>
  <testcase name="service" time="2.594" classname="testcases.Counting"/>
  <testcase name="service" time="3.797" classname="testcases.Counting"/>
  <testcase name="service" time="5.183" classname="testcases.Counting"/>
  <testcase name="service" time="0.000" classname="testcases.Counting"/>
  <testcase name="service" time="0.001" classname="testcases.Counting"/>
  <testcase name="service" time="0.666" classname="testcases.Counting"/>
  <testcase name="service" time="0.001" classname="testcases.Counting"/>
  <testcase name="service" time="0.000" classname="testcases.Counting"/>
  <testcase name="service" time="5.370" classname="testcases.Counting"/>
  <testcase name="service" time="0.001" classname="testcases.Counting"/>
  <testcase name="service" time="0.002" classname="testcases.Counting"/>
  <testcase name="service" time="0.473" classname="testcases.Counting"/>
  <testcase name="service" time="2.886" classname="testcases.Counting"/>
  <testcase name="service" time="8.335" classname="testcases.Counting"/>
  <testcase name="service" time="5.391" classname="testcases.Counting"/>
  <testcase name="service" time="0.000" classname="testcases.Counting"/>
  <testcase name="service" time="7.448" classname="testcases.Counting"/>
  <testcase name="service" time="0.000" classname="testcases.Counting"/>
  <testcase name="service" time="1.584" classname="testcases.Counting"/>
  <testcase name="service" time="5.288" classname="testcases.Counting"/>
  <testcase name="service" time="7.730" classname="testcases.Counting"/>
  <testcase name="service" time="0.001" classname="testcases.Counting"/>
  <testcase name="service" time="0.000" classname="testcases.Counting"/>
  <testcase name="service" time="4.298" classname="testcases.Counting"/>
  <testcase name="service" time="4.335" classname="testcases.Counting"/>
  <testcase name="service" time="7.812" classname="testcases.Counting"/>
  <testcase name="service" time="4.508" classname="testcases.Counting"/>
  <testcase name="service" time="1.238" classname="testcases.Counting"/>
  <testcase name="service" time="0.000" classname="testcases.Counting"/>
  <testcase name="service" time="3.183" classname="testcases.Counting"/>
  <testcase name="service" time="0.157" classname="testcases.Counting"/>
  <testcase name="service" time="0.000" classname="testcases.Counting"/>
  <testcase name="service" time="4.361" classname="testcases.Counting"/>
  <testcase name="service" time="0.002" classname="testcases.Counting"/>
  <testcase name="service" time="2.079" classname="testcases.Counting"/>
  <testcase name="service" time="0.020" classname="testcases.Counting"/>
  <testcase name="service" time="0.001" classname="testcases.Counting"/>
  <testcase name="service" time="0.001" classname="testcases.Counting"/>
  <testcase name="service" time="4.321" classname="testcases.Counting"/>
  <testcase name="service" time="4.337" classname="testcases.Counting"/>
  <testcase name="service" time="0.001" classname="testcases.Counting"/>
  <testcase name="service" time="0.000" classname="testcases.Counting"/>
  <testcase name="service" time="4.481" classname="testcases.Counting"/>
  <testcase name="service" time="3.028" classname="testcases.Counting"/>
  <testcase name="service" time="2.488" classname="testcases.Counting"/>
  <testcase name="service" time="0.000" classname="testcases.Counting"/>
  <testcase name="service" time="0.001" classname="testcases.Counting"/>
  <testcase name="service" time="8.350" classname="testcases.Counting"/>
  <testcase name="service" time="0.000" classname="testcases.Counting"/>
  <testcase name="service" time="1.958" classname="testcases.Counting"/>
  <testcase name="service" time="8.524" classname="testcases.Counting"/>
  <testcase name="service" time="0.001" classname="testcases.Counting"/>
  <testcase name="service" time="2.768" classname="testcases.Counting"/>
  <testcase name="service" time="2.318" classname="testcases.Counting"/>
  <testcase name="service" time="0.007" classname="testcases.Counting"/>
  <testcase name="service" time="3.879" classname="testcases.Counting"/>
  <testcase name="service" time="1.358" classname="testcases.Counting"/>
  <testcase name="service" time="0.000" classname="testcases.Counting"/>
  <testcase name="service" time="4.558" classname="testcases.Counting"/>
  <testcase name="service" time="0.000" classname="testcases.Counting"/>
  <testcase name="service" time="6.178" classname="testcases.Counting"/>
  <testcase name="service" time="4.489" classname="testcases.Counting"/>
  <testcase name="service" time="0.001" classname="testcases.Counting"/>
  <testcase name="service" time="4.561" classname="testcases.Counting"/>
  <testcase name="service" time="2.125" classname="testcases.Counting"/>
  <testcase name="service" time="5.442" classname="testcases.Counting"/>
  <testcase name="service" time="5.252" classname="testcases.Counting"/>
  <testcase name="service" time="0.000" classname="testcases.Counting"/>
  <testcase name="service" time="0.001" classname="testcases.Counting"/>
  <testcase name="service" time="0.887" classname="testcases.Counting"/>
  <testcase name="service" time="4.467" classname="testcases.Counting"/>
  <testcase name="service" time="2.129" classname="testcases.Counting"/>
  <testcase name="service" time="0.006" classname="testcases.Counting"/>
  <testcase name="service" time="7.742" classname="testcases.Counting"/>
  <testcase name="service" time="8.335" classname="testcases.Counting"/>
  <testcase name="service" time="0.000" classname="testcases.Counting"/>
  <testcase name="service" time="0.001" classname="testcases.Counting"/>
  <testcase name="service" time="8.270" classname="testcases.Counting"/>
  <testcase name="service" time="3.120" classname="testcases.Counting"/>
  <testcase name="service" time="0.000" classname="testcases.Counting"/>
  <testcase name="service" time="0.000" classname="testcases.Counting"/>
  <testcase name="service" time="8.355" classname="testcases.Counting"/>
  <testcase name="service" time="0.000" classname="testcases.Counting"/>
  <testcase name="service" time="8.376" classname="testcases.Counting"/>
  <testcase name="service" time="1.720" classname="testcases.Counting"/>
  <testcase name="service" time="5.240" classname="testcases.Counting"/>
  <testcase name="service" time="7.503" classname="testcases.Counting"/>
  <testcase name="service" time="0.001" classname="testcases.Counting"/>
  <testcase name="service" time="3.387" classname="testcases.Counting"/>
  <testcase name="service" time="0.343" classname="testcases.Counting"/>
  <testcase name="service" time="0.067" classname="testcases.Counting"/>
  <testcase name="service" time="0.122" classname="testcases.Counting"/>
  <testcase name="service" time="0.001" classname="testcases.Counting"/>
  <testcase name="service" time="0.086" classname="testcases.Counting"/>
  <testcase name="service" time="4.132" classname="testcases.Counting"/>
  <testcase name="service" time="6.043" classname="testcases.Counting"/>
  <testcase name="service" time="3.662" classname="testcases.Counting"/>
  <testcase name="service" time="1.802" classname="testcases.Counting"/>
  <testcase name="service" time="2.124" classname="testcases.Counting"/>
  <testcase name="service" time="0.000" classname="testcases.Counting"/>
  <testcase name="service" time="1.092" classname="testcases.Counting"/>
  <testcase name="service" time="1.875" classname="testcases.Counting"/>
  <testcase name="service" time="2.095" classname="testcases.Counting"/>
  <testcase name="service" time="4.971" classname="testcases.Counting"/>
  <testcase name="service" time="0.000" classname="testcases.Counting"/>
  <testcase name="service" time="3.396" classname="testcases.Counting"/>
  <testcase name="service" time="2.298" classname="testcases.Counting"/>
  <testcase name="service" time="3.904" classname="testcases.Counting"/>
  <testcase name="service" time="2.119" classname="testcases.Counting"/>
  <testcase name="service" time="0.001" classname="testcases.Counting"/>
  <testcase name="service" time="4.510" classname="testcases.Counting"/>
  <testcase name="service" time="7.407" classname="testcases.Counting"/>
  <testcase name="service" time="0.001" classname="testcases.Counting"/>
  <testcase name="service" time="0.292" classname="testcases.Counting"/>
  <testcase name="service" time="0.001" classname="testcases.Counting"/>
  <testcase name="service" time="0.021" classname="testcases.Counting"/>
  <testcase name="service" time="0.006" classname="testcases.Counting"/>
  <testcase name="service" time="0.001" classname="testcases.Counting"/>
  <testcase name="service" time="8.031" classname="testcases.Counting"/>
  <testcase name="service" time="3.056" classname="testcases.Counting"/>
  <testcase name="service" time="0.000" classname="testcases.Counting"/>
  <testcase name="service" time="0.000" classname="testcases.Counting"/>
  <testcase name="service" time="5.284" classname="testcases.Counting"/>
  <testcase name="service" time="4.351" classname="testcases.Counting"/>
  <testcase name="service" time="5.532" classname="testcases.Counting"/>
  <testcase name="service" time="3.359" classname="testcases.Counting"/>
  <testcase name="service" time="0.000" classname="testcases.Counting"/>
  <testcase name="service" time="2.298" classname="testcases.Counting"/>
  <testcase name="service" time="0.001" classname="testcases.Counting"/>
  <testcase name="service" time="0.000" classname="testcases.Counting"/>
  <testcase name="service" time="0.001" classname="testcases.Counting"/>
  <testcase name="service" time="3.341" classname="testcases.Counting"/>
  <testcase name="service" time="0.000" classname="testcases.Counting"/>
  <testcase name="service" time="1.141" classname="testcases.Counting"/>
  <testcase name="service" time="2.059" classname="testcases.Counting"/>
  <testcase name="service" time="1.757" classname="testcases.Counting"/>
  <testcase name="service" time="1.359" classname="testcases.Counting"/>
  <testcase name="service" time="5.168" classname="testcases.Counting"/>
  <testcase name="service" time="0.001" classname="testcases.Counting"/>
  <testcase name="service" time="0.001" classname="testcases.Counting"/>
  <testcase name="service" time="0.001" classname="testcases.Counting"/>
  <testcase name="service" time="3.056" classname="testcases.Counting"/>
  <testcase name="service" time="0.000" classname="testcases.Counting"/>
  <testcase name="service" time="4.362" classname="testcases.Counting"/>
  <testcase name="service" time="0.000" classname="testcases.Counting"/>
  <testcase name="service" time="0.000" classname="testcases.Counting"/>
  <testcase name="service" time="1.072" classname="testcases.Counting"/>
  <testcase name="service" time="2.581" classname="testcases.Counting"/>
  <testcase name="service" time="2.299" classname="testcases.Counting"/>
  <testcase name="service" time="7.267" classname="testcases.Counting"/>
  <testcase name="service" time="3.042" classname="testcases.Counting"/>
  <testcase name="service" time="5.917" classname="testcases.Counting"/>
  <testcase name="service" time="0.000" classname="testcases.Counting"/>
  <testcase name="service" time="0.001" classname="testcases.Counting"/>
  <testcase name="service" time="0.564" classname="testcases.Counting"/>
  <testcase name="service" time="0.000" classname="testcases.Counting"/>
  <testcase name="service" time="1.673" classname="testcases.Counting"/>
  <testcase name="service" time="0.001" classname="testcases.Counting"/>
  <testcase name="service" time="7.410" classname="testcases.Counting"/>
  <testcase name="service" time="2.251" classname="testcases.Counting"/>
  <testcase name="service" time="0.007" classname="testcases.Counting"/>
  <testcase name="service" time="4.507" classname="testcases.Counting"/>
  <testcase name="service" time="0.001" classname="testcases.Counting"/>
  <testcase name="service" time="8.492" classname="testcases.Counting"/>
  <testcase name="service" time="0.001" classname="testcases.Counting"/>
  <testcase name="service" time="7.813" classname="testcases.Counting"/>
  <testcase name="service" time="0.351" classname="testcases.Counting"/>
  <testcase name="service" time="2.250" classname="testcases.Counting"/>
  <testcase name="service" time="0.000" classname="testcases.Counting"/>
  <testcase name="service" time="6.263" classname="testcases.Counting"/>
  <testcase name="service" time="8.541" classname="testcases.Counting"/>
  <testcase name="service" time="0.000" classname="testcases.Counting"/>
  <testcase name="service" time="8.519" classname="testcases.Counting"/>
  <testcase name="service" time="1.231" classname="testcases.Counting"/>
  <testcase name="service" time="0.001" classname="testcases.Counting"/>
  <testcase name="service" time="0.006" classname="testcases.Counting"/>
  <testcase name="service" time="1.960" classname="testcases.Counting"/>
  <testcase name="service" time="5.414" classname="testcases.Counting"/>
  <testcase name="service" time="4.142" classname="testcases.Counting"/>
  <testcase name="service" time="0.000" classname="testcases.Counting"/>
  <testcase name="service" time="1.868" classname="testcases.Counting"/>
  <testcase name="service" time="3.773" classname="testcases.Counting"/>
  <testcase name="service" time="2.286" classname="testcases.Counting"/>
  <testcase name="service" time="2.075" classname="testcases.Counting"/>
  <testcase name="service" time="0.000" classname="testcases.Counting"/>
  <testcase name="service" time="0.000" classname="testcases.Counting"/>
  <testcase name="service" time="0.001" classname="testcases.Counting"/>
  <testcase name="service" time="0.008" classname="testcases.Counting"/>
  <testcase name="service" time="0.004" classname="testcases.Counting"/>
  <testcase name="service" time="5.337" classname="testcases.Counting"/>
  <testcase name="service" time="1.794" classname="testcases.Counting"/>
  <testcase name="service" time="2.253" classname="testcases.Counting"/>
  <testcase name="service" time="4.539" classname="testcases.Counting"/>
  <testcase name="service" time="0.004" classname="testcases.Counting"/>
  <testcase name="service" time="0.000" classname="testcases.Counting"/>
  <testcase name="service" time="0.000" classname="testcases.Counting"/>
  <testcase name="service" time="3.263" classname="testcases.Counting"/>
  <testcase name="service" time="3.951" classname="testcases.Counting"/>
  <testcase name="service" time="0.001" classname="testcases.Counting"/>
  <testcase name="service" time="0.001" classname="testcases.Counting"/>
  <testcase name="service" time="3.178" classname="testcases.Counting"/>
  <testcase name="service" time="3.072" classname="testcases.Counting"/>
  <testcase name="service" time="1.124" classname="testcases.Counting"/>
  <testcase name="service" time="0.002" classname="testcases.Counting"/>
  <testcase name="service" time="2.211" classname="testcases.Counting"/>
  <testcase name="service" time="4.858" classname="testcases.Counting"/>
  <testcase name="service" time="3.952" classname="testcases.Counting"/>
  <testcase name="service" time="0.000" classname="testcases.Counting"/>
  <testcase name="service" time="3.269" classname="testcases.Counting"/>
  <testcase name="service" time="0.001" classname="testcases.Counting"/>
  <testcase name="service" time="7.439" classname="testcases.Counting"/>
  <testcase name="service" time="7.278" classname="testcases.Counting"/>
  <testcase name="service" time="1.867" classname="testcases.Counting"/>
  <testcase name="service" time="5.429" classname="testcases.Counting"/>
  <testcase name="service" time="0.002" classname="testcases.Counting"/>
  <testcase name="service" time="0.000" classname="testcases.Counting"/>
  <testcase name="service" time="0.000" classname="testcases.Counting"/>
  <testcase name="service" time="4.517" classname="testcases.Counting"/>
  <testcase name="service" time="3.192" classname="testcases.Counting"/>
  <testcase name="service" time="4.530" classname="testcases.Counting"/>
  <testcase name="service" time="5.451" classname="testcases.Counting"/>
  <testcase name="service" time="3.852" classname="testcases.Counting"/>
  <testcase name="service" time="3.098" classname="testcases.Counting"/>
  <testcase name="service" time="1.164" classname="testcases.Counting"/>
  <testcase name="service" time="0.000" classname="testcases.Counting"/>
  <testcase name="service" time="1.769" classname="testcases.Counting"/>
  <testcase name="service" time="0.001" classname="testcases.Counting"/>
  <testcase name="service" time="2.109" classname="testcases.Counting"/>
  <testcase name="service" time="4.762" classname="testcases.Counting"/>
  <testcase name="service" time="4.477" classname="testcases.Counting"/>
  <testcase name="service" time="3.171" classname="testcases.Counting"/>
  <testcase name="service" time="0.001" classname="testcases.Counting"/>
  <testcase name="service" time="0.000" classname="testcases.Counting"/>
  <testcase name="service" time="1.405" classname="testcases.Counting"/>
  <testcase name="service" time="0.000" classname="testcases.Counting"/>
  <testcase name="service" time="0.000" classname="testcases.Counting"/>
  <testcase name="service" time="0.000" classname="testcases.Counting"/>
  <testcase name="service" time="0.002" classname="testcases.Counting"/>
  <testcase name="service" time="0.012" classname="testcases.Counting"/>
  <testcase name="service" time="0.001" classname="testcases.Counting"/>
  <testcase name="service" time="3.950" classname="testcases.Counting"/>
  <testcase name="service" time="4.683" classname="testcases.Counting"/>
  <testcase name="service" time="7.368" classname="testcases.Counting"/>
  <testcase name="service" time="5.342" classname="testcases.Counting"/>
  <testcase name="service" time="8.612" classname="testcases.Counting"/>
  <testcase name="service" time="0.000" classname="testcases.Counting"/>
  <testcase name="service" time="1.520" classname="testcases.Counting"/>
  <testcase name="service" time="4.076" classname="testcases.Counting"/>
  <testcase name="service" time="3.304" classname="testcases.Counting"/>
  <testcase name="service" time="0.001" classname="testcases.Counting"/>
  <testcase name="service" time="8.331" classname="testcases.Counting"/>
  <testcase name="service" time="1.279" classname="testcases.Counting"/>
  <testcase name="service" time="6.168" classname="testcases.Counting"/>
  <testcase name="service" time="0.000" classname="testcases.Counting"/>
  <testcase name="service" time="0.457" classname="testcases.Counting"/>
  <testcase name="service" time="0.000" classname="testcases.Counting"/>
  <testcase name="service" time="0.000" classname="testcases.Counting"/>
  <testcase name="service" time="0.001" classname="testcases.Counting"/>
  <testcase name="service" time="0.000" classname="testcases.Counting"/>
  <testcase name="service" time="2.257" classname="testcases.Counting"/>
  <testcase name="service" time="1.360" classname="testcases.Counting"/>
  <testcase name="service" time="4.965" classname="testcases.Counting"/>
  <testcase name="service" time="3.828" classname="testcases.Counting"/>
  <testcase name="service" time="0.005" classname="testcases.Counting"/>
  <testcase name="service" time="4.531" classname="testcases.Counting"/>
  <testcase name="service" time="4.522" classname="testcases.Counting"/>
  <testcase name="service" time="8.284" classname="testcases.Counting"/>
  <testcase name="service" time="7.317" classname="testcases.Counting"/>
  <testcase name="service" time="0.000" classname="testcases.Counting"/>
  <testcase name="service" time="5.432" classname="testcases.Counting"/>
  <testcase name="service" time="3.923" classname="testcases.Counting"/>
  <testcase name="service" time="0.000" classname="testcases.Counting"/>
  <testcase name="service" time="0.000" classname="testcases.Counting"/>
  <testcase name="service" time="0.000" classname="testcases.Counting"/>
  <testcase name="service" time="1.405" classname="testcases.Counting"/>
  <testcase name="service" time="0.000" classname="testcases.Counting"/>
  <testcase name="service" time="0.000" classname="testcases.Counting"/>
  <testcase name="service" time="0.001" classname="testcases.Counting"/>
  <testcase name="service" time="3.286" classname="testcases.Counting"/>
  <testcase name="service" time="4.082" classname="testcases.Counting"/>
  <testcase name="service" time="8.219" classname="testcases.Counting"/>
  <testcase name="service" time="4.555" classname="testcases.Counting"/>
  <testcase name="service" time="2.958" classname="testcases.Counting"/>
  <testcase name="service" time="2.383" classname="testcases.Counting"/>
  <testcase name="service" time="0.000" classname="testcases.Counting"/>
  <testcase name="service" time="3.677" classname="testcases.Counting"/>
  <testcase name="service" time="8.082" classname="testcases.Counting"/>
  <testcase name="service" time="3.760" classname="testcases.Counting"/>
  <testcase name="service" time="0.000" classname="testcases.Counting"/>
  <testcase name="service" time="0.000" classname="testcases.Counting"/>
  <testcase name="service" time="3.922" classname="testcases.Counting"/>
  <testcase name="service" time="8.288" classname="testcases.Counting"/>
  <testcase name="service" time="7.374" classname="testcases.Counting"/>
  <testcase name="service" time="0.298" classname="testcases.Counting"/>
  <testcase name="service" time="0.000" classname="testcases.Counting"/>
  <testcase name="service" time="2.365" classname="testcases.Counting"/>
  <testcase name="service" time="0.001" classname="testcases.Counting"/>
  <testcase name="service" time="2.602" classname="testcases.Counting"/>
  <testcase name="service" time="2.502" classname="testcases.Counting"/>
  <testcase name="service" time="7.441" classname="testcases.Counting"/>
  <testcase name="service" time="0.001" classname="testcases.Counting"/>
  <testcase name="service" time="0.001" classname="testcases.Counting"/>
  <testcase name="service" time="0.000" classname="testcases.Counting"/>
  <testcase name="service" time="3.950" classname="testcases.Counting"/>
  <testcase name="service" time="1.889" classname="testcases.Counting"/>
  <testcase name="service" time="0.001" classname="testcases.Counting"/>
  <testcase name="service" time="2.478" classname="testcases.Counting"/>
  <testcase name="service" time="7.410" classname="testcases.Counting"/>
  <testcase name="service" time="0.000" classname="testcases.Counting"/>
  <testcase name="service" time="2.055" classname="testcases.Counting"/>
  <testcase name="service" time="2.510" classname="testcases.Counting"/>
  <testcase name="service" time="2.290" classname="testcases.Counting"/>
  <testcase name="service" time="0.002" classname="testcases.Counting"/>
  <testcase name="service" time="0.000" classname="testcases.Counting"/>
  <testcase name="service" time="0.001" classname="testcases.Counting"/>
  <testcase name="service" time="0.000" classname="testcases.Counting"/>
  <testcase name="service" time="0.000" classname="testcases.Counting"/>
  <testcase name="service" time="1.885" classname="testcases.Counting"/>
  <testcase name="service" time="4.094" classname="testcases.Counting"/>
  <testcase name="service" time="0.007" classname="testcases.Counting"/>
  <testcase name="service" time="0.845" classname="testcases.Counting"/>
  <testcase name="service" time="4.735" classname="testcases.Counting"/>
  <testcase name="service" time="7.369" classname="testcases.Counting"/>
  <testcase name="service" time="8.129" classname="testcases.Counting"/>
  <testcase name="service" time="0.000" classname="testcases.Counting"/>
  <testcase name="service" time="0.000" classname="testcases.Counting"/>
  <testcase name="service" time="0.081" classname="testcases.Counting"/>
  <testcase name="service" time="5.428" classname="testcases.Counting"/>
  <testcase name="service" time="3.388" classname="testcases.Counting"/>
  <testcase name="service" time="2.055" classname="testcases.Counting"/>
  <testcase name="service" time="0.000" classname="testcases.Counting"/>
  <testcase name="service" time="2.870" classname="testcases.Counting"/>
  <testcase name="service" time="0.051" classname="testcases.Counting"/>
  <testcase name="service" time="0.005" classname="testcases.Counting"/>
  <testcase name="service" time="0.204" classname="testcases.Counting"/>
  <testcase name="service" time="2.774" classname="testcases.Counting"/>
  <testcase name="service" time="0.001" classname="testcases.Counting"/>
  <testcase name="service" time="3.926" classname="testcases.Counting"/>
  <testcase name="service" time="0.000" classname="testcases.Counting"/>
  <testcase name="service" time="0.000" classname="testcases.Counting"/>
  <testcase name="service" time="0.001" classname="testcases.Counting"/>
  <testcase name="service" time="3.751" classname="testcases.Counting"/>
  <testcase name="service" time="0.000" classname="testcases.Counting"/>
  <testcase name="service" time="3.923" classname="testcases.Counting"/>
  <testcase name="service" time="2.714" classname="testcases.Counting"/>
  <testcase name="service" time="5.387" classname="testcases.Counting"/>
  <testcase name="service" time="2.421" classname="testcases.Counting"/>
  <testcase name="service" time="0.000" classname="testcases.Counting"/>
  <testcase name="service" time="5.327" classname="testcases.Counting"/>
  <testcase name="service" time="7.512" classname="testcases.Counting"/>
  <testcase name="service" time="0.296" classname="testcases.Counting"/>
  <testcase name="service" time="3.028" classname="testcases.Counting"/>
  <testcase name="service" time="3.030" classname="testcases.Counting"/>
  <testcase name="service" time="1.646" classname="testcases.Counting"/>
  <testcase name="service" time="4.393" classname="testcases.Counting"/>
  <testcase name="service" time="4.875" classname="testcases.Counting"/>
  <testcase name="service" time="8.356" classname="testcases.Counting"/>
  <testcase name="service" time="7.402" classname="testcases.Counting"/>
  <testcase name="service" time="0.000" classname="testcases.Counting"/>
  <testcase name="service" time="2.244" classname="testcases.Counting"/>
  <testcase name="service" time="4.545" classname="testcases.Counting"/>
  <testcase name="service" time="2.797" classname="testcases.Counting"/>
  <testcase name="service" time="4.445" classname="testcases.Counting"/>
  <testcase name="service" time="8.096" classname="testcases.Counting"/>
  <testcase name="service" time="1.260" classname="testcases.Counting"/>
  <testcase name="service" time="0.001" classname="testcases.Counting"/>
  <testcase name="service" time="1.270" classname="testcases.Counting"/>
  <testcase name="service" time="0.001" classname="testcases.Counting"/>
  <testcase name="service" time="3.942" classname="testcases.Counting"/>
  <testcase name="service" time="1.296" classname="testcases.Counting"/>
  <testcase name="service" time="0.000" classname="testcases.Counting"/>
  <testcase name="service" time="0.001" classname="testcases.Counting"/>
  <testcase name="service" time="3.061" classname="testcases.Counting"/>
  <testcase name="service" time="5.411" classname="testcases.Counting"/>
  <testcase name="service" time="1.398" classname="testcases.Counting"/>
  <testcase name="service" time="5.364" classname="testcases.Counting"/>
  <testcase name="service" time="8.204" classname="testcases.Counting"/>
  <testcase name="service" time="3.371" classname="testcases.Counting"/>
  <testcase name="service" time="6.217" classname="testcases.Counting"/>
  <testcase name="service" time="5.667" classname="testcases.Counting"/>
  <testcase name="service" time="5.977" classname="testcases.Counting"/>
  <testcase name="service" time="2.578" classname="testcases.Counting"/>
  <testcase name="service" time="2.323" classname="testcases.Counting"/>
  <testcase name="service" time="4.466" classname="testcases.Counting"/>
  <testcase name="service" time="4.811" classname="testcases.Counting"/>
  <testcase name="service" time="8.372" classname="testcases.Counting"/>
  <testcase name="service" time="2.267" classname="testcases.Counting"/>
  <testcase name="service" time="3.160" classname="testcases.Counting"/>
  <testcase name="service" time="0.001" classname="testcases.Counting"/>
  <testcase name="service" time="5.373" classname="testcases.Counting"/>
  <testcase name="service" time="0.002" classname="testcases.Counting"/>
  <testcase name="service" time="5.194" classname="testcases.Counting"/>
  <testcase name="service" time="5.819" classname="testcases.Counting"/>
  <testcase name="service" time="0.958" classname="testcases.Counting"/>
  <testcase name="service" time="3.624" classname="testcases.Counting"/>
  <testcase name="service" time="5.535" classname="testcases.Counting"/>
  <testcase name="service" time="0.783" classname="testcases.Counting"/>
  <testcase name="service" time="2.328" classname="testcases.Counting"/>
  <testcase name="service" time="4.192" classname="testcases.Counting"/>
  <testcase name="service" time="1.706" classname="testcases.Counting"/>
  <testcase name="service" time="5.496" classname="testcases.Counting"/>
  <testcase name="service" time="0.000" classname="testcases.Counting"/>
  <testcase name="service" time="2.383" classname="testcases.Counting"/>
  <testcase name="service" time="0.001" classname="testcases.Counting"/>
  <testcase name="service" time="0.001" classname="testcases.Counting"/>
  <testcase name="service" time="0.001" classname="testcases.Counting"/>
  <testcase name="service" time="5.810" classname="testcases.Counting"/>
  <testcase name="service" time="4.270" classname="testcases.Counting"/>
  <testcase name="service" time="0.000" classname="testcases.Counting"/>
  <testcase name="service" time="0.006" classname="testcases.Counting"/>
  <testcase name="service" time="0.000" classname="testcases.Counting"/>
  <testcase name="service" time="4.711" classname="testcases.Counting"/>
  <testcase name="service" time="0.001" classname="testcases.Counting"/>
  <testcase name="service" time="2.698" classname="testcases.Counting"/>
  <testcase name="service" time="0.000" classname="testcases.Counting"/>
  <testcase name="service" time="0.001" classname="testcases.Counting"/>
  <testcase name="service" time="3.052" classname="testcases.Counting"/>
  <testcase name="service" time="3.204" classname="testcases.Counting"/>
  <testcase name="service" time="3.056" classname="testcases.Counting"/>
  <testcase name="service" time="1.437" classname="testcases.Counting"/>
  <testcase name="service" time="3.938" classname="testcases.Counting"/>
  <testcase name="service" time="4.801" classname="testcases.Counting"/>
  <testcase name="service" time="0.000" classname="testcases.Counting"/>
  <testcase name="service" time="5.228" classname="testcases.Counting"/>
  <testcase name="service" time="4.183" classname="testcases.Counting"/>
  <testcase name="service" time="3.605" classname="testcases.Counting"/>
  <testcase name="service" time="8.065" classname="testcases.Counting"/>
  <testcase name="service" time="1.628" classname="testcases.Counting"/>
  <testcase name="service" time="0.002" classname="testcases.Counting"/>
  <testcase name="service" time="8.509" classname="testcases.Counting"/>
  <testcase name="service" time="4.008" classname="testcases.Counting"/>
  <testcase name="service" time="3.917" classname="testcases.Counting"/>
  <testcase name="service" time="0.001" classname="testcases.Counting"/>
  <testcase name="service" time="2.666" classname="testcases.Counting"/>
  <testcase name="service" time="0.000" classname="testcases.Counting"/>
  <testcase name="service" time="2.252" classname="testcases.Counting"/>
  <testcase name="service" time="0.000" classname="testcases.Counting"/>
  <testcase name="service" time="5.177" classname="testcases.Counting"/>
  <testcase name="service" time="0.002" classname="testcases.Counting"/>
  <testcase name="service" time="4.342" classname="testcases.Counting"/>
  <testcase name="service" time="2.736" classname="testcases.Counting"/>
  <testcase name="service" time="5.436" classname="testcases.Counting"/>
  <testcase name="service" time="0.000" classname="testcases.Counting"/>
  <testcase name="service" time="5.398" classname="testcases.Counting"/>
  <testcase name="service" time="0.003" classname="testcases.Counting"/>
  <testcase name="service" time="7.447" classname="testcases.Counting"/>
  <testcase name="service" time="2.740" classname="testcases.Counting"/>
  <testcase name="service" time="2.077" classname="testcases.Counting"/>
  <testcase name="service" time="7.803" classname="testcases.Counting"/>
  <testcase name="service" time="0.001" classname="testcases.Counting"/>
  <testcase name="service" time="4.513" classname="testcases.Counting"/>
  <testcase name="service" time="0.001" classname="testcases.Counting"/>
  <testcase name="service" time="0.002" classname="testcases.Counting"/>
  <testcase name="service" time="0.002" classname="testcases.Counting"/>
  <testcase name="service" time="7.445" classname="testcases.Counting"/>
  <testcase name="service" time="4.510" classname="testcases.Counting"/>
  <testcase name="service" time="2.947" classname="testcases.Counting"/>
  <testcase name="service" time="0.001" classname="testcases.Counting"/>
  <testcase name="service" time="3.199" classname="testcases.Counting"/>
  <testcase name="service" time="0.000" classname="testcases.Counting"/>
  <testcase name="service" time="0.551" classname="testcases.Counting"/>
  <testcase name="service" time="5.294" classname="testcases.Counting"/>
  <testcase name="service" time="2.054" classname="testcases.Counting"/>
  <testcase name="service" time="0.001" classname="testcases.Counting"/>
  <testcase name="service" time="1.326" classname="testcases.Counting"/>
  <testcase name="service" time="0.004" classname="testcases.Counting"/>
  <testcase name="service" time="8.584" classname="testcases.Counting"/>
  <testcase name="service" time="0.001" classname="testcases.Counting"/>
  <testcase name="service" time="0.001" classname="testcases.Counting"/>
  <testcase name="service" time="2.272" classname="testcases.Counting"/>
  <testcase name="service" time="2.317" classname="testcases.Counting"/>
  <testcase name="service" time="0.001" classname="testcases.Counting"/>
  <testcase name="service" time="0.001" classname="testcases.Counting"/>
  <testcase name="service" time="0.148" classname="testcases.Counting"/>
  <testcase name="service" time="4.565" classname="testcases.Counting"/>
  <testcase name="service" time="0.001" classname="testcases.Counting"/>
  <testcase name="service" time="1.044" classname="testcases.Counting"/>
  <testcase name="service" time="7.666" classname="testcases.Counting"/>
  <testcase name="service" time="0.109" classname="testcases.Counting"/>
  <testcase name="service" time="4.682" classname="testcases.Counting"/>
  <testcase name="service" time="0.001" classname="testcases.Counting"/>
  <testcase name="service" time="2.371" classname="testcases.Counting"/>
  <testcase name="service" time="0.000" classname="testcases.Counting"/>
  <testcase name="service" time="5.391" classname="testcases.Counting"/>
  <testcase name="service" time="7.318" classname="testcases.Counting"/>
  <testcase name="service" time="1.721" classname="testcases.Counting"/>
  <testcase name="service" time="6.129" classname="testcases.Counting"/>
  <testcase name="service" time="0.000" classname="testcases.Counting"/>
  <testcase name="service" time="0.001" classname="testcases.Counting"/>
  <testcase name="service" time="0.000" classname="testcases.Counting"/>
  <testcase name="service" time="0.001" classname="testcases.Counting"/>
  <testcase name="service" time="1.795" classname="testcases.Counting"/>
  <testcase name="service" time="5.186" classname="testcases.Counting"/>
  <testcase name="service" time="0.000" classname="testcases.Counting"/>
  <testcase name="service" time="0.001" classname="testcases.Counting"/>
  <testcase name="service" time="0.432" classname="testcases.Counting"/>
  <testcase name="service" time="2.071" classname="testcases.Counting"/>
  <testcase name="service" time="5.217" classname="testcases.Counting"/>
  <testcase name="service" time="3.318" classname="testcases.Counting"/>
  <testcase name="service" time="4.591" classname="testcases.Counting"/>
  <testcase name="service" time="0.000" classname="testcases.Counting"/>
  <testcase name="service" time="0.836" classname="testcases.Counting"/>
  <testcase name="service" time="4.358" classname="testcases.Counting"/>
  <testcase name="service" time="0.000" classname="testcases.Counting"/>
  <testcase name="service" time="2.252" classname="testcases.Counting"/>
  <testcase name="service" time="0.000" classname="testcases.Counting"/>
  <testcase name="service" time="3.315" classname="testcases.Counting"/>
  <testcase name="service" time="5.274" classname="testcases.Counting"/>
  <testcase name="service" time="0.813" classname="testcases.Counting"/>
  <testcase name="service" time="0.002" classname="testcases.Counting"/>
  <testcase name="service" time="3.106" classname="testcases.Counting"/>
  <testcase name="service" time="1.610" classname="testcases.Counting"/>
  <testcase name="service" time="7.420" classname="testcases.Counting"/>
  <testcase name="service" time="5.206" classname="testcases.Counting"/>
  <testcase name="service" time="0.001" classname="testcases.Counting"/>
  <testcase name="service" time="4.080" classname="testcases.Counting"/>
  <testcase name="service" time="0.000" classname="testcases.Counting"/>
  <testcase name="service" time="0.584" classname="testcases.Counting"/>
  <testcase name="service" time="2.264" classname="testcases.Counting"/>
  <testcase name="service" time="0.000" classname="testcases.Counting"/>
  <testcase name="service" time="0.000" classname="testcases.Counting"/>
  <testcase name="service" time="7.418" classname="testcases.Counting"/>
  <testcase name="service" time="0.001" classname="testcases.Counting"/>
  <testcase name="service" time="0.000" classname="testcases.Counting"/>
  <testcase name="service" time="2.250" classname="testcases.Counting"/>
  <testcase name="service" time="7.635" classname="testcases.Counting"/>
  <testcase name="service" time="7.279" classname="testcases.Counting"/>
  <testcase name="service" time="5.508" classname="testcases.Counting"/>
  <testcase name="service" time="0.000" classname="testcases.Counting"/>
  <testcase name="service" time="2.007" classname="testcases.Counting"/>
  <testcase name="service" time="0.000" classname="testcases.Counting"/>
  <testcase name="service" time="0.812" classname="testcases.Counting"/>
  <testcase name="service" time="0.005" classname="testcases.Counting"/>
  <testcase name="service" time="5.326" classname="testcases.Counting"/>
  <testcase name="service" time="2.229" classname="testcases.Counting"/>
  <testcase name="service" time="1.205" classname="testcases.Counting"/>
  <testcase name="service" time="7.213" classname="testcases.Counting"/>
  <testcase name="service" time="5.202" classname="testcases.Counting"/>
  <testcase name="service" time="4.618" classname="testcases.Counting"/>
  <testcase name="service" time="0.016" classname="testcases.Counting"/>
  <testcase name="service" time="0.001" classname="testcases.Counting"/>
  <testcase name="service" time="0.000" classname="testcases.Counting"/>
  <testcase name="service" time="0.006" classname="testcases.Counting"/>
  <testcase name="service" time="0.000" classname="testcases.Counting"/>
  <testcase name="service" time="2.039" classname="testcases.Counting"/>
  <testcase name="service" time="7.414" classname="testcases.Counting"/>
  <testcase name="service" time="0.582" classname="testcases.Counting"/>
  <testcase name="service" time="0.001" classname="testcases.Counting"/>
  <testcase name="service" time="4.203" classname="testcases.Counting"/>
  <testcase name="service" time="0.001" classname="testcases.Counting"/>
  <testcase name="service" time="5.441" classname="testcases.Counting"/>
  <testcase name="service" time="1.021" classname="testcases.Counting"/>
  <testcase name="service" time="0.000" classname="testcases.Counting"/>
  <testcase name="service" time="1.749" classname="testcases.Counting"/>
  <testcase name="service" time="0.000" classname="testcases.Counting"/>
  <testcase name="service" time="2.246" classname="testcases.Counting"/>
  <testcase name="service" time="0.002" classname="testcases.Counting"/>
  <testcase name="service" time="3.327" classname="testcases.Counting"/>
  <testcase name="service" time="0.001" classname="testcases.Counting"/>
  <testcase name="service" time="7.418" classname="testcases.Counting"/>
  <testcase name="service" time="2.737" classname="testcases.Counting"/>
  <testcase name="service" time="0.001" classname="testcases.Counting"/>
  <testcase name="service" time="7.597" classname="testcases.Counting"/>
  <testcase name="service" time="0.000" classname="testcases.Counting"/>
  <testcase name="service" time="3.229" classname="testcases.Counting"/>
  <testcase name="service" time="1.727" classname="testcases.Counting"/>
  <testcase name="service" time="3.263" classname="testcases.Counting"/>
  <testcase name="service" time="2.396" classname="testcases.Counting"/>
  <testcase name="service" time="4.950" classname="testcases.Counting"/>
  <testcase name="service" time="1.621" classname="testcases.Counting"/>
  <testcase name="service" time="8.535" classname="testcases.Counting"/>
  <testcase name="service" time="5.366" classname="testcases.Counting"/>
  <testcase name="service" time="0.000" classname="testcases.Counting"/>
  <testcase name="service" time="0.479" classname="testcases.Counting"/>
  <testcase name="service" time="1.192" classname="testcases.Counting"/>
  <testcase name="service" time="7.398" classname="testcases.Counting"/>
  <testcase name="service" time="0.000" classname="testcases.Counting"/>
  <testcase name="service" time="0.000" classname="testcases.Counting"/>
  <testcase name="service" time="4.967" classname="testcases.Counting"/>
  <testcase name="service" time="5.475" classname="testcases.Counting"/>
  <testcase name="service" time="0.002" classname="testcases.Counting"/>
  <testcase name="service" time="0.000" classname="testcases.Counting"/>
  <testcase name="service" time="3.585" classname="testcases.Counting"/>
  <testcase name="service" time="6.214" classname="testcases.Counting"/>
  <testcase name="service" time="0.005" classname="testcases.Counting"/>
  <testcase name="service" time="4.014" classname="testcases.Counting"/>
  <testcase name="service" time="0.000" classname="testcases.Counting"/>
  <testcase name="service" time="0.687" classname="testcases.Counting"/>
  <testcase name="service" time="0.000" classname="testcases.Counting"/>
  <testcase name="service" time="0.023" classname="testcases.Counting"/>
  <testcase name="service" time="3.374" classname="testcases.Counting"/>
  <testcase name="service" time="7.447" classname="testcases.Counting"/>
  <testcase name="service" time="0.002" classname="testcases.Counting"/>
  <testcase name="service" time="0.001" classname="testcases.Counting"/>
  <testcase name="service" time="7.422" classname="testcases.Counting"/>
  <testcase name="service" time="2.019" classname="testcases.Counting"/>
  <testcase name="service" time="5.483" classname="testcases.Counting"/>
  <testcase name="service" time="0.001" classname="testcases.Counting"/>
  <testcase name="service" time="0.000" classname="testcases.Counting"/>
  <testcase name="service" time="0.001" classname="testcases.Counting"/>
  <testcase name="service" time="5.466" classname="testcases.Counting"/>
  <testcase name="service" time="0.002" classname="testcases.Counting"/>
  <testcase name="service" time="7.408" classname="testcases.Counting"/>
  <testcase name="service" time="2.608" classname="testcases.Counting"/>
  <testcase name="service" time="2.700" classname="testcases.Counting"/>
  <testcase name="service" time="0.000" classname="testcases.Counting"/>
  <testcase name="service" time="0.464" classname="testcases.Counting"/>
  <testcase name="service" time="5.340" classname="testcases.Counting"/>
  <testcase name="service" time="8.378" classname="testcases.Counting"/>
  <testcase name="service" time="3.690" classname="testcases.Counting"/>
  <testcase name="service" time="0.000" classname="testcases.Counting"/>
  <testcase name="service" time="0.000" classname="testcases.Counting"/>
  <testcase name="service" time="0.000" classname="testcases.Counting"/>
  <testcase name="service" time="5.903" classname="testcases.Counting"/>
  <testcase name="service" time="1.405" classname="testcases.Counting"/>
  <testcase name="service" time="5.385" classname="testcases.Counting"/>
  <testcase name="service" time="4.317" classname="testcases.Counting"/>
  <testcase name="service" time="0.000" classname="testcases.Counting"/>
  <testcase name="service" time="0.008" classname="testcases.Counting"/>
  <testcase name="service" time="1.621" classname="testcases.Counting"/>
  <testcase name="service" time="3.118" classname="testcases.Counting"/>
  <testcase name="service" time="0.000" classname="testcases.Counting"/>
  <testcase name="service" time="0.001" classname="testcases.Counting"/>
  <testcase name="service" time="7.402" classname="testcases.Counting"/>
  <testcase name="service" time="4.388" classname="testcases.Counting"/>
  <testcase name="service" time="0.001" classname="testcases.Counting"/>
  <testcase name="service" time="0.001" classname="testcases.Counting"/>
  <testcase name="service" time="2.626" classname="testcases.Counting"/>
  <testcase name="service" time="8.330" classname="testcases.Counting"/>
  <testcase name="service" time="5.045" classname="testcases.Counting"/>
  <testcase name="service" time="2.076" classname="testcases.Counting"/>
  <testcase name="service" time="0.006" classname="testcases.Counting"/>
  <testcase name="service" time="0.002" classname="testcases.Counting"/>
  <testcase name="service" time="2.061" classname="testcases.Counting"/>
  <testcase name="service" time="0.000" classname="testcases.Counting"/>
  <testcase name="service" time="1.936" classname="testcases.Counting"/>
  <testcase name="service" time="1.061" classname="testcases.Counting"/>
  <testcase name="service" time="0.000" classname="testcases.Counting"/>
  <testcase name="service" time="0.001" classname="testcases.Counting"/>
  <testcase name="service" time="0.003" classname="testcases.Counting"/>
  <testcase name="service" time="5.337" classname="testcases.Counting"/>
  <testcase name="service" time="0.806" classname="testcases.Counting"/>
  <testcase name="service" time="7.305" classname="testcases.Counting"/>
  <testcase name="service" time="1.549" classname="testcases.Counting"/>
  <testcase name="service" time="7.358" classname="testcases.Counting"/>
  <testcase name="service" time="8.291" classname="testcases.Counting"/>
  <testcase name="service" time="0.829" classname="testcases.Counting"/>
  <testcase name="service" time="5.215" classname="testcases.Counting"/>
  <testcase name="service" time="0.134" classname="testcases.Counting"/>
  <testcase name="service" time="2.298" classname="testcases.Counting"/>
  <testcase name="service" time="4.060" classname="testcases.Counting"/>
  <testcase name="service" time="5.884" classname="testcases.Counting"/>
  <testcase name="service" time="5.527" classname="testcases.Counting"/>
  <testcase name="service" time="2.694" classname="testcases.Counting"/>
  <testcase name="service" time="7.444" classname="testcases.Counting"/>
  <testcase name="service" time="0.001" classname="testcases.Counting"/>
  <testcase name="service" time="2.385" classname="testcases.Counting"/>
  <testcase name="service" time="2.250" classname="testcases.Counting"/>
  <testcase name="service" time="2.039" classname="testcases.Counting"/>
  <testcase name="service" time="0.757" classname="testcases.Counting"/>
  <testcase name="service" time="5.668" classname="testcases.Counting"/>
  <testcase name="service" time="0.632" classname="testcases.Counting"/>
  <testcase name="service" time="0.000" classname="testcases.Counting"/>
  <testcase name="service" time="7.682" classname="testcases.Counting"/>
  <testcase name="service" time="0.001" classname="testcases.Counting"/>
  <testcase name="service" time="0.019" classname="testcases.Counting"/>
  <testcase name="service" time="4.604" classname="testcases.Counting"/>
  <testcase name="service" time="0.001" classname="testcases.Counting"/>
  <testcase name="service" time="6.203" classname="testcases.Counting"/>
  <testcase name="service" time="0.008" classname="testcases.Counting"/>
  <testcase name="service" time="0.000" classname="testcases.Counting"/>
  <testcase name="service" time="0.001" classname="testcases.Counting"/>
  <testcase name="service" time="5.178" classname="testcases.Counting"/>
  <testcase name="service" time="0.197" classname="testcases.Counting"/>
  <testcase name="service" time="2.061" classname="testcases.Counting"/>
  <testcase name="service" time="1.779" classname="testcases.Counting"/>
  <testcase name="service" time="0.502" classname="testcases.Counting"/>
  <testcase name="service" time="8.605" classname="testcases.Counting"/>
  <testcase name="service" time="5.550" classname="testcases.Counting"/>
  <testcase name="service" time="3.959" classname="testcases.Counting"/>
  <testcase name="service" time="4.527" classname="testcases.Counting"/>
  <testcase name="service" time="0.001" classname="testcases.Counting"/>
  <testcase name="service" time="3.916" classname="testcases.Counting"/>
  <testcase name="service" time="2.963" classname="testcases.Counting"/>
  <testcase name="service" time="0.291" classname="testcases.Counting"/>
  <testcase name="service" time="7.595" classname="testcases.Counting"/>
  <testcase name="service" time="2.850" classname="testcases.Counting"/>
  <testcase name="service" time="0.000" classname="testcases.Counting"/>
  <testcase name="service" time="4.878" classname="testcases.Counting"/>
  <testcase name="service" time="3.349" classname="testcases.Counting"/>
  <testcase name="service" time="0.001" classname="testcases.Counting"/>
  <testcase name="service" time="0.000" classname="testcases.Counting"/>
  <testcase name="service" time="7.507" classname="testcases.Counting"/>
  <testcase name="service" time="0.000" classname="testcases.Counting"/>
  <testcase name="service" time="0.001" classname="testcases.Counting"/>
  <testcase name="service" time="1.923" classname="testcases.Counting"/>
  <testcase name="service" time="8.527" classname="testcases.Counting"/>
  <testcase name="service" time="0.001" classname="testcases.Counting"/>
  <testcase name="service" time="3.565" classname="testcases.Counting"/>
  <testcase name="service" time="0.001" classname="testcases.Counting"/>
  <testcase name="service" time="2.397" classname="testcases.Counting"/>
  <testcase name="service" time="5.161" classname="testcases.Counting"/>
  <testcase name="service" time="3.108" classname="testcases.Counting"/>
  <testcase name="service" time="3.546" classname="testcases.Counting"/>
  <testcase name="service" time="7.373" classname="testcases.Counting"/>
  <testcase name="service" time="6.116" classname="testcases.Counting"/>
  <testcase name="service" time="1.411" classname="testcases.Counting"/>
  <testcase name="service" time="2.337" classname="testcases.Counting"/>
  <testcase name="service" time="5.167" classname="testcases.Counting"/>
  <testcase name="service" time="2.070" classname="testcases.Counting"/>
  <testcase name="service" time="0.000" classname="testcases.Counting"/>
  <testcase name="service" time="0.007" classname="testcases.Counting"/>
  <testcase name="service" time="5.288" classname="testcases.Counting"/>
  <testcase name="service" time="7.769" classname="testcases.Counting"/>
  <testcase name="service" time="0.001" classname="testcases.Counting"/>
  <testcase name="service" time="4.363" classname="testcases.Counting"/>
  <testcase name="service" time="5.207" classname="testcases.Counting"/>
  <testcase name="service" time="0.919" classname="testcases.Counting"/>
  <testcase name="service" time="0.000" classname="testcases.Counting"/>
  <testcase name="service" time="8.334" classname="testcases.Counting"/>
  <testcase name="service" time="0.001" classname="testcases.Counting"/>
  <testcase name="service" time="0.000" classname="testcases.Counting"/>
  <testcase name="service" time="3.338" classname="testcases.Counting"/>
  <testcase name="service" time="0.000" classname="testcases.Counting"/>
  <testcase name="service" time="8.120" classname="testcases.Counting"/>
  <testcase name="service" time="2.284" classname="testcases.Counting"/>
  <testcase name="service" time="8.134" classname="testcases.Counting"/>
  <testcase name="service" time="7.422" classname="testcases.Counting"/>
  <testcase name="service" time="7.385" classname="testcases.Counting"/>
  <testcase name="service" time="1.819" classname="testcases.Counting"/>
  <testcase name="service" time="5.231" classname="testcases.Counting"/>
  <testcase name="service" time="0.518" classname="testcases.Counting"/>
  <testcase name="service" time="6.918" classname="testcases.Counting"/>
  <testcase name="service" time="3.989" classname="testcases.Counting"/>
  <testcase name="service" time="2.247" classname="testcases.Counting"/>
  <testcase name="service" time="4.760" classname="testcases.Counting"/>
  <testcase name="service" time="0.001" classname="testcases.Counting"/>
  <testcase name="service" time="4.472" classname="testcases.Counting"/>
  <testcase name="service" time="1.770" classname="testcases.Counting"/>
  <testcase name="service" time="0.000" classname="testcases.Counting"/>
  <testcase name="service" time="2.759" classname="testcases.Counting"/>
  <testcase name="service" time="0.001" classname="testcases.Counting"/>
  <testcase name="service" time="0.590" classname="testcases.Counting"/>
  <testcase name="service" time="8.211" classname="testcases.Counting"/>
  <testcase name="service" time="1.989" classname="testcases.Counting"/>
  <testcase name="service" time="2.139" classname="testcases.Counting"/>
  <testcase name="service" time="2.199" classname="testcases.Counting"/>
  <testcase name="service" time="4.118" classname="testcases.Counting"/>
  <testcase name="service" time="7.254" classname="testcases.Counting"/>
  <testcase name="service" time="0.001" classname="testcases.Counting"/>
  <testcase name="service" time="4.286" classname="testcases.Counting"/>
  <testcase name="service" time="3.810" classname="testcases.Counting"/>
  <testcase name="service" time="7.304" classname="testcases.Counting"/>
  <testcase name="service" time="4.590" classname="testcases.Counting"/>
  <testcase name="service" time="8.216" classname="testcases.Counting"/>
  <testcase name="service" time="7.252" classname="testcases.Counting"/>
  <testcase name="service" time="5.313" classname="testcases.Counting"/>
  <testcase name="service" time="8.301" classname="testcases.Counting"/>
  <testcase name="service" time="8.360" classname="testcases.Counting"/>
  <testcase name="service" time="3.089" classname="testcases.Counting"/>
  <testcase name="service" time="4.597" classname="testcases.Counting"/>
  <testcase name="service" time="0.000" classname="testcases.Counting"/>
  <testcase name="service" time="0.001" classname="testcases.Counting"/>
  <testcase name="service" time="7.384" classname="testcases.Counting"/>
  <testcase name="service" time="0.000" classname="testcases.Counting"/>
  <testcase name="service" time="1.294" classname="testcases.Counting"/>
  <testcase name="service" time="5.965" classname="testcases.Counting"/>
  <testcase name="service" time="0.000" classname="testcases.Counting"/>
  <testcase name="service" time="3.919" classname="testcases.Counting"/>
  <testcase name="service" time="0.000" classname="testcases.Counting"/>
  <testcase name="service" time="0.000" classname="testcases.Counting"/>
  <testcase name="service" time="3.944" classname="testcases.Counting"/>
  <testcase name="service" time="7.633" classname="testcases.Counting"/>
  <testcase name="service" time="3.066" classname="testcases.Counting"/>
  <testcase name="service" time="0.000" classname="testcases.Counting"/>
  <testcase name="service" time="0.000" classname="testcases.Counting"/>
  <testcase name="service" time="0.000" classname="testcases.Counting"/>
  <testcase name="service" time="3.316" classname="testcases.Counting"/>
  <testcase name="service" time="7.235" classname="testcases.Counting"/>
  <testcase name="service" time="0.884" classname="testcases.Counting"/>
  <testcase name="service" time="3.072" classname="testcases.Counting"/>
  <testcase name="service" time="2.231" classname="testcases.Counting"/>
  <testcase name="service" time="5.886" classname="testcases.Counting"/>
  <testcase name="service" time="2.255" classname="testcases.Counting"/>
  <testcase name="service" time="5.213" classname="testcases.Counting"/>
  <testcase name="service" time="6.094" classname="testcases.Counting"/>
  <testcase name="service" time="8.241" classname="testcases.Counting"/>
  <testcase name="service" time="0.000" classname="testcases.Counting"/>
  <testcase name="service" time="5.209" classname="testcases.Counting"/>
  <testcase name="service" time="0.978" classname="testcases.Counting"/>
  <testcase name="service" time="7.670" classname="testcases.Counting"/>
  <testcase name="service" time="4.617" classname="testcases.Counting"/>
  <testcase name="service" time="3.343" classname="testcases.Counting"/>
  <testcase name="service" time="4.882" classname="testcases.Counting"/>
  <testcase name="service" time="5.176" classname="testcases.Counting"/>
  <testcase name="service" time="2.048" classname="testcases.Counting"/>
  <testcase name="service" time="0.000" classname="testcases.Counting"/>
  <testcase name="service" time="7.669" classname="testcases.Counting"/>
  <testcase name="service" time="4.337" classname="testcases.Counting"/>
  <testcase name="service" time="0.001" classname="testcases.Counting"/>
  <testcase name="service" time="6.337" classname="testcases.Counting"/>
  <testcase name="service" time="8.356" classname="testcases.Counting"/>
  <testcase name="service" time="0.001" classname="testcases.Counting"/>
  <testcase name="service" time="4.474" classname="testcases.Counting"/>
  <testcase name="service" time="7.639" classname="testcases.Counting"/>
  <testcase name="service" time="0.001" classname="testcases.Counting"/>
  <testcase name="service" time="5.563" classname="testcases.Counting"/>
  <testcase name="service" time="1.944" classname="testcases.Counting"/>
  <testcase name="service" time="0.000" classname="testcases.Counting"/>
  <testcase name="service" time="0.001" classname="testcases.Counting"/>
  <testcase name="service" time="0.001" classname="testcases.Counting"/>
  <testcase name="service" time="4.535" classname="testcases.Counting"/>
  <testcase name="service" time="0.000" classname="testcases.Counting"/>
  <testcase name="service" time="2.543" classname="testcases.Counting"/>
  <testcase name="service" time="1.285" classname="testcases.Counting"/>
  <testcase name="service" time="0.762" classname="testcases.Counting"/>
  <testcase name="service" time="4.067" classname="testcases.Counting"/>
  <testcase name="service" time="2.245" classname="testcases.Counting"/>
  <testcase name="service" time="0.002" classname="testcases.Counting"/>
  <testcase name="service" time="2.001" classname="testcases.Counting"/>
  <testcase name="service" time="5.288" classname="testcases.Counting"/>
  <testcase name="service" time="0.000" classname="testcases.Counting"/>
  <testcase name="service" time="2.917" classname="testcases.Counting"/>
  <testcase name="service" time="2.302" classname="testcases.Counting"/>
  <testcase name="service" time="0.000" classname="testcases.Counting"/>
  <testcase name="service" time="8.529" classname="testcases.Counting"/>
  <testcase name="service" time="4.545" classname="testcases.Counting"/>
  <testcase name="service" time="4.569" classname="testcases.Counting"/>
  <testcase name="service" time="4.333" classname="testcases.Counting"/>
  <testcase name="service" time="8.556" classname="testcases.Counting"/>
  <testcase name="service" time="1.620" classname="testcases.Counting"/>
  <testcase name="service" time="0.001" classname="testcases.Counting"/>
  <testcase name="service" time="0.000" classname="testcases.Counting"/>
  <testcase name="service" time="5.501" classname="testcases.Counting"/>
  <testcase name="service" time="0.000" classname="testcases.Counting"/>
  <testcase name="service" time="0.001" classname="testcases.Counting"/>
  <testcase name="service" time="3.357" classname="testcases.Counting"/>
  <testcase name="service" time="6.864" classname="testcases.Counting"/>
  <testcase name="service" time="1.126" classname="testcases.Counting"/>
  <testcase name="service" time="7.627" classname="testcases.Counting"/>
  <testcase name="service" time="0.001" classname="testcases.Counting"/>
  <testcase name="service" time="8.331" classname="testcases.Counting"/>
  <testcase name="service" time="0.002" classname="testcases.Counting"/>
  <testcase name="service" time="3.238" classname="testcases.Counting"/>
  <testcase name="service" time="0.000" classname="testcases.Counting"/>
  <testcase name="service" time="0.000" classname="testcases.Counting"/>
  <testcase name="service" time="0.000" classname="testcases.Counting"/>
  <testcase name="service" time="1.972" classname="testcases.Counting"/>
  <testcase name="service" time="0.001" classname="testcases.Counting"/>
  <testcase name="service" time="3.666" classname="testcases.Counting"/>
  <testcase name="service" time="2.726" classname="testcases.Counting"/>
  <testcase name="service" time="2.266" classname="testcases.Counting"/>
  <testcase name="service" time="0.001" classname="testcases.Counting"/>
  <testcase name="service" time="0.217" classname="testcases.Counting"/>
  <testcase name="service" time="8.248" classname="testcases.Counting"/>
  <testcase name="service" time="5.213" classname="testcases.Counting"/>
  <testcase name="service" time="4.416" classname="testcases.Counting"/>
  <testcase name="service" time="1.735" classname="testcases.Counting"/>
  <testcase name="service" time="4.106" classname="testcases.Counting"/>
  <testcase name="service" time="4.318" classname="testcases.Counting"/>
  <testcase name="service" time="0.000" classname="testcases.Counting"/>
  <testcase name="service" time="0.000" classname="testcases.Counting"/>
  <testcase name="service" time="8.055" classname="testcases.Counting"/>
  <testcase name="service" time="0.984" classname="testcases.Counting"/>
  <testcase name="service" time="0.001" classname="testcases.Counting"/>
  <testcase name="service" time="0.000" classname="testcases.Counting"/>
  <testcase name="service" time="0.013" classname="testcases.Counting"/>
  <testcase name="service" time="3.751" classname="testcases.Counting"/>
  <testcase name="service" time="8.371" classname="testcases.Counting"/>
  <testcase name="service" time="0.001" classname="testcases.Counting"/>
  <testcase name="service" time="0.001" classname="testcases.Counting"/>
  <testcase name="service" time="2.657" classname="testcases.Counting"/>
  <testcase name="service" time="0.000" classname="testcases.Counting"/>
  <testcase name="service" time="1.458" classname="testcases.Counting"/>
  <testcase name="service" time="0.000" classname="testcases.Counting"/>
  <testcase name="service" time="5.242" classname="testcases.Counting"/>
  <testcase name="service" time="0.002" classname="testcases.Counting"/>
  <testcase name="service" time="7.358" classname="testcases.Counting"/>
  <testcase name="service" time="0.000" classname="testcases.Counting"/>
  <testcase name="service" time="3.253" classname="testcases.Counting"/>
  <testcase name="service" time="0.000" classname="testcases.Counting"/>
  <testcase name="service" time="0.002" classname="testcases.Counting"/>
  <testcase name="service" time="0.013" classname="testcases.Counting"/>
  <testcase name="service" time="8.273" classname="testcases.Counting"/>
  <testcase name="service" time="0.000" classname="testcases.Counting"/>
  <testcase name="service" time="2.210" classname="testcases.Counting"/>
  <testcase name="service" time="2.381" classname="testcases.Counting"/>
  <testcase name="service" time="3.158" classname="testcases.Counting"/>
  <testcase name="service" time="2.934" classname="testcases.Counting"/>
  <testcase name="service" time="3.029" classname="testcases.Counting"/>
  <testcase name="service" time="0.001" classname="testcases.Counting"/>
  <testcase name="service" time="0.009" classname="testcases.Counting"/>
  <testcase name="service" time="5.509" classname="testcases.Counting"/>
  <testcase name="service" time="2.235" classname="testcases.Counting"/>
  <testcase name="service" time="0.002" classname="testcases.Counting"/>
  <testcase name="service" time="4.515" classname="testcases.Counting"/>
  <testcase name="service" time="0.000" classname="testcases.Counting"/>
  <testcase name="service" time="3.313" classname="testcases.Counting"/>
  <testcase name="service" time="3.169" classname="testcases.Counting"/>
  <testcase name="service" time="5.417" classname="testcases.Counting"/>
  <testcase name="service" time="7.318" classname="testcases.Counting"/>
  <testcase name="service" time="0.006" classname="testcases.Counting"/>
  <testcase name="service" time="0.001" classname="testcases.Counting"/>
  <testcase name="service" time="2.772" classname="testcases.Counting"/>
  <testcase name="service" time="0.001" classname="testcases.Counting"/>
  <testcase name="service" time="1.196" classname="testcases.Counting"/>
  <testcase name="service" time="8.580" classname="testcases.Counting"/>
  <testcase name="service" time="3.236" classname="testcases.Counting"/>
  <testcase name="service" time="6.264" classname="testcases.Counting"/>
  <testcase name="service" time="4.660" classname="testcases.Counting"/>
  <testcase name="service" time="3.275" classname="testcases.Counting"/>
  <testcase name="service" time="0.001" classname="testcases.Counting"/>
  <testcase name="service" time="0.007" classname="testcases.Counting"/>
  <testcase name="service" time="0.008" classname="testcases.Counting"/>
  <testcase name="service" time="3.349" classname="testcases.Counting"/>
  <testcase name="service" time="7.363" classname="testcases.Counting"/>
  <testcase name="service" time="0.000" classname="testcases.Counting"/>
  <testcase name="service" time="2.061" classname="testcases.Counting"/>
  <testcase name="service" time="0.000" classname="testcases.Counting"/>
  <testcase name="service" time="0.055" classname="testcases.Counting"/>
  <testcase name="service" time="4.615" classname="testcases.Counting"/>
  <testcase name="service" time="0.249" classname="testcases.Counting"/>
  <testcase name="service" time="8.347" classname="testcases.Counting"/>
  <testcase name="service" time="8.288" classname="testcases.Counting"/>
  <testcase name="service" time="2.584" classname="testcases.Counting"/>
  <testcase name="service" time="8.340" classname="testcases.Counting"/>
  <testcase name="service" time="0.014" classname="testcases.Counting"/>
  <testcase name="service" time="0.000" classname="testcases.Counting"/>
  <testcase name="service" time="5.469" classname="testcases.Counting"/>
  <testcase name="service" time="0.001" classname="testcases.Counting"/>
  <testcase name="service" time="0.001" classname="testcases.Counting"/>
  <testcase name="service" time="2.737" classname="testcases.Counting"/>
  <testcase name="service" time="5.320" classname="testcases.Counting"/>
  <testcase name="service" time="2.976" classname="testcases.Counting"/>
  <testcase name="service" time="0.001" classname="testcases.Counting"/>
  <testcase name="service" time="2.748" classname="testcases.Counting"/>
  <testcase name="service" time="2.625" classname="testcases.Counting"/>
  <testcase name="service" time="0.001" classname="testcases.Counting"/>
  <testcase name="service" time="8.352" classname="testcases.Counting"/>
  <testcase name="service" time="1.646" classname="testcases.Counting"/>
  <testcase name="service" time="0.002" classname="testcases.Counting"/>
  <testcase name="service" time="4.277" classname="testcases.Counting"/>
  <testcase name="service" time="4.060" classname="testcases.Counting"/>
  <testcase name="service" time="0.000" classname="testcases.Counting"/>
  <testcase name="service" time="7.595" classname="testcases.Counting"/>
  <testcase name="service" time="0.000" classname="testcases.Counting"/>
  <testcase name="service" time="0.001" classname="testcases.Counting"/>
  <testcase name="service" time="0.000" classname="testcases.Counting"/>
  <testcase name="service" time="8.357" classname="testcases.Counting"/>
  <testcase name="service" time="0.001" classname="testcases.Counting"/>
  <testcase name="service" time="8.330" classname="testcases.Counting"/>
  <testcase name="service" time="2.832" classname="testcases.Counting"/>
  <testcase name="service" time="5.369" classname="testcases.Counting"/>
  <testcase name="service" time="0.007" classname="testcases.Counting"/>
  <testcase name="service" time="4.455" classname="testcases.Counting"/>
  <testcase name="service" time="0.001" classname="testcases.Counting"/>
  <testcase name="service" time="0.000" classname="testcases.Counting"/>
  <testcase name="service" time="2.037" classname="testcases.Counting"/>
  <testcase name="service" time="8.290" classname="testcases.Counting"/>
  <testcase name="service" time="0.006" classname="testcases.Counting"/>
  <testcase name="service" time="4.732" classname="testcases.Counting"/>
  <testcase name="service" time="0.000" classname="testcases.Counting"/>
  <testcase name="service" time="0.757" classname="testcases.Counting"/>
  <testcase name="service" time="0.000" classname="testcases.Counting"/>
  <testcase name="service" time="0.569" classname="testcases.Counting"/>
  <testcase name="service" time="0.000" classname="testcases.Counting"/>
  <testcase name="service" time="3.923" classname="testcases.Counting"/>
  <testcase name="service" time="0.006" classname="testcases.Counting"/>
  <testcase name="service" time="0.000" classname="testcases.Counting"/>
  <testcase name="service" time="0.001" classname="testcases.Counting"/>
  <testcase name="service" time="5.477" classname="testcases.Counting"/>
  <testcase name="service" time="0.000" classname="testcases.Counting"/>
  <testcase name="service" time="3.252" classname="testcases.Counting"/>
  <testcase name="service" time="7.427" classname="testcases.Counting"/>
  <testcase name="service" time="0.000" classname="testcases.Counting"/>
  <testcase name="service" time="8.454" classname="testcases.Counting"/>
  <testcase name="service" time="0.001" classname="testcases.Counting"/>
  <testcase name="service" time="5.307" classname="testcases.Counting"/>
  <testcase name="service" time="4.058" classname="testcases.Counting"/>
  <testcase name="service" time="0.591" classname="testcases.Counting"/>
  <testcase name="service" time="5.420" classname="testcases.Counting"/>
  <testcase name="service" time="0.002" classname="testcases.Counting"/>
  <testcase name="service" time="4.913" classname="testcases.Counting"/>
  <testcase name="service" time="0.230" classname="testcases.Counting"/>
  <testcase name="service" time="5.355" classname="testcases.Counting"/>
  <testcase name="service" time="0.992" classname="testcases.Counting"/>
  <testcase name="service" time="8.351" classname="testcases.Counting"/>
  <testcase name="service" time="0.977" classname="testcases.Counting"/>
  <testcase name="service" time="4.262" classname="testcases.Counting"/>
  <testcase name="service" time="4.949" classname="testcases.Counting"/>
  <testcase name="service" time="0.000" classname="testcases.Counting"/>
  <testcase name="service" time="1.616" classname="testcases.Counting"/>
  <testcase name="service" time="1.727" classname="testcases.Counting"/>
  <testcase name="service" time="7.623" classname="testcases.Counting"/>
  <testcase name="service" time="0.481" classname="testcases.Counting"/>
  <testcase name="service" time="3.564" classname="testcases.Counting"/>
  <testcase name="service" time="4.714" classname="testcases.Counting"/>
  <testcase name="service" time="0.001" classname="testcases.Counting"/>
  <testcase name="service" time="0.000" classname="testcases.Counting"/>
  <testcase name="service" time="0.001" classname="testcases.Counting"/>
  <testcase name="service" time="2.553" classname="testcases.Counting"/>
  <testcase name="service" time="4.181" classname="testcases.Counting"/>
  <testcase name="service" time="4.359" classname="testcases.Counting"/>
  <testcase name="service" time="3.526" classname="testcases.Counting"/>
  <testcase name="service" time="0.530" classname="testcases.Counting"/>
  <testcase name="service" time="0.000" classname="testcases.Counting"/>
  <testcase name="service" time="2.725" classname="testcases.Counting"/>
  <testcase name="service" time="2.151" classname="testcases.Counting"/>
  <testcase name="service" time="4.281" classname="testcases.Counting"/>
  <testcase name="service" time="5.546" classname="testcases.Counting"/>
  <testcase name="service" time="0.000" classname="testcases.Counting"/>
  <testcase name="service" time="0.000" classname="testcases.Counting"/>
  <testcase name="service" time="4.541" classname="testcases.Counting"/>
  <testcase name="service" time="5.331" classname="testcases.Counting"/>
  <testcase name="service" time="4.358" classname="testcases.Counting"/>
  <testcase name="service" time="0.002" classname="testcases.Counting"/>
  <testcase name="service" time="1.912" classname="testcases.Counting"/>
  <testcase name="service" time="2.249" classname="testcases.Counting"/>
  <testcase name="service" time="0.001" classname="testcases.Counting"/>
  <testcase name="service" time="1.714" classname="testcases.Counting"/>
  <testcase name="service" time="2.054" classname="testcases.Counting"/>
  <testcase name="service" time="0.000" classname="testcases.Counting"/>
  <testcase name="service" time="0.001" classname="testcases.Counting"/>
  <testcase name="service" time="1.737" classname="testcases.Counting"/>
  <testcase name="service" time="0.000" classname="testcases.Counting"/>
  <testcase name="service" time="0.000" classname="testcases.Counting"/>
  <testcase name="service" time="6.273" classname="testcases.Counting"/>
  <testcase name="service" time="3.678" classname="testcases.Counting"/>
  <testcase name="service" time="7.621" classname="testcases.Counting"/>
  <testcase name="service" time="2.535" classname="testcases.Counting"/>
  <testcase name="service" time="5.468" classname="testcases.Counting"/>
  <testcase name="service" time="0.001" classname="testcases.Counting"/>
  <testcase name="service" time="7.811" classname="testcases.Counting"/>
  <testcase name="service" time="0.000" classname="testcases.Counting"/>
  <testcase name="service" time="2.211" classname="testcases.Counting"/>
  <testcase name="service" time="5.178" classname="testcases.Counting"/>
  <testcase name="service" time="0.000" classname="testcases.Counting"/>
  <testcase name="service" time="0.000" classname="testcases.Counting"/>
  <testcase name="service" time="5.199" classname="testcases.Counting"/>
  <testcase name="service" time="5.373" classname="testcases.Counting"/>
  <testcase name="service" time="0.000" classname="testcases.Counting"/>
  <testcase name="service" time="1.988" classname="testcases.Counting"/>
  <testcase name="service" time="8.128" classname="testcases.Counting"/>
  <testcase name="service" time="3.381" classname="testcases.Counting"/>
  <testcase name="service" time="3.576" classname="testcases.Counting"/>
  <testcase name="service" time="1.965" classname="testcases.Counting"/>
  <testcase name="service" time="1.012" classname="testcases.Counting"/>
  <testcase name="service" time="1.907" classname="testcases.Counting"/>
  <testcase name="service" time="0.000" classname="testcases.Counting"/>
  <testcase name="service" time="3.150" classname="testcases.Counting"/>
  <testcase name="service" time="0.000" classname="testcases.Counting"/>
  <testcase name="service" time="2.141" classname="testcases.Counting"/>
  <testcase name="service" time="0.000" classname="testcases.Counting"/>
  <testcase name="service" time="1.210" classname="testcases.Counting"/>
  <testcase name="service" time="5.419" classname="testcases.Counting"/>
  <testcase name="service" time="5.810" classname="testcases.Counting"/>
  <testcase name="service" time="0.000" classname="testcases.Counting"/>
  <testcase name="service" time="2.221" classname="testcases.Counting"/>
  <testcase name="service" time="0.002" classname="testcases.Counting"/>
  <testcase name="service" time="3.566" classname="testcases.Counting"/>
  <testcase name="service" time="0.001" classname="testcases.Counting"/>
  <testcase name="service" time="1.035" classname="testcases.Counting"/>
  <testcase name="service" time="8.189" classname="testcases.Counting"/>
  <testcase name="service" time="2.056" classname="testcases.Counting"/>
  <testcase name="service" time="0.004" classname="testcases.Counting"/>
  <testcase name="service" time="3.425" classname="testcases.Counting"/>
  <testcase name="service" time="0.521" classname="testcases.Counting"/>
  <testcase name="service" time="0.001" classname="testcases.Counting"/>
  <testcase name="service" time="5.221" classname="testcases.Counting"/>
  <testcase name="service" time="0.027" classname="testcases.Counting"/>
  <testcase name="service" time="1.866" classname="testcases.Counting"/>
  <testcase name="service" time="0.001" classname="testcases.Counting"/>
  <testcase name="service" time="2.173" classname="testcases.Counting"/>
  <testcase name="service" time="0.007" classname="testcases.Counting"/>
  <testcase name="service" time="8.337" classname="testcases.Counting"/>
  <testcase name="service" time="0.944" classname="testcases.Counting"/>
  <testcase name="service" time="6.013" classname="testcases.Counting"/>
  <testcase name="service" time="0.001" classname="testcases.Counting"/>
  <testcase name="service" time="3.917" classname="testcases.Counting"/>
  <testcase name="service" time="2.088" classname="testcases.Counting"/>
  <testcase name="service" time="7.337" classname="testcases.Counting"/>
  <testcase name="service" time="0.001" classname="testcases.Counting"/>
  <testcase name="service" time="0.000" classname="testcases.Counting"/>
  <testcase name="service" time="0.000" classname="testcases.Counting"/>
  <testcase name="service" time="7.315" classname="testcases.Counting"/>
  <testcase name="service" time="0.001" classname="testcases.Counting"/>
  <testcase name="service" time="6.097" classname="testcases.Counting"/>
  <testcase name="service" time="0.000" classname="testcases.Counting"/>
  <testcase name="service" time="5.012" classname="testcases.Counting"/>
  <testcase name="service" time="0.001" classname="testcases.Counting"/>
  <testcase name="service" time="0.000" classname="testcases.Counting"/>
  <testcase name="service" time="4.488" classname="testcases.Counting"/>
  <testcase name="service" time="4.354" classname="testcases.Counting"/>
  <testcase name="service" time="2.038" classname="testcases.Counting"/>
  <testcase name="service" time="0.000" classname="testcases.Counting"/>
  <testcase name="service" time="0.000" classname="testcases.Counting"/>
  <testcase name="service" time="0.001" classname="testcases.Counting"/>
  <testcase name="service" time="0.002" classname="testcases.Counting"/>
  <testcase name="service" time="0.000" classname="testcases.Counting"/>
  <testcase name="service" time="0.001" classname="testcases.Counting"/>
  <testcase name="service" time="0.008" classname="testcases.Counting"/>
  <testcase name="service" time="0.005" classname="testcases.Counting"/>
  <testcase name="service" time="4.465" classname="testcases.Counting"/>
  <testcase name="service" time="5.241" classname="testcases.Counting"/>
  <testcase name="service" time="3.330" classname="testcases.Counting"/>
  <testcase name="service" time="2.565" classname="testcases.Counting"/>
  <testcase name="service" time="2.162" classname="testcases.Counting"/>
  <testcase name="service" time="0.000" classname="testcases.Counting"/>
  <testcase name="service" time="0.001" classname="testcases.Counting"/>
  <testcase name="service" time="0.000" classname="testcases.Counting"/>
  <testcase name="service" time="5.582" classname="testcases.Counting"/>
  <testcase name="service" time="0.001" classname="testcases.Counting"/>
  <testcase name="service" time="0.000" classname="testcases.Counting"/>
  <testcase name="service" time="3.092" classname="testcases.Counting"/>
  <testcase name="service" time="8.355" classname="testcases.Counting"/>
  <testcase name="service" time="0.000" classname="testcases.Counting"/>
  <testcase name="service" time="0.001" classname="testcases.Counting"/>
  <testcase name="service" time="4.965" classname="testcases.Counting"/>
  <testcase name="service" time="7.518" classname="testcases.Counting"/>
  <testcase name="service" time="0.000" classname="testcases.Counting"/>
  <testcase name="service" time="0.001" classname="testcases.Counting"/>
  <testcase name="service" time="0.000" classname="testcases.Counting"/>
  <testcase name="service" time="0.345" classname="testcases.Counting"/>
  <testcase name="service" time="0.000" classname="testcases.Counting"/>
  <testcase name="service" time="4.811" classname="testcases.Counting"/>
  <testcase name="service" time="0.000" classname="testcases.Counting"/>
  <testcase name="service" time="0.000" classname="testcases.Counting"/>
  <testcase name="service" time="7.400" classname="testcases.Counting"/>
  <testcase name="service" time="2.596" classname="testcases.Counting"/>
  <testcase name="service" time="3.051" classname="testcases.Counting"/>
  <testcase name="service" time="5.044" classname="testcases.Counting"/>
  <testcase name="service" time="1.148" classname="testcases.Counting"/>
  <testcase name="service" time="7.621" classname="testcases.Counting"/>
  <testcase name="service" time="1.663" classname="testcases.Counting"/>
  <testcase name="service" time="0.002" classname="testcases.Counting"/>
  <testcase name="service" time="0.001" classname="testcases.Counting"/>
  <testcase name="service" time="3.374" classname="testcases.Counting"/>
  <testcase name="service" time="2.620" classname="testcases.Counting"/>
  <testcase name="service" time="5.430" classname="testcases.Counting"/>
  <testcase name="service" time="2.259" classname="testcases.Counting"/>
  <testcase name="service" time="2.708" classname="testcases.Counting"/>
  <testcase name="service" time="8.433" classname="testcases.Counting"/>
  <testcase name="service" time="0.001" classname="testcases.Counting"/>
  <testcase name="service" time="4.952" classname="testcases.Counting"/>
  <testcase name="service" time="0.054" classname="testcases.Counting"/>
  <testcase name="service" time="8.327" classname="testcases.Counting"/>
  <testcase name="service" time="6.319" classname="testcases.Counting"/>
  <testcase name="service" time="0.000" classname="testcases.Counting"/>
  <testcase name="service" time="0.000" classname="testcases.Counting"/>
  <testcase name="service" time="0.000" classname="testcases.Counting"/>
  <testcase name="service" time="0.603" classname="testcases.Counting"/>
  <testcase name="service" time="0.000" classname="testcases.Counting"/>
  <testcase name="service" time="0.000" classname="testcases.Counting"/>
  <testcase name="service" time="3.165" classname="testcases.Counting"/>
  <testcase name="service" time="7.621" classname="testcases.Counting"/>
  <testcase name="service" time="0.071" classname="testcases.Counting"/>
  <testcase name="service" time="0.000" classname="testcases.Counting"/>
  <testcase name="service" time="4.317" classname="testcases.Counting"/>
  <testcase name="service" time="5.905" classname="testcases.Counting"/>
  <testcase name="service" time="2.507" classname="testcases.Counting"/>
  <testcase name="service" time="3.732" classname="testcases.Counting"/>
  <testcase name="service" time="4.456" classname="testcases.Counting"/>
  <testcase name="service" time="0.001" classname="testcases.Counting"/>
  <testcase name="service" time="2.594" classname="testcases.Counting"/>
  <testcase name="service" time="0.000" classname="testcases.Counting"/>
  <testcase name="service" time="0.000" classname="testcases.Counting"/>
  <testcase name="service" time="0.997" classname="testcases.Counting"/>
  <testcase name="service" time="1.879" classname="testcases.Counting"/>
  <testcase name="service" time="2.810" classname="testcases.Counting"/>
  <testcase name="service" time="4.027" classname="testcases.Counting"/>
  <testcase name="service" time="0.998" classname="testcases.Counting"/>
  <testcase name="service" time="2.176" classname="testcases.Counting"/>
  <testcase name="service" time="2.175" classname="testcases.Counting"/>
  <testcase name="service" time="2.434" classname="testcases.Counting"/>
  <testcase name="service" time="0.000" classname="testcases.Counting"/>
  <testcase name="service" time="1.278" classname="testcases.Counting"/>
  <testcase name="service" time="2.354" classname="testcases.Counting"/>
  <testcase name="service" time="8.621" classname="testcases.Counting"/>
  <testcase name="service" time="4.070" classname="testcases.Counting"/>
  <testcase name="service" time="3.027" classname="testcases.Counting"/>
  <testcase name="service" time="0.000" classname="testcases.Counting"/>
  <testcase name="service" time="0.000" classname="testcases.Counting"/>
  <testcase name="service" time="3.118" classname="testcases.Counting"/>
  <testcase name="service" time="7.503" classname="testcases.Counting"/>
  <testcase name="service" time="7.420" classname="testcases.Counting"/>
  <testcase name="service" time="0.000" classname="testcases.Counting"/>
  <testcase name="service" time="1.585" classname="testcases.Counting"/>
  <testcase name="service" time="1.879" classname="testcases.Counting"/>
  <testcase name="service" time="7.757" classname="testcases.Counting"/>
  <testcase name="service" time="0.001" classname="testcases.Counting"/>
  <testcase name="service" time="5.719" classname="testcases.Counting"/>
  <testcase name="service" time="5.538" classname="testcases.Counting"/>
  <testcase name="service" time="0.007" classname="testcases.Counting"/>
  <testcase name="service" time="4.177" classname="testcases.Counting"/>
  <testcase name="service" time="4.058" classname="testcases.Counting"/>
  <testcase name="service" time="1.954" classname="testcases.Counting"/>
  <testcase name="service" time="5.424" classname="testcases.Counting"/>
  <testcase name="service" time="4.577" classname="testcases.Counting"/>
  <testcase name="service" time="2.372" classname="testcases.Counting"/>
  <testcase name="service" time="8.423" classname="testcases.Counting"/>
  <testcase name="service" time="0.509" classname="testcases.Counting"/>
  <testcase name="service" time="2.694" classname="testcases.Counting"/>
  <testcase name="service" time="0.008" classname="testcases.Counting"/>
  <testcase name="service" time="0.001" classname="testcases.Counting"/>
  <testcase name="service" time="5.272" classname="testcases.Counting"/>
  <testcase name="service" time="4.318" classname="testcases.Counting"/>
  <testcase name="service" time="0.002" classname="testcases.Counting"/>
  <testcase name="service" time="2.031" classname="testcases.Counting"/>
  <testcase name="service" time="0.792" classname="testcases.Counting"/>
  <testcase name="service" time="7.596" classname="testcases.Counting"/>
  <testcase name="service" time="1.746" classname="testcases.Counting"/>
  <testcase name="service" time="1.726" classname="testcases.Counting"/>
  <testcase name="service" time="0.000" classname="testcases.Counting"/>
  <testcase name="service" time="0.274" classname="testcases.Counting"/>
  <testcase name="service" time="2.314" classname="testcases.Counting"/>
  <testcase name="service" time="2.781" classname="testcases.Counting"/>
  <testcase name="service" time="0.000" classname="testcases.Counting"/>
  <testcase name="service" time="0.018" classname="testcases.Counting"/>
  <testcase name="service" time="2.047" classname="testcases.Counting"/>
  <testcase name="service" time="3.924" classname="testcases.Counting"/>
  <testcase name="service" time="0.000" classname="testcases.Counting"/>
  <testcase name="service" time="0.000" classname="testcases.Counting"/>
  <testcase name="service" time="0.000" classname="testcases.Counting"/>
  <testcase name="service" time="3.316" classname="testcases.Counting"/>
  <testcase name="service" time="5.692" classname="testcases.Counting"/>
  <testcase name="service" time="0.000" classname="testcases.Counting"/>
  <testcase name="service" time="8.205" classname="testcases.Counting"/>
  <testcase name="service" time="0.253" classname="testcases.Counting"/>
  <testcase name="service" time="0.002" classname="testcases.Counting"/>
  <testcase name="service" time="3.747" classname="testcases.Counting"/>
  <testcase name="service" time="0.000" classname="testcases.Counting"/>
  <testcase name="service" time="5.917" classname="testcases.Counting"/>
  <testcase name="service" time="0.001" classname="testcases.Counting"/>
  <testcase name="service" time="0.498" classname="testcases.Counting"/>
  <testcase name="service" time="0.002" classname="testcases.Counting"/>
  <testcase name="service" time="5.364" classname="testcases.Counting"/>
  <testcase name="service" time="5.045" classname="testcases.Counting"/>
  <testcase name="service" time="3.921" classname="testcases.Counting"/>
  <testcase name="service" time="2.308" classname="testcases.Counting"/>
  <testcase name="service" time="0.000" classname="testcases.Counting"/>
  <testcase name="service" time="1.211" classname="testcases.Counting"/>
  <testcase name="service" time="3.927" classname="testcases.Counting"/>
  <testcase name="service" time="7.630" classname="testcases.Counting"/>
  <testcase name="service" time="4.561" classname="testcases.Counting"/>
  <testcase name="service" time="4.613" classname="testcases.Counting"/>
  <testcase name="service" time="4.829" classname="testcases.Counting"/>
  <testcase name="service" time="0.000" classname="testcases.Counting"/>
  <testcase name="service" time="0.004" classname="testcases.Counting"/>
  <testcase name="service" time="0.000" classname="testcases.Counting"/>
  <testcase name="service" time="3.925" classname="testcases.Counting"/>
  <testcase name="service" time="0.000" classname="testcases.Counting"/>
  <testcase name="service" time="4.613" classname="testcases.Counting"/>
  <testcase name="service" time="4.509" classname="testcases.Counting"/>
  <testcase name="service" time="7.373" classname="testcases.Counting"/>
  <testcase name="service" time="0.000" classname="testcases.Counting"/>
  <testcase name="service" time="8.302" classname="testcases.Counting"/>
  <testcase name="service" time="2.748" classname="testcases.Counting"/>
  <testcase name="service" time="5.334" classname="testcases.Counting"/>
  <testcase name="service" time="5.892" classname="testcases.Counting"/>
  <testcase name="service" time="0.000" classname="testcases.Counting"/>
  <testcase name="service" time="0.000" classname="testcases.Counting"/>
  <testcase name="service" time="0.000" classname="testcases.Counting"/>
  <testcase name="service" time="1.208" classname="testcases.Counting"/>
  <testcase name="service" time="8.168" classname="testcases.Counting"/>
  <testcase name="service" time="0.000" classname="testcases.Counting"/>
  <testcase name="service" time="1.124" classname="testcases.Counting"/>
  <testcase name="service" time="0.000" classname="testcases.Counting"/>
  <testcase name="service" time="5.379" classname="testcases.Counting"/>
  <testcase name="service" time="2.715" classname="testcases.Counting"/>
  <testcase name="service" time="6.014" classname="testcases.Counting"/>
  <testcase name="service" time="3.026" classname="testcases.Counting"/>
  <testcase name="service" time="4.963" classname="testcases.Counting"/>
  <testcase name="service" time="0.000" classname="testcases.Counting"/>
  <testcase name="service" time="0.000" classname="testcases.Counting"/>
  <testcase name="service" time="0.122" classname="testcases.Counting"/>
  <testcase name="service" time="0.000" classname="testcases.Counting"/>
  <testcase name="service" time="1.739" classname="testcases.Counting"/>
  <testcase name="service" time="3.350" classname="testcases.Counting"/>
  <testcase name="service" time="6.128" classname="testcases.Counting"/>
  <testcase name="service" time="0.000" classname="testcases.Counting"/>
  <testcase name="service" time="0.000" classname="testcases.Counting"/>
  <testcase name="service" time="0.002" classname="testcases.Counting"/>
  <testcase name="service" time="0.031" classname="testcases.Counting"/>
  <testcase name="service" time="0.001" classname="testcases.Counting"/>
  <testcase name="service" time="0.005" classname="testcases.Counting"/>
  <testcase name="service" time="2.115" classname="testcases.Counting"/>
  <testcase name="service" time="0.000" classname="testcases.Counting"/>
  <testcase name="service" time="1.489" classname="testcases.Counting"/>
  <testcase name="service" time="0.000" classname="testcases.Counting"/>
  <testcase name="service" time="8.393" classname="testcases.Counting"/>
  <testcase name="service" time="1.634" classname="testcases.Counting"/>
  <testcase name="service" time="0.001" classname="testcases.Counting"/>
  <testcase name="service" time="0.001" classname="testcases.Counting"/>
  <testcase name="service" time="5.429" classname="testcases.Counting"/>
  <testcase name="service" time="3.921" classname="testcases.Counting"/>
  <testcase name="service" time="2.147" classname="testcases.Counting"/>
  <testcase name="service" time="0.000" classname="testcases.Counting"/>
  <testcase name="service" time="1.957" classname="testcases.Counting"/>
  <testcase name="service" time="0.000" classname="testcases.Counting"/>
  <testcase name="service" time="3.029" classname="testcases.Counting"/>
  <testcase name="service" time="4.522" classname="testcases.Counting"/>
  <testcase name="service" time="0.001" classname="testcases.Counting"/>
  <testcase name="service" time="0.000" classname="testcases.Counting"/>
  <testcase name="service" time="2.003" classname="testcases.Counting"/>
  <testcase name="service" time="2.070" classname="testcases.Counting"/>
  <testcase name="service" time="3.112" classname="testcases.Counting"/>
  <testcase name="service" time="8.346" classname="testcases.Counting"/>
  <testcase name="service" time="5.286" classname="testcases.Counting"/>
  <testcase name="service" time="5.310" classname="testcases.Counting"/>
  <testcase name="service" time="0.000" classname="testcases.Counting"/>
  <testcase name="service" time="8.377" classname="testcases.Counting"/>
  <testcase name="service" time="7.596" classname="testcases.Counting"/>
  <testcase name="service" time="1.129" classname="testcases.Counting"/>
  <testcase name="service" time="3.809" classname="testcases.Counting"/>
  <testcase name="service" time="0.000" classname="testcases.Counting"/>
  <testcase name="service" time="0.000" classname="testcases.Counting"/>
  <testcase name="service" time="2.077" classname="testcases.Counting"/>
  <testcase name="service" time="0.348" classname="testcases.Counting"/>
  <testcase name="service" time="2.391" classname="testcases.Counting"/>
  <testcase name="service" time="0.148" classname="testcases.Counting"/>
  <testcase name="service" time="0.002" classname="testcases.Counting"/>
  <testcase name="service" time="0.000" classname="testcases.Counting"/>
  <testcase name="service" time="7.288" classname="testcases.Counting"/>
  <testcase name="service" time="1.189" classname="testcases.Counting"/>
  <testcase name="service" time="0.000" classname="testcases.Counting"/>
  <testcase name="service" time="7.434" classname="testcases.Counting"/>
  <testcase name="service" time="0.000" classname="testcases.Counting"/>
  <testcase name="service" time="7.394" classname="testcases.Counting"/>
  <testcase name="service" time="5.904" classname="testcases.Counting"/>
  <testcase name="service" time="5.364" classname="testcases.Counting"/>
  <testcase name="service" time="0.001" classname="testcases.Counting"/>
  <testcase name="service" time="2.081" classname="testcases.Counting"/>
  <testcase name="service" time="7.337" classname="testcases.Counting"/>
  <testcase name="service" time="4.271" classname="testcases.Counting"/>
  <testcase name="service" time="4.566" classname="testcases.Counting"/>
  <testcase name="service" time="0.001" classname="testcases.Counting"/>
  <testcase name="service" time="5.178" classname="testcases.Counting"/>
  <testcase name="service" time="3.565" classname="testcases.Counting"/>
  <testcase name="service" time="0.000" classname="testcases.Counting"/>
  <testcase name="service" time="0.000" classname="testcases.Counting"/>
  <testcase name="service" time="0.005" classname="testcases.Counting"/>
  <testcase name="service" time="0.000" classname="testcases.Counting"/>
  <testcase name="service" time="1.910" classname="testcases.Counting"/>
  <testcase name="service" time="2.720" classname="testcases.Counting"/>
  <testcase name="service" time="0.001" classname="testcases.Counting"/>
  <testcase name="service" time="0.000" classname="testcases.Counting"/>
  <testcase name="service" time="0.001" classname="testcases.Counting"/>
  <testcase name="service" time="5.410" classname="testcases.Counting"/>
  <testcase name="service" time="0.248" classname="testcases.Counting"/>
  <testcase name="service" time="1.295" classname="testcases.Counting"/>
  <testcase name="service" time="0.000" classname="testcases.Counting"/>
  <testcase name="service" time="7.624" classname="testcases.Counting"/>
  <testcase name="service" time="0.536" classname="testcases.Counting"/>
  <testcase name="service" time="0.000" classname="testcases.Counting"/>
  <testcase name="service" time="0.000" classname="testcases.Counting"/>
  <testcase name="service" time="1.608" classname="testcases.Counting"/>
  <testcase name="service" time="2.210" classname="testcases.Counting"/>
  <testcase name="service" time="2.640" classname="testcases.Counting"/>
  <testcase name="service" time="0.001" classname="testcases.Counting"/>
  <testcase name="service" time="5.232" classname="testcases.Counting"/>
  <testcase name="service" time="4.599" classname="testcases.Counting"/>
  <testcase name="service" time="4.595" classname="testcases.Counting"/>
  <testcase name="service" time="8.547" classname="testcases.Counting"/>
  <testcase name="service" time="2.868" classname="testcases.Counting"/>
  <testcase name="service" time="3.588" classname="testcases.Counting"/>
  <testcase name="service" time="0.008" classname="testcases.Counting"/>
  <testcase name="service" time="0.000" classname="testcases.Counting"/>
  <testcase name="service" time="1.019" classname="testcases.Counting"/>
  <testcase name="service" time="5.164" classname="testcases.Counting"/>
  <testcase name="service" time="5.197" classname="testcases.Counting"/>
  <testcase name="service" time="0.002" classname="testcases.Counting"/>
  <testcase name="service" time="3.261" classname="testcases.Counting"/>
  <testcase name="service" time="0.005" classname="testcases.Counting"/>
  <testcase name="service" time="6.169" classname="testcases.Counting"/>
  <testcase name="service" time="5.224" classname="testcases.Counting"/>
  <testcase name="service" time="4.502" classname="testcases.Counting"/>
  <testcase name="service" time="0.002" classname="testcases.Counting"/>
  <testcase name="service" time="2.114" classname="testcases.Counting"/>
  <testcase name="service" time="0.009" classname="testcases.Counting"/>
  <testcase name="service" time="7.365" classname="testcases.Counting"/>
  <testcase name="service" time="0.001" classname="testcases.Counting"/>
  <testcase name="service" time="0.604" classname="testcases.Counting"/>
  <testcase name="service" time="2.978" classname="testcases.Counting"/>
  <testcase name="service" time="5.281" classname="testcases.Counting"/>
  <testcase name="service" time="0.004" classname="testcases.Counting"/>
  <testcase name="service" time="5.392" classname="testcases.Counting"/>
  <testcase name="service" time="8.309" classname="testcases.Counting"/>
  <testcase name="service" time="0.001" classname="testcases.Counting"/>
  <testcase name="service" time="1.252" classname="testcases.Counting"/>
  <testcase name="service" time="0.000" classname="testcases.Counting"/>
  <testcase name="service" time="4.274" classname="testcases.Counting"/>
  <testcase name="service" time="4.558" classname="testcases.Counting"/>
  <testcase name="service" time="0.306" classname="testcases.Counting"/>
  <testcase name="service" time="0.019" classname="testcases.Counting"/>
  <testcase name="service" time="6.121" classname="testcases.Counting"/>
  <testcase name="service" time="0.000" classname="testcases.Counting"/>
  <testcase name="service" time="8.376" classname="testcases.Counting"/>
  <testcase name="service" time="7.279" classname="testcases.Counting"/>
  <testcase name="service" time="4.357" classname="testcases.Counting"/>
  <testcase name="service" time="0.001" classname="testcases.Counting"/>
  <testcase name="service" time="7.623" classname="testcases.Counting"/>
  <testcase name="service" time="7.418" classname="testcases.Counting"/>
  <testcase name="service" time="3.317" classname="testcases.Counting"/>
  <testcase name="service" time="4.531" classname="testcases.Counting"/>
  <testcase name="service" time="4.358" classname="testcases.Counting"/>
  <testcase name="service" time="0.467" classname="testcases.Counting"/>
  <testcase name="service" time="2.346" classname="testcases.Counting"/>
  <testcase name="service" time="0.000" classname="testcases.Counting"/>
  <testcase name="service" time="0.000" classname="testcases.Counting"/>
  <testcase name="service" time="0.000" classname="testcases.Counting"/>
  <testcase name="service" time="2.583" classname="testcases.Counting"/>
  <testcase name="service" time="1.346" classname="testcases.Counting"/>
  <testcase name="service" time="0.000" classname="testcases.Counting"/>
  <testcase name="service" time="1.919" classname="testcases.Counting"/>
  <testcase name="service" time="8.433" classname="testcases.Counting"/>
  <testcase name="service" time="2.416" classname="testcases.Counting"/>
  <testcase name="service" time="5.291" classname="testcases.Counting"/>
  <testcase name="service" time="0.001" classname="testcases.Counting"/>
  <testcase name="service" time="2.857" classname="testcases.Counting"/>
  <testcase name="service" time="3.155" classname="testcases.Counting"/>
  <testcase name="service" time="3.284" classname="testcases.Counting"/>
  <testcase name="service" time="0.141" classname="testcases.Counting"/>
  <testcase name="service" time="0.000" classname="testcases.Counting"/>
  <testcase name="service" time="0.000" classname="testcases.Counting"/>
  <testcase name="service" time="0.000" classname="testcases.Counting"/>
  <testcase name="service" time="0.000" classname="testcases.Counting"/>
  <testcase name="service" time="2.709" classname="testcases.Counting"/>
  <testcase name="service" time="4.278" classname="testcases.Counting"/>
  <testcase name="service" time="7.622" classname="testcases.Counting"/>
  <testcase name="service" time="1.596" classname="testcases.Counting"/>
  <testcase name="service" time="2.853" classname="testcases.Counting"/>
  <testcase name="service" time="5.831" classname="testcases.Counting"/>
  <testcase name="service" time="0.000" classname="testcases.Counting"/>
  <testcase name="service" time="3.253" classname="testcases.Counting"/>
  <testcase name="service" time="1.800" classname="testcases.Counting"/>
  <testcase name="service" time="4.603" classname="testcases.Counting"/>
  <testcase name="service" time="0.000" classname="testcases.Counting"/>
  <testcase name="service" time="2.076" classname="testcases.Counting"/>
  <testcase name="service" time="0.001" classname="testcases.Counting"/>
  <testcase name="service" time="0.009" classname="testcases.Counting"/>
  <testcase name="service" time="8.533" classname="testcases.Counting"/>
  <testcase name="service" time="7.415" classname="testcases.Counting"/>
  <testcase name="service" time="0.001" classname="testcases.Counting"/>
  <testcase name="service" time="1.524" classname="testcases.Counting"/>
  <testcase name="service" time="0.000" classname="testcases.Counting"/>
  <testcase name="service" time="0.002" classname="testcases.Counting"/>
  <testcase name="service" time="7.514" classname="testcases.Counting"/>
  <testcase name="service" time="8.135" classname="testcases.Counting"/>
  <testcase name="service" time="8.429" classname="testcases.Counting"/>
  <testcase name="service" time="2.553" classname="testcases.Counting"/>
  <testcase name="service" time="2.846" classname="testcases.Counting"/>
  <testcase name="service" time="0.394" classname="testcases.Counting"/>
  <testcase name="service" time="0.000" classname="testcases.Counting"/>
  <testcase name="service" time="0.001" classname="testcases.Counting"/>
  <testcase name="service" time="0.002" classname="testcases.Counting"/>
  <testcase name="service" time="3.072" classname="testcases.Counting"/>
  <testcase name="service" time="3.503" classname="testcases.Counting"/>
  <testcase name="service" time="5.268" classname="testcases.Counting"/>
  <testcase name="service" time="0.000" classname="testcases.Counting"/>
  <testcase name="service" time="5.322" classname="testcases.Counting"/>
  <testcase name="service" time="3.260" classname="testcases.Counting"/>
  <testcase name="service" time="0.494" classname="testcases.Counting"/>
  <testcase name="service" time="7.613" classname="testcases.Counting"/>
  <testcase name="service" time="1.604" classname="testcases.Counting"/>
  <testcase name="service" time="0.008" classname="testcases.Counting"/>
  <testcase name="service" time="7.513" classname="testcases.Counting"/>
  <testcase name="service" time="7.427" classname="testcases.Counting"/>
  <testcase name="service" time="1.456" classname="testcases.Counting"/>
  <testcase name="service" time="0.000" classname="testcases.Counting"/>
  <testcase name="service" time="0.000" classname="testcases.Counting"/>
  <testcase name="service" time="2.308" classname="testcases.Counting"/>
  <testcase name="service" time="0.000" classname="testcases.Counting"/>
  <testcase name="service" time="6.243" classname="testcases.Counting"/>
  <testcase name="service" time="0.000" classname="testcases.Counting"/>
  <testcase name="service" time="4.909" classname="testcases.Counting"/>
  <testcase name="service" time="8.609" classname="testcases.Counting"/>
  <testcase name="service" time="0.000" classname="testcases.Counting"/>
  <testcase name="service" time="6.020" classname="testcases.Counting"/>
  <testcase name="service" time="6.301" classname="testcases.Counting"/>
  <testcase name="service" time="0.000" classname="testcases.Counting"/>
  <testcase name="service" time="0.644" classname="testcases.Counting"/>
  <testcase name="service" time="0.001" classname="testcases.Counting"/>
  <testcase name="service" time="0.000" classname="testcases.Counting"/>
  <testcase name="service" time="2.275" classname="testcases.Counting"/>
  <testcase name="service" time="0.001" classname="testcases.Counting"/>
  <testcase name="service" time="0.001" classname="testcases.Counting"/>
  <testcase name="service" time="0.000" classname="testcases.Counting"/>
  <testcase name="service" time="4.896" classname="testcases.Counting"/>
  <testcase name="service" time="5.519" classname="testcases.Counting"/>
  <testcase name="service" time="0.001" classname="testcases.Counting"/>
  <testcase name="service" time="2.100" classname="testcases.Counting"/>
  <testcase name="service" time="5.165" classname="testcases.Counting"/>
  <testcase name="service" time="4.178" classname="testcases.Counting"/>
  <testcase name="service" time="0.001" classname="testcases.Counting"/>
  <testcase name="service" time="1.751" classname="testcases.Counting"/>
  <testcase name="service" time="5.339" classname="testcases.Counting"/>
  <testcase name="service" time="4.662" classname="testcases.Counting"/>
  <testcase name="service" time="0.908" classname="testcases.Counting"/>
  <testcase name="service" time="2.077" classname="testcases.Counting"/>
  <testcase name="service" time="7.254" classname="testcases.Counting"/>
  <testcase name="service" time="0.000" classname="testcases.Counting"/>
  <testcase name="service" time="0.000" classname="testcases.Counting"/>
  <testcase name="service" time="4.450" classname="testcases.Counting"/>
  <testcase name="service" time="5.378" classname="testcases.Counting"/>
  <testcase name="service" time="1.411" classname="testcases.Counting"/>
  <testcase name="service" time="0.005" classname="testcases.Counting"/>
  <testcase name="service" time="0.000" classname="testcases.Counting"/>
  <testcase name="service" time="5.012" classname="testcases.Counting"/>
  <testcase name="service" time="0.001" classname="testcases.Counting"/>
  <testcase name="service" time="8.300" classname="testcases.Counting"/>
  <testcase name="service" time="2.701" classname="testcases.Counting"/>
  <testcase name="service" time="0.001" classname="testcases.Counting"/>
  <testcase name="service" time="0.000" classname="testcases.Counting"/>
  <testcase name="service" time="0.001" classname="testcases.Counting"/>
  <testcase name="service" time="7.328" classname="testcases.Counting"/>
  <testcase name="service" time="4.458" classname="testcases.Counting"/>
  <testcase name="service" time="0.002" classname="testcases.Counting"/>
  <testcase name="service" time="4.915" classname="testcases.Counting"/>
  <testcase name="service" time="7.513" classname="testcases.Counting"/>
  <testcase name="service" time="3.698" classname="testcases.Counting"/>
  <testcase name="service" time="4.560" classname="testcases.Counting"/>
  <testcase name="service" time="0.000" classname="testcases.Counting"/>
  <testcase name="service" time="3.351" classname="testcases.Counting"/>
  <testcase name="service" time="6.216" classname="testcases.Counting"/>
  <testcase name="service" time="2.239" classname="testcases.Counting"/>
  <testcase name="service" time="0.001" classname="testcases.Counting"/>
  <testcase name="service" time="1.549" classname="testcases.Counting"/>
  <testcase name="service" time="0.001" classname="testcases.Counting"/>
  <testcase name="service" time="2.114" classname="testcases.Counting"/>
  <testcase name="service" time="2.651" classname="testcases.Counting"/>
  <testcase name="service" time="3.172" classname="testcases.Counting"/>
  <testcase name="service" time="0.071" classname="testcases.Counting"/>
  <testcase name="service" time="0.003" classname="testcases.Counting"/>
  <testcase name="service" time="0.001" classname="testcases.Counting"/>
  <testcase name="service" time="7.453" classname="testcases.Counting"/>
  <testcase name="service" time="7.016" classname="testcases.Counting"/>
  <testcase name="service" time="6.284" classname="testcases.Counting"/>
  <testcase name="service" time="1.519" classname="testcases.Counting"/>
  <testcase name="service" time="0.359" classname="testcases.Counting"/>
  <testcase name="service" time="0.001" classname="testcases.Counting"/>
  <testcase name="service" time="2.318" classname="testcases.Counting"/>
  <testcase name="service" time="0.000" classname="testcases.Counting"/>
  <testcase name="service" time="1.727" classname="testcases.Counting"/>
  <testcase name="service" time="4.356" classname="testcases.Counting"/>
  <testcase name="service" time="5.287" classname="testcases.Counting"/>
  <testcase name="service" time="0.000" classname="testcases.Counting"/>
  <testcase name="service" time="0.000" classname="testcases.Counting"/>
  <testcase name="service" time="0.000" classname="testcases.Counting"/>
  <testcase name="service" time="5.345" classname="testcases.Counting"/>
  <testcase name="service" time="4.462" classname="testcases.Counting"/>
  <testcase name="service" time="0.001" classname="testcases.Counting"/>
  <testcase name="service" time="0.000" classname="testcases.Counting"/>
  <testcase name="service" time="0.468" classname="testcases.Counting"/>
  <testcase name="service" time="3.371" classname="testcases.Counting"/>
  <testcase name="service" time="0.000" classname="testcases.Counting"/>
  <testcase name="service" time="7.325" classname="testcases.Counting"/>
  <testcase name="service" time="0.000" classname="testcases.Counting"/>
  <testcase name="service" time="1.599" classname="testcases.Counting"/>
  <testcase name="service" time="5.412" classname="testcases.Counting"/>
  <testcase name="service" time="7.839" classname="testcases.Counting"/>
  <testcase name="service" time="7.431" classname="testcases.Counting"/>
  <testcase name="service" time="0.001" classname="testcases.Counting"/>
  <testcase name="service" time="0.000" classname="testcases.Counting"/>
  <testcase name="service" time="2.345" classname="testcases.Counting"/>
  <testcase name="service" time="2.599" classname="testcases.Counting"/>
  <testcase name="service" time="0.000" classname="testcases.Counting"/>
  <testcase name="service" time="5.519" classname="testcases.Counting"/>
  <testcase name="service" time="3.268" classname="testcases.Counting"/>
  <testcase name="service" time="0.586" classname="testcases.Counting"/>
  <testcase name="service" time="0.002" classname="testcases.Counting"/>
  <testcase name="service" time="7.431" classname="testcases.Counting"/>
  <testcase name="service" time="0.000" classname="testcases.Counting"/>
  <testcase name="service" time="0.001" classname="testcases.Counting"/>
  <testcase name="service" time="3.352" classname="testcases.Counting"/>
  <testcase name="service" time="2.047" classname="testcases.Counting"/>
  <testcase name="service" time="0.001" classname="testcases.Counting"/>
  <testcase name="service" time="4.330" classname="testcases.Counting"/>
  <testcase name="service" time="2.186" classname="testcases.Counting"/>
  <testcase name="service" time="6.180" classname="testcases.Counting"/>
  <testcase name="service" time="0.790" classname="testcases.Counting"/>
  <testcase name="service" time="4.359" classname="testcases.Counting"/>
  <testcase name="service" time="5.395" classname="testcases.Counting"/>
  <testcase name="service" time="0.001" classname="testcases.Counting"/>
  <testcase name="service" time="0.001" classname="testcases.Counting"/>
  <testcase name="service" time="3.117" classname="testcases.Counting"/>
  <testcase name="service" time="1.668" classname="testcases.Counting"/>
  <testcase name="service" time="0.000" classname="testcases.Counting"/>
  <testcase name="service" time="2.109" classname="testcases.Counting"/>
  <testcase name="service" time="3.170" classname="testcases.Counting"/>
  <testcase name="service" time="0.001" classname="testcases.Counting"/>
  <testcase name="service" time="1.738" classname="testcases.Counting"/>
  <testcase name="service" time="1.196" classname="testcases.Counting"/>
  <testcase name="service" time="0.498" classname="testcases.Counting"/>
  <testcase name="service" time="2.110" classname="testcases.Counting"/>
  <testcase name="service" time="0.005" classname="testcases.Counting"/>
  <testcase name="service" time="0.000" classname="testcases.Counting"/>
  <testcase name="service" time="0.531" classname="testcases.Counting"/>
  <testcase name="service" time="0.000" classname="testcases.Counting"/>
  <testcase name="service" time="5.334" classname="testcases.Counting"/>
  <testcase name="service" time="1.195" classname="testcases.Counting"/>
  <testcase name="service" time="5.342" classname="testcases.Counting"/>
  <testcase name="service" time="7.431" classname="testcases.Counting"/>
  <testcase name="service" time="0.007" classname="testcases.Counting"/>
  <testcase name="service" time="5.179" classname="testcases.Counting"/>
  <testcase name="service" time="2.092" classname="testcases.Counting"/>
  <testcase name="service" time="3.186" classname="testcases.Counting"/>
  <testcase name="service" time="3.959" classname="testcases.Counting"/>
  <testcase name="service" time="3.341" classname="testcases.Counting"/>
  <testcase name="service" time="4.383" classname="testcases.Counting"/>
  <testcase name="service" time="0.001" classname="testcases.Counting"/>
  <testcase name="service" time="4.079" classname="testcases.Counting"/>
  <testcase name="service" time="5.939" classname="testcases.Counting"/>
  <testcase name="service" time="7.673" classname="testcases.Counting"/>
  <testcase name="service" time="1.958" classname="testcases.Counting"/>
  <testcase name="service" time="2.114" classname="testcases.Counting"/>
  <testcase name="service" time="7.623" classname="testcases.Counting"/>
  <testcase name="service" time="2.501" classname="testcases.Counting"/>
  <testcase name="service" time="2.044" classname="testcases.Counting"/>
  <testcase name="service" time="5.279" classname="testcases.Counting"/>
  <testcase name="service" time="5.440" classname="testcases.Counting"/>
  <testcase name="service" time="7.407" classname="testcases.Counting"/>
  <testcase name="service" time="0.584" classname="testcases.Counting"/>
  <testcase name="service" time="5.977" classname="testcases.Counting"/>
  <testcase name="service" time="2.814" classname="testcases.Counting"/>
  <testcase name="service" time="0.000" classname="testcases.Counting"/>
  <testcase name="service" time="6.190" classname="testcases.Counting"/>
  <testcase name="service" time="0.016" classname="testcases.Counting"/>
  <testcase name="service" time="0.000" classname="testcases.Counting"/>
  <testcase name="service" time="2.290" classname="testcases.Counting"/>
  <testcase name="service" time="3.919" classname="testcases.Counting"/>
  <testcase name="service" time="4.290" classname="testcases.Counting"/>
  <testcase name="service" time="0.000" classname="testcases.Counting"/>
  <testcase name="service" time="6.303" classname="testcases.Counting"/>
  <testcase name="service" time="0.001" classname="testcases.Counting"/>
  <testcase name="service" time="0.000" classname="testcases.Counting"/>
  <testcase name="service" time="6.004" classname="testcases.Counting"/>
  <testcase name="service" time="8.376" classname="testcases.Counting"/>
  <testcase name="service" time="2.031" classname="testcases.Counting"/>
  <testcase name="service" time="0.000" classname="testcases.Counting"/>
  <testcase name="service" time="3.969" classname="testcases.Counting"/>
  <testcase name="service" time="2.193" classname="testcases.Counting"/>
  <testcase name="service" time="2.193" classname="testcases.Counting"/>
  <testcase name="service" time="0.006" classname="testcases.Counting"/>
  <testcase name="service" time="5.892" classname="testcases.Counting"/>
  <testcase name="service" time="4.712" classname="testcases.Counting"/>
  <testcase name="service" time="0.001" classname="testcases.Counting"/>
  <testcase name="service" time="8.351" classname="testcases.Counting"/>
  <testcase name="service" time="2.237" classname="testcases.Counting"/>
  <testcase name="service" time="8.374" classname="testcases.Counting"/>
  <testcase name="service" time="0.001" classname="testcases.Counting"/>
  <testcase name="service" time="5.338" classname="testcases.Counting"/>
  <testcase name="service" time="7.612" classname="testcases.Counting"/>
  <testcase name="service" time="3.916" classname="testcases.Counting"/>
  <testcase name="service" time="4.660" classname="testcases.Counting"/>
  <testcase name="service" time="4.358" classname="testcases.Counting"/>
  <testcase name="service" time="0.618" classname="testcases.Counting"/>
  <testcase name="service" time="7.431" classname="testcases.Counting"/>
  <testcase name="service" time="4.295" classname="testcases.Counting"/>
  <testcase name="service" time="0.000" classname="testcases.Counting"/>
  <testcase name="service" time="3.923" classname="testcases.Counting"/>
  <testcase name="service" time="0.255" classname="testcases.Counting"/>
  <testcase name="service" time="1.775" classname="testcases.Counting"/>
  <testcase name="service" time="1.717" classname="testcases.Counting"/>
  <testcase name="service" time="0.000" classname="testcases.Counting"/>
  <testcase name="service" time="5.003" classname="testcases.Counting"/>
  <testcase name="service" time="3.276" classname="testcases.Counting"/>
  <testcase name="service" time="8.557" classname="testcases.Counting"/>
  <testcase name="service" time="7.822" classname="testcases.Counting"/>
  <testcase name="service" time="3.612" classname="testcases.Counting"/>
  <testcase name="service" time="5.203" classname="testcases.Counting"/>
  <testcase name="service" time="0.000" classname="testcases.Counting"/>
  <testcase name="service" time="0.000" classname="testcases.Counting"/>
  <testcase name="service" time="0.040" classname="testcases.Counting"/>
  <testcase name="service" time="0.007" classname="testcases.Counting"/>
  <testcase name="service" time="1.245" classname="testcases.Counting"/>
  <testcase name="service" time="7.624" classname="testcases.Counting"/>
  <testcase name="service" time="1.421" classname="testcases.Counting"/>
  <testcase name="service" time="8.070" classname="testcases.Counting"/>
  <testcase name="service" time="0.001" classname="testcases.Counting"/>
  <testcase name="service" time="4.323" classname="testcases.Counting"/>
  <testcase name="service" time="8.358" classname="testcases.Counting"/>
  <testcase name="service" time="0.875" classname="testcases.Counting"/>
  <testcase name="service" time="4.319" classname="testcases.Counting"/>
  <testcase name="service" time="0.002" classname="testcases.Counting"/>
  <testcase name="service" time="1.106" classname="testcases.Counting"/>
  <testcase name="service" time="0.000" classname="testcases.Counting"/>
  <testcase name="service" time="0.000" classname="testcases.Counting"/>
  <testcase name="service" time="0.001" classname="testcases.Counting"/>
  <testcase name="service" time="4.462" classname="testcases.Counting"/>
  <testcase name="service" time="8.204" classname="testcases.Counting"/>
  <testcase name="service" time="7.306" classname="testcases.Counting"/>
  <testcase name="service" time="7.410" classname="testcases.Counting"/>
  <testcase name="service" time="2.083" classname="testcases.Counting"/>
  <testcase name="service" time="0.168" classname="testcases.Counting"/>
  <testcase name="service" time="0.919" classname="testcases.Counting"/>
  <testcase name="service" time="2.684" classname="testcases.Counting"/>
  <testcase name="service" time="0.000" classname="testcases.Counting"/>
  <testcase name="service" time="0.000" classname="testcases.Counting"/>
  <testcase name="service" time="1.294" classname="testcases.Counting"/>
  <testcase name="service" time="2.131" classname="testcases.Counting"/>
  <testcase name="service" time="0.000" classname="testcases.Counting"/>
  <testcase name="service" time="0.437" classname="testcases.Counting"/>
  <testcase name="service" time="3.926" classname="testcases.Counting"/>
  <testcase name="service" time="0.008" classname="testcases.Counting"/>
  <testcase name="service" time="2.490" classname="testcases.Counting"/>
  <testcase name="service" time="0.002" classname="testcases.Counting"/>
  <testcase name="service" time="5.317" classname="testcases.Counting"/>
  <testcase name="service" time="3.352" classname="testcases.Counting"/>
  <testcase name="service" time="4.800" classname="testcases.Counting"/>
  <testcase name="service" time="0.000" classname="testcases.Counting"/>
  <testcase name="service" time="8.524" classname="testcases.Counting"/>
  <testcase name="service" time="2.819" classname="testcases.Counting"/>
  <testcase name="service" time="0.005" classname="testcases.Counting"/>
  <testcase name="service" time="2.573" classname="testcases.Counting"/>
  <testcase name="service" time="4.684" classname="testcases.Counting"/>
  <testcase name="service" time="0.001" classname="testcases.Counting"/>
  <testcase name="service" time="5.263" classname="testcases.Counting"/>
  <testcase name="service" time="0.564" classname="testcases.Counting"/>
  <testcase name="service" time="0.000" classname="testcases.Counting"/>
  <testcase name="service" time="2.054" classname="testcases.Counting"/>
  <testcase name="service" time="0.057" classname="testcases.Counting"/>
  <testcase name="service" time="0.001" classname="testcases.Counting"/>
  <testcase name="service" time="0.002" classname="testcases.Counting"/>
  <testcase name="service" time="0.000" classname="testcases.Counting"/>
  <testcase name="service" time="0.000" classname="testcases.Counting"/>
  <testcase name="service" time="0.732" classname="testcases.Counting"/>
  <testcase name="service" time="0.000" classname="testcases.Counting"/>
  <testcase name="service" time="0.001" classname="testcases.Counting"/>
  <testcase name="service" time="8.204" classname="testcases.Counting"/>
  <testcase name="service" time="7.323" classname="testcases.Counting"/>
  <testcase name="service" time="0.000" classname="testcases.Counting"/>
  <testcase name="service" time="1.926" classname="testcases.Counting"/>
  <testcase name="service" time="4.307" classname="testcases.Counting"/>
  <testcase name="service" time="0.001" classname="testcases.Counting"/>
  <testcase name="service" time="3.127" classname="testcases.Counting"/>
  <testcase name="service" time="0.722" classname="testcases.Counting"/>
  <testcase name="service" time="0.001" classname="testcases.Counting"/>
  <testcase name="service" time="2.738" classname="testcases.Counting"/>
  <testcase name="service" time="0.001" classname="testcases.Counting"/>
  <testcase name="service" time="0.002" classname="testcases.Counting"/>
  <testcase name="service" time="0.000" classname="testcases.Counting"/>
  <testcase name="service" time="1.148" classname="testcases.Counting"/>
  <testcase name="service" time="0.000" classname="testcases.Counting"/>
  <testcase name="service" time="7.811" classname="testcases.Counting"/>
  <testcase name="service" time="3.902" classname="testcases.Counting"/>
  <testcase name="service" time="0.001" classname="testcases.Counting"/>
  <testcase name="service" time="4.284" classname="testcases.Counting"/>
  <testcase name="service" time="0.002" classname="testcases.Counting"/>
  <testcase name="service" time="5.446" classname="testcases.Counting"/>
  <testcase name="service" time="0.000" classname="testcases.Counting"/>
  <testcase name="service" time="0.000" classname="testcases.Counting"/>
  <testcase name="service" time="0.000" classname="testcases.Counting"/>
  <testcase name="service" time="0.000" classname="testcases.Counting"/>
  <testcase name="service" time="2.674" classname="testcases.Counting"/>
  <testcase name="service" time="0.000" classname="testcases.Counting"/>
  <testcase name="service" time="0.000" classname="testcases.Counting"/>
  <testcase name="service" time="2.891" classname="testcases.Counting"/>
  <testcase name="service" time="0.000" classname="testcases.Counting"/>
  <testcase name="service" time="2.029" classname="testcases.Counting"/>
  <testcase name="service" time="1.660" classname="testcases.Counting"/>
  <testcase name="service" time="2.650" classname="testcases.Counting"/>
  <testcase name="service" time="5.207" classname="testcases.Counting"/>
  <testcase name="service" time="0.000" classname="testcases.Counting"/>
  <testcase name="service" time="3.303" classname="testcases.Counting"/>
  <testcase name="service" time="0.002" classname="testcases.Counting"/>
  <testcase name="service" time="0.001" classname="testcases.Counting"/>
  <testcase name="service" time="0.001" classname="testcases.Counting"/>
  <testcase name="service" time="0.000" classname="testcases.Counting"/>
  <testcase name="service" time="3.348" classname="testcases.Counting"/>
  <testcase name="service" time="5.232" classname="testcases.Counting"/>
  <testcase name="service" time="0.406" classname="testcases.Counting"/>
  <testcase name="service" time="0.000" classname="testcases.Counting"/>
  <testcase name="service" time="0.009" classname="testcases.Counting"/>
  <testcase name="service" time="5.251" classname="testcases.Counting"/>
  <testcase name="service" time="8.290" classname="testcases.Counting"/>
  <testcase name="service" time="0.000" classname="testcases.Counting"/>
  <testcase name="service" time="0.001" classname="testcases.Counting"/>
  <testcase name="service" time="2.759" classname="testcases.Counting"/>
  <testcase name="service" time="0.000" classname="testcases.Counting"/>
  <testcase name="service" time="3.349" classname="testcases.Counting"/>
  <testcase name="service" time="7.630" classname="testcases.Counting"/>
  <testcase name="service" time="0.001" classname="testcases.Counting"/>
  <testcase name="service" time="3.612" classname="testcases.Counting"/>
  <testcase name="service" time="0.407" classname="testcases.Counting"/>
  <testcase name="service" time="7.594" classname="testcases.Counting"/>
  <testcase name="service" time="5.204" classname="testcases.Counting"/>
  <testcase name="service" time="0.001" classname="testcases.Counting"/>
  <testcase name="service" time="4.458" classname="testcases.Counting"/>
  <testcase name="service" time="1.240" classname="testcases.Counting"/>
  <testcase name="service" time="2.108" classname="testcases.Counting"/>
  <testcase name="service" time="7.797" classname="testcases.Counting"/>
  <testcase name="service" time="3.931" classname="testcases.Counting"/>
  <testcase name="service" time="3.343" classname="testcases.Counting"/>
  <testcase name="service" time="2.239" classname="testcases.Counting"/>
  <testcase name="service" time="3.927" classname="testcases.Counting"/>
  <testcase name="service" time="4.480" classname="testcases.Counting"/>
  <testcase name="service" time="4.350" classname="testcases.Counting"/>
  <testcase name="service" time="3.348" classname="testcases.Counting"/>
  <testcase name="service" time="0.001" classname="testcases.Counting"/>
  <testcase name="service" time="1.268" classname="testcases.Counting"/>
  <testcase name="service" time="2.373" classname="testcases.Counting"/>
  <testcase name="service" time="3.036" classname="testcases.Counting"/>
  <testcase name="service" time="7.512" classname="testcases.Counting"/>
  <testcase name="service" time="0.000" classname="testcases.Counting"/>
  <testcase name="service" time="0.000" classname="testcases.Counting"/>
  <testcase name="service" time="4.557" classname="testcases.Counting"/>
  <testcase name="service" time="0.000" classname="testcases.Counting"/>
  <testcase name="service" time="2.363" classname="testcases.Counting"/>
  <testcase name="service" time="0.000" classname="testcases.Counting"/>
  <testcase name="service" time="0.001" classname="testcases.Counting"/>
  <testcase name="service" time="7.876" classname="testcases.Counting"/>
  <testcase name="service" time="5.349" classname="testcases.Counting"/>
  <testcase name="service" time="0.000" classname="testcases.Counting"/>
  <testcase name="service" time="2.457" classname="testcases.Counting"/>
  <testcase name="service" time="0.475" classname="testcases.Counting"/>
  <testcase name="service" time="0.868" classname="testcases.Counting"/>
  <testcase name="service" time="8.290" classname="testcases.Counting"/>
  <testcase name="service" time="0.001" classname="testcases.Counting"/>
  <testcase name="service" time="0.001" classname="testcases.Counting"/>
  <testcase name="service" time="0.002" classname="testcases.Counting"/>
  <testcase name="service" time="5.414" classname="testcases.Counting"/>
  <testcase name="service" time="0.000" classname="testcases.Counting"/>
  <testcase name="service" time="2.240" classname="testcases.Counting"/>
  <testcase name="service" time="1.902" classname="testcases.Counting"/>
  <testcase name="service" time="0.002" classname="testcases.Counting"/>
  <testcase name="service" time="0.001" classname="testcases.Counting"/>
  <testcase name="service" time="2.956" classname="testcases.Counting"/>
  <testcase name="service" time="4.342" classname="testcases.Counting"/>
  <testcase name="service" time="0.000" classname="testcases.Counting"/>
  <testcase name="service" time="2.776" classname="testcases.Counting"/>
  <testcase name="service" time="0.000" classname="testcases.Counting"/>
  <testcase name="service" time="2.693" classname="testcases.Counting"/>
  <testcase name="service" time="0.000" classname="testcases.Counting"/>
  <testcase name="service" time="2.262" classname="testcases.Counting"/>
  <testcase name="service" time="0.000" classname="testcases.Counting"/>
  <testcase name="service" time="3.937" classname="testcases.Counting"/>
  <testcase name="service" time="0.000" classname="testcases.Counting"/>
  <testcase name="service" time="8.072" classname="testcases.Counting"/>
  <testcase name="service" time="0.804" classname="testcases.Counting"/>
  <testcase name="service" time="1.615" classname="testcases.Counting"/>
  <testcase name="service" time="0.001" classname="testcases.Counting"/>
  <testcase name="service" time="2.948" classname="testcases.Counting"/>
  <testcase name="service" time="5.903" classname="testcases.Counting"/>
  <testcase name="service" time="0.008" classname="testcases.Counting"/>
  <testcase name="service" time="0.007" classname="testcases.Counting"/>
  <testcase name="service" time="3.953" classname="testcases.Counting"/>
  <testcase name="service" time="3.791" classname="testcases.Counting"/>
  <testcase name="service" time="0.001" classname="testcases.Counting"/>
  <testcase name="service" time="2.030" classname="testcases.Counting"/>
  <testcase name="service" time="3.827" classname="testcases.Counting"/>
  <testcase name="service" time="5.349" classname="testcases.Counting"/>
  <testcase name="service" time="1.393" classname="testcases.Counting"/>
  <testcase name="service" time="0.002" classname="testcases.Counting"/>
  <testcase name="service" time="0.000" classname="testcases.Counting"/>
  <testcase name="service" time="0.000" classname="testcases.Counting"/>
  <testcase name="service" time="0.002" classname="testcases.Counting"/>
  <testcase name="service" time="7.440" classname="testcases.Counting"/>
  <testcase name="service" time="0.000" classname="testcases.Counting"/>
  <testcase name="service" time="6.284" classname="testcases.Counting"/>
  <testcase name="service" time="3.264" classname="testcases.Counting"/>
  <testcase name="service" time="0.000" classname="testcases.Counting"/>
  <testcase name="service" time="4.277" classname="testcases.Counting"/>
  <testcase name="service" time="0.000" classname="testcases.Counting"/>
  <testcase name="service" time="2.783" classname="testcases.Counting"/>
  <testcase name="service" time="0.001" classname="testcases.Counting"/>
  <testcase name="service" time="1.289" classname="testcases.Counting"/>
  <testcase name="service" time="1.309" classname="testcases.Counting"/>
  <testcase name="service" time="3.359" classname="testcases.Counting"/>
  <testcase name="service" time="0.000" classname="testcases.Counting"/>
  <testcase name="service" time="6.094" classname="testcases.Counting"/>
  <testcase name="service" time="0.043" classname="testcases.Counting"/>
  <testcase name="service" time="8.376" classname="testcases.Counting"/>
  <testcase name="service" time="1.672" classname="testcases.Counting"/>
  <testcase name="service" time="0.001" classname="testcases.Counting"/>
  <testcase name="service" time="0.001" classname="testcases.Counting"/>
  <testcase name="service" time="0.000" classname="testcases.Counting"/>
  <testcase name="service" time="7.635" classname="testcases.Counting"/>
  <testcase name="service" time="0.000" classname="testcases.Counting"/>
  <testcase name="service" time="1.233" classname="testcases.Counting"/>
  <testcase name="service" time="0.000" classname="testcases.Counting"/>
  <testcase name="service" time="8.501" classname="testcases.Counting"/>
  <testcase name="service" time="3.245" classname="testcases.Counting"/>
  <testcase name="service" time="3.966" classname="testcases.Counting"/>
  <testcase name="service" time="5.418" classname="testcases.Counting"/>
  <testcase name="service" time="8.241" classname="testcases.Counting"/>
  <testcase name="service" time="0.001" classname="testcases.Counting"/>
  <testcase name="service" time="8.394" classname="testcases.Counting"/>
  <testcase name="service" time="0.664" classname="testcases.Counting"/>
  <testcase name="service" time="4.471" classname="testcases.Counting"/>
  <testcase name="service" time="0.001" classname="testcases.Counting"/>
  <testcase name="service" time="7.662" classname="testcases.Counting"/>
  <testcase name="service" time="0.001" classname="testcases.Counting"/>
  <testcase name="service" time="1.448" classname="testcases.Counting"/>
  <testcase name="service" time="0.009" classname="testcases.Counting"/>
  <testcase name="service" time="2.251" classname="testcases.Counting"/>
  <testcase name="service" time="2.548" classname="testcases.Counting"/>
  <testcase name="service" time="7.610" classname="testcases.Counting"/>
  <testcase name="service" time="0.597" classname="testcases.Counting"/>
  <testcase name="service" time="0.725" classname="testcases.Counting"/>
  <testcase name="service" time="5.940" classname="testcases.Counting"/>
  <testcase name="service" time="1.346" classname="testcases.Counting"/>
  <testcase name="service" time="2.620" classname="testcases.Counting"/>
  <testcase name="service" time="2.774" classname="testcases.Counting"/>
  <testcase name="service" time="1.421" classname="testcases.Counting"/>
  <testcase name="service" time="8.371" classname="testcases.Counting"/>
  <testcase name="service" time="0.001" classname="testcases.Counting"/>
  <testcase name="service" time="2.870" classname="testcases.Counting"/>
  <testcase name="service" time="0.952" classname="testcases.Counting"/>
  <testcase name="service" time="0.001" classname="testcases.Counting"/>
  <testcase name="service" time="2.268" classname="testcases.Counting"/>
  <testcase name="service" time="2.261" classname="testcases.Counting"/>
  <testcase name="service" time="5.546" classname="testcases.Counting"/>
  <testcase name="service" time="2.328" classname="testcases.Counting"/>
  <testcase name="service" time="4.388" classname="testcases.Counting"/>
  <testcase name="service" time="8.331" classname="testcases.Counting"/>
  <testcase name="service" time="0.000" classname="testcases.Counting"/>
  <testcase name="service" time="3.315" classname="testcases.Counting"/>
  <testcase name="service" time="0.001" classname="testcases.Counting"/>
  <testcase name="service" time="1.306" classname="testcases.Counting"/>
  <testcase name="service" time="8.037" classname="testcases.Counting"/>
  <testcase name="service" time="0.001" classname="testcases.Counting"/>
  <testcase name="service" time="0.034" classname="testcases.Counting"/>
  <testcase name="service" time="2.070" classname="testcases.Counting"/>
  <testcase name="service" time="2.085" classname="testcases.Counting"/>
  <testcase name="service" time="4.907" classname="testcases.Counting"/>
  <testcase name="service" time="0.004" classname="testcases.Counting"/>
  <testcase name="service" time="0.002" classname="testcases.Counting"/>
  <testcase name="service" time="0.008" classname="testcases.Counting"/>
  <testcase name="service" time="0.000" classname="testcases.Counting"/>
  <testcase name="service" time="0.001" classname="testcases.Counting"/>
  <testcase name="service" time="0.001" classname="testcases.Counting"/>
  <testcase name="service" time="6.403" classname="testcases.Counting"/>
  <testcase name="service" time="1.332" classname="testcases.Counting"/>
  <testcase name="service" time="3.370" classname="testcases.Counting"/>
  <testcase name="service" time="8.129" classname="testcases.Counting"/>
  <testcase name="service" time="0.001" classname="testcases.Counting"/>
  <testcase name="service" time="0.000" classname="testcases.Counting"/>
  <testcase name="service" time="0.000" classname="testcases.Counting"/>
  <testcase name="service" time="6.214" classname="testcases.Counting"/>
  <testcase name="service" time="0.001" classname="testcases.Counting"/>
  <testcase name="service" time="0.001" classname="testcases.Counting"/>
  <testcase name="service" time="8.158" classname="testcases.Counting"/>
  <testcase name="service" time="5.552" classname="testcases.Counting"/>
  <testcase name="service" time="0.000" classname="testcases.Counting"/>
  <testcase name="service" time="1.644" classname="testcases.Counting"/>
  <testcase name="service" time="0.001" classname="testcases.Counting"/>
  <testcase name="service" time="7.372" classname="testcases.Counting"/>
  <testcase name="service" time="0.425" classname="testcases.Counting"/>
  <testcase name="service" time="0.001" classname="testcases.Counting"/>
  <testcase name="service" time="6.283" classname="testcases.Counting"/>
  <testcase name="service" time="0.000" classname="testcases.Counting"/>
  <testcase name="service" time="3.750" classname="testcases.Counting"/>
  <testcase name="service" time="0.375" classname="testcases.Counting"/>
  <testcase name="service" time="6.011" classname="testcases.Counting"/>
  <testcase name="service" time="4.406" classname="testcases.Counting"/>
  <testcase name="service" time="0.001" classname="testcases.Counting"/>
  <testcase name="service" time="2.285" classname="testcases.Counting"/>
  <testcase name="service" time="0.002" classname="testcases.Counting"/>
  <testcase name="service" time="7.406" classname="testcases.Counting"/>
  <testcase name="service" time="2.093" classname="testcases.Counting"/>
  <testcase name="service" time="0.008" classname="testcases.Counting"/>
  <testcase name="service" time="0.000" classname="testcases.Counting"/>
  <testcase name="service" time="6.620" classname="testcases.Counting"/>
  <testcase name="service" time="5.453" classname="testcases.Counting"/>
  <testcase name="service" time="0.003" classname="testcases.Counting"/>
  <testcase name="service" time="1.232" classname="testcases.Counting"/>
  <testcase name="service" time="0.000" classname="testcases.Counting"/>
  <testcase name="service" time="1.436" classname="testcases.Counting"/>
  <testcase name="service" time="3.269" classname="testcases.Counting"/>
  <testcase name="service" time="0.468" classname="testcases.Counting"/>
  <testcase name="service" time="2.879" classname="testcases.Counting"/>
  <testcase name="service" time="1.833" classname="testcases.Counting"/>
  <testcase name="service" time="0.001" classname="testcases.Counting"/>
  <testcase name="service" time="3.368" classname="testcases.Counting"/>
  <testcase name="service" time="0.047" classname="testcases.Counting"/>
  <testcase name="service" time="3.941" classname="testcases.Counting"/>
  <testcase name="service" time="0.674" classname="testcases.Counting"/>
  <testcase name="service" time="0.000" classname="testcases.Counting"/>
  <testcase name="service" time="0.001" classname="testcases.Counting"/>
  <testcase name="service" time="0.642" classname="testcases.Counting"/>
  <testcase name="service" time="7.414" classname="testcases.Counting"/>
  <testcase name="service" time="3.269" classname="testcases.Counting"/>
  <testcase name="service" time="0.001" classname="testcases.Counting"/>
  <testcase name="service" time="0.001" classname="testcases.Counting"/>
  <testcase name="service" time="0.001" classname="testcases.Counting"/>
  <testcase name="service" time="3.254" classname="testcases.Counting"/>
  <testcase name="service" time="2.820" classname="testcases.Counting"/>
  <testcase name="service" time="8.372" classname="testcases.Counting"/>
  <testcase name="service" time="8.212" classname="testcases.Counting"/>
  <testcase name="service" time="0.001" classname="testcases.Counting"/>
  <testcase name="service" time="1.705" classname="testcases.Counting"/>
  <testcase name="service" time="4.712" classname="testcases.Counting"/>
  <testcase name="service" time="0.000" classname="testcases.Counting"/>
  <testcase name="service" time="1.617" classname="testcases.Counting"/>
  <testcase name="service" time="1.114" classname="testcases.Counting"/>
  <testcase name="service" time="0.000" classname="testcases.Counting"/>
  <testcase name="service" time="0.000" classname="testcases.Counting"/>
  <testcase name="service" time="0.000" classname="testcases.Counting"/>
  <testcase name="service" time="5.991" classname="testcases.Counting"/>
  <testcase name="service" time="4.929" classname="testcases.Counting"/>
  <testcase name="service" time="3.986" classname="testcases.Counting"/>
  <testcase name="service" time="7.280" classname="testcases.Counting"/>
  <testcase name="service" time="0.966" classname="testcases.Counting"/>
  <testcase name="service" time="4.481" classname="testcases.Counting"/>
  <testcase name="service" time="3.317" classname="testcases.Counting"/>
  <testcase name="service" time="3.252" classname="testcases.Counting"/>
  <testcase name="service" time="0.002" classname="testcases.Counting"/>
  <testcase name="service" time="2.095" classname="testcases.Counting"/>
  <testcase name="service" time="0.000" classname="testcases.Counting"/>
  <testcase name="service" time="0.001" classname="testcases.Counting"/>
  <testcase name="service" time="0.001" classname="testcases.Counting"/>
  <testcase name="service" time="0.002" classname="testcases.Counting"/>
  <testcase name="service" time="0.000" classname="testcases.Counting"/>
  <testcase name="service" time="0.001" classname="testcases.Counting"/>
  <testcase name="service" time="4.602" classname="testcases.Counting"/>
  <testcase name="service" time="8.215" classname="testcases.Counting"/>
  <testcase name="service" time="5.245" classname="testcases.Counting"/>
  <testcase name="service" time="3.091" classname="testcases.Counting"/>
  <testcase name="service" time="4.619" classname="testcases.Counting"/>
  <testcase name="service" time="4.450" classname="testcases.Counting"/>
  <testcase name="service" time="2.435" classname="testcases.Counting"/>
  <testcase name="service" time="0.001" classname="testcases.Counting"/>
  <testcase name="service" time="0.001" classname="testcases.Counting"/>
  <testcase name="service" time="0.007" classname="testcases.Counting"/>
  <testcase name="service" time="0.001" classname="testcases.Counting"/>
  <testcase name="service" time="0.000" classname="testcases.Counting"/>
  <testcase name="service" time="0.001" classname="testcases.Counting"/>
  <testcase name="service" time="2.524" classname="testcases.Counting"/>
  <testcase name="service" time="5.171" classname="testcases.Counting"/>
  <testcase name="service" time="0.001" classname="testcases.Counting"/>
  <testcase name="service" time="6.292" classname="testcases.Counting"/>
  <testcase name="service" time="0.000" classname="testcases.Counting"/>
  <testcase name="service" time="0.000" classname="testcases.Counting"/>
  <testcase name="service" time="7.756" classname="testcases.Counting"/>
  <testcase name="service" time="0.000" classname="testcases.Counting"/>
  <testcase name="service" time="4.185" classname="testcases.Counting"/>
  <testcase name="service" time="5.442" classname="testcases.Counting"/>
  <testcase name="service" time="2.037" classname="testcases.Counting"/>
  <testcase name="service" time="1.908" classname="testcases.Counting"/>
  <testcase name="service" time="0.000" classname="testcases.Counting"/>
  <testcase name="service" time="0.001" classname="testcases.Counting"/>
  <testcase name="service" time="7.394" classname="testcases.Counting"/>
  <testcase name="service" time="0.000" classname="testcases.Counting"/>
  <testcase name="service" time="0.006" classname="testcases.Counting"/>
  <testcase name="service" time="5.280" classname="testcases.Counting"/>
  <testcase name="service" time="0.014" classname="testcases.Counting"/>
  <testcase name="service" time="4.799" classname="testcases.Counting"/>
  <testcase name="service" time="8.609" classname="testcases.Counting"/>
  <testcase name="service" time="5.368" classname="testcases.Counting"/>
  <testcase name="service" time="2.725" classname="testcases.Counting"/>
  <testcase name="service" time="0.000" classname="testcases.Counting"/>
  <testcase name="service" time="1.152" classname="testcases.Counting"/>
  <testcase name="service" time="0.000" classname="testcases.Counting"/>
  <testcase name="service" time="0.000" classname="testcases.Counting"/>
  <testcase name="service" time="0.001" classname="testcases.Counting"/>
  <testcase name="service" time="3.938" classname="testcases.Counting"/>
  <testcase name="service" time="5.812" classname="testcases.Counting"/>
  <testcase name="service" time="0.001" classname="testcases.Counting"/>
  <testcase name="service" time="0.000" classname="testcases.Counting"/>
  <testcase name="service" time="2.061" classname="testcases.Counting"/>
  <testcase name="service" time="0.000" classname="testcases.Counting"/>
  <testcase name="service" time="0.001" classname="testcases.Counting"/>
  <testcase name="service" time="5.201" classname="testcases.Counting"/>
  <testcase name="service" time="0.001" classname="testcases.Counting"/>
  <testcase name="service" time="0.000" classname="testcases.Counting"/>
  <testcase name="service" time="0.001" classname="testcases.Counting"/>
  <testcase name="service" time="0.001" classname="testcases.Counting"/>
  <testcase name="service" time="0.807" classname="testcases.Counting"/>
  <testcase name="service" time="3.373" classname="testcases.Counting"/>
  <testcase name="service" time="0.000" classname="testcases.Counting"/>
  <testcase name="service" time="1.054" classname="testcases.Counting"/>
  <testcase name="service" time="0.001" classname="testcases.Counting"/>
  <testcase name="service" time="7.406" classname="testcases.Counting"/>
  <testcase name="service" time="7.622" classname="testcases.Counting"/>
  <testcase name="service" time="0.833" classname="testcases.Counting"/>
  <testcase name="service" time="0.001" classname="testcases.Counting"/>
  <testcase name="service" time="0.374" classname="testcases.Counting"/>
  <testcase name="service" time="0.001" classname="testcases.Counting"/>
  <testcase name="service" time="0.000" classname="testcases.Counting"/>
  <testcase name="service" time="0.011" classname="testcases.Counting"/>
  <testcase name="service" time="8.114" classname="testcases.Counting"/>
  <testcase name="service" time="0.875" classname="testcases.Counting"/>
  <testcase name="service" time="5.435" classname="testcases.Counting"/>
  <testcase name="service" time="1.295" classname="testcases.Counting"/>
  <testcase name="service" time="0.001" classname="testcases.Counting"/>
  <testcase name="service" time="5.169" classname="testcases.Counting"/>
  <testcase name="service" time="7.369" classname="testcases.Counting"/>
  <testcase name="service" time="0.000" classname="testcases.Counting"/>
  <testcase name="service" time="1.935" classname="testcases.Counting"/>
  <testcase name="service" time="0.000" classname="testcases.Counting"/>
  <testcase name="service" time="0.000" classname="testcases.Counting"/>
  <testcase name="service" time="3.924" classname="testcases.Counting"/>
  <testcase name="service" time="0.001" classname="testcases.Counting"/>
  <testcase name="service" time="8.614" classname="testcases.Counting"/>
  <testcase name="service" time="2.345" classname="testcases.Counting"/>
  <testcase name="service" time="1.895" classname="testcases.Counting"/>
  <testcase name="service" time="0.000" classname="testcases.Counting"/>
  <testcase name="service" time="7.513" classname="testcases.Counting"/>
  <testcase name="service" time="2.246" classname="testcases.Counting"/>
  <testcase name="service" time="0.000" classname="testcases.Counting"/>
  <testcase name="service" time="7.846" classname="testcases.Counting"/>
  <testcase name="service" time="2.783" classname="testcases.Counting"/>
  <testcase name="service" time="0.000" classname="testcases.Counting"/>
  <testcase name="service" time="0.002" classname="testcases.Counting"/>
  <testcase name="service" time="1.168" classname="testcases.Counting"/>
  <testcase name="service" time="0.001" classname="testcases.Counting"/>
  <testcase name="service" time="4.963" classname="testcases.Counting"/>
  <testcase name="service" time="7.360" classname="testcases.Counting"/>
  <testcase name="service" time="7.431" classname="testcases.Counting"/>
  <testcase name="service" time="7.385" classname="testcases.Counting"/>
  <testcase name="service" time="0.019" classname="testcases.Counting"/>
  <testcase name="service" time="0.612" classname="testcases.Counting"/>
  <testcase name="service" time="3.612" classname="testcases.Counting"/>
  <testcase name="service" time="0.000" classname="testcases.Counting"/>
  <testcase name="service" time="7.414" classname="testcases.Counting"/>
  <testcase name="service" time="0.001" classname="testcases.Counting"/>
  <testcase name="service" time="3.673" classname="testcases.Counting"/>
  <testcase name="service" time="0.001" classname="testcases.Counting"/>
  <testcase name="service" time="2.053" classname="testcases.Counting"/>
  <testcase name="service" time="7.596" classname="testcases.Counting"/>
  <testcase name="service" time="0.000" classname="testcases.Counting"/>
  <testcase name="service" time="6.902" classname="testcases.Counting"/>
  <testcase name="service" time="0.000" classname="testcases.Counting"/>
  <testcase name="service" time="7.427" classname="testcases.Counting"/>
  <testcase name="service" time="1.994" classname="testcases.Counting"/>
  <testcase name="service" time="0.555" classname="testcases.Counting"/>
  <testcase name="service" time="8.134" classname="testcases.Counting"/>
  <testcase name="service" time="0.000" classname="testcases.Counting"/>
  <testcase name="service" time="4.533" classname="testcases.Counting"/>
  <testcase name="service" time="5.830" classname="testcases.Counting"/>
  <testcase name="service" time="7.369" classname="testcases.Counting"/>
  <testcase name="service" time="0.007" classname="testcases.Counting"/>
  <testcase name="service" time="3.199" classname="testcases.Counting"/>
  <testcase name="service" time="3.225" classname="testcases.Counting"/>
  <testcase name="service" time="0.000" classname="testcases.Counting"/>
  <testcase name="service" time="3.255" classname="testcases.Counting"/>
  <testcase name="service" time="4.471" classname="testcases.Counting"/>
  <testcase name="service" time="4.266" classname="testcases.Counting"/>
  <testcase name="service" time="0.001" classname="testcases.Counting"/>
  <testcase name="service" time="4.812" classname="testcases.Counting"/>
  <testcase name="service" time="0.001" classname="testcases.Counting"/>
  <testcase name="service" time="0.000" classname="testcases.Counting"/>
  <testcase name="service" time="0.002" classname="testcases.Counting"/>
  <testcase name="service" time="0.001" classname="testcases.Counting"/>
  <testcase name="service" time="2.420" classname="testcases.Counting"/>
  <testcase name="service" time="0.000" classname="testcases.Counting"/>
  <testcase name="service" time="2.280" classname="testcases.Counting"/>
  <testcase name="service" time="5.446" classname="testcases.Counting"/>
  <testcase name="service" time="2.119" classname="testcases.Counting"/>
  <testcase name="service" time="8.063" classname="testcases.Counting"/>
  <testcase name="service" time="0.001" classname="testcases.Counting"/>
  <testcase name="service" time="2.289" classname="testcases.Counting"/>
  <testcase name="service" time="5.224" classname="testcases.Counting"/>
  <testcase name="service" time="8.321" classname="testcases.Counting"/>
  <testcase name="service" time="3.949" classname="testcases.Counting"/>
  <testcase name="service" time="2.032" classname="testcases.Counting"/>
  <testcase name="service" time="2.699" classname="testcases.Counting"/>
  <testcase name="service" time="0.000" classname="testcases.Counting"/>
  <testcase name="service" time="2.139" classname="testcases.Counting"/>
  <testcase name="service" time="3.135" classname="testcases.Counting"/>
  <testcase name="service" time="0.004" classname="testcases.Counting"/>
  <testcase name="service" time="7.421" classname="testcases.Counting"/>
  <testcase name="service" time="3.870" classname="testcases.Counting"/>
  <testcase name="service" time="4.314" classname="testcases.Counting"/>
  <testcase name="service" time="0.001" classname="testcases.Counting"/>
  <testcase name="service" time="6.986" classname="testcases.Counting"/>
  <testcase name="service" time="3.993" classname="testcases.Counting"/>
  <testcase name="service" time="4.474" classname="testcases.Counting"/>
  <testcase name="service" time="7.629" classname="testcases.Counting"/>
  <testcase name="service" time="0.001" classname="testcases.Counting"/>
  <testcase name="service" time="0.000" classname="testcases.Counting"/>
  <testcase name="service" time="0.832" classname="testcases.Counting"/>
  <testcase name="service" time="0.001" classname="testcases.Counting"/>
  <testcase name="service" time="0.041" classname="testcases.Counting"/>
  <testcase name="service" time="2.426" classname="testcases.Counting"/>
  <testcase name="service" time="0.000" classname="testcases.Counting"/>
  <testcase name="service" time="7.406" classname="testcases.Counting"/>
  <testcase name="service" time="0.001" classname="testcases.Counting"/>
  <testcase name="service" time="0.000" classname="testcases.Counting"/>
  <testcase name="service" time="0.001" classname="testcases.Counting"/>
  <testcase name="service" time="2.028" classname="testcases.Counting"/>
  <testcase name="service" time="0.001" classname="testcases.Counting"/>
  <testcase name="service" time="0.000" classname="testcases.Counting"/>
  <testcase name="service" time="1.585" classname="testcases.Counting"/>
  <testcase name="service" time="0.000" classname="testcases.Counting"/>
  <testcase name="service" time="4.065" classname="testcases.Counting"/>
  <testcase name="service" time="7.909" classname="testcases.Counting"/>
  <testcase name="service" time="0.000" classname="testcases.Counting"/>
  <testcase name="service" time="2.311" classname="testcases.Counting"/>
  <testcase name="service" time="6.301" classname="testcases.Counting"/>
  <testcase name="service" time="0.001" classname="testcases.Counting"/>
  <testcase name="service" time="0.001" classname="testcases.Counting"/>
  <testcase name="service" time="2.522" classname="testcases.Counting"/>
  <testcase name="service" time="0.774" classname="testcases.Counting"/>
  <testcase name="service" time="2.143" classname="testcases.Counting"/>
  <testcase name="service" time="5.393" classname="testcases.Counting"/>
  <testcase name="service" time="1.076" classname="testcases.Counting"/>
  <testcase name="service" time="0.000" classname="testcases.Counting"/>
  <testcase name="service" time="7.278" classname="testcases.Counting"/>
  <testcase name="service" time="0.000" classname="testcases.Counting"/>
  <testcase name="service" time="3.370" classname="testcases.Counting"/>
  <testcase name="service" time="0.000" classname="testcases.Counting"/>
  <testcase name="service" time="4.602" classname="testcases.Counting"/>
  <testcase name="service" time="0.000" classname="testcases.Counting"/>
  <testcase name="service" time="0.002" classname="testcases.Counting"/>
  <testcase name="service" time="5.333" classname="testcases.Counting"/>
  <testcase name="service" time="5.928" classname="testcases.Counting"/>
  <testcase name="service" time="5.454" classname="testcases.Counting"/>
  <testcase name="service" time="5.403" classname="testcases.Counting"/>
  <testcase name="service" time="0.001" classname="testcases.Counting"/>
  <testcase name="service" time="1.609" classname="testcases.Counting"/>
  <testcase name="service" time="7.403" classname="testcases.Counting"/>
  <testcase name="service" time="0.996" classname="testcases.Counting"/>
  <testcase name="service" time="1.902" classname="testcases.Counting"/>
  <testcase name="service" time="5.278" classname="testcases.Counting"/>
  <testcase name="service" time="2.726" classname="testcases.Counting"/>
  <testcase name="service" time="2.738" classname="testcases.Counting"/>
  <testcase name="service" time="4.024" classname="testcases.Counting"/>
  <testcase name="service" time="0.000" classname="testcases.Counting"/>
  <testcase name="service" time="0.000" classname="testcases.Counting"/>
  <testcase name="service" time="1.644" classname="testcases.Counting"/>
  <testcase name="service" time="0.000" classname="testcases.Counting"/>
  <testcase name="service" time="5.317" classname="testcases.Counting"/>
  <testcase name="service" time="3.253" classname="testcases.Counting"/>
  <testcase name="service" time="8.377" classname="testcases.Counting"/>
  <testcase name="service" time="5.543" classname="testcases.Counting"/>
  <testcase name="service" time="7.428" classname="testcases.Counting"/>
  <testcase name="service" time="0.001" classname="testcases.Counting"/>
  <testcase name="service" time="0.000" classname="testcases.Counting"/>
  <testcase name="service" time="0.001" classname="testcases.Counting"/>
  <testcase name="service" time="2.957" classname="testcases.Counting"/>
  <testcase name="service" time="2.245" classname="testcases.Counting"/>
  <testcase name="service" time="0.000" classname="testcases.Counting"/>
  <testcase name="service" time="0.000" classname="testcases.Counting"/>
  <testcase name="service" time="6.307" classname="testcases.Counting"/>
  <testcase name="service" time="0.005" classname="testcases.Counting"/>
  <testcase name="service" time="0.001" classname="testcases.Counting"/>
  <testcase name="service" time="0.002" classname="testcases.Counting"/>
  <testcase name="service" time="0.000" classname="testcases.Counting"/>
  <testcase name="service" time="0.000" classname="testcases.Counting"/>
  <testcase name="service" time="5.403" classname="testcases.Counting"/>
  <testcase name="service" time="0.001" classname="testcases.Counting"/>
  <testcase name="service" time="3.582" classname="testcases.Counting"/>
  <testcase name="service" time="2.587" classname="testcases.Counting"/>
  <testcase name="service" time="0.002" classname="testcases.Counting"/>
  <testcase name="service" time="3.251" classname="testcases.Counting"/>
  <testcase name="service" time="5.315" classname="testcases.Counting"/>
  <testcase name="service" time="2.070" classname="testcases.Counting"/>
  <testcase name="service" time="0.001" classname="testcases.Counting"/>
  <testcase name="service" time="0.759" classname="testcases.Counting"/>
  <testcase name="service" time="0.000" classname="testcases.Counting"/>
  <testcase name="service" time="0.001" classname="testcases.Counting"/>
  <testcase name="service" time="7.415" classname="testcases.Counting"/>
  <testcase name="service" time="2.211" classname="testcases.Counting"/>
  <testcase name="service" time="0.541" classname="testcases.Counting"/>
  <testcase name="service" time="2.064" classname="testcases.Counting"/>
  <testcase name="service" time="0.000" classname="testcases.Counting"/>
  <testcase name="service" time="6.300" classname="testcases.Counting"/>
  <testcase name="service" time="0.000" classname="testcases.Counting"/>
  <testcase name="service" time="0.007" classname="testcases.Counting"/>
  <testcase name="service" time="0.001" classname="testcases.Counting"/>
  <testcase name="service" time="0.001" classname="testcases.Counting"/>
  <testcase name="service" time="0.002" classname="testcases.Counting"/>
  <testcase name="service" time="0.001" classname="testcases.Counting"/>
  <testcase name="service" time="0.833" classname="testcases.Counting"/>
  <testcase name="service" time="2.031" classname="testcases.Counting"/>
  <testcase name="service" time="0.000" classname="testcases.Counting"/>
  <testcase name="service" time="0.927" classname="testcases.Counting"/>
  <testcase name="service" time="4.662" classname="testcases.Counting"/>
  <testcase name="service" time="2.047" classname="testcases.Counting"/>
  <testcase name="service" time="7.511" classname="testcases.Counting"/>
  <testcase name="service" time="0.000" classname="testcases.Counting"/>
  <testcase name="service" time="2.398" classname="testcases.Counting"/>
  <testcase name="service" time="0.001" classname="testcases.Counting"/>
  <testcase name="service" time="5.420" classname="testcases.Counting"/>
  <testcase name="service" time="0.001" classname="testcases.Counting"/>
  <testcase name="service" time="0.000" classname="testcases.Counting"/>
  <testcase name="service" time="2.412" classname="testcases.Counting"/>
  <testcase name="service" time="0.012" classname="testcases.Counting"/>
  <testcase name="service" time="4.674" classname="testcases.Counting"/>
  <testcase name="service" time="2.553" classname="testcases.Counting"/>
  <testcase name="service" time="1.475" classname="testcases.Counting"/>
  <testcase name="service" time="4.816" classname="testcases.Counting"/>
  <testcase name="service" time="0.193" classname="testcases.Counting"/>
  <testcase name="service" time="0.000" classname="testcases.Counting"/>
  <testcase name="service" time="3.519" classname="testcases.Counting"/>
  <testcase name="service" time="0.472" classname="testcases.Counting"/>
  <testcase name="service" time="8.357" classname="testcases.Counting"/>
  <testcase name="service" time="0.000" classname="testcases.Counting"/>
  <testcase name="service" time="0.009" classname="testcases.Counting"/>
  <testcase name="service" time="2.436" classname="testcases.Counting"/>
  <testcase name="service" time="8.285" classname="testcases.Counting"/>
  <testcase name="service" time="0.008" classname="testcases.Counting"/>
  <testcase name="service" time="0.260" classname="testcases.Counting"/>
  <testcase name="service" time="0.384" classname="testcases.Counting"/>
  <testcase name="service" time="2.290" classname="testcases.Counting"/>
  <testcase name="service" time="0.001" classname="testcases.Counting"/>
  <testcase name="service" time="3.608" classname="testcases.Counting"/>
  <testcase name="service" time="0.001" classname="testcases.Counting"/>
  <testcase name="service" time="0.000" classname="testcases.Counting"/>
  <testcase name="service" time="2.786" classname="testcases.Counting"/>
  <testcase name="service" time="5.918" classname="testcases.Counting"/>
  <testcase name="service" time="7.624" classname="testcases.Counting"/>
  <testcase name="service" time="4.939" classname="testcases.Counting"/>
  <testcase name="service" time="0.003" classname="testcases.Counting"/>
  <testcase name="service" time="0.001" classname="testcases.Counting"/>
  <testcase name="service" time="0.001" classname="testcases.Counting"/>
  <testcase name="service" time="0.002" classname="testcases.Counting"/>
  <testcase name="service" time="1.538" classname="testcases.Counting"/>
  <testcase name="service" time="3.373" classname="testcases.Counting"/>
  <testcase name="service" time="0.000" classname="testcases.Counting"/>
  <testcase name="service" time="2.038" classname="testcases.Counting"/>
  <testcase name="service" time="3.276" classname="testcases.Counting"/>
  <testcase name="service" time="0.001" classname="testcases.Counting"/>
  <testcase name="service" time="4.468" classname="testcases.Counting"/>
  <testcase name="service" time="7.410" classname="testcases.Counting"/>
  <testcase name="service" time="0.000" classname="testcases.Counting"/>
  <testcase name="service" time="0.001" classname="testcases.Counting"/>
  <testcase name="service" time="0.000" classname="testcases.Counting"/>
  <testcase name="service" time="1.747" classname="testcases.Counting"/>
  <testcase name="service" time="0.000" classname="testcases.Counting"/>
  <testcase name="service" time="0.003" classname="testcases.Counting"/>
  <testcase name="service" time="0.000" classname="testcases.Counting"/>
  <testcase name="service" time="0.001" classname="testcases.Counting"/>
  <testcase name="service" time="7.289" classname="testcases.Counting"/>
  <testcase name="service" time="1.170" classname="testcases.Counting"/>
  <testcase name="service" time="7.749" classname="testcases.Counting"/>
  <testcase name="service" time="4.720" classname="testcases.Counting"/>
  <testcase name="service" time="8.284" classname="testcases.Counting"/>
  <testcase name="service" time="0.000" classname="testcases.Counting"/>
  <testcase name="service" time="1.916" classname="testcases.Counting"/>
  <testcase name="service" time="2.647" classname="testcases.Counting"/>
  <testcase name="service" time="7.289" classname="testcases.Counting"/>
  <testcase name="service" time="2.505" classname="testcases.Counting"/>
  <testcase name="service" time="1.794" classname="testcases.Counting"/>
  <testcase name="service" time="5.373" classname="testcases.Counting"/>
  <testcase name="service" time="1.387" classname="testcases.Counting"/>
  <testcase name="service" time="0.000" classname="testcases.Counting"/>
  <testcase name="service" time="0.000" classname="testcases.Counting"/>
  <testcase name="service" time="1.943" classname="testcases.Counting"/>
  <testcase name="service" time="4.516" classname="testcases.Counting"/>
  <testcase name="service" time="0.001" classname="testcases.Counting"/>
  <testcase name="service" time="4.899" classname="testcases.Counting"/>
  <testcase name="service" time="0.001" classname="testcases.Counting"/>
  <testcase name="service" time="0.000" classname="testcases.Counting"/>
  <testcase name="service" time="2.510" classname="testcases.Counting"/>
  <testcase name="service" time="3.980" classname="testcases.Counting"/>
  <testcase name="service" time="0.001" classname="testcases.Counting"/>
  <testcase name="service" time="4.597" classname="testcases.Counting"/>
  <testcase name="service" time="3.569" classname="testcases.Counting"/>
  <testcase name="service" time="7.439" classname="testcases.Counting"/>
  <testcase name="service" time="0.000" classname="testcases.Counting"/>
  <testcase name="service" time="0.000" classname="testcases.Counting"/>
  <testcase name="service" time="4.599" classname="testcases.Counting"/>
  <testcase name="service" time="1.654" classname="testcases.Counting"/>
  <testcase name="service" time="3.283" classname="testcases.Counting"/>
  <testcase name="service" time="0.000" classname="testcases.Counting"/>
  <testcase name="service" time="7.398" classname="testcases.Counting"/>
  <testcase name="service" time="0.001" classname="testcases.Counting"/>
  <testcase name="service" time="0.429" classname="testcases.Counting"/>
  <testcase name="service" time="7.635" classname="testcases.Counting"/>
  <testcase name="service" time="1.907" classname="testcases.Counting"/>
  <testcase name="service" time="3.297" classname="testcases.Counting"/>
  <testcase name="service" time="5.313" classname="testcases.Counting"/>
  <testcase name="service" time="1.076" classname="testcases.Counting"/>
  <testcase name="service" time="3.255" classname="testcases.Counting"/>
  <testcase name="service" time="0.000" classname="testcases.Counting"/>
  <testcase name="service" time="0.001" classname="testcases.Counting"/>
  <testcase name="service" time="0.001" classname="testcases.Counting"/>
  <testcase name="service" time="4.359" classname="testcases.Counting"/>
  <testcase name="service" time="7.314" classname="testcases.Counting"/>
  <testcase name="service" time="0.067" classname="testcases.Counting"/>
  <testcase name="service" time="5.258" classname="testcases.Counting"/>
  <testcase name="service" time="0.017" classname="testcases.Counting"/>
  <testcase name="service" time="2.855" classname="testcases.Counting"/>
  <testcase name="service" time="1.236" classname="testcases.Counting"/>
  <testcase name="service" time="0.027" classname="testcases.Counting"/>
  <testcase name="service" time="3.157" classname="testcases.Counting"/>
  <testcase name="service" time="2.704" classname="testcases.Counting"/>
  <testcase name="service" time="0.001" classname="testcases.Counting"/>
  <testcase name="service" time="0.001" classname="testcases.Counting"/>
  <testcase name="service" time="0.000" classname="testcases.Counting"/>
  <testcase name="service" time="5.224" classname="testcases.Counting"/>
  <testcase name="service" time="2.831" classname="testcases.Counting"/>
  <testcase name="service" time="0.474" classname="testcases.Counting"/>
  <testcase name="service" time="0.000" classname="testcases.Counting"/>
  <testcase name="service" time="2.121" classname="testcases.Counting"/>
  <testcase name="service" time="0.000" classname="testcases.Counting"/>
  <testcase name="service" time="0.001" classname="testcases.Counting"/>
  <testcase name="service" time="5.230" classname="testcases.Counting"/>
  <testcase name="service" time="0.000" classname="testcases.Counting"/>
  <testcase name="service" time="1.529" classname="testcases.Counting"/>
  <testcase name="service" time="1.149" classname="testcases.Counting"/>
  <testcase name="service" time="0.008" classname="testcases.Counting"/>
  <testcase name="service" time="3.330" classname="testcases.Counting"/>
  <testcase name="service" time="0.000" classname="testcases.Counting"/>
  <testcase name="service" time="5.065" classname="testcases.Counting"/>
  <testcase name="service" time="1.529" classname="testcases.Counting"/>
  <testcase name="service" time="1.558" classname="testcases.Counting"/>
  <testcase name="service" time="2.356" classname="testcases.Counting"/>
  <testcase name="service" time="0.000" classname="testcases.Counting"/>
  <testcase name="service" time="5.543" classname="testcases.Counting"/>
  <testcase name="service" time="0.000" classname="testcases.Counting"/>
  <testcase name="service" time="2.879" classname="testcases.Counting"/>
  <testcase name="service" time="0.000" classname="testcases.Counting"/>
  <testcase name="service" time="6.190" classname="testcases.Counting"/>
  <testcase name="service" time="0.000" classname="testcases.Counting"/>
  <testcase name="service" time="0.826" classname="testcases.Counting"/>
  <testcase name="service" time="3.207" classname="testcases.Counting"/>
  <testcase name="service" time="0.001" classname="testcases.Counting"/>
  <testcase name="service" time="7.410" classname="testcases.Counting"/>
  <testcase name="service" time="0.001" classname="testcases.Counting"/>
  <testcase name="service" time="0.003" classname="testcases.Counting"/>
  <testcase name="service" time="0.239" classname="testcases.Counting"/>
  <testcase name="service" time="0.970" classname="testcases.Counting"/>
  <testcase name="service" time="0.006" classname="testcases.Counting"/>
  <testcase name="service" time="0.000" classname="testcases.Counting"/>
  <testcase name="service" time="7.338" classname="testcases.Counting"/>
  <testcase name="service" time="6.805" classname="testcases.Counting"/>
  <testcase name="service" time="2.404" classname="testcases.Counting"/>
  <testcase name="service" time="3.678" classname="testcases.Counting"/>
  <testcase name="service" time="8.575" classname="testcases.Counting"/>
  <testcase name="service" time="1.172" classname="testcases.Counting"/>
  <testcase name="service" time="0.001" classname="testcases.Counting"/>
  <testcase name="service" time="0.001" classname="testcases.Counting"/>
  <testcase name="service" time="5.554" classname="testcases.Counting"/>
  <testcase name="service" time="4.272" classname="testcases.Counting"/>
  <testcase name="service" time="0.006" classname="testcases.Counting"/>
  <testcase name="service" time="6.004" classname="testcases.Counting"/>
  <testcase name="service" time="0.204" classname="testcases.Counting"/>
  <testcase name="service" time="8.430" classname="testcases.Counting"/>
  <testcase name="service" time="2.263" classname="testcases.Counting"/>
  <testcase name="service" time="0.000" classname="testcases.Counting"/>
  <testcase name="service" time="3.968" classname="testcases.Counting"/>
  <testcase name="service" time="4.807" classname="testcases.Counting"/>
  <testcase name="service" time="0.000" classname="testcases.Counting"/>
  <testcase name="service" time="0.531" classname="testcases.Counting"/>
  <testcase name="service" time="2.947" classname="testcases.Counting"/>
  <testcase name="service" time="2.664" classname="testcases.Counting"/>
  <testcase name="service" time="0.000" classname="testcases.Counting"/>
  <testcase name="service" time="3.103" classname="testcases.Counting"/>
  <testcase name="service" time="0.001" classname="testcases.Counting"/>
  <testcase name="service" time="1.660" classname="testcases.Counting"/>
  <testcase name="service" time="1.938" classname="testcases.Counting"/>
  <testcase name="service" time="0.000" classname="testcases.Counting"/>
  <testcase name="service" time="5.288" classname="testcases.Counting"/>
  <testcase name="service" time="4.463" classname="testcases.Counting"/>
  <testcase name="service" time="0.000" classname="testcases.Counting"/>
  <testcase name="service" time="0.001" classname="testcases.Counting"/>
  <testcase name="service" time="2.405" classname="testcases.Counting"/>
  <testcase name="service" time="0.000" classname="testcases.Counting"/>
  <testcase name="service" time="2.047" classname="testcases.Counting"/>
  <testcase name="service" time="4.346" classname="testcases.Counting"/>
  <testcase name="service" time="0.000" classname="testcases.Counting"/>
  <testcase name="service" time="6.157" classname="testcases.Counting"/>
  <testcase name="service" time="2.403" classname="testcases.Counting"/>
  <testcase name="service" time="2.235" classname="testcases.Counting"/>
  <testcase name="service" time="5.676" classname="testcases.Counting"/>
  <testcase name="service" time="2.306" classname="testcases.Counting"/>
  <testcase name="service" time="6.280" classname="testcases.Counting"/>
  <testcase name="service" time="5.193" classname="testcases.Counting"/>
  <testcase name="service" time="0.591" classname="testcases.Counting"/>
  <testcase name="service" time="0.018" classname="testcases.Counting"/>
  <testcase name="service" time="0.001" classname="testcases.Counting"/>
  <testcase name="service" time="2.481" classname="testcases.Counting"/>
  <testcase name="service" time="0.000" classname="testcases.Counting"/>
  <testcase name="service" time="7.448" classname="testcases.Counting"/>
  <testcase name="service" time="4.673" classname="testcases.Counting"/>
  <testcase name="service" time="0.000" classname="testcases.Counting"/>
  <testcase name="service" time="5.278" classname="testcases.Counting"/>
  <testcase name="service" time="3.268" classname="testcases.Counting"/>
  <testcase name="service" time="0.000" classname="testcases.Counting"/>
  <testcase name="service" time="0.001" classname="testcases.Counting"/>
  <testcase name="service" time="1.278" classname="testcases.Counting"/>
  <testcase name="service" time="0.000" classname="testcases.Counting"/>
  <testcase name="service" time="0.001" classname="testcases.Counting"/>
  <testcase name="service" time="0.000" classname="testcases.Counting"/>
  <testcase name="service" time="0.001" classname="testcases.Counting"/>
  <testcase name="service" time="0.611" classname="testcases.Counting"/>
  <testcase name="service" time="1.044" classname="testcases.Counting"/>
  <testcase name="service" time="3.117" classname="testcases.Counting"/>
  <testcase name="service" time="0.000" classname="testcases.Counting"/>
  <testcase name="service" time="8.518" classname="testcases.Counting"/>
  <testcase name="service" time="1.833" classname="testcases.Counting"/>
  <testcase name="service" time="8.357" classname="testcases.Counting"/>
  <testcase name="service" time="3.255" classname="testcases.Counting"/>
  <testcase name="service" time="0.000" classname="testcases.Counting"/>
  <testcase name="service" time="8.564" classname="testcases.Counting"/>
  <testcase name="service" time="2.297" classname="testcases.Counting"/>
  <testcase name="service" time="2.048" classname="testcases.Counting"/>
  <testcase name="service" time="0.001" classname="testcases.Counting"/>
  <testcase name="service" time="7.427" classname="testcases.Counting"/>
  <testcase name="service" time="3.236" classname="testcases.Counting"/>
  <testcase name="service" time="0.002" classname="testcases.Counting"/>
  <testcase name="service" time="0.000" classname="testcases.Counting"/>
  <testcase name="service" time="4.035" classname="testcases.Counting"/>
  <testcase name="service" time="4.264" classname="testcases.Counting"/>
  <testcase name="service" time="8.218" classname="testcases.Counting"/>
  <testcase name="service" time="0.024" classname="testcases.Counting"/>
  <testcase name="service" time="0.000" classname="testcases.Counting"/>
  <testcase name="service" time="0.001" classname="testcases.Counting"/>
  <testcase name="service" time="0.001" classname="testcases.Counting"/>
  <testcase name="service" time="5.218" classname="testcases.Counting"/>
  <testcase name="service" time="8.331" classname="testcases.Counting"/>
  <testcase name="service" time="7.600" classname="testcases.Counting"/>
  <testcase name="service" time="0.001" classname="testcases.Counting"/>
  <testcase name="service" time="2.163" classname="testcases.Counting"/>
  <testcase name="service" time="0.001" classname="testcases.Counting"/>
  <testcase name="service" time="8.315" classname="testcases.Counting"/>
  <testcase name="service" time="0.000" classname="testcases.Counting"/>
  <testcase name="service" time="3.866" classname="testcases.Counting"/>
  <testcase name="service" time="3.257" classname="testcases.Counting"/>
  <testcase name="service" time="1.027" classname="testcases.Counting"/>
  <testcase name="service" time="4.817" classname="testcases.Counting"/>
  <testcase name="service" time="4.612" classname="testcases.Counting"/>
  <testcase name="service" time="2.803" classname="testcases.Counting"/>
  <testcase name="service" time="2.858" classname="testcases.Counting"/>
  <testcase name="service" time="3.394" classname="testcases.Counting"/>
  <testcase name="service" time="1.387" classname="testcases.Counting"/>
  <testcase name="service" time="0.001" classname="testcases.Counting"/>
  <testcase name="service" time="0.001" classname="testcases.Counting"/>
  <testcase name="service" time="5.390" classname="testcases.Counting"/>
  <testcase name="service" time="1.598" classname="testcases.Counting"/>
  <testcase name="service" time="2.547" classname="testcases.Counting"/>
  <testcase name="service" time="0.009" classname="testcases.Counting"/>
  <testcase name="service" time="5.375" classname="testcases.Counting"/>
  <testcase name="service" time="5.276" classname="testcases.Counting"/>
  <testcase name="service" time="0.000" classname="testcases.Counting"/>
  <testcase name="service" time="4.882" classname="testcases.Counting"/>
  <testcase name="service" time="0.647" classname="testcases.Counting"/>
  <testcase name="service" time="0.000" classname="testcases.Counting"/>
  <testcase name="service" time="5.905" classname="testcases.Counting"/>
  <testcase name="service" time="2.636" classname="testcases.Counting"/>
  <testcase name="service" time="0.000" classname="testcases.Counting"/>
  <testcase name="service" time="4.477" classname="testcases.Counting"/>
  <testcase name="service" time="2.421" classname="testcases.Counting"/>
  <testcase name="service" time="3.150" classname="testcases.Counting"/>
  <testcase name="service" time="7.407" classname="testcases.Counting"/>
  <testcase name="service" time="4.572" classname="testcases.Counting"/>
  <testcase name="service" time="2.784" classname="testcases.Counting"/>
  <testcase name="service" time="2.583" classname="testcases.Counting"/>
  <testcase name="service" time="7.358" classname="testcases.Counting"/>
  <testcase name="service" time="0.005" classname="testcases.Counting"/>
  <testcase name="service" time="4.951" classname="testcases.Counting"/>
  <testcase name="service" time="4.351" classname="testcases.Counting"/>
  <testcase name="service" time="1.055" classname="testcases.Counting"/>
  <testcase name="service" time="4.456" classname="testcases.Counting"/>
  <testcase name="service" time="0.000" classname="testcases.Counting"/>
  <testcase name="service" time="0.000" classname="testcases.Counting"/>
  <testcase name="service" time="5.543" classname="testcases.Counting"/>
  <testcase name="service" time="8.358" classname="testcases.Counting"/>
  <testcase name="service" time="4.443" classname="testcases.Counting"/>
  <testcase name="service" time="0.001" classname="testcases.Counting"/>
  <testcase name="service" time="0.001" classname="testcases.Counting"/>
  <testcase name="service" time="5.560" classname="testcases.Counting"/>
  <testcase name="service" time="0.001" classname="testcases.Counting"/>
  <testcase name="service" time="0.000" classname="testcases.Counting"/>
  <testcase name="service" time="0.001" classname="testcases.Counting"/>
  <testcase name="service" time="4.516" classname="testcases.Counting"/>
  <testcase name="service" time="0.001" classname="testcases.Counting"/>
  <testcase name="service" time="1.045" classname="testcases.Counting"/>
  <testcase name="service" time="0.511" classname="testcases.Counting"/>
  <testcase name="service" time="0.000" classname="testcases.Counting"/>
  <testcase name="service" time="7.316" classname="testcases.Counting"/>
  <testcase name="service" time="2.185" classname="testcases.Counting"/>
  <testcase name="service" time="0.000" classname="testcases.Counting"/>
  <testcase name="service" time="8.335" classname="testcases.Counting"/>
  <testcase name="service" time="0.001" classname="testcases.Counting"/>
  <testcase name="service" time="8.569" classname="testcases.Counting"/>
  <testcase name="service" time="7.664" classname="testcases.Counting"/>
  <testcase name="service" time="7.622" classname="testcases.Counting"/>
  <testcase name="service" time="4.127" classname="testcases.Counting"/>
  <testcase name="service" time="0.001" classname="testcases.Counting"/>
  <testcase name="service" time="0.000" classname="testcases.Counting"/>
  <testcase name="service" time="0.002" classname="testcases.Counting"/>
  <testcase name="service" time="8.341" classname="testcases.Counting"/>
  <testcase name="service" time="1.778" classname="testcases.Counting"/>
  <testcase name="service" time="0.001" classname="testcases.Counting"/>
  <testcase name="service" time="0.000" classname="testcases.Counting"/>
  <testcase name="service" time="4.015" classname="testcases.Counting"/>
  <testcase name="service" time="0.000" classname="testcases.Counting"/>
  <testcase name="service" time="3.354" classname="testcases.Counting"/>
  <testcase name="service" time="0.000" classname="testcases.Counting"/>
  <testcase name="service" time="2.009" classname="testcases.Counting"/>
  <testcase name="service" time="5.444" classname="testcases.Counting"/>
  <testcase name="service" time="0.000" classname="testcases.Counting"/>
  <testcase name="service" time="4.790" classname="testcases.Counting"/>
  <testcase name="service" time="5.383" classname="testcases.Counting"/>
  <testcase name="service" time="1.360" classname="testcases.Counting"/>
  <testcase name="service" time="2.456" classname="testcases.Counting"/>
  <testcase name="service" time="0.000" classname="testcases.Counting"/>
  <testcase name="service" time="8.459" classname="testcases.Counting"/>
  <testcase name="service" time="3.340" classname="testcases.Counting"/>
  <testcase name="service" time="8.285" classname="testcases.Counting"/>
  <testcase name="service" time="4.490" classname="testcases.Counting"/>
  <testcase name="service" time="0.000" classname="testcases.Counting"/>
  <testcase name="service" time="1.831" classname="testcases.Counting"/>
  <testcase name="service" time="2.571" classname="testcases.Counting"/>
  <testcase name="service" time="0.584" classname="testcases.Counting"/>
  <testcase name="service" time="2.739" classname="testcases.Counting"/>
  <testcase name="service" time="3.782" classname="testcases.Counting"/>
  <testcase name="service" time="5.238" classname="testcases.Counting"/>
  <testcase name="service" time="2.092" classname="testcases.Counting"/>
  <testcase name="service" time="0.000" classname="testcases.Counting"/>
  <testcase name="service" time="2.058" classname="testcases.Counting"/>
  <testcase name="service" time="2.671" classname="testcases.Counting"/>
  <testcase name="service" time="0.001" classname="testcases.Counting"/>
  <testcase name="service" time="0.022" classname="testcases.Counting"/>
  <testcase name="service" time="0.002" classname="testcases.Counting"/>
  <testcase name="service" time="8.296" classname="testcases.Counting"/>
  <testcase name="service" time="0.000" classname="testcases.Counting"/>
  <testcase name="service" time="4.358" classname="testcases.Counting"/>
  <testcase name="service" time="0.001" classname="testcases.Counting"/>
  <testcase name="service" time="8.328" classname="testcases.Counting"/>
  <testcase name="service" time="0.000" classname="testcases.Counting"/>
  <testcase name="service" time="5.178" classname="testcases.Counting"/>
  <testcase name="service" time="0.531" classname="testcases.Counting"/>
  <testcase name="service" time="0.000" classname="testcases.Counting"/>
  <testcase name="service" time="3.963" classname="testcases.Counting"/>
  <testcase name="service" time="0.000" classname="testcases.Counting"/>
  <testcase name="service" time="1.997" classname="testcases.Counting"/>
  <testcase name="service" time="2.490" classname="testcases.Counting"/>
  <testcase name="service" time="0.731" classname="testcases.Counting"/>
  <testcase name="service" time="7.828" classname="testcases.Counting"/>
  <testcase name="service" time="0.001" classname="testcases.Counting"/>
  <testcase name="service" time="7.443" classname="testcases.Counting"/>
  <testcase name="service" time="5.402" classname="testcases.Counting"/>
  <testcase name="service" time="1.512" classname="testcases.Counting"/>
  <testcase name="service" time="0.000" classname="testcases.Counting"/>
  <testcase name="service" time="4.275" classname="testcases.Counting"/>
  <testcase name="service" time="2.029" classname="testcases.Counting"/>
  <testcase name="service" time="0.001" classname="testcases.Counting"/>
  <testcase name="service" time="8.341" classname="testcases.Counting"/>
  <testcase name="service" time="0.001" classname="testcases.Counting"/>
  <testcase name="service" time="1.774" classname="testcases.Counting"/>
  <testcase name="service" time="0.001" classname="testcases.Counting"/>
  <testcase name="service" time="3.377" classname="testcases.Counting"/>
  <testcase name="service" time="1.975" classname="testcases.Counting"/>
  <testcase name="service" time="0.000" classname="testcases.Counting"/>
  <testcase name="service" time="0.002" classname="testcases.Counting"/>
  <testcase name="service" time="2.575" classname="testcases.Counting"/>
  <testcase name="service" time="2.183" classname="testcases.Counting"/>
  <testcase name="service" time="7.428" classname="testcases.Counting"/>
  <testcase name="service" time="1.381" classname="testcases.Counting"/>
  <testcase name="service" time="0.583" classname="testcases.Counting"/>
  <testcase name="service" time="0.000" classname="testcases.Counting"/>
  <testcase name="service" time="0.242" classname="testcases.Counting"/>
  <testcase name="service" time="3.039" classname="testcases.Counting"/>
  <testcase name="service" time="1.674" classname="testcases.Counting"/>
  <testcase name="service" time="4.561" classname="testcases.Counting"/>
  <testcase name="service" time="3.274" classname="testcases.Counting"/>
  <testcase name="service" time="4.718" classname="testcases.Counting"/>
  <testcase name="service" time="5.230" classname="testcases.Counting"/>
  <testcase name="service" time="0.000" classname="testcases.Counting"/>
  <testcase name="service" time="0.812" classname="testcases.Counting"/>
  <testcase name="service" time="0.002" classname="testcases.Counting"/>
  <testcase name="service" time="3.948" classname="testcases.Counting"/>
  <testcase name="service" time="0.001" classname="testcases.Counting"/>
  <testcase name="service" time="2.198" classname="testcases.Counting"/>
  <testcase name="service" time="0.000" classname="testcases.Counting"/>
  <testcase name="service" time="0.001" classname="testcases.Counting"/>
  <testcase name="service" time="4.206" classname="testcases.Counting"/>
  <testcase name="service" time="2.411" classname="testcases.Counting"/>
  <testcase name="service" time="0.664" classname="testcases.Counting"/>
  <testcase name="service" time="5.555" classname="testcases.Counting"/>
  <testcase name="service" time="5.853" classname="testcases.Counting"/>
  <testcase name="service" time="0.001" classname="testcases.Counting"/>
  <testcase name="service" time="6.302" classname="testcases.Counting"/>
  <testcase name="service" time="0.001" classname="testcases.Counting"/>
  <testcase name="service" time="3.078" classname="testcases.Counting"/>
  <testcase name="service" time="3.037" classname="testcases.Counting"/>
  <testcase name="service" time="4.541" classname="testcases.Counting"/>
  <testcase name="service" time="1.315" classname="testcases.Counting"/>
  <testcase name="service" time="4.515" classname="testcases.Counting"/>
  <testcase name="service" time="5.187" classname="testcases.Counting"/>
  <testcase name="service" time="1.941" classname="testcases.Counting"/>
  <testcase name="service" time="8.519" classname="testcases.Counting"/>
  <testcase name="service" time="4.209" classname="testcases.Counting"/>
  <testcase name="service" time="0.001" classname="testcases.Counting"/>
  <testcase name="service" time="4.540" classname="testcases.Counting"/>
  <testcase name="service" time="2.239" classname="testcases.Counting"/>
  <testcase name="service" time="0.013" classname="testcases.Counting"/>
  <testcase name="service" time="2.881" classname="testcases.Counting"/>
  <testcase name="service" time="3.199" classname="testcases.Counting"/>
  <testcase name="service" time="7.414" classname="testcases.Counting"/>
  <testcase name="service" time="0.223" classname="testcases.Counting"/>
  <testcase name="service" time="0.000" classname="testcases.Counting"/>
  <testcase name="service" time="0.001" classname="testcases.Counting"/>
  <testcase name="service" time="3.126" classname="testcases.Counting"/>
  <testcase name="service" time="0.000" classname="testcases.Counting"/>
  <testcase name="service" time="5.467" classname="testcases.Counting"/>
  <testcase name="service" time="4.278" classname="testcases.Counting"/>
  <testcase name="service" time="3.572" classname="testcases.Counting"/>
  <testcase name="service" time="0.896" classname="testcases.Counting"/>
  <testcase name="service" time="2.231" classname="testcases.Counting"/>
  <testcase name="service" time="1.418" classname="testcases.Counting"/>
  <testcase name="service" time="2.785" classname="testcases.Counting"/>
  <testcase name="service" time="0.021" classname="testcases.Counting"/>
  <testcase name="service" time="4.463" classname="testcases.Counting"/>
  <testcase name="service" time="0.001" classname="testcases.Counting"/>
  <testcase name="service" time="2.726" classname="testcases.Counting"/>
  <testcase name="service" time="3.253" classname="testcases.Counting"/>
  <testcase name="service" time="5.022" classname="testcases.Counting"/>
  <testcase name="service" time="3.079" classname="testcases.Counting"/>
  <testcase name="service" time="0.857" classname="testcases.Counting"/>
  <testcase name="service" time="0.000" classname="testcases.Counting"/>
  <testcase name="service" time="4.467" classname="testcases.Counting"/>
  <testcase name="service" time="4.611" classname="testcases.Counting"/>
  <testcase name="service" time="8.290" classname="testcases.Counting"/>
  <testcase name="service" time="2.324" classname="testcases.Counting"/>
  <testcase name="service" time="2.970" classname="testcases.Counting"/>
  <testcase name="service" time="0.001" classname="testcases.Counting"/>
  <testcase name="service" time="8.358" classname="testcases.Counting"/>
  <testcase name="service" time="8.440" classname="testcases.Counting"/>
  <testcase name="service" time="0.001" classname="testcases.Counting"/>
  <testcase name="service" time="4.577" classname="testcases.Counting"/>
  <testcase name="service" time="5.417" classname="testcases.Counting"/>
  <testcase name="service" time="4.355" classname="testcases.Counting"/>
  <testcase name="service" time="0.000" classname="testcases.Counting"/>
  <testcase name="service" time="0.001" classname="testcases.Counting"/>
  <testcase name="service" time="0.000" classname="testcases.Counting"/>
  <testcase name="service" time="1.335" classname="testcases.Counting"/>
  <testcase name="service" time="2.520" classname="testcases.Counting"/>
  <testcase name="service" time="7.286" classname="testcases.Counting"/>
  <testcase name="service" time="0.097" classname="testcases.Counting"/>
  <testcase name="service" time="0.000" classname="testcases.Counting"/>
  <testcase name="service" time="0.000" classname="testcases.Counting"/>
  <testcase name="service" time="0.554" classname="testcases.Counting"/>
  <testcase name="service" time="8.372" classname="testcases.Counting"/>
  <testcase name="service" time="0.001" classname="testcases.Counting"/>
  <testcase name="service" time="3.930" classname="testcases.Counting"/>
  <testcase name="service" time="0.000" classname="testcases.Counting"/>
  <testcase name="service" time="3.317" classname="testcases.Counting"/>
  <testcase name="service" time="0.497" classname="testcases.Counting"/>
  <testcase name="service" time="0.001" classname="testcases.Counting"/>
  <testcase name="service" time="5.130" classname="testcases.Counting"/>
  <testcase name="service" time="0.005" classname="testcases.Counting"/>
  <testcase name="service" time="2.303" classname="testcases.Counting"/>
  <testcase name="service" time="2.059" classname="testcases.Counting"/>
  <testcase name="service" time="5.383" classname="testcases.Counting"/>
  <testcase name="service" time="1.200" classname="testcases.Counting"/>
  <testcase name="service" time="0.000" classname="testcases.Counting"/>
  <testcase name="service" time="7.629" classname="testcases.Counting"/>
  <testcase name="service" time="0.244" classname="testcases.Counting"/>
  <testcase name="service" time="3.285" classname="testcases.Counting"/>
  <testcase name="service" time="3.946" classname="testcases.Counting"/>
  <testcase name="service" time="4.610" classname="testcases.Counting"/>
  <testcase name="service" time="0.000" classname="testcases.Counting"/>
  <testcase name="service" time="4.269" classname="testcases.Counting"/>
  <testcase name="service" time="2.971" classname="testcases.Counting"/>
  <testcase name="service" time="0.000" classname="testcases.Counting"/>
  <testcase name="service" time="3.701" classname="testcases.Counting"/>
  <testcase name="service" time="3.458" classname="testcases.Counting"/>
  <testcase name="service" time="0.000" classname="testcases.Counting"/>
  <testcase name="service" time="0.000" classname="testcases.Counting"/>
  <testcase name="service" time="0.001" classname="testcases.Counting"/>
  <testcase name="service" time="2.413" classname="testcases.Counting"/>
  <testcase name="service" time="5.334" classname="testcases.Counting"/>
  <testcase name="service" time="0.001" classname="testcases.Counting"/>
  <testcase name="service" time="0.000" classname="testcases.Counting"/>
  <testcase name="service" time="3.996" classname="testcases.Counting"/>
  <testcase name="service" time="8.493" classname="testcases.Counting"/>
  <testcase name="service" time="0.000" classname="testcases.Counting"/>
  <testcase name="service" time="5.934" classname="testcases.Counting"/>
  <testcase name="service" time="0.002" classname="testcases.Counting"/>
  <testcase name="service" time="3.327" classname="testcases.Counting"/>
  <testcase name="service" time="2.075" classname="testcases.Counting"/>
  <testcase name="service" time="0.000" classname="testcases.Counting"/>
  <testcase name="service" time="0.006" classname="testcases.Counting"/>
  <testcase name="service" time="0.473" classname="testcases.Counting"/>
  <testcase name="service" time="8.373" classname="testcases.Counting"/>
  <testcase name="service" time="0.825" classname="testcases.Counting"/>
  <testcase name="service" time="0.000" classname="testcases.Counting"/>
  <testcase name="service" time="8.379" classname="testcases.Counting"/>
  <testcase name="service" time="7.633" classname="testcases.Counting"/>
  <testcase name="service" time="0.001" classname="testcases.Counting"/>
  <testcase name="service" time="1.308" classname="testcases.Counting"/>
  <testcase name="service" time="0.054" classname="testcases.Counting"/>
  <testcase name="service" time="2.127" classname="testcases.Counting"/>
  <testcase name="service" time="0.001" classname="testcases.Counting"/>
  <testcase name="service" time="0.002" classname="testcases.Counting"/>
  <testcase name="service" time="7.306" classname="testcases.Counting"/>
  <testcase name="service" time="6.292" classname="testcases.Counting"/>
  <testcase name="service" time="3.017" classname="testcases.Counting"/>
  <testcase name="service" time="0.425" classname="testcases.Counting"/>
  <testcase name="service" time="3.033" classname="testcases.Counting"/>
  <testcase name="service" time="0.001" classname="testcases.Counting"/>
  <testcase name="service" time="0.004" classname="testcases.Counting"/>
  <testcase name="service" time="7.851" classname="testcases.Counting"/>
  <testcase name="service" time="7.511" classname="testcases.Counting"/>
  <testcase name="service" time="1.711" classname="testcases.Counting"/>
  <testcase name="service" time="3.999" classname="testcases.Counting"/>
  <testcase name="service" time="5.334" classname="testcases.Counting"/>
  <testcase name="service" time="0.000" classname="testcases.Counting"/>
  <testcase name="service" time="0.005" classname="testcases.Counting"/>
  <testcase name="service" time="3.826" classname="testcases.Counting"/>
  <testcase name="service" time="5.237" classname="testcases.Counting"/>
  <testcase name="service" time="3.056" classname="testcases.Counting"/>
  <testcase name="service" time="2.236" classname="testcases.Counting"/>
  <testcase name="service" time="0.000" classname="testcases.Counting"/>
  <testcase name="service" time="4.502" classname="testcases.Counting"/>
  <testcase name="service" time="0.002" classname="testcases.Counting"/>
  <testcase name="service" time="4.675" classname="testcases.Counting"/>
  <testcase name="service" time="0.000" classname="testcases.Counting"/>
  <testcase name="service" time="0.001" classname="testcases.Counting"/>
  <testcase name="service" time="8.330" classname="testcases.Counting"/>
  <testcase name="service" time="4.961" classname="testcases.Counting"/>
  <testcase name="service" time="5.456" classname="testcases.Counting"/>
  <testcase name="service" time="0.000" classname="testcases.Counting"/>
  <testcase name="service" time="4.801" classname="testcases.Counting"/>
  <testcase name="service" time="0.000" classname="testcases.Counting"/>
  <testcase name="service" time="0.000" classname="testcases.Counting"/>
  <testcase name="service" time="0.001" classname="testcases.Counting"/>
  <testcase name="service" time="1.088" classname="testcases.Counting"/>
  <testcase name="service" time="3.699" classname="testcases.Counting"/>
  <testcase name="service" time="5.330" classname="testcases.Counting"/>
  <testcase name="service" time="0.001" classname="testcases.Counting"/>
  <testcase name="service" time="7.640" classname="testcases.Counting"/>
  <testcase name="service" time="0.000" classname="testcases.Counting"/>
  <testcase name="service" time="4.896" classname="testcases.Counting"/>
  <testcase name="service" time="5.525" classname="testcases.Counting"/>
  <testcase name="service" time="0.000" classname="testcases.Counting"/>
  <testcase name="service" time="1.009" classname="testcases.Counting"/>
  <testcase name="service" time="5.408" classname="testcases.Counting"/>
  <testcase name="service" time="0.001" classname="testcases.Counting"/>
  <testcase name="service" time="0.011" classname="testcases.Counting"/>
  <testcase name="service" time="0.000" classname="testcases.Counting"/>
  <testcase name="service" time="0.000" classname="testcases.Counting"/>
  <testcase name="service" time="4.967" classname="testcases.Counting"/>
  <testcase name="service" time="2.047" classname="testcases.Counting"/>
  <testcase name="service" time="2.076" classname="testcases.Counting"/>
  <testcase name="service" time="2.023" classname="testcases.Counting"/>
  <testcase name="service" time="3.538" classname="testcases.Counting"/>
  <testcase name="service" time="3.904" classname="testcases.Counting"/>
  <testcase name="service" time="4.186" classname="testcases.Counting"/>
  <testcase name="service" time="0.000" classname="testcases.Counting"/>
  <testcase name="service" time="7.595" classname="testcases.Counting"/>
  <testcase name="service" time="1.707" classname="testcases.Counting"/>
  <testcase name="service" time="0.728" classname="testcases.Counting"/>
  <testcase name="service" time="7.506" classname="testcases.Counting"/>
  <testcase name="service" time="0.001" classname="testcases.Counting"/>
  <testcase name="service" time="2.206" classname="testcases.Counting"/>
  <testcase name="service" time="8.169" classname="testcases.Counting"/>
  <testcase name="service" time="4.525" classname="testcases.Counting"/>
  <testcase name="service" time="2.957" classname="testcases.Counting"/>
  <testcase name="service" time="2.013" classname="testcases.Counting"/>
  <testcase name="service" time="0.000" classname="testcases.Counting"/>
  <testcase name="service" time="0.002" classname="testcases.Counting"/>
  <testcase name="service" time="0.002" classname="testcases.Counting"/>
  <testcase name="service" time="3.078" classname="testcases.Counting"/>
  <testcase name="service" time="0.000" classname="testcases.Counting"/>
  <testcase name="service" time="3.198" classname="testcases.Counting"/>
  <testcase name="service" time="0.582" classname="testcases.Counting"/>
  <testcase name="service" time="0.002" classname="testcases.Counting"/>
  <testcase name="service" time="0.002" classname="testcases.Counting"/>
  <testcase name="service" time="4.473" classname="testcases.Counting"/>
  <testcase name="service" time="0.000" classname="testcases.Counting"/>
  <testcase name="service" time="8.579" classname="testcases.Counting"/>
  <testcase name="service" time="0.001" classname="testcases.Counting"/>
  <testcase name="service" time="0.000" classname="testcases.Counting"/>
  <testcase name="service" time="5.363" classname="testcases.Counting"/>
  <testcase name="service" time="4.693" classname="testcases.Counting"/>
  <testcase name="service" time="2.490" classname="testcases.Counting"/>
  <testcase name="service" time="0.001" classname="testcases.Counting"/>
  <testcase name="service" time="7.351" classname="testcases.Counting"/>
  <testcase name="service" time="7.434" classname="testcases.Counting"/>
  <testcase name="service" time="2.679" classname="testcases.Counting"/>
  <testcase name="service" time="5.550" classname="testcases.Counting"/>
  <testcase name="service" time="5.997" classname="testcases.Counting"/>
  <testcase name="service" time="2.725" classname="testcases.Counting"/>
  <testcase name="service" time="0.011" classname="testcases.Counting"/>
  <testcase name="service" time="5.347" classname="testcases.Counting"/>
  <testcase name="service" time="2.390" classname="testcases.Counting"/>
  <testcase name="service" time="4.315" classname="testcases.Counting"/>
  <testcase name="service" time="3.354" classname="testcases.Counting"/>
  <testcase name="service" time="1.506" classname="testcases.Counting"/>
  <testcase name="service" time="0.002" classname="testcases.Counting"/>
  <testcase name="service" time="2.410" classname="testcases.Counting"/>
  <testcase name="service" time="0.001" classname="testcases.Counting"/>
  <testcase name="service" time="2.708" classname="testcases.Counting"/>
  <testcase name="service" time="3.551" classname="testcases.Counting"/>
  <testcase name="service" time="7.254" classname="testcases.Counting"/>
  <testcase name="service" time="2.349" classname="testcases.Counting"/>
  <testcase name="service" time="3.056" classname="testcases.Counting"/>
  <testcase name="service" time="2.189" classname="testcases.Counting"/>
  <testcase name="service" time="5.486" classname="testcases.Counting"/>
  <testcase name="service" time="5.166" classname="testcases.Counting"/>
  <testcase name="service" time="0.000" classname="testcases.Counting"/>
  <testcase name="service" time="0.243" classname="testcases.Counting"/>
  <testcase name="service" time="3.035" classname="testcases.Counting"/>
  <testcase name="service" time="3.865" classname="testcases.Counting"/>
  <testcase name="service" time="0.000" classname="testcases.Counting"/>
  <testcase name="service" time="1.940" classname="testcases.Counting"/>
  <testcase name="service" time="1.003" classname="testcases.Counting"/>
  <testcase name="service" time="0.000" classname="testcases.Counting"/>
  <testcase name="service" time="7.405" classname="testcases.Counting"/>
  <testcase name="service" time="0.000" classname="testcases.Counting"/>
  <testcase name="service" time="0.790" classname="testcases.Counting"/>
  <testcase name="service" time="0.000" classname="testcases.Counting"/>
  <testcase name="service" time="0.001" classname="testcases.Counting"/>
  <testcase name="service" time="2.179" classname="testcases.Counting"/>
  <testcase name="service" time="0.000" classname="testcases.Counting"/>
  <testcase name="service" time="4.471" classname="testcases.Counting"/>
  <testcase name="service" time="8.105" classname="testcases.Counting"/>
  <testcase name="service" time="1.366" classname="testcases.Counting"/>
  <testcase name="service" time="4.550" classname="testcases.Counting"/>
  <testcase name="service" time="0.001" classname="testcases.Counting"/>
  <testcase name="service" time="0.000" classname="testcases.Counting"/>
  <testcase name="service" time="2.553" classname="testcases.Counting"/>
  <testcase name="service" time="3.255" classname="testcases.Counting"/>
  <testcase name="service" time="2.247" classname="testcases.Counting"/>
  <testcase name="service" time="2.233" classname="testcases.Counting"/>
  <testcase name="service" time="0.194" classname="testcases.Counting"/>
  <testcase name="service" time="2.328" classname="testcases.Counting"/>
  <testcase name="service" time="7.507" classname="testcases.Counting"/>
  <testcase name="service" time="0.000" classname="testcases.Counting"/>
  <testcase name="service" time="3.901" classname="testcases.Counting"/>
  <testcase name="service" time="0.000" classname="testcases.Counting"/>
  <testcase name="service" time="0.001" classname="testcases.Counting"/>
  <testcase name="service" time="0.480" classname="testcases.Counting"/>
  <testcase name="service" time="1.922" classname="testcases.Counting"/>
  <testcase name="service" time="2.432" classname="testcases.Counting"/>
  <testcase name="service" time="0.000" classname="testcases.Counting"/>
  <testcase name="service" time="0.006" classname="testcases.Counting"/>
  <testcase name="service" time="0.000" classname="testcases.Counting"/>
  <testcase name="service" time="1.139" classname="testcases.Counting"/>
  <testcase name="service" time="0.008" classname="testcases.Counting"/>
  <testcase name="service" time="4.242" classname="testcases.Counting"/>
  <testcase name="service" time="7.787" classname="testcases.Counting"/>
  <testcase name="service" time="4.495" classname="testcases.Counting"/>
  <testcase name="service" time="0.907" classname="testcases.Counting"/>
  <testcase name="service" time="0.000" classname="testcases.Counting"/>
  <testcase name="service" time="4.811" classname="testcases.Counting"/>
  <testcase name="service" time="2.758" classname="testcases.Counting"/>
  <testcase name="service" time="0.000" classname="testcases.Counting"/>
  <testcase name="service" time="3.035" classname="testcases.Counting"/>
  <testcase name="service" time="4.762" classname="testcases.Counting"/>
  <testcase name="service" time="0.772" classname="testcases.Counting"/>
  <testcase name="service" time="7.609" classname="testcases.Counting"/>
  <testcase name="service" time="0.529" classname="testcases.Counting"/>
  <testcase name="service" time="7.857" classname="testcases.Counting"/>
  <testcase name="service" time="2.025" classname="testcases.Counting"/>
  <testcase name="service" time="0.000" classname="testcases.Counting"/>
  <testcase name="service" time="2.685" classname="testcases.Counting"/>
  <testcase name="service" time="0.001" classname="testcases.Counting"/>
  <testcase name="service" time="3.317" classname="testcases.Counting"/>
  <testcase name="service" time="1.359" classname="testcases.Counting"/>
  <testcase name="service" time="0.000" classname="testcases.Counting"/>
  <testcase name="service" time="5.281" classname="testcases.Counting"/>
  <testcase name="service" time="5.186" classname="testcases.Counting"/>
  <testcase name="service" time="0.002" classname="testcases.Counting"/>
  <testcase name="service" time="0.000" classname="testcases.Counting"/>
  <testcase name="service" time="1.878" classname="testcases.Counting"/>
  <testcase name="service" time="2.650" classname="testcases.Counting"/>
  <testcase name="service" time="2.107" classname="testcases.Counting"/>
  <testcase name="service" time="0.000" classname="testcases.Counting"/>
  <testcase name="service" time="0.000" classname="testcases.Counting"/>
  <testcase name="service" time="0.000" classname="testcases.Counting"/>
  <testcase name="service" time="4.071" classname="testcases.Counting"/>
  <testcase name="service" time="0.000" classname="testcases.Counting"/>
  <testcase name="service" time="6.218" classname="testcases.Counting"/>
  <testcase name="service" time="0.000" classname="testcases.Counting"/>
  <testcase name="service" time="1.260" classname="testcases.Counting"/>
  <testcase name="service" time="3.700" classname="testcases.Counting"/>
  <testcase name="service" time="3.140" classname="testcases.Counting"/>
  <testcase name="service" time="2.328" classname="testcases.Counting"/>
  <testcase name="service" time="0.000" classname="testcases.Counting"/>
  <testcase name="service" time="0.001" classname="testcases.Counting"/>
  <testcase name="service" time="0.644" classname="testcases.Counting"/>
  <testcase name="service" time="3.129" classname="testcases.Counting"/>
  <testcase name="service" time="7.803" classname="testcases.Counting"/>
  <testcase name="service" time="0.000" classname="testcases.Counting"/>
  <testcase name="service" time="0.001" classname="testcases.Counting"/>
  <testcase name="service" time="2.206" classname="testcases.Counting"/>
  <testcase name="service" time="3.696" classname="testcases.Counting"/>
  <testcase name="service" time="0.010" classname="testcases.Counting"/>
  <testcase name="service" time="0.001" classname="testcases.Counting"/>
  <testcase name="service" time="0.000" classname="testcases.Counting"/>
  <testcase name="service" time="3.568" classname="testcases.Counting"/>
  <testcase name="service" time="0.009" classname="testcases.Counting"/>
  <testcase name="service" time="1.712" classname="testcases.Counting"/>
  <testcase name="service" time="7.410" classname="testcases.Counting"/>
  <testcase name="service" time="3.397" classname="testcases.Counting"/>
  <testcase name="service" time="3.781" classname="testcases.Counting"/>
  <testcase name="service" time="2.816" classname="testcases.Counting"/>
  <testcase name="service" time="0.000" classname="testcases.Counting"/>
  <testcase name="service" time="7.365" classname="testcases.Counting"/>
  <testcase name="service" time="2.064" classname="testcases.Counting"/>
  <testcase name="service" time="0.001" classname="testcases.Counting"/>
  <testcase name="service" time="7.640" classname="testcases.Counting"/>
  <testcase name="service" time="3.253" classname="testcases.Counting"/>
  <testcase name="service" time="2.015" classname="testcases.Counting"/>
  <testcase name="service" time="2.738" classname="testcases.Counting"/>
  <testcase name="service" time="0.000" classname="testcases.Counting"/>
  <testcase name="service" time="2.250" classname="testcases.Counting"/>
  <testcase name="service" time="1.020" classname="testcases.Counting"/>
  <testcase name="service" time="0.000" classname="testcases.Counting"/>
  <testcase name="service" time="0.000" classname="testcases.Counting"/>
  <testcase name="service" time="0.001" classname="testcases.Counting"/>
  <testcase name="service" time="2.543" classname="testcases.Counting"/>
  <testcase name="service" time="6.157" classname="testcases.Counting"/>
  <testcase name="service" time="4.683" classname="testcases.Counting"/>
  <testcase name="service" time="2.107" classname="testcases.Counting"/>
  <testcase name="service" time="0.000" classname="testcases.Counting"/>
  <testcase name="service" time="0.000" classname="testcases.Counting"/>
  <testcase name="service" time="0.001" classname="testcases.Counting"/>
  <testcase name="service" time="5.876" classname="testcases.Counting"/>
  <testcase name="service" time="4.719" classname="testcases.Counting"/>
  <testcase name="service" time="0.000" classname="testcases.Counting"/>
  <testcase name="service" time="0.000" classname="testcases.Counting"/>
  <testcase name="service" time="5.207" classname="testcases.Counting"/>
  <testcase name="service" time="0.000" classname="testcases.Counting"/>
  <testcase name="service" time="3.894" classname="testcases.Counting"/>
  <testcase name="service" time="7.420" classname="testcases.Counting"/>
  <testcase name="service" time="6.315" classname="testcases.Counting"/>
  <testcase name="service" time="0.000" classname="testcases.Counting"/>
  <testcase name="service" time="3.773" classname="testcases.Counting"/>
  <testcase name="service" time="0.000" classname="testcases.Counting"/>
  <testcase name="service" time="7.403" classname="testcases.Counting"/>
  <testcase name="service" time="4.525" classname="testcases.Counting"/>
  <testcase name="service" time="1.952" classname="testcases.Counting"/>
  <testcase name="service" time="0.000" classname="testcases.Counting"/>
  <testcase name="service" time="4.106" classname="testcases.Counting"/>
  <testcase name="service" time="0.001" classname="testcases.Counting"/>
  <testcase name="service" time="3.648" classname="testcases.Counting"/>
  <testcase name="service" time="5.067" classname="testcases.Counting"/>
  <testcase name="service" time="7.431" classname="testcases.Counting"/>
  <testcase name="service" time="2.031" classname="testcases.Counting"/>
  <testcase name="service" time="0.842" classname="testcases.Counting"/>
  <testcase name="service" time="3.243" classname="testcases.Counting"/>
  <testcase name="service" time="0.000" classname="testcases.Counting"/>
  <testcase name="service" time="0.814" classname="testcases.Counting"/>
  <testcase name="service" time="0.000" classname="testcases.Counting"/>
  <testcase name="service" time="3.309" classname="testcases.Counting"/>
  <testcase name="service" time="8.274" classname="testcases.Counting"/>
  <testcase name="service" time="0.005" classname="testcases.Counting"/>
  <testcase name="service" time="2.026" classname="testcases.Counting"/>
  <testcase name="service" time="2.285" classname="testcases.Counting"/>
  <testcase name="service" time="3.685" classname="testcases.Counting"/>
  <testcase name="service" time="0.000" classname="testcases.Counting"/>
  <testcase name="service" time="0.000" classname="testcases.Counting"/>
  <testcase name="service" time="5.529" classname="testcases.Counting"/>
  <testcase name="service" time="3.184" classname="testcases.Counting"/>
  <testcase name="service" time="5.279" classname="testcases.Counting"/>
  <testcase name="service" time="0.263" classname="testcases.Counting"/>
  <testcase name="service" time="0.002" classname="testcases.Counting"/>
  <testcase name="service" time="0.000" classname="testcases.Counting"/>
  <testcase name="service" time="5.359" classname="testcases.Counting"/>
  <testcase name="service" time="0.001" classname="testcases.Counting"/>
  <testcase name="service" time="5.430" classname="testcases.Counting"/>
  <testcase name="service" time="0.001" classname="testcases.Counting"/>
  <testcase name="service" time="0.000" classname="testcases.Counting"/>
  <testcase name="service" time="0.001" classname="testcases.Counting"/>
  <testcase name="service" time="1.077" classname="testcases.Counting"/>
  <testcase name="service" time="5.429" classname="testcases.Counting"/>
  <testcase name="service" time="8.135" classname="testcases.Counting"/>
  <testcase name="service" time="4.530" classname="testcases.Counting"/>
  <testcase name="service" time="0.000" classname="testcases.Counting"/>
  <testcase name="service" time="2.918" classname="testcases.Counting"/>
  <testcase name="service" time="3.589" classname="testcases.Counting"/>
  <testcase name="service" time="2.204" classname="testcases.Counting"/>
  <testcase name="service" time="6.242" classname="testcases.Counting"/>
  <testcase name="service" time="0.000" classname="testcases.Counting"/>
  <testcase name="service" time="4.312" classname="testcases.Counting"/>
  <testcase name="service" time="0.000" classname="testcases.Counting"/>
  <testcase name="service" time="5.537" classname="testcases.Counting"/>
  <testcase name="service" time="4.343" classname="testcases.Counting"/>
  <testcase name="service" time="2.538" classname="testcases.Counting"/>
  <testcase name="service" time="8.556" classname="testcases.Counting"/>
  <testcase name="service" time="0.425" classname="testcases.Counting"/>
  <testcase name="service" time="0.000" classname="testcases.Counting"/>
  <testcase name="service" time="5.348" classname="testcases.Counting"/>
  <testcase name="service" time="1.417" classname="testcases.Counting"/>
  <testcase name="service" time="0.000" classname="testcases.Counting"/>
  <testcase name="service" time="0.000" classname="testcases.Counting"/>
  <testcase name="service" time="2.649" classname="testcases.Counting"/>
  <testcase name="service" time="8.044" classname="testcases.Counting"/>
  <testcase name="service" time="8.431" classname="testcases.Counting"/>
  <testcase name="service" time="2.285" classname="testcases.Counting"/>
  <testcase name="service" time="5.473" classname="testcases.Counting"/>
  <testcase name="service" time="0.001" classname="testcases.Counting"/>
  <testcase name="service" time="0.681" classname="testcases.Counting"/>
  <testcase name="service" time="0.000" classname="testcases.Counting"/>
  <testcase name="service" time="0.000" classname="testcases.Counting"/>
  <testcase name="service" time="1.027" classname="testcases.Counting"/>
  <testcase name="service" time="8.088" classname="testcases.Counting"/>
  <testcase name="service" time="4.353" classname="testcases.Counting"/>
  <testcase name="service" time="2.330" classname="testcases.Counting"/>
  <testcase name="service" time="0.001" classname="testcases.Counting"/>
  <testcase name="service" time="0.000" classname="testcases.Counting"/>
  <testcase name="service" time="0.000" classname="testcases.Counting"/>
  <testcase name="service" time="5.217" classname="testcases.Counting"/>
  <testcase name="service" time="0.007" classname="testcases.Counting"/>
  <testcase name="service" time="2.096" classname="testcases.Counting"/>
  <testcase name="service" time="0.006" classname="testcases.Counting"/>
  <testcase name="service" time="4.996" classname="testcases.Counting"/>
  <testcase name="service" time="7.418" classname="testcases.Counting"/>
  <testcase name="service" time="0.001" classname="testcases.Counting"/>
  <testcase name="service" time="5.272" classname="testcases.Counting"/>
  <testcase name="service" time="0.006" classname="testcases.Counting"/>
  <testcase name="service" time="2.675" classname="testcases.Counting"/>
  <testcase name="service" time="0.001" classname="testcases.Counting"/>
  <testcase name="service" time="0.000" classname="testcases.Counting"/>
  <testcase name="service" time="2.181" classname="testcases.Counting"/>
  <testcase name="service" time="3.686" classname="testcases.Counting"/>
  <testcase name="service" time="3.188" classname="testcases.Counting"/>
  <testcase name="service" time="4.634" classname="testcases.Counting"/>
  <testcase name="service" time="0.001" classname="testcases.Counting"/>
  <testcase name="service" time="7.601" classname="testcases.Counting"/>
  <testcase name="service" time="5.355" classname="testcases.Counting"/>
  <testcase name="service" time="0.015" classname="testcases.Counting"/>
  <testcase name="service" time="0.000" classname="testcases.Counting"/>
  <testcase name="service" time="0.000" classname="testcases.Counting"/>
  <testcase name="service" time="4.081" classname="testcases.Counting"/>
  <testcase name="service" time="0.312" classname="testcases.Counting"/>
  <testcase name="service" time="8.352" classname="testcases.Counting"/>
  <testcase name="service" time="3.774" classname="testcases.Counting"/>
  <testcase name="service" time="0.906" classname="testcases.Counting"/>
  <testcase name="service" time="3.087" classname="testcases.Counting"/>
  <testcase name="service" time="0.001" classname="testcases.Counting"/>
  <testcase name="service" time="2.175" classname="testcases.Counting"/>
  <testcase name="service" time="0.000" classname="testcases.Counting"/>
  <testcase name="service" time="2.240" classname="testcases.Counting"/>
  <testcase name="service" time="0.001" classname="testcases.Counting"/>
  <testcase name="service" time="1.736" classname="testcases.Counting"/>
  <testcase name="service" time="0.000" classname="testcases.Counting"/>
  <testcase name="service" time="0.000" classname="testcases.Counting"/>
  <testcase name="service" time="0.001" classname="testcases.Counting"/>
  <testcase name="service" time="0.001" classname="testcases.Counting"/>
  <testcase name="service" time="1.688" classname="testcases.Counting"/>
  <testcase name="service" time="2.267" classname="testcases.Counting"/>
  <testcase name="service" time="0.001" classname="testcases.Counting"/>
  <testcase name="service" time="0.001" classname="testcases.Counting"/>
  <testcase name="service" time="0.001" classname="testcases.Counting"/>
  <testcase name="service" time="0.005" classname="testcases.Counting"/>
  <testcase name="service" time="7.878" classname="testcases.Counting"/>
  <testcase name="service" time="0.000" classname="testcases.Counting"/>
  <testcase name="service" time="0.001" classname="testcases.Counting"/>
  <testcase name="service" time="0.004" classname="testcases.Counting"/>
  <testcase name="service" time="0.001" classname="testcases.Counting"/>
  <testcase name="service" time="3.944" classname="testcases.Counting"/>
  <testcase name="service" time="2.327" classname="testcases.Counting"/>
  <testcase name="service" time="0.420" classname="testcases.Counting"/>
  <testcase name="service" time="0.000" classname="testcases.Counting"/>
  <testcase name="service" time="8.577" classname="testcases.Counting"/>
  <testcase name="service" time="1.352" classname="testcases.Counting"/>
  <testcase name="service" time="2.256" classname="testcases.Counting"/>
  <testcase name="service" time="2.577" classname="testcases.Counting"/>
  <testcase name="service" time="0.000" classname="testcases.Counting"/>
  <testcase name="service" time="6.033" classname="testcases.Counting"/>
  <testcase name="service" time="5.531" classname="testcases.Counting"/>
  <testcase name="service" time="0.789" classname="testcases.Counting"/>
  <testcase name="service" time="0.462" classname="testcases.Counting"/>
  <testcase name="service" time="0.001" classname="testcases.Counting"/>
  <testcase name="service" time="4.694" classname="testcases.Counting"/>
  <testcase name="service" time="5.443" classname="testcases.Counting"/>
  <testcase name="service" time="1.647" classname="testcases.Counting"/>
  <testcase name="service" time="2.990" classname="testcases.Counting"/>
  <testcase name="service" time="4.922" classname="testcases.Counting"/>
  <testcase name="service" time="0.584" classname="testcases.Counting"/>
  <testcase name="service" time="0.554" classname="testcases.Counting"/>
  <testcase name="service" time="2.159" classname="testcases.Counting"/>
  <testcase name="service" time="4.488" classname="testcases.Counting"/>
  <testcase name="service" time="0.006" classname="testcases.Counting"/>
  <testcase name="service" time="5.365" classname="testcases.Counting"/>
  <testcase name="service" time="5.179" classname="testcases.Counting"/>
  <testcase name="service" time="0.001" classname="testcases.Counting"/>
  <testcase name="service" time="1.733" classname="testcases.Counting"/>
  <testcase name="service" time="2.245" classname="testcases.Counting"/>
  <testcase name="service" time="4.481" classname="testcases.Counting"/>
  <testcase name="service" time="1.453" classname="testcases.Counting"/>
  <testcase name="service" time="3.720" classname="testcases.Counting"/>
  <testcase name="service" time="7.512" classname="testcases.Counting"/>
  <testcase name="service" time="8.122" classname="testcases.Counting"/>
  <testcase name="service" time="0.000" classname="testcases.Counting"/>
  <testcase name="service" time="0.002" classname="testcases.Counting"/>
  <testcase name="service" time="8.327" classname="testcases.Counting"/>
  <testcase name="service" time="2.174" classname="testcases.Counting"/>
  <testcase name="service" time="0.000" classname="testcases.Counting"/>
  <testcase name="service" time="7.370" classname="testcases.Counting"/>
  <testcase name="service" time="2.019" classname="testcases.Counting"/>
  <testcase name="service" time="5.223" classname="testcases.Counting"/>
  <testcase name="service" time="0.001" classname="testcases.Counting"/>
  <testcase name="service" time="3.583" classname="testcases.Counting"/>
  <testcase name="service" time="0.657" classname="testcases.Counting"/>
  <testcase name="service" time="4.315" classname="testcases.Counting"/>
  <testcase name="service" time="7.610" classname="testcases.Counting"/>
  <testcase name="service" time="0.581" classname="testcases.Counting"/>
  <testcase name="service" time="5.457" classname="testcases.Counting"/>
  <testcase name="service" time="0.002" classname="testcases.Counting"/>
  <testcase name="service" time="2.670" classname="testcases.Counting"/>
  <testcase name="service" time="1.533" classname="testcases.Counting"/>
  <testcase name="service" time="1.908" classname="testcases.Counting"/>
  <testcase name="service" time="3.198" classname="testcases.Counting"/>
  <testcase name="service" time="0.003" classname="testcases.Counting"/>
  <testcase name="service" time="0.000" classname="testcases.Counting"/>
  <testcase name="service" time="2.300" classname="testcases.Counting"/>
  <testcase name="service" time="0.000" classname="testcases.Counting"/>
  <testcase name="service" time="0.000" classname="testcases.Counting"/>
  <testcase name="service" time="2.514" classname="testcases.Counting"/>
  <testcase name="service" time="7.431" classname="testcases.Counting"/>
  <testcase name="service" time="6.276" classname="testcases.Counting"/>
  <testcase name="service" time="7.349" classname="testcases.Counting"/>
  <testcase name="service" time="2.258" classname="testcases.Counting"/>
  <testcase name="service" time="1.019" classname="testcases.Counting"/>
  <testcase name="service" time="0.001" classname="testcases.Counting"/>
  <testcase name="service" time="0.002" classname="testcases.Counting"/>
  <testcase name="service" time="0.001" classname="testcases.Counting"/>
  <testcase name="service" time="3.994" classname="testcases.Counting"/>
  <testcase name="service" time="0.446" classname="testcases.Counting"/>
  <testcase name="service" time="1.231" classname="testcases.Counting"/>
  <testcase name="service" time="8.272" classname="testcases.Counting"/>
  <testcase name="service" time="0.001" classname="testcases.Counting"/>
  <testcase name="service" time="0.000" classname="testcases.Counting"/>
  <testcase name="service" time="0.000" classname="testcases.Counting"/>
  <testcase name="service" time="0.000" classname="testcases.Counting"/>
  <testcase name="service" time="0.001" classname="testcases.Counting"/>
  <testcase name="service" time="8.320" classname="testcases.Counting"/>
  <testcase name="service" time="0.000" classname="testcases.Counting"/>
  <testcase name="service" time="4.271" classname="testcases.Counting"/>
  <testcase name="service" time="1.515" classname="testcases.Counting"/>
  <testcase name="service" time="1.907" classname="testcases.Counting"/>
  <testcase name="service" time="4.523" classname="testcases.Counting"/>
  <testcase name="service" time="0.590" classname="testcases.Counting"/>
  <testcase name="service" time="5.215" classname="testcases.Counting"/>
  <testcase name="service" time="7.601" classname="testcases.Counting"/>
  <testcase name="service" time="0.004" classname="testcases.Counting"/>
  <testcase name="service" time="4.479" classname="testcases.Counting"/>
  <testcase name="service" time="0.000" classname="testcases.Counting"/>
  <testcase name="service" time="0.001" classname="testcases.Counting"/>
  <testcase name="service" time="7.420" classname="testcases.Counting"/>
  <testcase name="service" time="4.484" classname="testcases.Counting"/>
  <testcase name="service" time="0.000" classname="testcases.Counting"/>
  <testcase name="service" time="2.696" classname="testcases.Counting"/>
  <testcase name="service" time="2.262" classname="testcases.Counting"/>
  <testcase name="service" time="8.558" classname="testcases.Counting"/>
  <testcase name="service" time="0.236" classname="testcases.Counting"/>
  <testcase name="service" time="0.000" classname="testcases.Counting"/>
  <testcase name="service" time="3.588" classname="testcases.Counting"/>
  <testcase name="service" time="3.553" classname="testcases.Counting"/>
  <testcase name="service" time="0.552" classname="testcases.Counting"/>
  <testcase name="service" time="7.436" classname="testcases.Counting"/>
  <testcase name="service" time="0.001" classname="testcases.Counting"/>
  <testcase name="service" time="1.274" classname="testcases.Counting"/>
  <testcase name="service" time="2.996" classname="testcases.Counting"/>
  <testcase name="service" time="5.066" classname="testcases.Counting"/>
  <testcase name="service" time="4.355" classname="testcases.Counting"/>
  <testcase name="service" time="0.000" classname="testcases.Counting"/>
  <testcase name="service" time="0.002" classname="testcases.Counting"/>
  <testcase name="service" time="4.077" classname="testcases.Counting"/>
  <testcase name="service" time="0.003" classname="testcases.Counting"/>
  <testcase name="service" time="4.704" classname="testcases.Counting"/>
  <testcase name="service" time="0.000" classname="testcases.Counting"/>
  <testcase name="service" time="1.025" classname="testcases.Counting"/>
  <testcase name="service" time="0.000" classname="testcases.Counting"/>
  <testcase name="service" time="0.001" classname="testcases.Counting"/>
  <testcase name="service" time="0.001" classname="testcases.Counting"/>
  <testcase name="service" time="1.128" classname="testcases.Counting"/>
  <testcase name="service" time="7.601" classname="testcases.Counting"/>
  <testcase name="service" time="2.221" classname="testcases.Counting"/>
  <testcase name="service" time="2.175" classname="testcases.Counting"/>
  <testcase name="service" time="0.001" classname="testcases.Counting"/>
  <testcase name="service" time="5.401" classname="testcases.Counting"/>
  <testcase name="service" time="4.486" classname="testcases.Counting"/>
  <testcase name="service" time="7.707" classname="testcases.Counting"/>
  <testcase name="service" time="5.271" classname="testcases.Counting"/>
  <testcase name="service" time="0.001" classname="testcases.Counting"/>
  <testcase name="service" time="5.231" classname="testcases.Counting"/>
  <testcase name="service" time="0.001" classname="testcases.Counting"/>
  <testcase name="service" time="4.485" classname="testcases.Counting"/>
  <testcase name="service" time="7.428" classname="testcases.Counting"/>
  <testcase name="service" time="6.917" classname="testcases.Counting"/>
  <testcase name="service" time="0.000" classname="testcases.Counting"/>
  <testcase name="service" time="2.746" classname="testcases.Counting"/>
  <testcase name="service" time="4.762" classname="testcases.Counting"/>
  <testcase name="service" time="4.479" classname="testcases.Counting"/>
  <testcase name="service" time="8.363" classname="testcases.Counting"/>
  <testcase name="service" time="8.346" classname="testcases.Counting"/>
  <testcase name="service" time="0.000" classname="testcases.Counting"/>
  <testcase name="service" time="0.000" classname="testcases.Counting"/>
  <testcase name="service" time="0.001" classname="testcases.Counting"/>
  <testcase name="service" time="0.000" classname="testcases.Counting"/>
  <testcase name="service" time="7.277" classname="testcases.Counting"/>
  <testcase name="service" time="4.313" classname="testcases.Counting"/>
  <testcase name="service" time="0.009" classname="testcases.Counting"/>
  <testcase name="service" time="0.047" classname="testcases.Counting"/>
  <testcase name="service" time="0.001" classname="testcases.Counting"/>
  <testcase name="service" time="0.024" classname="testcases.Counting"/>
  <testcase name="service" time="2.014" classname="testcases.Counting"/>
  <testcase name="service" time="5.291" classname="testcases.Counting"/>
  <testcase name="service" time="5.503" classname="testcases.Counting"/>
  <testcase name="service" time="0.014" classname="testcases.Counting"/>
  <testcase name="service" time="3.925" classname="testcases.Counting"/>
  <testcase name="service" time="0.000" classname="testcases.Counting"/>
  <testcase name="service" time="2.235" classname="testcases.Counting"/>
  <testcase name="service" time="0.001" classname="testcases.Counting"/>
  <testcase name="service" time="0.012" classname="testcases.Counting"/>
  <testcase name="service" time="0.000" classname="testcases.Counting"/>
  <testcase name="service" time="8.049" classname="testcases.Counting"/>
  <testcase name="service" time="4.320" classname="testcases.Counting"/>
  <testcase name="service" time="0.431" classname="testcases.Counting"/>
  <testcase name="service" time="2.083" classname="testcases.Counting"/>
  <testcase name="service" time="3.311" classname="testcases.Counting"/>
  <testcase name="service" time="1.574" classname="testcases.Counting"/>
  <testcase name="service" time="0.000" classname="testcases.Counting"/>
  <testcase name="service" time="1.643" classname="testcases.Counting"/>
  <testcase name="service" time="0.002" classname="testcases.Counting"/>
  <testcase name="service" time="4.497" classname="testcases.Counting"/>
  <testcase name="service" time="0.000" classname="testcases.Counting"/>
  <testcase name="service" time="3.622" classname="testcases.Counting"/>
  <testcase name="service" time="7.427" classname="testcases.Counting"/>
  <testcase name="service" time="0.000" classname="testcases.Counting"/>
  <testcase name="service" time="0.000" classname="testcases.Counting"/>
  <testcase name="service" time="3.172" classname="testcases.Counting"/>
  <testcase name="service" time="2.061" classname="testcases.Counting"/>
  <testcase name="service" time="0.353" classname="testcases.Counting"/>
  <testcase name="service" time="0.000" classname="testcases.Counting"/>
  <testcase name="service" time="2.297" classname="testcases.Counting"/>
  <testcase name="service" time="3.967" classname="testcases.Counting"/>
  <testcase name="service" time="0.000" classname="testcases.Counting"/>
  <testcase name="service" time="4.515" classname="testcases.Counting"/>
  <testcase name="service" time="4.576" classname="testcases.Counting"/>
  <testcase name="service" time="4.319" classname="testcases.Counting"/>
  <testcase name="service" time="1.147" classname="testcases.Counting"/>
  <testcase name="service" time="7.789" classname="testcases.Counting"/>
  <testcase name="service" time="7.397" classname="testcases.Counting"/>
  <testcase name="service" time="3.325" classname="testcases.Counting"/>
  <testcase name="service" time="6.820" classname="testcases.Counting"/>
  <testcase name="service" time="1.520" classname="testcases.Counting"/>
  <testcase name="service" time="2.419" classname="testcases.Counting"/>
  <testcase name="service" time="3.357" classname="testcases.Counting"/>
  <testcase name="service" time="0.000" classname="testcases.Counting"/>
  <testcase name="service" time="5.885" classname="testcases.Counting"/>
  <testcase name="service" time="2.999" classname="testcases.Counting"/>
  <testcase name="service" time="0.008" classname="testcases.Counting"/>
  <testcase name="service" time="5.397" classname="testcases.Counting"/>
  <testcase name="service" time="2.967" classname="testcases.Counting"/>
  <testcase name="service" time="2.127" classname="testcases.Counting"/>
  <testcase name="service" time="5.010" classname="testcases.Counting"/>
  <testcase name="service" time="0.000" classname="testcases.Counting"/>
  <testcase name="service" time="4.798" classname="testcases.Counting"/>
  <testcase name="service" time="0.000" classname="testcases.Counting"/>
  <testcase name="service" time="2.240" classname="testcases.Counting"/>
  <testcase name="service" time="5.177" classname="testcases.Counting"/>
  <testcase name="service" time="1.727" classname="testcases.Counting"/>
  <testcase name="service" time="2.111" classname="testcases.Counting"/>
  <testcase name="service" time="3.702" classname="testcases.Counting"/>
  <testcase name="service" time="0.004" classname="testcases.Counting"/>
  <testcase name="service" time="0.000" classname="testcases.Counting"/>
  <testcase name="service" time="0.100" classname="testcases.Counting"/>
  <testcase name="service" time="0.000" classname="testcases.Counting"/>
  <testcase name="service" time="3.268" classname="testcases.Counting"/>
  <testcase name="service" time="7.512" classname="testcases.Counting"/>
  <testcase name="service" time="0.000" classname="testcases.Counting"/>
  <testcase name="service" time="0.001" classname="testcases.Counting"/>
  <testcase name="service" time="0.000" classname="testcases.Counting"/>
  <testcase name="service" time="3.377" classname="testcases.Counting"/>
  <testcase name="service" time="5.453" classname="testcases.Counting"/>
  <testcase name="service" time="0.001" classname="testcases.Counting"/>
  <testcase name="service" time="2.077" classname="testcases.Counting"/>
  <testcase name="service" time="3.860" classname="testcases.Counting"/>
  <testcase name="service" time="1.796" classname="testcases.Counting"/>
  <testcase name="service" time="0.005" classname="testcases.Counting"/>
  <testcase name="service" time="4.286" classname="testcases.Counting"/>
  <testcase name="service" time="3.256" classname="testcases.Counting"/>
  <testcase name="service" time="3.791" classname="testcases.Counting"/>
  <testcase name="service" time="0.000" classname="testcases.Counting"/>
  <testcase name="service" time="0.493" classname="testcases.Counting"/>
  <testcase name="service" time="2.740" classname="testcases.Counting"/>
  <testcase name="service" time="3.732" classname="testcases.Counting"/>
  <testcase name="service" time="7.331" classname="testcases.Counting"/>
  <testcase name="service" time="0.406" classname="testcases.Counting"/>
  <testcase name="service" time="0.002" classname="testcases.Counting"/>
  <testcase name="service" time="0.001" classname="testcases.Counting"/>
  <testcase name="service" time="0.230" classname="testcases.Counting"/>
  <testcase name="service" time="3.377" classname="testcases.Counting"/>
  <testcase name="service" time="4.809" classname="testcases.Counting"/>
  <testcase name="service" time="0.244" classname="testcases.Counting"/>
  <testcase name="service" time="5.422" classname="testcases.Counting"/>
  <testcase name="service" time="2.047" classname="testcases.Counting"/>
  <testcase name="service" time="3.483" classname="testcases.Counting"/>
  <testcase name="service" time="0.000" classname="testcases.Counting"/>
  <testcase name="service" time="4.458" classname="testcases.Counting"/>
  <testcase name="service" time="2.768" classname="testcases.Counting"/>
  <testcase name="service" time="0.000" classname="testcases.Counting"/>
  <testcase name="service" time="0.000" classname="testcases.Counting"/>
  <testcase name="service" time="1.146" classname="testcases.Counting"/>
  <testcase name="service" time="8.535" classname="testcases.Counting"/>
  <testcase name="service" time="0.000" classname="testcases.Counting"/>
  <testcase name="service" time="4.666" classname="testcases.Counting"/>
  <testcase name="service" time="3.355" classname="testcases.Counting"/>
  <testcase name="service" time="1.941" classname="testcases.Counting"/>
  <testcase name="service" time="0.014" classname="testcases.Counting"/>
  <testcase name="service" time="0.004" classname="testcases.Counting"/>
  <testcase name="service" time="0.006" classname="testcases.Counting"/>
  <testcase name="service" time="0.000" classname="testcases.Counting"/>
  <testcase name="service" time="0.958" classname="testcases.Counting"/>
  <testcase name="service" time="0.000" classname="testcases.Counting"/>
  <testcase name="service" time="4.692" classname="testcases.Counting"/>
  <testcase name="service" time="5.373" classname="testcases.Counting"/>
  <testcase name="service" time="2.101" classname="testcases.Counting"/>
  <testcase name="service" time="0.000" classname="testcases.Counting"/>
  <testcase name="service" time="1.804" classname="testcases.Counting"/>
  <testcase name="service" time="5.191" classname="testcases.Counting"/>
  <testcase name="service" time="2.574" classname="testcases.Counting"/>
  <testcase name="service" time="8.266" classname="testcases.Counting"/>
  <testcase name="service" time="4.280" classname="testcases.Counting"/>
  <testcase name="service" time="3.883" classname="testcases.Counting"/>
  <testcase name="service" time="2.144" classname="testcases.Counting"/>
  <testcase name="service" time="0.000" classname="testcases.Counting"/>
  <testcase name="service" time="1.327" classname="testcases.Counting"/>
  <testcase name="service" time="8.314" classname="testcases.Counting"/>
  <testcase name="service" time="5.485" classname="testcases.Counting"/>
  <testcase name="service" time="5.526" classname="testcases.Counting"/>
  <testcase name="service" time="0.000" classname="testcases.Counting"/>
  <testcase name="service" time="5.916" classname="testcases.Counting"/>
  <testcase name="service" time="4.425" classname="testcases.Counting"/>
  <testcase name="service" time="8.347" classname="testcases.Counting"/>
  <testcase name="service" time="8.076" classname="testcases.Counting"/>
  <testcase name="service" time="5.373" classname="testcases.Counting"/>
  <testcase name="service" time="0.000" classname="testcases.Counting"/>
  <testcase name="service" time="0.273" classname="testcases.Counting"/>
  <testcase name="service" time="2.713" classname="testcases.Counting"/>
  <testcase name="service" time="0.790" classname="testcases.Counting"/>
  <testcase name="service" time="4.098" classname="testcases.Counting"/>
  <testcase name="service" time="0.000" classname="testcases.Counting"/>
  <testcase name="service" time="0.000" classname="testcases.Counting"/>
  <testcase name="service" time="8.529" classname="testcases.Counting"/>
  <testcase name="service" time="0.002" classname="testcases.Counting"/>
  <testcase name="service" time="2.610" classname="testcases.Counting"/>
  <testcase name="service" time="7.626" classname="testcases.Counting"/>
  <testcase name="service" time="4.121" classname="testcases.Counting"/>
  <testcase name="service" time="0.000" classname="testcases.Counting"/>
  <testcase name="service" time="3.302" classname="testcases.Counting"/>
  <testcase name="service" time="1.198" classname="testcases.Counting"/>
  <testcase name="service" time="2.828" classname="testcases.Counting"/>
  <testcase name="service" time="2.722" classname="testcases.Counting"/>
  <testcase name="service" time="0.000" classname="testcases.Counting"/>
  <testcase name="service" time="0.001" classname="testcases.Counting"/>
  <testcase name="service" time="8.361" classname="testcases.Counting"/>
  <testcase name="service" time="2.258" classname="testcases.Counting"/>
  <testcase name="service" time="3.952" classname="testcases.Counting"/>
  <testcase name="service" time="2.089" classname="testcases.Counting"/>
  <testcase name="service" time="4.557" classname="testcases.Counting"/>
  <testcase name="service" time="8.359" classname="testcases.Counting"/>
  <testcase name="service" time="3.017" classname="testcases.Counting"/>
  <testcase name="service" time="7.318" classname="testcases.Counting"/>
  <testcase name="service" time="0.000" classname="testcases.Counting"/>
  <testcase name="service" time="4.539" classname="testcases.Counting"/>
  <testcase name="service" time="0.000" classname="testcases.Counting"/>
  <testcase name="service" time="0.001" classname="testcases.Counting"/>
  <testcase name="service" time="2.077" classname="testcases.Counting"/>
  <testcase name="service" time="1.885" classname="testcases.Counting"/>
  <testcase name="service" time="5.319" classname="testcases.Counting"/>
  <testcase name="service" time="0.000" classname="testcases.Counting"/>
  <testcase name="service" time="0.000" classname="testcases.Counting"/>
  <testcase name="service" time="8.395" classname="testcases.Counting"/>
  <testcase name="service" time="4.915" classname="testcases.Counting"/>
  <testcase name="service" time="0.000" classname="testcases.Counting"/>
  <testcase name="service" time="2.308" classname="testcases.Counting"/>
  <testcase name="service" time="0.000" classname="testcases.Counting"/>
  <testcase name="service" time="0.000" classname="testcases.Counting"/>
  <testcase name="service" time="2.316" classname="testcases.Counting"/>
  <testcase name="service" time="0.907" classname="testcases.Counting"/>
  <testcase name="service" time="0.002" classname="testcases.Counting"/>
  <testcase name="service" time="0.000" classname="testcases.Counting"/>
  <testcase name="service" time="0.000" classname="testcases.Counting"/>
  <testcase name="service" time="0.921" classname="testcases.Counting"/>
  <testcase name="service" time="1.872" classname="testcases.Counting"/>
  <testcase name="service" time="3.783" classname="testcases.Counting"/>
  <testcase name="service" time="0.713" classname="testcases.Counting"/>
  <testcase name="service" time="7.447" classname="testcases.Counting"/>
  <testcase name="service" time="8.609" classname="testcases.Counting"/>
  <testcase name="service" time="0.000" classname="testcases.Counting"/>
  <testcase name="service" time="5.193" classname="testcases.Counting"/>
  <testcase name="service" time="2.854" classname="testcases.Counting"/>
  <testcase name="service" time="0.000" classname="testcases.Counting"/>
  <testcase name="service" time="0.001" classname="testcases.Counting"/>
  <testcase name="service" time="0.917" classname="testcases.Counting"/>
  <testcase name="service" time="0.001" classname="testcases.Counting"/>
  <testcase name="service" time="5.290" classname="testcases.Counting"/>
  <testcase name="service" time="2.077" classname="testcases.Counting"/>
  <testcase name="service" time="0.002" classname="testcases.Counting"/>
  <testcase name="service" time="2.047" classname="testcases.Counting"/>
  <testcase name="service" time="2.983" classname="testcases.Counting"/>
  <testcase name="service" time="0.948" classname="testcases.Counting"/>
  <testcase name="service" time="7.795" classname="testcases.Counting"/>
  <testcase name="service" time="5.430" classname="testcases.Counting"/>
  <testcase name="service" time="8.451" classname="testcases.Counting"/>
  <testcase name="service" time="7.510" classname="testcases.Counting"/>
  <testcase name="service" time="2.255" classname="testcases.Counting"/>
  <testcase name="service" time="2.721" classname="testcases.Counting"/>
  <testcase name="service" time="4.464" classname="testcases.Counting"/>
  <testcase name="service" time="4.269" classname="testcases.Counting"/>
  <testcase name="service" time="5.499" classname="testcases.Counting"/>
  <testcase name="service" time="8.535" classname="testcases.Counting"/>
  <testcase name="service" time="3.252" classname="testcases.Counting"/>
  <testcase name="service" time="0.001" classname="testcases.Counting"/>
  <testcase name="service" time="0.000" classname="testcases.Counting"/>
  <testcase name="service" time="0.001" classname="testcases.Counting"/>
  <testcase name="service" time="3.171" classname="testcases.Counting"/>
  <testcase name="service" time="0.000" classname="testcases.Counting"/>
  <testcase name="service" time="7.634" classname="testcases.Counting"/>
  <testcase name="service" time="2.747" classname="testcases.Counting"/>
  <testcase name="service" time="5.284" classname="testcases.Counting"/>
  <testcase name="service" time="0.000" classname="testcases.Counting"/>
  <testcase name="service" time="0.001" classname="testcases.Counting"/>
  <testcase name="service" time="4.463" classname="testcases.Counting"/>
  <testcase name="service" time="2.608" classname="testcases.Counting"/>
  <testcase name="service" time="2.026" classname="testcases.Counting"/>
  <testcase name="service" time="2.387" classname="testcases.Counting"/>
  <testcase name="service" time="1.298" classname="testcases.Counting"/>
  <testcase name="service" time="1.056" classname="testcases.Counting"/>
  <testcase name="service" time="0.107" classname="testcases.Counting"/>
  <testcase name="service" time="0.001" classname="testcases.Counting"/>
  <testcase name="service" time="0.000" classname="testcases.Counting"/>
  <testcase name="service" time="5.332" classname="testcases.Counting"/>
  <testcase name="service" time="7.373" classname="testcases.Counting"/>
  <testcase name="service" time="0.003" classname="testcases.Counting"/>
  <testcase name="service" time="4.366" classname="testcases.Counting"/>
  <testcase name="service" time="0.000" classname="testcases.Counting"/>
  <testcase name="service" time="0.000" classname="testcases.Counting"/>
  <testcase name="service" time="5.178" classname="testcases.Counting"/>
  <testcase name="service" time="2.674" classname="testcases.Counting"/>
  <testcase name="service" time="7.435" classname="testcases.Counting"/>
  <testcase name="service" time="5.212" classname="testcases.Counting"/>
  <testcase name="service" time="3.612" classname="testcases.Counting"/>
  <testcase name="service" time="0.000" classname="testcases.Counting"/>
  <testcase name="service" time="7.420" classname="testcases.Counting"/>
  <testcase name="service" time="0.000" classname="testcases.Counting"/>
  <testcase name="service" time="8.439" classname="testcases.Counting"/>
  <testcase name="service" time="0.000" classname="testcases.Counting"/>
  <testcase name="service" time="0.000" classname="testcases.Counting"/>
  <testcase name="service" time="0.000" classname="testcases.Counting"/>
  <testcase name="service" time="3.427" classname="testcases.Counting"/>
  <testcase name="service" time="5.357" classname="testcases.Counting"/>
  <testcase name="service" time="0.000" classname="testcases.Counting"/>
  <testcase name="service" time="0.000" classname="testcases.Counting"/>
  <testcase name="service" time="0.000" classname="testcases.Counting"/>
  <testcase name="service" time="0.000" classname="testcases.Counting"/>
  <testcase name="service" time="8.540" classname="testcases.Counting"/>
  <testcase name="service" time="2.312" classname="testcases.Counting"/>
  <testcase name="service" time="0.001" classname="testcases.Counting"/>
  <testcase name="service" time="0.001" classname="testcases.Counting"/>
  <testcase name="service" time="0.000" classname="testcases.Counting"/>
  <testcase name="service" time="7.656" classname="testcases.Counting"/>
  <testcase name="service" time="8.614" classname="testcases.Counting"/>
  <testcase name="service" time="0.000" classname="testcases.Counting"/>
  <testcase name="service" time="3.373" classname="testcases.Counting"/>
  <testcase name="service" time="0.058" classname="testcases.Counting"/>
  <testcase name="service" time="0.001" classname="testcases.Counting"/>
  <testcase name="service" time="8.337" classname="testcases.Counting"/>
  <testcase name="service" time="0.002" classname="testcases.Counting"/>
  <testcase name="service" time="5.357" classname="testcases.Counting"/>
  <testcase name="service" time="7.797" classname="testcases.Counting"/>
  <testcase name="service" time="0.006" classname="testcases.Counting"/>
  <testcase name="service" time="4.355" classname="testcases.Counting"/>
  <testcase name="service" time="3.698" classname="testcases.Counting"/>
  <testcase name="service" time="1.305" classname="testcases.Counting"/>
  <testcase name="service" time="1.008" classname="testcases.Counting"/>
  <testcase name="service" time="1.622" classname="testcases.Counting"/>
  <testcase name="service" time="4.253" classname="testcases.Counting"/>
  <testcase name="service" time="1.965" classname="testcases.Counting"/>
  <testcase name="service" time="0.000" classname="testcases.Counting"/>
  <testcase name="service" time="1.928" classname="testcases.Counting"/>
  <testcase name="service" time="8.027" classname="testcases.Counting"/>
  <testcase name="service" time="0.002" classname="testcases.Counting"/>
  <testcase name="service" time="4.598" classname="testcases.Counting"/>
  <testcase name="service" time="0.000" classname="testcases.Counting"/>
  <testcase name="service" time="0.019" classname="testcases.Counting"/>
  <testcase name="service" time="4.759" classname="testcases.Counting"/>
  <testcase name="service" time="0.000" classname="testcases.Counting"/>
  <testcase name="service" time="0.001" classname="testcases.Counting"/>
  <testcase name="service" time="3.275" classname="testcases.Counting"/>
  <testcase name="service" time="0.002" classname="testcases.Counting"/>
  <testcase name="service" time="1.113" classname="testcases.Counting"/>
  <testcase name="service" time="0.980" classname="testcases.Counting"/>
  <testcase name="service" time="2.338" classname="testcases.Counting"/>
  <testcase name="service" time="0.000" classname="testcases.Counting"/>
  <testcase name="service" time="0.000" classname="testcases.Counting"/>
  <testcase name="service" time="2.650" classname="testcases.Counting"/>
  <testcase name="service" time="2.095" classname="testcases.Counting"/>
  <testcase name="service" time="0.001" classname="testcases.Counting"/>
  <testcase name="service" time="6.215" classname="testcases.Counting"/>
  <testcase name="service" time="1.788" classname="testcases.Counting"/>
  <testcase name="service" time="0.238" classname="testcases.Counting"/>
  <testcase name="service" time="3.968" classname="testcases.Counting"/>
  <testcase name="service" time="0.643" classname="testcases.Counting"/>
  <testcase name="service" time="1.774" classname="testcases.Counting"/>
  <testcase name="service" time="4.601" classname="testcases.Counting"/>
  <testcase name="service" time="0.001" classname="testcases.Counting"/>
  <testcase name="service" time="7.329" classname="testcases.Counting"/>
  <testcase name="service" time="0.001" classname="testcases.Counting"/>
  <testcase name="service" time="8.490" classname="testcases.Counting"/>
  <testcase name="service" time="7.433" classname="testcases.Counting"/>
  <testcase name="service" time="7.394" classname="testcases.Counting"/>
  <testcase name="service" time="0.001" classname="testcases.Counting"/>
  <testcase name="service" time="8.241" classname="testcases.Counting"/>
  <testcase name="service" time="4.666" classname="testcases.Counting"/>
  <testcase name="service" time="5.300" classname="testcases.Counting"/>
  <testcase name="service" time="5.555" classname="testcases.Counting"/>
  <testcase name="service" time="4.349" classname="testcases.Counting"/>
  <testcase name="service" time="7.363" classname="testcases.Counting"/>
  <testcase name="service" time="3.841" classname="testcases.Counting"/>
  <testcase name="service" time="0.000" classname="testcases.Counting"/>
  <testcase name="service" time="0.000" classname="testcases.Counting"/>
  <testcase name="service" time="0.002" classname="testcases.Counting"/>
  <testcase name="service" time="0.000" classname="testcases.Counting"/>
  <testcase name="service" time="3.930" classname="testcases.Counting"/>
  <testcase name="service" time="8.584" classname="testcases.Counting"/>
  <testcase name="service" time="0.000" classname="testcases.Counting"/>
  <testcase name="service" time="4.244" classname="testcases.Counting"/>
  <testcase name="service" time="2.808" classname="testcases.Counting"/>
  <testcase name="service" time="2.769" classname="testcases.Counting"/>
  <testcase name="service" time="0.001" classname="testcases.Counting"/>
  <testcase name="service" time="0.000" classname="testcases.Counting"/>
  <testcase name="service" time="4.602" classname="testcases.Counting"/>
  <testcase name="service" time="7.618" classname="testcases.Counting"/>
  <testcase name="service" time="2.646" classname="testcases.Counting"/>
  <testcase name="service" time="5.178" classname="testcases.Counting"/>
  <testcase name="service" time="0.642" classname="testcases.Counting"/>
  <testcase name="service" time="0.000" classname="testcases.Counting"/>
  <testcase name="service" time="4.349" classname="testcases.Counting"/>
  <testcase name="service" time="3.828" classname="testcases.Counting"/>
  <testcase name="service" time="4.725" classname="testcases.Counting"/>
  <testcase name="service" time="2.211" classname="testcases.Counting"/>
  <testcase name="service" time="0.000" classname="testcases.Counting"/>
  <testcase name="service" time="0.000" classname="testcases.Counting"/>
  <testcase name="service" time="0.001" classname="testcases.Counting"/>
  <testcase name="service" time="8.619" classname="testcases.Counting"/>
  <testcase name="service" time="7.373" classname="testcases.Counting"/>
  <testcase name="service" time="0.000" classname="testcases.Counting"/>
  <testcase name="service" time="0.583" classname="testcases.Counting"/>
  <testcase name="service" time="0.001" classname="testcases.Counting"/>
  <testcase name="service" time="5.240" classname="testcases.Counting"/>
  <testcase name="service" time="7.713" classname="testcases.Counting"/>
  <testcase name="service" time="3.312" classname="testcases.Counting"/>
  <testcase name="service" time="4.356" classname="testcases.Counting"/>
  <testcase name="service" time="0.000" classname="testcases.Counting"/>
  <testcase name="service" time="2.667" classname="testcases.Counting"/>
  <testcase name="service" time="1.281" classname="testcases.Counting"/>
  <testcase name="service" time="7.410" classname="testcases.Counting"/>
  <testcase name="service" time="7.423" classname="testcases.Counting"/>
  <testcase name="service" time="1.092" classname="testcases.Counting"/>
  <testcase name="service" time="3.199" classname="testcases.Counting"/>
  <testcase name="service" time="2.922" classname="testcases.Counting"/>
  <testcase name="service" time="8.104" classname="testcases.Counting"/>
  <testcase name="service" time="7.531" classname="testcases.Counting"/>
  <testcase name="service" time="0.001" classname="testcases.Counting"/>
  <testcase name="service" time="8.255" classname="testcases.Counting"/>
  <testcase name="service" time="7.317" classname="testcases.Counting"/>
  <testcase name="service" time="5.370" classname="testcases.Counting"/>
  <testcase name="service" time="7.458" classname="testcases.Counting"/>
  <testcase name="service" time="4.443" classname="testcases.Counting"/>
  <testcase name="service" time="4.535" classname="testcases.Counting"/>
  <testcase name="service" time="8.100" classname="testcases.Counting"/>
  <testcase name="service" time="0.023" classname="testcases.Counting"/>
  <testcase name="service" time="0.001" classname="testcases.Counting"/>
  <testcase name="service" time="7.419" classname="testcases.Counting"/>
  <testcase name="service" time="5.272" classname="testcases.Counting"/>
  <testcase name="service" time="0.005" classname="testcases.Counting"/>
  <testcase name="service" time="8.612" classname="testcases.Counting"/>
  <testcase name="service" time="0.000" classname="testcases.Counting"/>
  <testcase name="service" time="0.001" classname="testcases.Counting"/>
  <testcase name="service" time="0.000" classname="testcases.Counting"/>
  <testcase name="service" time="8.610" classname="testcases.Counting"/>
  <testcase name="service" time="0.793" classname="testcases.Counting"/>
  <testcase name="service" time="0.856" classname="testcases.Counting"/>
  <testcase name="service" time="8.121" classname="testcases.Counting"/>
  <testcase name="service" time="4.497" classname="testcases.Counting"/>
  <testcase name="service" time="8.269" classname="testcases.Counting"/>
  <testcase name="service" time="0.000" classname="testcases.Counting"/>
  <testcase name="service" time="4.541" classname="testcases.Counting"/>
  <testcase name="service" time="0.000" classname="testcases.Counting"/>
  <testcase name="service" time="2.722" classname="testcases.Counting"/>
  <testcase name="service" time="2.308" classname="testcases.Counting"/>
  <testcase name="service" time="0.500" classname="testcases.Counting"/>
  <testcase name="service" time="6.993" classname="testcases.Counting"/>
  <testcase name="service" time="0.504" classname="testcases.Counting"/>
  <testcase name="service" time="0.210" classname="testcases.Counting"/>
  <testcase name="service" time="4.642" classname="testcases.Counting"/>
  <testcase name="service" time="2.106" classname="testcases.Counting"/>
  <testcase name="service" time="6.527" classname="testcases.Counting"/>
  <testcase name="service" time="6.273" classname="testcases.Counting"/>
  <testcase name="service" time="0.031" classname="testcases.Counting"/>
  <testcase name="service" time="0.000" classname="testcases.Counting"/>
  <testcase name="service" time="0.005" classname="testcases.Counting"/>
  <testcase name="service" time="2.081" classname="testcases.Counting"/>
  <testcase name="service" time="2.420" classname="testcases.Counting"/>
  <testcase name="service" time="7.626" classname="testcases.Counting"/>
  <testcase name="service" time="4.626" classname="testcases.Counting"/>
  <testcase name="service" time="2.641" classname="testcases.Counting"/>
  <testcase name="service" time="3.613" classname="testcases.Counting"/>
  <testcase name="service" time="4.470" classname="testcases.Counting"/>
  <testcase name="service" time="8.274" classname="testcases.Counting"/>
  <testcase name="service" time="1.528" classname="testcases.Counting"/>
  <testcase name="service" time="2.176" classname="testcases.Counting"/>
  <testcase name="service" time="5.477" classname="testcases.Counting"/>
  <testcase name="service" time="0.376" classname="testcases.Counting"/>
  <testcase name="service" time="2.822" classname="testcases.Counting"/>
  <testcase name="service" time="0.000" classname="testcases.Counting"/>
  <testcase name="service" time="7.498" classname="testcases.Counting"/>
  <testcase name="service" time="0.000" classname="testcases.Counting"/>
  <testcase name="service" time="0.002" classname="testcases.Counting"/>
  <testcase name="service" time="0.000" classname="testcases.Counting"/>
  <testcase name="service" time="0.001" classname="testcases.Counting"/>
  <testcase name="service" time="7.802" classname="testcases.Counting"/>
  <testcase name="service" time="4.465" classname="testcases.Counting"/>
  <testcase name="service" time="3.134" classname="testcases.Counting"/>
  <testcase name="service" time="0.001" classname="testcases.Counting"/>
  <testcase name="service" time="2.095" classname="testcases.Counting"/>
  <testcase name="service" time="5.386" classname="testcases.Counting"/>
  <testcase name="service" time="0.001" classname="testcases.Counting"/>
  <testcase name="service" time="2.406" classname="testcases.Counting"/>
  <testcase name="service" time="0.018" classname="testcases.Counting"/>
  <testcase name="service" time="0.710" classname="testcases.Counting"/>
  <testcase name="service" time="5.004" classname="testcases.Counting"/>
  <testcase name="service" time="0.534" classname="testcases.Counting"/>
  <testcase name="service" time="3.509" classname="testcases.Counting"/>
  <testcase name="service" time="2.727" classname="testcases.Counting"/>
  <testcase name="service" time="1.342" classname="testcases.Counting"/>
  <testcase name="service" time="0.000" classname="testcases.Counting"/>
  <testcase name="service" time="0.002" classname="testcases.Counting"/>
  <testcase name="service" time="0.000" classname="testcases.Counting"/>
  <testcase name="service" time="4.443" classname="testcases.Counting"/>
  <testcase name="service" time="1.366" classname="testcases.Counting"/>
  <testcase name="service" time="8.358" classname="testcases.Counting"/>
  <testcase name="service" time="0.000" classname="testcases.Counting"/>
  <testcase name="service" time="5.181" classname="testcases.Counting"/>
  <testcase name="service" time="3.904" classname="testcases.Counting"/>
  <testcase name="service" time="7.511" classname="testcases.Counting"/>
  <testcase name="service" time="4.676" classname="testcases.Counting"/>
  <testcase name="service" time="8.520" classname="testcases.Counting"/>
  <testcase name="service" time="0.407" classname="testcases.Counting"/>
  <testcase name="service" time="0.001" classname="testcases.Counting"/>
  <testcase name="service" time="5.267" classname="testcases.Counting"/>
  <testcase name="service" time="0.000" classname="testcases.Counting"/>
  <testcase name="service" time="7.443" classname="testcases.Counting"/>
  <testcase name="service" time="4.131" classname="testcases.Counting"/>
  <testcase name="service" time="6.707" classname="testcases.Counting"/>
  <testcase name="service" time="1.576" classname="testcases.Counting"/>
  <testcase name="service" time="0.000" classname="testcases.Counting"/>
  <testcase name="service" time="4.900" classname="testcases.Counting"/>
  <testcase name="service" time="0.001" classname="testcases.Counting"/>
  <testcase name="service" time="3.492" classname="testcases.Counting"/>
  <testcase name="service" time="2.619" classname="testcases.Counting"/>
  <testcase name="service" time="6.316" classname="testcases.Counting"/>
  <testcase name="service" time="0.007" classname="testcases.Counting"/>
  <testcase name="service" time="0.000" classname="testcases.Counting"/>
  <testcase name="service" time="2.575" classname="testcases.Counting"/>
  <testcase name="service" time="4.470" classname="testcases.Counting"/>
  <testcase name="service" time="0.001" classname="testcases.Counting"/>
  <testcase name="service" time="3.298" classname="testcases.Counting"/>
  <testcase name="service" time="3.684" classname="testcases.Counting"/>
  <testcase name="service" time="1.002" classname="testcases.Counting"/>
  <testcase name="service" time="0.001" classname="testcases.Counting"/>
  <testcase name="service" time="0.001" classname="testcases.Counting"/>
  <testcase name="service" time="2.023" classname="testcases.Counting"/>
  <testcase name="service" time="5.405" classname="testcases.Counting"/>
  <testcase name="service" time="8.542" classname="testcases.Counting"/>
  <testcase name="service" time="0.000" classname="testcases.Counting"/>
  <testcase name="service" time="5.166" classname="testcases.Counting"/>
  <testcase name="service" time="7.447" classname="testcases.Counting"/>
  <testcase name="service" time="0.001" classname="testcases.Counting"/>
  <testcase name="service" time="0.000" classname="testcases.Counting"/>
  <testcase name="service" time="0.000" classname="testcases.Counting"/>
  <testcase name="service" time="0.000" classname="testcases.Counting"/>
  <testcase name="service" time="1.750" classname="testcases.Counting"/>
  <testcase name="service" time="0.001" classname="testcases.Counting"/>
</testsuite> <!-- testcases.Counting -->
