<?xml version="1.0" encoding="UTF-8"?>
<!-- Generated by org.testng.reporters.JUnitReportReporter -->
<testsuite hostname="EDZ-20180329MIP" name="testcases.UnsafeCountingFactorizer" tests="90" failures="0" timestamp="18 Apr 2018 06:18:30 GMT" time="3.352" errors="0">
  <testcase name="service" time="0.037" classname="testcases.UnsafeCountingFactorizer"/>
  <testcase name="service" time="0.021" classname="testcases.UnsafeCountingFactorizer"/>
  <testcase name="service" time="0.003" classname="testcases.UnsafeCountingFactorizer"/>
  <testcase name="service" time="0.004" classname="testcases.UnsafeCountingFactorizer"/>
  <testcase name="service" time="0.002" classname="testcases.UnsafeCountingFactorizer"/>
  <testcase name="service" time="0.001" classname="testcases.UnsafeCountingFactorizer"/>
  <testcase name="service" time="0.098" classname="testcases.UnsafeCountingFactorizer"/>
  <testcase name="service" time="0.147" classname="testcases.UnsafeCountingFactorizer"/>
  <testcase name="service" time="0.009" classname="testcases.UnsafeCountingFactorizer"/>
  <testcase name="service" time="0.001" classname="testcases.UnsafeCountingFactorizer"/>
  <testcase name="service" time="0.162" classname="testcases.UnsafeCountingFactorizer"/>
  <testcase name="service" time="0.013" classname="testcases.UnsafeCountingFactorizer"/>
  <testcase name="service" time="0.031" classname="testcases.UnsafeCountingFactorizer"/>
  <testcase name="service" time="0.001" classname="testcases.UnsafeCountingFactorizer"/>
  <testcase name="service" time="0.001" classname="testcases.UnsafeCountingFactorizer"/>
  <testcase name="service" time="0.012" classname="testcases.UnsafeCountingFactorizer"/>
  <testcase name="service" time="0.118" classname="testcases.UnsafeCountingFactorizer"/>
  <testcase name="service" time="0.058" classname="testcases.UnsafeCountingFactorizer"/>
  <testcase name="service" time="0.001" classname="testcases.UnsafeCountingFactorizer"/>
  <testcase name="service" time="0.074" classname="testcases.UnsafeCountingFactorizer"/>
  <testcase name="service" time="0.059" classname="testcases.UnsafeCountingFactorizer"/>
  <testcase name="service" time="0.001" classname="testcases.UnsafeCountingFactorizer"/>
  <testcase name="service" time="0.001" classname="testcases.UnsafeCountingFactorizer"/>
  <testcase name="service" time="0.024" classname="testcases.UnsafeCountingFactorizer"/>
  <testcase name="service" time="0.044" classname="testcases.UnsafeCountingFactorizer"/>
  <testcase name="service" time="0.039" classname="testcases.UnsafeCountingFactorizer"/>
  <testcase name="service" time="0.056" classname="testcases.UnsafeCountingFactorizer"/>
  <testcase name="service" time="0.017" classname="testcases.UnsafeCountingFactorizer"/>
  <testcase name="service" time="0.014" classname="testcases.UnsafeCountingFactorizer"/>
  <testcase name="service" time="0.062" classname="testcases.UnsafeCountingFactorizer"/>
  <testcase name="service" time="0.100" classname="testcases.UnsafeCountingFactorizer"/>
  <testcase name="service" time="0.048" classname="testcases.UnsafeCountingFactorizer"/>
  <testcase name="service" time="0.037" classname="testcases.UnsafeCountingFactorizer"/>
  <testcase name="service" time="0.091" classname="testcases.UnsafeCountingFactorizer"/>
  <testcase name="service" time="0.090" classname="testcases.UnsafeCountingFactorizer"/>
  <testcase name="service" time="0.003" classname="testcases.UnsafeCountingFactorizer"/>
  <testcase name="service" time="0.001" classname="testcases.UnsafeCountingFactorizer"/>
  <testcase name="service" time="0.001" classname="testcases.UnsafeCountingFactorizer"/>
  <testcase name="service" time="0.025" classname="testcases.UnsafeCountingFactorizer"/>
  <testcase name="service" time="0.001" classname="testcases.UnsafeCountingFactorizer"/>
  <testcase name="service" time="0.003" classname="testcases.UnsafeCountingFactorizer"/>
  <testcase name="service" time="0.042" classname="testcases.UnsafeCountingFactorizer"/>
  <testcase name="service" time="0.001" classname="testcases.UnsafeCountingFactorizer"/>
  <testcase name="service" time="0.057" classname="testcases.UnsafeCountingFactorizer"/>
  <testcase name="service" time="0.050" classname="testcases.UnsafeCountingFactorizer"/>
  <testcase name="service" time="0.001" classname="testcases.UnsafeCountingFactorizer"/>
  <testcase name="service" time="0.001" classname="testcases.UnsafeCountingFactorizer"/>
  <testcase name="service" time="0.001" classname="testcases.UnsafeCountingFactorizer"/>
  <testcase name="service" time="0.000" classname="testcases.UnsafeCountingFactorizer"/>
  <testcase name="service" time="0.003" classname="testcases.UnsafeCountingFactorizer"/>
  <testcase name="service" time="0.002" classname="testcases.UnsafeCountingFactorizer"/>
  <testcase name="service" time="0.100" classname="testcases.UnsafeCountingFactorizer"/>
  <testcase name="service" time="0.001" classname="testcases.UnsafeCountingFactorizer"/>
  <testcase name="service" time="0.109" classname="testcases.UnsafeCountingFactorizer"/>
  <testcase name="service" time="0.140" classname="testcases.UnsafeCountingFactorizer"/>
  <testcase name="service" time="0.000" classname="testcases.UnsafeCountingFactorizer"/>
  <testcase name="service" time="0.000" classname="testcases.UnsafeCountingFactorizer"/>
  <testcase name="service" time="0.001" classname="testcases.UnsafeCountingFactorizer"/>
  <testcase name="service" time="0.002" classname="testcases.UnsafeCountingFactorizer"/>
  <testcase name="service" time="0.103" classname="testcases.UnsafeCountingFactorizer"/>
  <testcase name="service" time="0.095" classname="testcases.UnsafeCountingFactorizer"/>
  <testcase name="service" time="0.075" classname="testcases.UnsafeCountingFactorizer"/>
  <testcase name="service" time="0.003" classname="testcases.UnsafeCountingFactorizer"/>
  <testcase name="service" time="0.001" classname="testcases.UnsafeCountingFactorizer"/>
  <testcase name="service" time="0.002" classname="testcases.UnsafeCountingFactorizer"/>
  <testcase name="service" time="0.100" classname="testcases.UnsafeCountingFactorizer"/>
  <testcase name="service" time="0.005" classname="testcases.UnsafeCountingFactorizer"/>
  <testcase name="service" time="0.000" classname="testcases.UnsafeCountingFactorizer"/>
  <testcase name="service" time="0.024" classname="testcases.UnsafeCountingFactorizer"/>
  <testcase name="service" time="0.005" classname="testcases.UnsafeCountingFactorizer"/>
  <testcase name="service" time="0.006" classname="testcases.UnsafeCountingFactorizer"/>
  <testcase name="service" time="0.125" classname="testcases.UnsafeCountingFactorizer"/>
  <testcase name="service" time="0.001" classname="testcases.UnsafeCountingFactorizer"/>
  <testcase name="service" time="0.007" classname="testcases.UnsafeCountingFactorizer"/>
  <testcase name="service" time="0.003" classname="testcases.UnsafeCountingFactorizer"/>
  <testcase name="service" time="0.017" classname="testcases.UnsafeCountingFactorizer"/>
  <testcase name="service" time="0.018" classname="testcases.UnsafeCountingFactorizer"/>
  <testcase name="service" time="0.058" classname="testcases.UnsafeCountingFactorizer"/>
  <testcase name="service" time="0.009" classname="testcases.UnsafeCountingFactorizer"/>
  <testcase name="service" time="0.174" classname="testcases.UnsafeCountingFactorizer"/>
  <testcase name="service" time="0.108" classname="testcases.UnsafeCountingFactorizer"/>
  <testcase name="service" time="0.002" classname="testcases.UnsafeCountingFactorizer"/>
  <testcase name="service" time="0.074" classname="testcases.UnsafeCountingFactorizer"/>
  <testcase name="service" time="0.001" classname="testcases.UnsafeCountingFactorizer"/>
  <testcase name="service" time="0.132" classname="testcases.UnsafeCountingFactorizer"/>
  <testcase name="service" time="0.003" classname="testcases.UnsafeCountingFactorizer"/>
  <testcase name="service" time="0.064" classname="testcases.UnsafeCountingFactorizer"/>
  <testcase name="service" time="0.001" classname="testcases.UnsafeCountingFactorizer"/>
  <testcase name="service" time="0.029" classname="testcases.UnsafeCountingFactorizer"/>
  <testcase name="service" time="0.085" classname="testcases.UnsafeCountingFactorizer"/>
</testsuite> <!-- testcases.UnsafeCountingFactorizer -->
