<?xml version="1.0" encoding="UTF-8"?>
<!-- Generated by org.testng.reporters.JUnitReportReporter -->
<testsuite hostname="EDZ-20180329MIP" name="testcases.TestCounting" tests="600" failures="0" timestamp="9 May 2018 10:50:08 GMT" time="1214.366" errors="0">
  <testcase name="service" time="5.876" classname="testcases.TestCounting"/>
  <testcase name="service" time="5.876" classname="testcases.TestCounting"/>
  <testcase name="service" time="5.989" classname="testcases.TestCounting"/>
  <testcase name="service" time="0.026" classname="testcases.TestCounting"/>
  <testcase name="service" time="0.001" classname="testcases.TestCounting"/>
  <testcase name="service" time="0.247" classname="testcases.TestCounting"/>
  <testcase name="service" time="5.809" classname="testcases.TestCounting"/>
  <testcase name="service" time="0.018" classname="testcases.TestCounting"/>
  <testcase name="service" time="0.001" classname="testcases.TestCounting"/>
  <testcase name="service" time="0.031" classname="testcases.TestCounting"/>
  <testcase name="service" time="0.045" classname="testcases.TestCounting"/>
  <testcase name="service" time="6.010" classname="testcases.TestCounting"/>
  <testcase name="service" time="5.830" classname="testcases.TestCounting"/>
  <testcase name="service" time="0.300" classname="testcases.TestCounting"/>
  <testcase name="service" time="5.876" classname="testcases.TestCounting"/>
  <testcase name="service" time="0.075" classname="testcases.TestCounting"/>
  <testcase name="service" time="5.847" classname="testcases.TestCounting"/>
  <testcase name="service" time="0.123" classname="testcases.TestCounting"/>
  <testcase name="service" time="5.881" classname="testcases.TestCounting"/>
  <testcase name="service" time="0.004" classname="testcases.TestCounting"/>
  <testcase name="service" time="5.867" classname="testcases.TestCounting"/>
  <testcase name="service" time="0.169" classname="testcases.TestCounting"/>
  <testcase name="service" time="5.876" classname="testcases.TestCounting"/>
  <testcase name="service" time="0.221" classname="testcases.TestCounting"/>
  <testcase name="service" time="0.248" classname="testcases.TestCounting"/>
  <testcase name="service" time="0.003" classname="testcases.TestCounting"/>
  <testcase name="service" time="5.891" classname="testcases.TestCounting"/>
  <testcase name="service" time="0.017" classname="testcases.TestCounting"/>
  <testcase name="service" time="0.088" classname="testcases.TestCounting"/>
  <testcase name="service" time="0.017" classname="testcases.TestCounting"/>
  <testcase name="service" time="5.775" classname="testcases.TestCounting"/>
  <testcase name="service" time="6.072" classname="testcases.TestCounting"/>
  <testcase name="service" time="0.001" classname="testcases.TestCounting"/>
  <testcase name="service" time="0.003" classname="testcases.TestCounting"/>
  <testcase name="service" time="0.196" classname="testcases.TestCounting"/>
  <testcase name="service" time="0.300" classname="testcases.TestCounting"/>
  <testcase name="service" time="0.000" classname="testcases.TestCounting"/>
  <testcase name="service" time="0.001" classname="testcases.TestCounting"/>
  <testcase name="service" time="5.802" classname="testcases.TestCounting"/>
  <testcase name="service" time="0.158" classname="testcases.TestCounting"/>
  <testcase name="service" time="0.001" classname="testcases.TestCounting"/>
  <testcase name="service" time="5.881" classname="testcases.TestCounting"/>
  <testcase name="service" time="0.051" classname="testcases.TestCounting"/>
  <testcase name="service" time="0.001" classname="testcases.TestCounting"/>
  <testcase name="service" time="0.209" classname="testcases.TestCounting"/>
  <testcase name="service" time="5.931" classname="testcases.TestCounting"/>
  <testcase name="service" time="0.395" classname="testcases.TestCounting"/>
  <testcase name="service" time="5.992" classname="testcases.TestCounting"/>
  <testcase name="service" time="0.388" classname="testcases.TestCounting"/>
  <testcase name="service" time="0.298" classname="testcases.TestCounting"/>
  <testcase name="service" time="5.792" classname="testcases.TestCounting"/>
  <testcase name="service" time="0.394" classname="testcases.TestCounting"/>
  <testcase name="service" time="5.845" classname="testcases.TestCounting"/>
  <testcase name="service" time="5.880" classname="testcases.TestCounting"/>
  <testcase name="service" time="0.207" classname="testcases.TestCounting"/>
  <testcase name="service" time="5.915" classname="testcases.TestCounting"/>
  <testcase name="service" time="5.881" classname="testcases.TestCounting"/>
  <testcase name="service" time="0.074" classname="testcases.TestCounting"/>
  <testcase name="service" time="0.072" classname="testcases.TestCounting"/>
  <testcase name="service" time="0.019" classname="testcases.TestCounting"/>
  <testcase name="service" time="0.437" classname="testcases.TestCounting"/>
  <testcase name="service" time="5.943" classname="testcases.TestCounting"/>
  <testcase name="service" time="5.965" classname="testcases.TestCounting"/>
  <testcase name="service" time="5.880" classname="testcases.TestCounting"/>
  <testcase name="service" time="6.069" classname="testcases.TestCounting"/>
  <testcase name="service" time="0.216" classname="testcases.TestCounting"/>
  <testcase name="service" time="5.867" classname="testcases.TestCounting"/>
  <testcase name="service" time="0.165" classname="testcases.TestCounting"/>
  <testcase name="service" time="0.238" classname="testcases.TestCounting"/>
  <testcase name="service" time="0.067" classname="testcases.TestCounting"/>
  <testcase name="service" time="0.041" classname="testcases.TestCounting"/>
  <testcase name="service" time="0.001" classname="testcases.TestCounting"/>
  <testcase name="service" time="0.001" classname="testcases.TestCounting"/>
  <testcase name="service" time="0.115" classname="testcases.TestCounting"/>
  <testcase name="service" time="5.796" classname="testcases.TestCounting"/>
  <testcase name="service" time="5.734" classname="testcases.TestCounting"/>
  <testcase name="service" time="0.157" classname="testcases.TestCounting"/>
  <testcase name="service" time="0.100" classname="testcases.TestCounting"/>
  <testcase name="service" time="0.125" classname="testcases.TestCounting"/>
  <testcase name="service" time="5.870" classname="testcases.TestCounting"/>
  <testcase name="service" time="5.977" classname="testcases.TestCounting"/>
  <testcase name="service" time="5.882" classname="testcases.TestCounting"/>
  <testcase name="service" time="5.915" classname="testcases.TestCounting"/>
  <testcase name="service" time="0.000" classname="testcases.TestCounting"/>
  <testcase name="service" time="5.964" classname="testcases.TestCounting"/>
  <testcase name="service" time="5.902" classname="testcases.TestCounting"/>
  <testcase name="service" time="0.001" classname="testcases.TestCounting"/>
  <testcase name="service" time="0.001" classname="testcases.TestCounting"/>
  <testcase name="service" time="0.012" classname="testcases.TestCounting"/>
  <testcase name="service" time="0.184" classname="testcases.TestCounting"/>
  <testcase name="service" time="0.040" classname="testcases.TestCounting"/>
  <testcase name="service" time="5.877" classname="testcases.TestCounting"/>
  <testcase name="service" time="0.353" classname="testcases.TestCounting"/>
  <testcase name="service" time="0.001" classname="testcases.TestCounting"/>
  <testcase name="service" time="0.190" classname="testcases.TestCounting"/>
  <testcase name="service" time="6.046" classname="testcases.TestCounting"/>
  <testcase name="service" time="0.072" classname="testcases.TestCounting"/>
  <testcase name="service" time="0.000" classname="testcases.TestCounting"/>
  <testcase name="service" time="0.285" classname="testcases.TestCounting"/>
  <testcase name="service" time="0.000" classname="testcases.TestCounting"/>
  <testcase name="service" time="0.000" classname="testcases.TestCounting"/>
  <testcase name="service" time="0.078" classname="testcases.TestCounting"/>
  <testcase name="service" time="5.812" classname="testcases.TestCounting"/>
  <testcase name="service" time="5.794" classname="testcases.TestCounting"/>
  <testcase name="service" time="0.002" classname="testcases.TestCounting"/>
  <testcase name="service" time="5.981" classname="testcases.TestCounting"/>
  <testcase name="service" time="0.064" classname="testcases.TestCounting"/>
  <testcase name="service" time="0.110" classname="testcases.TestCounting"/>
  <testcase name="service" time="5.969" classname="testcases.TestCounting"/>
  <testcase name="service" time="0.254" classname="testcases.TestCounting"/>
  <testcase name="service" time="5.961" classname="testcases.TestCounting"/>
  <testcase name="service" time="0.193" classname="testcases.TestCounting"/>
  <testcase name="service" time="0.002" classname="testcases.TestCounting"/>
  <testcase name="service" time="5.987" classname="testcases.TestCounting"/>
  <testcase name="service" time="0.001" classname="testcases.TestCounting"/>
  <testcase name="service" time="5.797" classname="testcases.TestCounting"/>
  <testcase name="service" time="5.911" classname="testcases.TestCounting"/>
  <testcase name="service" time="0.026" classname="testcases.TestCounting"/>
  <testcase name="service" time="0.005" classname="testcases.TestCounting"/>
  <testcase name="service" time="0.130" classname="testcases.TestCounting"/>
  <testcase name="service" time="0.024" classname="testcases.TestCounting"/>
  <testcase name="service" time="5.989" classname="testcases.TestCounting"/>
  <testcase name="service" time="0.166" classname="testcases.TestCounting"/>
  <testcase name="service" time="0.159" classname="testcases.TestCounting"/>
  <testcase name="service" time="0.140" classname="testcases.TestCounting"/>
  <testcase name="service" time="0.002" classname="testcases.TestCounting"/>
  <testcase name="service" time="5.988" classname="testcases.TestCounting"/>
  <testcase name="service" time="5.881" classname="testcases.TestCounting"/>
  <testcase name="service" time="0.000" classname="testcases.TestCounting"/>
  <testcase name="service" time="0.122" classname="testcases.TestCounting"/>
  <testcase name="service" time="0.140" classname="testcases.TestCounting"/>
  <testcase name="service" time="0.011" classname="testcases.TestCounting"/>
  <testcase name="service" time="0.070" classname="testcases.TestCounting"/>
  <testcase name="service" time="0.032" classname="testcases.TestCounting"/>
  <testcase name="service" time="0.001" classname="testcases.TestCounting"/>
  <testcase name="service" time="0.004" classname="testcases.TestCounting"/>
  <testcase name="service" time="5.946" classname="testcases.TestCounting"/>
  <testcase name="service" time="5.865" classname="testcases.TestCounting"/>
  <testcase name="service" time="5.897" classname="testcases.TestCounting"/>
  <testcase name="service" time="0.000" classname="testcases.TestCounting"/>
  <testcase name="service" time="0.000" classname="testcases.TestCounting"/>
  <testcase name="service" time="5.939" classname="testcases.TestCounting"/>
  <testcase name="service" time="0.107" classname="testcases.TestCounting"/>
  <testcase name="service" time="0.177" classname="testcases.TestCounting"/>
  <testcase name="service" time="5.934" classname="testcases.TestCounting"/>
  <testcase name="service" time="0.000" classname="testcases.TestCounting"/>
  <testcase name="service" time="5.876" classname="testcases.TestCounting"/>
  <testcase name="service" time="5.879" classname="testcases.TestCounting"/>
  <testcase name="service" time="5.844" classname="testcases.TestCounting"/>
  <testcase name="service" time="0.355" classname="testcases.TestCounting"/>
  <testcase name="service" time="0.118" classname="testcases.TestCounting"/>
  <testcase name="service" time="6.067" classname="testcases.TestCounting"/>
  <testcase name="service" time="0.001" classname="testcases.TestCounting"/>
  <testcase name="service" time="0.290" classname="testcases.TestCounting"/>
  <testcase name="service" time="5.846" classname="testcases.TestCounting"/>
  <testcase name="service" time="0.019" classname="testcases.TestCounting"/>
  <testcase name="service" time="0.286" classname="testcases.TestCounting"/>
  <testcase name="service" time="0.002" classname="testcases.TestCounting"/>
  <testcase name="service" time="0.325" classname="testcases.TestCounting"/>
  <testcase name="service" time="0.158" classname="testcases.TestCounting"/>
  <testcase name="service" time="0.059" classname="testcases.TestCounting"/>
  <testcase name="service" time="0.198" classname="testcases.TestCounting"/>
  <testcase name="service" time="0.070" classname="testcases.TestCounting"/>
  <testcase name="service" time="0.216" classname="testcases.TestCounting"/>
  <testcase name="service" time="0.345" classname="testcases.TestCounting"/>
  <testcase name="service" time="0.005" classname="testcases.TestCounting"/>
  <testcase name="service" time="0.001" classname="testcases.TestCounting"/>
  <testcase name="service" time="0.137" classname="testcases.TestCounting"/>
  <testcase name="service" time="0.001" classname="testcases.TestCounting"/>
  <testcase name="service" time="0.002" classname="testcases.TestCounting"/>
  <testcase name="service" time="0.100" classname="testcases.TestCounting"/>
  <testcase name="service" time="0.173" classname="testcases.TestCounting"/>
  <testcase name="service" time="0.193" classname="testcases.TestCounting"/>
  <testcase name="service" time="0.172" classname="testcases.TestCounting"/>
  <testcase name="service" time="0.041" classname="testcases.TestCounting"/>
  <testcase name="service" time="0.259" classname="testcases.TestCounting"/>
  <testcase name="service" time="5.929" classname="testcases.TestCounting"/>
  <testcase name="service" time="0.000" classname="testcases.TestCounting"/>
  <testcase name="service" time="0.023" classname="testcases.TestCounting"/>
  <testcase name="service" time="5.872" classname="testcases.TestCounting"/>
  <testcase name="service" time="0.038" classname="testcases.TestCounting"/>
  <testcase name="service" time="5.988" classname="testcases.TestCounting"/>
  <testcase name="service" time="5.773" classname="testcases.TestCounting"/>
  <testcase name="service" time="0.000" classname="testcases.TestCounting"/>
  <testcase name="service" time="0.403" classname="testcases.TestCounting"/>
  <testcase name="service" time="5.796" classname="testcases.TestCounting"/>
  <testcase name="service" time="0.193" classname="testcases.TestCounting"/>
  <testcase name="service" time="5.881" classname="testcases.TestCounting"/>
  <testcase name="service" time="5.793" classname="testcases.TestCounting"/>
  <testcase name="service" time="0.150" classname="testcases.TestCounting"/>
  <testcase name="service" time="5.961" classname="testcases.TestCounting"/>
  <testcase name="service" time="0.133" classname="testcases.TestCounting"/>
  <testcase name="service" time="0.001" classname="testcases.TestCounting"/>
  <testcase name="service" time="0.123" classname="testcases.TestCounting"/>
  <testcase name="service" time="0.054" classname="testcases.TestCounting"/>
  <testcase name="service" time="5.880" classname="testcases.TestCounting"/>
  <testcase name="service" time="5.878" classname="testcases.TestCounting"/>
  <testcase name="service" time="5.836" classname="testcases.TestCounting"/>
  <testcase name="service" time="0.182" classname="testcases.TestCounting"/>
  <testcase name="service" time="0.135" classname="testcases.TestCounting"/>
  <testcase name="service" time="5.977" classname="testcases.TestCounting"/>
  <testcase name="service" time="5.881" classname="testcases.TestCounting"/>
  <testcase name="service" time="0.006" classname="testcases.TestCounting"/>
  <testcase name="service" time="0.001" classname="testcases.TestCounting"/>
  <testcase name="service" time="0.099" classname="testcases.TestCounting"/>
  <testcase name="service" time="0.130" classname="testcases.TestCounting"/>
  <testcase name="service" time="5.935" classname="testcases.TestCounting"/>
  <testcase name="service" time="5.804" classname="testcases.TestCounting"/>
  <testcase name="service" time="0.130" classname="testcases.TestCounting"/>
  <testcase name="service" time="5.986" classname="testcases.TestCounting"/>
  <testcase name="service" time="0.004" classname="testcases.TestCounting"/>
  <testcase name="service" time="0.202" classname="testcases.TestCounting"/>
  <testcase name="service" time="0.244" classname="testcases.TestCounting"/>
  <testcase name="service" time="0.401" classname="testcases.TestCounting"/>
  <testcase name="service" time="5.881" classname="testcases.TestCounting"/>
  <testcase name="service" time="0.050" classname="testcases.TestCounting"/>
  <testcase name="service" time="0.004" classname="testcases.TestCounting"/>
  <testcase name="service" time="0.106" classname="testcases.TestCounting"/>
  <testcase name="service" time="5.927" classname="testcases.TestCounting"/>
  <testcase name="service" time="0.074" classname="testcases.TestCounting"/>
  <testcase name="service" time="0.001" classname="testcases.TestCounting"/>
  <testcase name="service" time="5.880" classname="testcases.TestCounting"/>
  <testcase name="service" time="0.001" classname="testcases.TestCounting"/>
  <testcase name="service" time="0.026" classname="testcases.TestCounting"/>
  <testcase name="service" time="0.001" classname="testcases.TestCounting"/>
  <testcase name="service" time="5.962" classname="testcases.TestCounting"/>
  <testcase name="service" time="5.798" classname="testcases.TestCounting"/>
  <testcase name="service" time="0.001" classname="testcases.TestCounting"/>
  <testcase name="service" time="5.869" classname="testcases.TestCounting"/>
  <testcase name="service" time="0.004" classname="testcases.TestCounting"/>
  <testcase name="service" time="0.001" classname="testcases.TestCounting"/>
  <testcase name="service" time="0.129" classname="testcases.TestCounting"/>
  <testcase name="service" time="5.980" classname="testcases.TestCounting"/>
  <testcase name="service" time="5.942" classname="testcases.TestCounting"/>
  <testcase name="service" time="0.001" classname="testcases.TestCounting"/>
  <testcase name="service" time="0.000" classname="testcases.TestCounting"/>
  <testcase name="service" time="0.058" classname="testcases.TestCounting"/>
  <testcase name="service" time="0.168" classname="testcases.TestCounting"/>
  <testcase name="service" time="0.413" classname="testcases.TestCounting"/>
  <testcase name="service" time="6.039" classname="testcases.TestCounting"/>
  <testcase name="service" time="0.032" classname="testcases.TestCounting"/>
  <testcase name="service" time="0.004" classname="testcases.TestCounting"/>
  <testcase name="service" time="0.122" classname="testcases.TestCounting"/>
  <testcase name="service" time="0.430" classname="testcases.TestCounting"/>
  <testcase name="service" time="0.002" classname="testcases.TestCounting"/>
  <testcase name="service" time="0.337" classname="testcases.TestCounting"/>
  <testcase name="service" time="0.134" classname="testcases.TestCounting"/>
  <testcase name="service" time="0.000" classname="testcases.TestCounting"/>
  <testcase name="service" time="0.148" classname="testcases.TestCounting"/>
  <testcase name="service" time="0.000" classname="testcases.TestCounting"/>
  <testcase name="service" time="0.054" classname="testcases.TestCounting"/>
  <testcase name="service" time="5.985" classname="testcases.TestCounting"/>
  <testcase name="service" time="0.008" classname="testcases.TestCounting"/>
  <testcase name="service" time="0.232" classname="testcases.TestCounting"/>
  <testcase name="service" time="0.018" classname="testcases.TestCounting"/>
  <testcase name="service" time="5.727" classname="testcases.TestCounting"/>
  <testcase name="service" time="0.002" classname="testcases.TestCounting"/>
  <testcase name="service" time="5.884" classname="testcases.TestCounting"/>
  <testcase name="service" time="6.014" classname="testcases.TestCounting"/>
  <testcase name="service" time="0.000" classname="testcases.TestCounting"/>
  <testcase name="service" time="5.952" classname="testcases.TestCounting"/>
  <testcase name="service" time="0.002" classname="testcases.TestCounting"/>
  <testcase name="service" time="0.073" classname="testcases.TestCounting"/>
  <testcase name="service" time="0.000" classname="testcases.TestCounting"/>
  <testcase name="service" time="5.879" classname="testcases.TestCounting"/>
  <testcase name="service" time="0.279" classname="testcases.TestCounting"/>
  <testcase name="service" time="0.291" classname="testcases.TestCounting"/>
  <testcase name="service" time="5.954" classname="testcases.TestCounting"/>
  <testcase name="service" time="5.937" classname="testcases.TestCounting"/>
  <testcase name="service" time="5.895" classname="testcases.TestCounting"/>
  <testcase name="service" time="0.006" classname="testcases.TestCounting"/>
  <testcase name="service" time="0.298" classname="testcases.TestCounting"/>
  <testcase name="service" time="0.169" classname="testcases.TestCounting"/>
  <testcase name="service" time="0.054" classname="testcases.TestCounting"/>
  <testcase name="service" time="0.001" classname="testcases.TestCounting"/>
  <testcase name="service" time="0.000" classname="testcases.TestCounting"/>
  <testcase name="service" time="0.105" classname="testcases.TestCounting"/>
  <testcase name="service" time="0.002" classname="testcases.TestCounting"/>
  <testcase name="service" time="5.931" classname="testcases.TestCounting"/>
  <testcase name="service" time="0.001" classname="testcases.TestCounting"/>
  <testcase name="service" time="5.934" classname="testcases.TestCounting"/>
  <testcase name="service" time="0.001" classname="testcases.TestCounting"/>
  <testcase name="service" time="0.000" classname="testcases.TestCounting"/>
  <testcase name="service" time="5.988" classname="testcases.TestCounting"/>
  <testcase name="service" time="5.869" classname="testcases.TestCounting"/>
  <testcase name="service" time="0.000" classname="testcases.TestCounting"/>
  <testcase name="service" time="0.100" classname="testcases.TestCounting"/>
  <testcase name="service" time="0.003" classname="testcases.TestCounting"/>
  <testcase name="service" time="0.001" classname="testcases.TestCounting"/>
  <testcase name="service" time="0.069" classname="testcases.TestCounting"/>
  <testcase name="service" time="0.119" classname="testcases.TestCounting"/>
  <testcase name="service" time="5.989" classname="testcases.TestCounting"/>
  <testcase name="service" time="0.230" classname="testcases.TestCounting"/>
  <testcase name="service" time="0.068" classname="testcases.TestCounting"/>
  <testcase name="service" time="5.880" classname="testcases.TestCounting"/>
  <testcase name="service" time="5.864" classname="testcases.TestCounting"/>
  <testcase name="service" time="0.173" classname="testcases.TestCounting"/>
  <testcase name="service" time="5.736" classname="testcases.TestCounting"/>
  <testcase name="service" time="0.102" classname="testcases.TestCounting"/>
  <testcase name="service" time="0.043" classname="testcases.TestCounting"/>
  <testcase name="service" time="0.132" classname="testcases.TestCounting"/>
  <testcase name="service" time="0.191" classname="testcases.TestCounting"/>
  <testcase name="service" time="0.000" classname="testcases.TestCounting"/>
  <testcase name="service" time="5.730" classname="testcases.TestCounting"/>
  <testcase name="service" time="5.876" classname="testcases.TestCounting"/>
  <testcase name="service" time="0.123" classname="testcases.TestCounting"/>
  <testcase name="service" time="5.919" classname="testcases.TestCounting"/>
  <testcase name="service" time="0.005" classname="testcases.TestCounting"/>
  <testcase name="service" time="0.005" classname="testcases.TestCounting"/>
  <testcase name="service" time="0.312" classname="testcases.TestCounting"/>
  <testcase name="service" time="5.898" classname="testcases.TestCounting"/>
  <testcase name="service" time="5.987" classname="testcases.TestCounting"/>
  <testcase name="service" time="5.881" classname="testcases.TestCounting"/>
  <testcase name="service" time="0.125" classname="testcases.TestCounting"/>
  <testcase name="service" time="0.026" classname="testcases.TestCounting"/>
  <testcase name="service" time="0.150" classname="testcases.TestCounting"/>
  <testcase name="service" time="5.864" classname="testcases.TestCounting"/>
  <testcase name="service" time="5.914" classname="testcases.TestCounting"/>
  <testcase name="service" time="0.105" classname="testcases.TestCounting"/>
  <testcase name="service" time="0.165" classname="testcases.TestCounting"/>
  <testcase name="service" time="5.991" classname="testcases.TestCounting"/>
  <testcase name="service" time="0.050" classname="testcases.TestCounting"/>
  <testcase name="service" time="0.229" classname="testcases.TestCounting"/>
  <testcase name="service" time="5.979" classname="testcases.TestCounting"/>
  <testcase name="service" time="0.019" classname="testcases.TestCounting"/>
  <testcase name="service" time="0.152" classname="testcases.TestCounting"/>
  <testcase name="service" time="0.159" classname="testcases.TestCounting"/>
  <testcase name="service" time="0.098" classname="testcases.TestCounting"/>
  <testcase name="service" time="0.119" classname="testcases.TestCounting"/>
  <testcase name="service" time="5.943" classname="testcases.TestCounting"/>
  <testcase name="service" time="0.000" classname="testcases.TestCounting"/>
  <testcase name="service" time="0.107" classname="testcases.TestCounting"/>
  <testcase name="service" time="0.000" classname="testcases.TestCounting"/>
  <testcase name="service" time="5.927" classname="testcases.TestCounting"/>
  <testcase name="service" time="5.803" classname="testcases.TestCounting"/>
  <testcase name="service" time="5.882" classname="testcases.TestCounting"/>
  <testcase name="service" time="0.000" classname="testcases.TestCounting"/>
  <testcase name="service" time="0.000" classname="testcases.TestCounting"/>
  <testcase name="service" time="0.003" classname="testcases.TestCounting"/>
  <testcase name="service" time="0.241" classname="testcases.TestCounting"/>
  <testcase name="service" time="0.002" classname="testcases.TestCounting"/>
  <testcase name="service" time="0.087" classname="testcases.TestCounting"/>
  <testcase name="service" time="0.129" classname="testcases.TestCounting"/>
  <testcase name="service" time="0.004" classname="testcases.TestCounting"/>
  <testcase name="service" time="5.930" classname="testcases.TestCounting"/>
  <testcase name="service" time="0.135" classname="testcases.TestCounting"/>
  <testcase name="service" time="5.952" classname="testcases.TestCounting"/>
  <testcase name="service" time="5.937" classname="testcases.TestCounting"/>
  <testcase name="service" time="5.879" classname="testcases.TestCounting"/>
  <testcase name="service" time="0.000" classname="testcases.TestCounting"/>
  <testcase name="service" time="0.002" classname="testcases.TestCounting"/>
  <testcase name="service" time="0.083" classname="testcases.TestCounting"/>
  <testcase name="service" time="0.019" classname="testcases.TestCounting"/>
  <testcase name="service" time="0.206" classname="testcases.TestCounting"/>
  <testcase name="service" time="5.988" classname="testcases.TestCounting"/>
  <testcase name="service" time="0.013" classname="testcases.TestCounting"/>
  <testcase name="service" time="0.001" classname="testcases.TestCounting"/>
  <testcase name="service" time="0.118" classname="testcases.TestCounting"/>
  <testcase name="service" time="5.882" classname="testcases.TestCounting"/>
  <testcase name="service" time="5.980" classname="testcases.TestCounting"/>
  <testcase name="service" time="0.001" classname="testcases.TestCounting"/>
  <testcase name="service" time="0.012" classname="testcases.TestCounting"/>
  <testcase name="service" time="0.000" classname="testcases.TestCounting"/>
  <testcase name="service" time="0.202" classname="testcases.TestCounting"/>
  <testcase name="service" time="0.063" classname="testcases.TestCounting"/>
  <testcase name="service" time="0.158" classname="testcases.TestCounting"/>
  <testcase name="service" time="0.008" classname="testcases.TestCounting"/>
  <testcase name="service" time="5.918" classname="testcases.TestCounting"/>
  <testcase name="service" time="0.078" classname="testcases.TestCounting"/>
  <testcase name="service" time="5.883" classname="testcases.TestCounting"/>
  <testcase name="service" time="0.127" classname="testcases.TestCounting"/>
  <testcase name="service" time="0.002" classname="testcases.TestCounting"/>
  <testcase name="service" time="0.150" classname="testcases.TestCounting"/>
  <testcase name="service" time="0.001" classname="testcases.TestCounting"/>
  <testcase name="service" time="0.000" classname="testcases.TestCounting"/>
  <testcase name="service" time="0.086" classname="testcases.TestCounting"/>
  <testcase name="service" time="0.001" classname="testcases.TestCounting"/>
  <testcase name="service" time="0.001" classname="testcases.TestCounting"/>
  <testcase name="service" time="0.098" classname="testcases.TestCounting"/>
  <testcase name="service" time="5.879" classname="testcases.TestCounting"/>
  <testcase name="service" time="6.077" classname="testcases.TestCounting"/>
  <testcase name="service" time="0.146" classname="testcases.TestCounting"/>
  <testcase name="service" time="5.883" classname="testcases.TestCounting"/>
  <testcase name="service" time="0.001" classname="testcases.TestCounting"/>
  <testcase name="service" time="0.136" classname="testcases.TestCounting"/>
  <testcase name="service" time="0.027" classname="testcases.TestCounting"/>
  <testcase name="service" time="5.932" classname="testcases.TestCounting"/>
  <testcase name="service" time="0.038" classname="testcases.TestCounting"/>
  <testcase name="service" time="0.020" classname="testcases.TestCounting"/>
  <testcase name="service" time="0.228" classname="testcases.TestCounting"/>
  <testcase name="service" time="0.396" classname="testcases.TestCounting"/>
  <testcase name="service" time="0.292" classname="testcases.TestCounting"/>
  <testcase name="service" time="5.806" classname="testcases.TestCounting"/>
  <testcase name="service" time="5.883" classname="testcases.TestCounting"/>
  <testcase name="service" time="0.144" classname="testcases.TestCounting"/>
  <testcase name="service" time="5.819" classname="testcases.TestCounting"/>
  <testcase name="service" time="5.980" classname="testcases.TestCounting"/>
  <testcase name="service" time="5.987" classname="testcases.TestCounting"/>
  <testcase name="service" time="5.783" classname="testcases.TestCounting"/>
  <testcase name="service" time="5.910" classname="testcases.TestCounting"/>
  <testcase name="service" time="5.928" classname="testcases.TestCounting"/>
  <testcase name="service" time="0.006" classname="testcases.TestCounting"/>
  <testcase name="service" time="0.150" classname="testcases.TestCounting"/>
  <testcase name="service" time="0.000" classname="testcases.TestCounting"/>
  <testcase name="service" time="5.789" classname="testcases.TestCounting"/>
  <testcase name="service" time="0.222" classname="testcases.TestCounting"/>
  <testcase name="service" time="0.001" classname="testcases.TestCounting"/>
  <testcase name="service" time="5.986" classname="testcases.TestCounting"/>
  <testcase name="service" time="0.287" classname="testcases.TestCounting"/>
  <testcase name="service" time="0.081" classname="testcases.TestCounting"/>
  <testcase name="service" time="5.880" classname="testcases.TestCounting"/>
  <testcase name="service" time="0.050" classname="testcases.TestCounting"/>
  <testcase name="service" time="0.000" classname="testcases.TestCounting"/>
  <testcase name="service" time="0.001" classname="testcases.TestCounting"/>
  <testcase name="service" time="0.090" classname="testcases.TestCounting"/>
  <testcase name="service" time="5.939" classname="testcases.TestCounting"/>
  <testcase name="service" time="0.112" classname="testcases.TestCounting"/>
  <testcase name="service" time="5.900" classname="testcases.TestCounting"/>
  <testcase name="service" time="5.786" classname="testcases.TestCounting"/>
  <testcase name="service" time="0.006" classname="testcases.TestCounting"/>
  <testcase name="service" time="5.896" classname="testcases.TestCounting"/>
  <testcase name="service" time="5.880" classname="testcases.TestCounting"/>
  <testcase name="service" time="0.117" classname="testcases.TestCounting"/>
  <testcase name="service" time="0.001" classname="testcases.TestCounting"/>
  <testcase name="service" time="0.001" classname="testcases.TestCounting"/>
  <testcase name="service" time="0.146" classname="testcases.TestCounting"/>
  <testcase name="service" time="5.864" classname="testcases.TestCounting"/>
  <testcase name="service" time="0.293" classname="testcases.TestCounting"/>
  <testcase name="service" time="5.906" classname="testcases.TestCounting"/>
  <testcase name="service" time="5.798" classname="testcases.TestCounting"/>
  <testcase name="service" time="0.001" classname="testcases.TestCounting"/>
  <testcase name="service" time="0.230" classname="testcases.TestCounting"/>
  <testcase name="service" time="0.000" classname="testcases.TestCounting"/>
  <testcase name="service" time="0.001" classname="testcases.TestCounting"/>
  <testcase name="service" time="5.881" classname="testcases.TestCounting"/>
  <testcase name="service" time="5.985" classname="testcases.TestCounting"/>
  <testcase name="service" time="0.145" classname="testcases.TestCounting"/>
  <testcase name="service" time="0.086" classname="testcases.TestCounting"/>
  <testcase name="service" time="0.001" classname="testcases.TestCounting"/>
  <testcase name="service" time="0.265" classname="testcases.TestCounting"/>
  <testcase name="service" time="0.002" classname="testcases.TestCounting"/>
  <testcase name="service" time="0.000" classname="testcases.TestCounting"/>
  <testcase name="service" time="0.002" classname="testcases.TestCounting"/>
  <testcase name="service" time="5.798" classname="testcases.TestCounting"/>
  <testcase name="service" time="0.043" classname="testcases.TestCounting"/>
  <testcase name="service" time="5.863" classname="testcases.TestCounting"/>
  <testcase name="service" time="5.985" classname="testcases.TestCounting"/>
  <testcase name="service" time="0.050" classname="testcases.TestCounting"/>
  <testcase name="service" time="0.001" classname="testcases.TestCounting"/>
  <testcase name="service" time="0.002" classname="testcases.TestCounting"/>
  <testcase name="service" time="5.864" classname="testcases.TestCounting"/>
  <testcase name="service" time="5.884" classname="testcases.TestCounting"/>
  <testcase name="service" time="0.016" classname="testcases.TestCounting"/>
  <testcase name="service" time="0.156" classname="testcases.TestCounting"/>
  <testcase name="service" time="0.005" classname="testcases.TestCounting"/>
  <testcase name="service" time="0.004" classname="testcases.TestCounting"/>
  <testcase name="service" time="0.194" classname="testcases.TestCounting"/>
  <testcase name="service" time="5.883" classname="testcases.TestCounting"/>
  <testcase name="service" time="0.206" classname="testcases.TestCounting"/>
  <testcase name="service" time="0.000" classname="testcases.TestCounting"/>
  <testcase name="service" time="0.005" classname="testcases.TestCounting"/>
  <testcase name="service" time="0.248" classname="testcases.TestCounting"/>
  <testcase name="service" time="0.001" classname="testcases.TestCounting"/>
  <testcase name="service" time="5.814" classname="testcases.TestCounting"/>
  <testcase name="service" time="5.968" classname="testcases.TestCounting"/>
  <testcase name="service" time="6.017" classname="testcases.TestCounting"/>
  <testcase name="service" time="6.071" classname="testcases.TestCounting"/>
  <testcase name="service" time="0.003" classname="testcases.TestCounting"/>
  <testcase name="service" time="5.877" classname="testcases.TestCounting"/>
  <testcase name="service" time="5.875" classname="testcases.TestCounting"/>
  <testcase name="service" time="0.000" classname="testcases.TestCounting"/>
  <testcase name="service" time="0.000" classname="testcases.TestCounting"/>
  <testcase name="service" time="0.130" classname="testcases.TestCounting"/>
  <testcase name="service" time="0.083" classname="testcases.TestCounting"/>
  <testcase name="service" time="0.023" classname="testcases.TestCounting"/>
  <testcase name="service" time="0.001" classname="testcases.TestCounting"/>
  <testcase name="service" time="5.884" classname="testcases.TestCounting"/>
  <testcase name="service" time="0.006" classname="testcases.TestCounting"/>
  <testcase name="service" time="0.000" classname="testcases.TestCounting"/>
  <testcase name="service" time="0.000" classname="testcases.TestCounting"/>
  <testcase name="service" time="0.000" classname="testcases.TestCounting"/>
  <testcase name="service" time="0.146" classname="testcases.TestCounting"/>
  <testcase name="service" time="0.223" classname="testcases.TestCounting"/>
  <testcase name="service" time="0.000" classname="testcases.TestCounting"/>
  <testcase name="service" time="0.064" classname="testcases.TestCounting"/>
  <testcase name="service" time="0.327" classname="testcases.TestCounting"/>
  <testcase name="service" time="5.775" classname="testcases.TestCounting"/>
  <testcase name="service" time="5.882" classname="testcases.TestCounting"/>
  <testcase name="service" time="0.001" classname="testcases.TestCounting"/>
  <testcase name="service" time="5.882" classname="testcases.TestCounting"/>
  <testcase name="service" time="0.216" classname="testcases.TestCounting"/>
  <testcase name="service" time="0.047" classname="testcases.TestCounting"/>
  <testcase name="service" time="5.881" classname="testcases.TestCounting"/>
  <testcase name="service" time="5.929" classname="testcases.TestCounting"/>
  <testcase name="service" time="0.004" classname="testcases.TestCounting"/>
  <testcase name="service" time="0.024" classname="testcases.TestCounting"/>
  <testcase name="service" time="0.084" classname="testcases.TestCounting"/>
  <testcase name="service" time="5.881" classname="testcases.TestCounting"/>
  <testcase name="service" time="0.000" classname="testcases.TestCounting"/>
  <testcase name="service" time="0.000" classname="testcases.TestCounting"/>
  <testcase name="service" time="0.025" classname="testcases.TestCounting"/>
  <testcase name="service" time="5.877" classname="testcases.TestCounting"/>
  <testcase name="service" time="5.930" classname="testcases.TestCounting"/>
  <testcase name="service" time="0.002" classname="testcases.TestCounting"/>
  <testcase name="service" time="0.000" classname="testcases.TestCounting"/>
  <testcase name="service" time="0.026" classname="testcases.TestCounting"/>
  <testcase name="service" time="5.812" classname="testcases.TestCounting"/>
  <testcase name="service" time="0.183" classname="testcases.TestCounting"/>
  <testcase name="service" time="0.085" classname="testcases.TestCounting"/>
  <testcase name="service" time="5.910" classname="testcases.TestCounting"/>
  <testcase name="service" time="0.089" classname="testcases.TestCounting"/>
  <testcase name="service" time="5.880" classname="testcases.TestCounting"/>
  <testcase name="service" time="0.000" classname="testcases.TestCounting"/>
  <testcase name="service" time="0.001" classname="testcases.TestCounting"/>
  <testcase name="service" time="0.060" classname="testcases.TestCounting"/>
  <testcase name="service" time="0.001" classname="testcases.TestCounting"/>
  <testcase name="service" time="0.000" classname="testcases.TestCounting"/>
  <testcase name="service" time="0.002" classname="testcases.TestCounting"/>
  <testcase name="service" time="0.000" classname="testcases.TestCounting"/>
  <testcase name="service" time="5.987" classname="testcases.TestCounting"/>
  <testcase name="service" time="0.004" classname="testcases.TestCounting"/>
  <testcase name="service" time="0.100" classname="testcases.TestCounting"/>
  <testcase name="service" time="0.112" classname="testcases.TestCounting"/>
  <testcase name="service" time="0.080" classname="testcases.TestCounting"/>
  <testcase name="service" time="0.004" classname="testcases.TestCounting"/>
  <testcase name="service" time="0.000" classname="testcases.TestCounting"/>
  <testcase name="service" time="0.026" classname="testcases.TestCounting"/>
  <testcase name="service" time="0.075" classname="testcases.TestCounting"/>
  <testcase name="service" time="0.292" classname="testcases.TestCounting"/>
  <testcase name="service" time="0.002" classname="testcases.TestCounting"/>
  <testcase name="service" time="5.877" classname="testcases.TestCounting"/>
  <testcase name="service" time="5.728" classname="testcases.TestCounting"/>
  <testcase name="service" time="0.001" classname="testcases.TestCounting"/>
  <testcase name="service" time="5.848" classname="testcases.TestCounting"/>
  <testcase name="service" time="0.133" classname="testcases.TestCounting"/>
  <testcase name="service" time="0.001" classname="testcases.TestCounting"/>
  <testcase name="service" time="5.986" classname="testcases.TestCounting"/>
  <testcase name="service" time="0.229" classname="testcases.TestCounting"/>
  <testcase name="service" time="0.033" classname="testcases.TestCounting"/>
  <testcase name="service" time="5.832" classname="testcases.TestCounting"/>
  <testcase name="service" time="0.005" classname="testcases.TestCounting"/>
  <testcase name="service" time="0.005" classname="testcases.TestCounting"/>
  <testcase name="service" time="0.003" classname="testcases.TestCounting"/>
  <testcase name="service" time="5.863" classname="testcases.TestCounting"/>
  <testcase name="service" time="5.964" classname="testcases.TestCounting"/>
  <testcase name="service" time="0.001" classname="testcases.TestCounting"/>
  <testcase name="service" time="0.067" classname="testcases.TestCounting"/>
  <testcase name="service" time="0.001" classname="testcases.TestCounting"/>
  <testcase name="service" time="0.213" classname="testcases.TestCounting"/>
  <testcase name="service" time="0.038" classname="testcases.TestCounting"/>
  <testcase name="service" time="5.841" classname="testcases.TestCounting"/>
  <testcase name="service" time="0.089" classname="testcases.TestCounting"/>
  <testcase name="service" time="5.729" classname="testcases.TestCounting"/>
  <testcase name="service" time="0.201" classname="testcases.TestCounting"/>
  <testcase name="service" time="0.001" classname="testcases.TestCounting"/>
  <testcase name="service" time="5.794" classname="testcases.TestCounting"/>
  <testcase name="service" time="0.073" classname="testcases.TestCounting"/>
  <testcase name="service" time="0.000" classname="testcases.TestCounting"/>
  <testcase name="service" time="0.001" classname="testcases.TestCounting"/>
  <testcase name="service" time="0.338" classname="testcases.TestCounting"/>
  <testcase name="service" time="5.852" classname="testcases.TestCounting"/>
  <testcase name="service" time="0.051" classname="testcases.TestCounting"/>
  <testcase name="service" time="0.001" classname="testcases.TestCounting"/>
  <testcase name="service" time="0.000" classname="testcases.TestCounting"/>
  <testcase name="service" time="0.102" classname="testcases.TestCounting"/>
  <testcase name="service" time="0.266" classname="testcases.TestCounting"/>
  <testcase name="service" time="0.000" classname="testcases.TestCounting"/>
  <testcase name="service" time="0.004" classname="testcases.TestCounting"/>
  <testcase name="service" time="5.775" classname="testcases.TestCounting"/>
  <testcase name="service" time="5.908" classname="testcases.TestCounting"/>
  <testcase name="service" time="0.391" classname="testcases.TestCounting"/>
  <testcase name="service" time="5.960" classname="testcases.TestCounting"/>
  <testcase name="service" time="0.002" classname="testcases.TestCounting"/>
  <testcase name="service" time="5.727" classname="testcases.TestCounting"/>
  <testcase name="service" time="5.883" classname="testcases.TestCounting"/>
  <testcase name="service" time="0.255" classname="testcases.TestCounting"/>
  <testcase name="service" time="0.044" classname="testcases.TestCounting"/>
  <testcase name="service" time="0.012" classname="testcases.TestCounting"/>
  <testcase name="service" time="5.902" classname="testcases.TestCounting"/>
  <testcase name="service" time="0.109" classname="testcases.TestCounting"/>
  <testcase name="service" time="0.000" classname="testcases.TestCounting"/>
  <testcase name="service" time="6.072" classname="testcases.TestCounting"/>
  <testcase name="service" time="5.778" classname="testcases.TestCounting"/>
  <testcase name="service" time="0.187" classname="testcases.TestCounting"/>
  <testcase name="service" time="0.000" classname="testcases.TestCounting"/>
  <testcase name="service" time="0.073" classname="testcases.TestCounting"/>
  <testcase name="service" time="5.784" classname="testcases.TestCounting"/>
  <testcase name="service" time="5.882" classname="testcases.TestCounting"/>
  <testcase name="service" time="0.001" classname="testcases.TestCounting"/>
  <testcase name="service" time="6.070" classname="testcases.TestCounting"/>
  <testcase name="service" time="5.911" classname="testcases.TestCounting"/>
  <testcase name="service" time="5.990" classname="testcases.TestCounting"/>
  <testcase name="service" time="0.000" classname="testcases.TestCounting"/>
  <testcase name="service" time="5.901" classname="testcases.TestCounting"/>
  <testcase name="service" time="0.000" classname="testcases.TestCounting"/>
  <testcase name="service" time="5.849" classname="testcases.TestCounting"/>
  <testcase name="service" time="0.001" classname="testcases.TestCounting"/>
  <testcase name="service" time="0.001" classname="testcases.TestCounting"/>
  <testcase name="service" time="0.221" classname="testcases.TestCounting"/>
  <testcase name="service" time="0.024" classname="testcases.TestCounting"/>
</testsuite> <!-- testcases.TestCounting -->
