<?xml version="1.0" encoding="UTF-8"?>
<!-- Generated by org.testng.reporters.JUnitReportReporter -->
<testsuite hostname="EDZ-20180329MIP" name="testcases.CountingTest" tests="900" failures="0" timestamp="24 Aug 2018 01:22:04 GMT" time="99.588" errors="0">
  <testcase name="service" time="0.001" classname="testcases.CountingTest"/>
  <testcase name="service" time="0.000" classname="testcases.CountingTest"/>
  <testcase name="service" time="0.838" classname="testcases.CountingTest"/>
  <testcase name="service" time="0.000" classname="testcases.CountingTest"/>
  <testcase name="service" time="0.000" classname="testcases.CountingTest"/>
  <testcase name="service" time="0.013" classname="testcases.CountingTest"/>
  <testcase name="service" time="0.001" classname="testcases.CountingTest"/>
  <testcase name="service" time="0.001" classname="testcases.CountingTest"/>
  <testcase name="service" time="0.000" classname="testcases.CountingTest"/>
  <testcase name="service" time="0.000" classname="testcases.CountingTest"/>
  <testcase name="service" time="0.000" classname="testcases.CountingTest"/>
  <testcase name="service" time="0.561" classname="testcases.CountingTest"/>
  <testcase name="service" time="0.818" classname="testcases.CountingTest"/>
  <testcase name="service" time="0.000" classname="testcases.CountingTest"/>
  <testcase name="service" time="0.062" classname="testcases.CountingTest"/>
  <testcase name="service" time="0.001" classname="testcases.CountingTest"/>
  <testcase name="service" time="0.183" classname="testcases.CountingTest"/>
  <testcase name="service" time="0.005" classname="testcases.CountingTest"/>
  <testcase name="service" time="0.000" classname="testcases.CountingTest"/>
  <testcase name="service" time="0.726" classname="testcases.CountingTest"/>
  <testcase name="service" time="0.000" classname="testcases.CountingTest"/>
  <testcase name="service" time="0.013" classname="testcases.CountingTest"/>
  <testcase name="service" time="0.000" classname="testcases.CountingTest"/>
  <testcase name="service" time="0.127" classname="testcases.CountingTest"/>
  <testcase name="service" time="0.001" classname="testcases.CountingTest"/>
  <testcase name="service" time="0.002" classname="testcases.CountingTest"/>
  <testcase name="service" time="0.018" classname="testcases.CountingTest"/>
  <testcase name="service" time="0.000" classname="testcases.CountingTest"/>
  <testcase name="service" time="0.217" classname="testcases.CountingTest"/>
  <testcase name="service" time="0.000" classname="testcases.CountingTest"/>
  <testcase name="service" time="0.012" classname="testcases.CountingTest"/>
  <testcase name="service" time="0.003" classname="testcases.CountingTest"/>
  <testcase name="service" time="0.218" classname="testcases.CountingTest"/>
  <testcase name="service" time="0.000" classname="testcases.CountingTest"/>
  <testcase name="service" time="0.146" classname="testcases.CountingTest"/>
  <testcase name="service" time="0.000" classname="testcases.CountingTest"/>
  <testcase name="service" time="0.159" classname="testcases.CountingTest"/>
  <testcase name="service" time="0.006" classname="testcases.CountingTest"/>
  <testcase name="service" time="0.838" classname="testcases.CountingTest"/>
  <testcase name="service" time="0.000" classname="testcases.CountingTest"/>
  <testcase name="service" time="0.025" classname="testcases.CountingTest"/>
  <testcase name="service" time="0.353" classname="testcases.CountingTest"/>
  <testcase name="service" time="0.001" classname="testcases.CountingTest"/>
  <testcase name="service" time="0.001" classname="testcases.CountingTest"/>
  <testcase name="service" time="0.169" classname="testcases.CountingTest"/>
  <testcase name="service" time="0.048" classname="testcases.CountingTest"/>
  <testcase name="service" time="0.000" classname="testcases.CountingTest"/>
  <testcase name="service" time="0.159" classname="testcases.CountingTest"/>
  <testcase name="service" time="0.000" classname="testcases.CountingTest"/>
  <testcase name="service" time="0.291" classname="testcases.CountingTest"/>
  <testcase name="service" time="0.003" classname="testcases.CountingTest"/>
  <testcase name="service" time="0.000" classname="testcases.CountingTest"/>
  <testcase name="service" time="0.003" classname="testcases.CountingTest"/>
  <testcase name="service" time="0.496" classname="testcases.CountingTest"/>
  <testcase name="service" time="0.001" classname="testcases.CountingTest"/>
  <testcase name="service" time="0.242" classname="testcases.CountingTest"/>
  <testcase name="service" time="0.159" classname="testcases.CountingTest"/>
  <testcase name="service" time="0.002" classname="testcases.CountingTest"/>
  <testcase name="service" time="0.005" classname="testcases.CountingTest"/>
  <testcase name="service" time="0.002" classname="testcases.CountingTest"/>
  <testcase name="service" time="0.000" classname="testcases.CountingTest"/>
  <testcase name="service" time="0.001" classname="testcases.CountingTest"/>
  <testcase name="service" time="0.001" classname="testcases.CountingTest"/>
  <testcase name="service" time="0.346" classname="testcases.CountingTest"/>
  <testcase name="service" time="0.000" classname="testcases.CountingTest"/>
  <testcase name="service" time="0.154" classname="testcases.CountingTest"/>
  <testcase name="service" time="0.000" classname="testcases.CountingTest"/>
  <testcase name="service" time="0.002" classname="testcases.CountingTest"/>
  <testcase name="service" time="0.078" classname="testcases.CountingTest"/>
  <testcase name="service" time="0.355" classname="testcases.CountingTest"/>
  <testcase name="service" time="0.002" classname="testcases.CountingTest"/>
  <testcase name="service" time="0.243" classname="testcases.CountingTest"/>
  <testcase name="service" time="0.000" classname="testcases.CountingTest"/>
  <testcase name="service" time="0.001" classname="testcases.CountingTest"/>
  <testcase name="service" time="0.002" classname="testcases.CountingTest"/>
  <testcase name="service" time="0.000" classname="testcases.CountingTest"/>
  <testcase name="service" time="0.001" classname="testcases.CountingTest"/>
  <testcase name="service" time="0.001" classname="testcases.CountingTest"/>
  <testcase name="service" time="0.002" classname="testcases.CountingTest"/>
  <testcase name="service" time="0.001" classname="testcases.CountingTest"/>
  <testcase name="service" time="0.001" classname="testcases.CountingTest"/>
  <testcase name="service" time="0.001" classname="testcases.CountingTest"/>
  <testcase name="service" time="0.000" classname="testcases.CountingTest"/>
  <testcase name="service" time="0.002" classname="testcases.CountingTest"/>
  <testcase name="service" time="0.001" classname="testcases.CountingTest"/>
  <testcase name="service" time="0.007" classname="testcases.CountingTest"/>
  <testcase name="service" time="0.361" classname="testcases.CountingTest"/>
  <testcase name="service" time="0.000" classname="testcases.CountingTest"/>
  <testcase name="service" time="0.001" classname="testcases.CountingTest"/>
  <testcase name="service" time="0.004" classname="testcases.CountingTest"/>
  <testcase name="service" time="0.004" classname="testcases.CountingTest"/>
  <testcase name="service" time="0.000" classname="testcases.CountingTest"/>
  <testcase name="service" time="0.000" classname="testcases.CountingTest"/>
  <testcase name="service" time="0.001" classname="testcases.CountingTest"/>
  <testcase name="service" time="0.001" classname="testcases.CountingTest"/>
  <testcase name="service" time="0.015" classname="testcases.CountingTest"/>
  <testcase name="service" time="0.005" classname="testcases.CountingTest"/>
  <testcase name="service" time="0.001" classname="testcases.CountingTest"/>
  <testcase name="service" time="0.499" classname="testcases.CountingTest"/>
  <testcase name="service" time="0.236" classname="testcases.CountingTest"/>
  <testcase name="service" time="0.591" classname="testcases.CountingTest"/>
  <testcase name="service" time="0.002" classname="testcases.CountingTest"/>
  <testcase name="service" time="0.002" classname="testcases.CountingTest"/>
  <testcase name="service" time="0.001" classname="testcases.CountingTest"/>
  <testcase name="service" time="0.001" classname="testcases.CountingTest"/>
  <testcase name="service" time="0.005" classname="testcases.CountingTest"/>
  <testcase name="service" time="0.063" classname="testcases.CountingTest"/>
  <testcase name="service" time="0.002" classname="testcases.CountingTest"/>
  <testcase name="service" time="0.006" classname="testcases.CountingTest"/>
  <testcase name="service" time="0.019" classname="testcases.CountingTest"/>
  <testcase name="service" time="0.011" classname="testcases.CountingTest"/>
  <testcase name="service" time="0.000" classname="testcases.CountingTest"/>
  <testcase name="service" time="0.144" classname="testcases.CountingTest"/>
  <testcase name="service" time="0.001" classname="testcases.CountingTest"/>
  <testcase name="service" time="0.000" classname="testcases.CountingTest"/>
  <testcase name="service" time="0.050" classname="testcases.CountingTest"/>
  <testcase name="service" time="0.152" classname="testcases.CountingTest"/>
  <testcase name="service" time="0.250" classname="testcases.CountingTest"/>
  <testcase name="service" time="0.000" classname="testcases.CountingTest"/>
  <testcase name="service" time="0.683" classname="testcases.CountingTest"/>
  <testcase name="service" time="0.876" classname="testcases.CountingTest"/>
  <testcase name="service" time="0.000" classname="testcases.CountingTest"/>
  <testcase name="service" time="0.000" classname="testcases.CountingTest"/>
  <testcase name="service" time="0.000" classname="testcases.CountingTest"/>
  <testcase name="service" time="0.000" classname="testcases.CountingTest"/>
  <testcase name="service" time="0.000" classname="testcases.CountingTest"/>
  <testcase name="service" time="0.002" classname="testcases.CountingTest"/>
  <testcase name="service" time="0.003" classname="testcases.CountingTest"/>
  <testcase name="service" time="0.000" classname="testcases.CountingTest"/>
  <testcase name="service" time="0.002" classname="testcases.CountingTest"/>
  <testcase name="service" time="0.000" classname="testcases.CountingTest"/>
  <testcase name="service" time="0.001" classname="testcases.CountingTest"/>
  <testcase name="service" time="0.012" classname="testcases.CountingTest"/>
  <testcase name="service" time="0.000" classname="testcases.CountingTest"/>
  <testcase name="service" time="0.000" classname="testcases.CountingTest"/>
  <testcase name="service" time="0.001" classname="testcases.CountingTest"/>
  <testcase name="service" time="0.001" classname="testcases.CountingTest"/>
  <testcase name="service" time="0.176" classname="testcases.CountingTest"/>
  <testcase name="service" time="0.000" classname="testcases.CountingTest"/>
  <testcase name="service" time="0.250" classname="testcases.CountingTest"/>
  <testcase name="service" time="0.093" classname="testcases.CountingTest"/>
  <testcase name="service" time="0.055" classname="testcases.CountingTest"/>
  <testcase name="service" time="0.000" classname="testcases.CountingTest"/>
  <testcase name="service" time="0.014" classname="testcases.CountingTest"/>
  <testcase name="service" time="0.004" classname="testcases.CountingTest"/>
  <testcase name="service" time="0.001" classname="testcases.CountingTest"/>
  <testcase name="service" time="0.666" classname="testcases.CountingTest"/>
  <testcase name="service" time="0.282" classname="testcases.CountingTest"/>
  <testcase name="service" time="0.001" classname="testcases.CountingTest"/>
  <testcase name="service" time="0.000" classname="testcases.CountingTest"/>
  <testcase name="service" time="0.000" classname="testcases.CountingTest"/>
  <testcase name="service" time="0.001" classname="testcases.CountingTest"/>
  <testcase name="service" time="0.005" classname="testcases.CountingTest"/>
  <testcase name="service" time="0.006" classname="testcases.CountingTest"/>
  <testcase name="service" time="0.480" classname="testcases.CountingTest"/>
  <testcase name="service" time="0.000" classname="testcases.CountingTest"/>
  <testcase name="service" time="0.000" classname="testcases.CountingTest"/>
  <testcase name="service" time="0.806" classname="testcases.CountingTest"/>
  <testcase name="service" time="0.000" classname="testcases.CountingTest"/>
  <testcase name="service" time="0.000" classname="testcases.CountingTest"/>
  <testcase name="service" time="0.091" classname="testcases.CountingTest"/>
  <testcase name="service" time="0.274" classname="testcases.CountingTest"/>
  <testcase name="service" time="0.002" classname="testcases.CountingTest"/>
  <testcase name="service" time="0.808" classname="testcases.CountingTest"/>
  <testcase name="service" time="0.001" classname="testcases.CountingTest"/>
  <testcase name="service" time="0.493" classname="testcases.CountingTest"/>
  <testcase name="service" time="0.509" classname="testcases.CountingTest"/>
  <testcase name="service" time="0.261" classname="testcases.CountingTest"/>
  <testcase name="service" time="0.001" classname="testcases.CountingTest"/>
  <testcase name="service" time="0.374" classname="testcases.CountingTest"/>
  <testcase name="service" time="0.001" classname="testcases.CountingTest"/>
  <testcase name="service" time="0.001" classname="testcases.CountingTest"/>
  <testcase name="service" time="0.006" classname="testcases.CountingTest"/>
  <testcase name="service" time="0.004" classname="testcases.CountingTest"/>
  <testcase name="service" time="0.000" classname="testcases.CountingTest"/>
  <testcase name="service" time="0.002" classname="testcases.CountingTest"/>
  <testcase name="service" time="0.002" classname="testcases.CountingTest"/>
  <testcase name="service" time="0.001" classname="testcases.CountingTest"/>
  <testcase name="service" time="0.001" classname="testcases.CountingTest"/>
  <testcase name="service" time="0.160" classname="testcases.CountingTest"/>
  <testcase name="service" time="0.000" classname="testcases.CountingTest"/>
  <testcase name="service" time="0.002" classname="testcases.CountingTest"/>
  <testcase name="service" time="0.107" classname="testcases.CountingTest"/>
  <testcase name="service" time="0.000" classname="testcases.CountingTest"/>
  <testcase name="service" time="0.007" classname="testcases.CountingTest"/>
  <testcase name="service" time="0.000" classname="testcases.CountingTest"/>
  <testcase name="service" time="0.002" classname="testcases.CountingTest"/>
  <testcase name="service" time="0.000" classname="testcases.CountingTest"/>
  <testcase name="service" time="0.000" classname="testcases.CountingTest"/>
  <testcase name="service" time="0.000" classname="testcases.CountingTest"/>
  <testcase name="service" time="0.001" classname="testcases.CountingTest"/>
  <testcase name="service" time="0.001" classname="testcases.CountingTest"/>
  <testcase name="service" time="0.000" classname="testcases.CountingTest"/>
  <testcase name="service" time="0.049" classname="testcases.CountingTest"/>
  <testcase name="service" time="0.001" classname="testcases.CountingTest"/>
  <testcase name="service" time="0.000" classname="testcases.CountingTest"/>
  <testcase name="service" time="0.000" classname="testcases.CountingTest"/>
  <testcase name="service" time="0.000" classname="testcases.CountingTest"/>
  <testcase name="service" time="0.001" classname="testcases.CountingTest"/>
  <testcase name="service" time="0.001" classname="testcases.CountingTest"/>
  <testcase name="service" time="0.144" classname="testcases.CountingTest"/>
  <testcase name="service" time="0.003" classname="testcases.CountingTest"/>
  <testcase name="service" time="0.006" classname="testcases.CountingTest"/>
  <testcase name="service" time="0.679" classname="testcases.CountingTest"/>
  <testcase name="service" time="0.005" classname="testcases.CountingTest"/>
  <testcase name="service" time="0.018" classname="testcases.CountingTest"/>
  <testcase name="service" time="0.850" classname="testcases.CountingTest"/>
  <testcase name="service" time="0.007" classname="testcases.CountingTest"/>
  <testcase name="service" time="0.155" classname="testcases.CountingTest"/>
  <testcase name="service" time="0.001" classname="testcases.CountingTest"/>
  <testcase name="service" time="0.983" classname="testcases.CountingTest"/>
  <testcase name="service" time="0.223" classname="testcases.CountingTest"/>
  <testcase name="service" time="0.001" classname="testcases.CountingTest"/>
  <testcase name="service" time="0.000" classname="testcases.CountingTest"/>
  <testcase name="service" time="0.001" classname="testcases.CountingTest"/>
  <testcase name="service" time="0.027" classname="testcases.CountingTest"/>
  <testcase name="service" time="0.000" classname="testcases.CountingTest"/>
  <testcase name="service" time="0.001" classname="testcases.CountingTest"/>
  <testcase name="service" time="0.245" classname="testcases.CountingTest"/>
  <testcase name="service" time="0.002" classname="testcases.CountingTest"/>
  <testcase name="service" time="0.005" classname="testcases.CountingTest"/>
  <testcase name="service" time="0.001" classname="testcases.CountingTest"/>
  <testcase name="service" time="0.003" classname="testcases.CountingTest"/>
  <testcase name="service" time="0.203" classname="testcases.CountingTest"/>
  <testcase name="service" time="0.351" classname="testcases.CountingTest"/>
  <testcase name="service" time="0.001" classname="testcases.CountingTest"/>
  <testcase name="service" time="0.000" classname="testcases.CountingTest"/>
  <testcase name="service" time="0.001" classname="testcases.CountingTest"/>
  <testcase name="service" time="0.009" classname="testcases.CountingTest"/>
  <testcase name="service" time="0.001" classname="testcases.CountingTest"/>
  <testcase name="service" time="0.000" classname="testcases.CountingTest"/>
  <testcase name="service" time="0.000" classname="testcases.CountingTest"/>
  <testcase name="service" time="0.004" classname="testcases.CountingTest"/>
  <testcase name="service" time="0.920" classname="testcases.CountingTest"/>
  <testcase name="service" time="0.001" classname="testcases.CountingTest"/>
  <testcase name="service" time="0.178" classname="testcases.CountingTest"/>
  <testcase name="service" time="0.001" classname="testcases.CountingTest"/>
  <testcase name="service" time="0.000" classname="testcases.CountingTest"/>
  <testcase name="service" time="0.001" classname="testcases.CountingTest"/>
  <testcase name="service" time="0.001" classname="testcases.CountingTest"/>
  <testcase name="service" time="0.004" classname="testcases.CountingTest"/>
  <testcase name="service" time="0.000" classname="testcases.CountingTest"/>
  <testcase name="service" time="0.002" classname="testcases.CountingTest"/>
  <testcase name="service" time="0.002" classname="testcases.CountingTest"/>
  <testcase name="service" time="0.000" classname="testcases.CountingTest"/>
  <testcase name="service" time="0.137" classname="testcases.CountingTest"/>
  <testcase name="service" time="0.548" classname="testcases.CountingTest"/>
  <testcase name="service" time="0.934" classname="testcases.CountingTest"/>
  <testcase name="service" time="0.668" classname="testcases.CountingTest"/>
  <testcase name="service" time="0.000" classname="testcases.CountingTest"/>
  <testcase name="service" time="0.000" classname="testcases.CountingTest"/>
  <testcase name="service" time="0.001" classname="testcases.CountingTest"/>
  <testcase name="service" time="0.000" classname="testcases.CountingTest"/>
  <testcase name="service" time="0.855" classname="testcases.CountingTest"/>
  <testcase name="service" time="0.001" classname="testcases.CountingTest"/>
  <testcase name="service" time="0.357" classname="testcases.CountingTest"/>
  <testcase name="service" time="0.003" classname="testcases.CountingTest"/>
  <testcase name="service" time="0.002" classname="testcases.CountingTest"/>
  <testcase name="service" time="0.001" classname="testcases.CountingTest"/>
  <testcase name="service" time="0.000" classname="testcases.CountingTest"/>
  <testcase name="service" time="0.005" classname="testcases.CountingTest"/>
  <testcase name="service" time="0.001" classname="testcases.CountingTest"/>
  <testcase name="service" time="0.001" classname="testcases.CountingTest"/>
  <testcase name="service" time="0.001" classname="testcases.CountingTest"/>
  <testcase name="service" time="0.000" classname="testcases.CountingTest"/>
  <testcase name="service" time="0.001" classname="testcases.CountingTest"/>
  <testcase name="service" time="0.001" classname="testcases.CountingTest"/>
  <testcase name="service" time="0.000" classname="testcases.CountingTest"/>
  <testcase name="service" time="0.000" classname="testcases.CountingTest"/>
  <testcase name="service" time="0.000" classname="testcases.CountingTest"/>
  <testcase name="service" time="0.000" classname="testcases.CountingTest"/>
  <testcase name="service" time="0.000" classname="testcases.CountingTest"/>
  <testcase name="service" time="0.001" classname="testcases.CountingTest"/>
  <testcase name="service" time="0.001" classname="testcases.CountingTest"/>
  <testcase name="service" time="0.000" classname="testcases.CountingTest"/>
  <testcase name="service" time="0.436" classname="testcases.CountingTest"/>
  <testcase name="service" time="0.503" classname="testcases.CountingTest"/>
  <testcase name="service" time="0.002" classname="testcases.CountingTest"/>
  <testcase name="service" time="0.001" classname="testcases.CountingTest"/>
  <testcase name="service" time="0.001" classname="testcases.CountingTest"/>
  <testcase name="service" time="0.001" classname="testcases.CountingTest"/>
  <testcase name="service" time="0.001" classname="testcases.CountingTest"/>
  <testcase name="service" time="0.000" classname="testcases.CountingTest"/>
  <testcase name="service" time="0.153" classname="testcases.CountingTest"/>
  <testcase name="service" time="0.001" classname="testcases.CountingTest"/>
  <testcase name="service" time="0.002" classname="testcases.CountingTest"/>
  <testcase name="service" time="0.290" classname="testcases.CountingTest"/>
  <testcase name="service" time="0.021" classname="testcases.CountingTest"/>
  <testcase name="service" time="0.301" classname="testcases.CountingTest"/>
  <testcase name="service" time="0.007" classname="testcases.CountingTest"/>
  <testcase name="service" time="0.001" classname="testcases.CountingTest"/>
  <testcase name="service" time="0.158" classname="testcases.CountingTest"/>
  <testcase name="service" time="0.003" classname="testcases.CountingTest"/>
  <testcase name="service" time="0.000" classname="testcases.CountingTest"/>
  <testcase name="service" time="0.506" classname="testcases.CountingTest"/>
  <testcase name="service" time="0.064" classname="testcases.CountingTest"/>
  <testcase name="service" time="0.008" classname="testcases.CountingTest"/>
  <testcase name="service" time="0.000" classname="testcases.CountingTest"/>
  <testcase name="service" time="0.001" classname="testcases.CountingTest"/>
  <testcase name="service" time="0.256" classname="testcases.CountingTest"/>
  <testcase name="service" time="0.181" classname="testcases.CountingTest"/>
  <testcase name="service" time="0.001" classname="testcases.CountingTest"/>
  <testcase name="service" time="0.001" classname="testcases.CountingTest"/>
  <testcase name="service" time="0.003" classname="testcases.CountingTest"/>
  <testcase name="service" time="0.510" classname="testcases.CountingTest"/>
  <testcase name="service" time="0.000" classname="testcases.CountingTest"/>
  <testcase name="service" time="0.002" classname="testcases.CountingTest"/>
  <testcase name="service" time="0.001" classname="testcases.CountingTest"/>
  <testcase name="service" time="0.000" classname="testcases.CountingTest"/>
  <testcase name="service" time="0.002" classname="testcases.CountingTest"/>
  <testcase name="service" time="0.001" classname="testcases.CountingTest"/>
  <testcase name="service" time="0.000" classname="testcases.CountingTest"/>
  <testcase name="service" time="0.219" classname="testcases.CountingTest"/>
  <testcase name="service" time="0.000" classname="testcases.CountingTest"/>
  <testcase name="service" time="0.001" classname="testcases.CountingTest"/>
  <testcase name="service" time="0.000" classname="testcases.CountingTest"/>
  <testcase name="service" time="0.245" classname="testcases.CountingTest"/>
  <testcase name="service" time="0.001" classname="testcases.CountingTest"/>
  <testcase name="service" time="0.001" classname="testcases.CountingTest"/>
  <testcase name="service" time="0.941" classname="testcases.CountingTest"/>
  <testcase name="service" time="0.001" classname="testcases.CountingTest"/>
  <testcase name="service" time="0.001" classname="testcases.CountingTest"/>
  <testcase name="service" time="0.179" classname="testcases.CountingTest"/>
  <testcase name="service" time="0.000" classname="testcases.CountingTest"/>
  <testcase name="service" time="0.000" classname="testcases.CountingTest"/>
  <testcase name="service" time="0.002" classname="testcases.CountingTest"/>
  <testcase name="service" time="0.449" classname="testcases.CountingTest"/>
  <testcase name="service" time="0.000" classname="testcases.CountingTest"/>
  <testcase name="service" time="0.000" classname="testcases.CountingTest"/>
  <testcase name="service" time="0.304" classname="testcases.CountingTest"/>
  <testcase name="service" time="0.030" classname="testcases.CountingTest"/>
  <testcase name="service" time="0.527" classname="testcases.CountingTest"/>
  <testcase name="service" time="0.002" classname="testcases.CountingTest"/>
  <testcase name="service" time="0.493" classname="testcases.CountingTest"/>
  <testcase name="service" time="0.782" classname="testcases.CountingTest"/>
  <testcase name="service" time="0.000" classname="testcases.CountingTest"/>
  <testcase name="service" time="0.000" classname="testcases.CountingTest"/>
  <testcase name="service" time="0.001" classname="testcases.CountingTest"/>
  <testcase name="service" time="0.001" classname="testcases.CountingTest"/>
  <testcase name="service" time="0.000" classname="testcases.CountingTest"/>
  <testcase name="service" time="0.514" classname="testcases.CountingTest"/>
  <testcase name="service" time="0.000" classname="testcases.CountingTest"/>
  <testcase name="service" time="0.277" classname="testcases.CountingTest"/>
  <testcase name="service" time="0.001" classname="testcases.CountingTest"/>
  <testcase name="service" time="0.004" classname="testcases.CountingTest"/>
  <testcase name="service" time="1.062" classname="testcases.CountingTest"/>
  <testcase name="service" time="0.004" classname="testcases.CountingTest"/>
  <testcase name="service" time="0.345" classname="testcases.CountingTest"/>
  <testcase name="service" time="0.000" classname="testcases.CountingTest"/>
  <testcase name="service" time="0.001" classname="testcases.CountingTest"/>
  <testcase name="service" time="0.001" classname="testcases.CountingTest"/>
  <testcase name="service" time="0.001" classname="testcases.CountingTest"/>
  <testcase name="service" time="0.001" classname="testcases.CountingTest"/>
  <testcase name="service" time="0.000" classname="testcases.CountingTest"/>
  <testcase name="service" time="0.000" classname="testcases.CountingTest"/>
  <testcase name="service" time="0.728" classname="testcases.CountingTest"/>
  <testcase name="service" time="0.001" classname="testcases.CountingTest"/>
  <testcase name="service" time="0.002" classname="testcases.CountingTest"/>
  <testcase name="service" time="0.001" classname="testcases.CountingTest"/>
  <testcase name="service" time="0.005" classname="testcases.CountingTest"/>
  <testcase name="service" time="0.001" classname="testcases.CountingTest"/>
  <testcase name="service" time="0.000" classname="testcases.CountingTest"/>
  <testcase name="service" time="0.001" classname="testcases.CountingTest"/>
  <testcase name="service" time="0.004" classname="testcases.CountingTest"/>
  <testcase name="service" time="0.000" classname="testcases.CountingTest"/>
  <testcase name="service" time="0.144" classname="testcases.CountingTest"/>
  <testcase name="service" time="0.003" classname="testcases.CountingTest"/>
  <testcase name="service" time="0.002" classname="testcases.CountingTest"/>
  <testcase name="service" time="0.000" classname="testcases.CountingTest"/>
  <testcase name="service" time="0.006" classname="testcases.CountingTest"/>
  <testcase name="service" time="0.001" classname="testcases.CountingTest"/>
  <testcase name="service" time="0.471" classname="testcases.CountingTest"/>
  <testcase name="service" time="0.000" classname="testcases.CountingTest"/>
  <testcase name="service" time="0.001" classname="testcases.CountingTest"/>
  <testcase name="service" time="0.001" classname="testcases.CountingTest"/>
  <testcase name="service" time="0.221" classname="testcases.CountingTest"/>
  <testcase name="service" time="0.575" classname="testcases.CountingTest"/>
  <testcase name="service" time="0.001" classname="testcases.CountingTest"/>
  <testcase name="service" time="0.006" classname="testcases.CountingTest"/>
  <testcase name="service" time="0.065" classname="testcases.CountingTest"/>
  <testcase name="service" time="0.125" classname="testcases.CountingTest"/>
  <testcase name="service" time="0.150" classname="testcases.CountingTest"/>
  <testcase name="service" time="0.845" classname="testcases.CountingTest"/>
  <testcase name="service" time="0.002" classname="testcases.CountingTest"/>
  <testcase name="service" time="0.002" classname="testcases.CountingTest"/>
  <testcase name="service" time="0.000" classname="testcases.CountingTest"/>
  <testcase name="service" time="0.001" classname="testcases.CountingTest"/>
  <testcase name="service" time="0.000" classname="testcases.CountingTest"/>
  <testcase name="service" time="0.000" classname="testcases.CountingTest"/>
  <testcase name="service" time="0.000" classname="testcases.CountingTest"/>
  <testcase name="service" time="0.091" classname="testcases.CountingTest"/>
  <testcase name="service" time="0.005" classname="testcases.CountingTest"/>
  <testcase name="service" time="0.000" classname="testcases.CountingTest"/>
  <testcase name="service" time="0.002" classname="testcases.CountingTest"/>
  <testcase name="service" time="0.000" classname="testcases.CountingTest"/>
  <testcase name="service" time="0.001" classname="testcases.CountingTest"/>
  <testcase name="service" time="0.970" classname="testcases.CountingTest"/>
  <testcase name="service" time="0.315" classname="testcases.CountingTest"/>
  <testcase name="service" time="0.001" classname="testcases.CountingTest"/>
  <testcase name="service" time="0.247" classname="testcases.CountingTest"/>
  <testcase name="service" time="0.245" classname="testcases.CountingTest"/>
  <testcase name="service" time="0.637" classname="testcases.CountingTest"/>
  <testcase name="service" time="0.130" classname="testcases.CountingTest"/>
  <testcase name="service" time="0.158" classname="testcases.CountingTest"/>
  <testcase name="service" time="0.003" classname="testcases.CountingTest"/>
  <testcase name="service" time="0.004" classname="testcases.CountingTest"/>
  <testcase name="service" time="0.013" classname="testcases.CountingTest"/>
  <testcase name="service" time="0.008" classname="testcases.CountingTest"/>
  <testcase name="service" time="0.002" classname="testcases.CountingTest"/>
  <testcase name="service" time="0.001" classname="testcases.CountingTest"/>
  <testcase name="service" time="0.527" classname="testcases.CountingTest"/>
  <testcase name="service" time="0.000" classname="testcases.CountingTest"/>
  <testcase name="service" time="0.001" classname="testcases.CountingTest"/>
  <testcase name="service" time="0.144" classname="testcases.CountingTest"/>
  <testcase name="service" time="0.025" classname="testcases.CountingTest"/>
  <testcase name="service" time="0.001" classname="testcases.CountingTest"/>
  <testcase name="service" time="0.001" classname="testcases.CountingTest"/>
  <testcase name="service" time="0.000" classname="testcases.CountingTest"/>
  <testcase name="service" time="0.708" classname="testcases.CountingTest"/>
  <testcase name="service" time="0.000" classname="testcases.CountingTest"/>
  <testcase name="service" time="0.001" classname="testcases.CountingTest"/>
  <testcase name="service" time="0.000" classname="testcases.CountingTest"/>
  <testcase name="service" time="0.000" classname="testcases.CountingTest"/>
  <testcase name="service" time="0.000" classname="testcases.CountingTest"/>
  <testcase name="service" time="0.000" classname="testcases.CountingTest"/>
  <testcase name="service" time="0.001" classname="testcases.CountingTest"/>
  <testcase name="service" time="0.004" classname="testcases.CountingTest"/>
  <testcase name="service" time="0.000" classname="testcases.CountingTest"/>
  <testcase name="service" time="0.996" classname="testcases.CountingTest"/>
  <testcase name="service" time="0.003" classname="testcases.CountingTest"/>
  <testcase name="service" time="0.009" classname="testcases.CountingTest"/>
  <testcase name="service" time="0.025" classname="testcases.CountingTest"/>
  <testcase name="service" time="0.001" classname="testcases.CountingTest"/>
  <testcase name="service" time="0.001" classname="testcases.CountingTest"/>
  <testcase name="service" time="0.001" classname="testcases.CountingTest"/>
  <testcase name="service" time="0.000" classname="testcases.CountingTest"/>
  <testcase name="service" time="0.143" classname="testcases.CountingTest"/>
  <testcase name="service" time="0.001" classname="testcases.CountingTest"/>
  <testcase name="service" time="0.001" classname="testcases.CountingTest"/>
  <testcase name="service" time="0.001" classname="testcases.CountingTest"/>
  <testcase name="service" time="0.629" classname="testcases.CountingTest"/>
  <testcase name="service" time="0.010" classname="testcases.CountingTest"/>
  <testcase name="service" time="0.524" classname="testcases.CountingTest"/>
  <testcase name="service" time="0.000" classname="testcases.CountingTest"/>
  <testcase name="service" time="0.001" classname="testcases.CountingTest"/>
  <testcase name="service" time="0.000" classname="testcases.CountingTest"/>
  <testcase name="service" time="0.003" classname="testcases.CountingTest"/>
  <testcase name="service" time="0.675" classname="testcases.CountingTest"/>
  <testcase name="service" time="0.316" classname="testcases.CountingTest"/>
  <testcase name="service" time="0.145" classname="testcases.CountingTest"/>
  <testcase name="service" time="0.003" classname="testcases.CountingTest"/>
  <testcase name="service" time="0.000" classname="testcases.CountingTest"/>
  <testcase name="service" time="0.001" classname="testcases.CountingTest"/>
  <testcase name="service" time="0.009" classname="testcases.CountingTest"/>
  <testcase name="service" time="0.003" classname="testcases.CountingTest"/>
  <testcase name="service" time="0.000" classname="testcases.CountingTest"/>
  <testcase name="service" time="0.000" classname="testcases.CountingTest"/>
  <testcase name="service" time="0.063" classname="testcases.CountingTest"/>
  <testcase name="service" time="0.001" classname="testcases.CountingTest"/>
  <testcase name="service" time="0.000" classname="testcases.CountingTest"/>
  <testcase name="service" time="0.001" classname="testcases.CountingTest"/>
  <testcase name="service" time="0.000" classname="testcases.CountingTest"/>
  <testcase name="service" time="0.006" classname="testcases.CountingTest"/>
  <testcase name="service" time="0.004" classname="testcases.CountingTest"/>
  <testcase name="service" time="0.000" classname="testcases.CountingTest"/>
  <testcase name="service" time="0.001" classname="testcases.CountingTest"/>
  <testcase name="service" time="0.060" classname="testcases.CountingTest"/>
  <testcase name="service" time="0.568" classname="testcases.CountingTest"/>
  <testcase name="service" time="0.001" classname="testcases.CountingTest"/>
  <testcase name="service" time="0.857" classname="testcases.CountingTest"/>
  <testcase name="service" time="0.001" classname="testcases.CountingTest"/>
  <testcase name="service" time="0.347" classname="testcases.CountingTest"/>
  <testcase name="service" time="0.000" classname="testcases.CountingTest"/>
  <testcase name="service" time="0.000" classname="testcases.CountingTest"/>
  <testcase name="service" time="0.001" classname="testcases.CountingTest"/>
  <testcase name="service" time="0.240" classname="testcases.CountingTest"/>
  <testcase name="service" time="0.000" classname="testcases.CountingTest"/>
  <testcase name="service" time="0.001" classname="testcases.CountingTest"/>
  <testcase name="service" time="0.005" classname="testcases.CountingTest"/>
  <testcase name="service" time="0.000" classname="testcases.CountingTest"/>
  <testcase name="service" time="0.686" classname="testcases.CountingTest"/>
  <testcase name="service" time="0.000" classname="testcases.CountingTest"/>
  <testcase name="service" time="0.513" classname="testcases.CountingTest"/>
  <testcase name="service" time="0.000" classname="testcases.CountingTest"/>
  <testcase name="service" time="0.331" classname="testcases.CountingTest"/>
  <testcase name="service" time="0.251" classname="testcases.CountingTest"/>
  <testcase name="service" time="0.537" classname="testcases.CountingTest"/>
  <testcase name="service" time="0.000" classname="testcases.CountingTest"/>
  <testcase name="service" time="0.002" classname="testcases.CountingTest"/>
  <testcase name="service" time="0.001" classname="testcases.CountingTest"/>
  <testcase name="service" time="0.000" classname="testcases.CountingTest"/>
  <testcase name="service" time="0.116" classname="testcases.CountingTest"/>
  <testcase name="service" time="0.195" classname="testcases.CountingTest"/>
  <testcase name="service" time="0.000" classname="testcases.CountingTest"/>
  <testcase name="service" time="0.522" classname="testcases.CountingTest"/>
  <testcase name="service" time="0.521" classname="testcases.CountingTest"/>
  <testcase name="service" time="0.001" classname="testcases.CountingTest"/>
  <testcase name="service" time="0.000" classname="testcases.CountingTest"/>
  <testcase name="service" time="0.138" classname="testcases.CountingTest"/>
  <testcase name="service" time="0.006" classname="testcases.CountingTest"/>
  <testcase name="service" time="0.001" classname="testcases.CountingTest"/>
  <testcase name="service" time="0.743" classname="testcases.CountingTest"/>
  <testcase name="service" time="0.001" classname="testcases.CountingTest"/>
  <testcase name="service" time="0.009" classname="testcases.CountingTest"/>
  <testcase name="service" time="0.041" classname="testcases.CountingTest"/>
  <testcase name="service" time="0.001" classname="testcases.CountingTest"/>
  <testcase name="service" time="0.000" classname="testcases.CountingTest"/>
  <testcase name="service" time="0.615" classname="testcases.CountingTest"/>
  <testcase name="service" time="0.506" classname="testcases.CountingTest"/>
  <testcase name="service" time="0.000" classname="testcases.CountingTest"/>
  <testcase name="service" time="0.000" classname="testcases.CountingTest"/>
  <testcase name="service" time="0.807" classname="testcases.CountingTest"/>
  <testcase name="service" time="0.001" classname="testcases.CountingTest"/>
  <testcase name="service" time="0.015" classname="testcases.CountingTest"/>
  <testcase name="service" time="0.000" classname="testcases.CountingTest"/>
  <testcase name="service" time="0.217" classname="testcases.CountingTest"/>
  <testcase name="service" time="0.009" classname="testcases.CountingTest"/>
  <testcase name="service" time="0.362" classname="testcases.CountingTest"/>
  <testcase name="service" time="0.007" classname="testcases.CountingTest"/>
  <testcase name="service" time="0.002" classname="testcases.CountingTest"/>
  <testcase name="service" time="0.000" classname="testcases.CountingTest"/>
  <testcase name="service" time="0.878" classname="testcases.CountingTest"/>
  <testcase name="service" time="0.772" classname="testcases.CountingTest"/>
  <testcase name="service" time="0.001" classname="testcases.CountingTest"/>
  <testcase name="service" time="0.000" classname="testcases.CountingTest"/>
  <testcase name="service" time="0.001" classname="testcases.CountingTest"/>
  <testcase name="service" time="0.000" classname="testcases.CountingTest"/>
  <testcase name="service" time="0.001" classname="testcases.CountingTest"/>
  <testcase name="service" time="0.001" classname="testcases.CountingTest"/>
  <testcase name="service" time="0.000" classname="testcases.CountingTest"/>
  <testcase name="service" time="0.001" classname="testcases.CountingTest"/>
  <testcase name="service" time="0.000" classname="testcases.CountingTest"/>
  <testcase name="service" time="0.003" classname="testcases.CountingTest"/>
  <testcase name="service" time="0.173" classname="testcases.CountingTest"/>
  <testcase name="service" time="0.000" classname="testcases.CountingTest"/>
  <testcase name="service" time="0.049" classname="testcases.CountingTest"/>
  <testcase name="service" time="0.001" classname="testcases.CountingTest"/>
  <testcase name="service" time="0.158" classname="testcases.CountingTest"/>
  <testcase name="service" time="0.661" classname="testcases.CountingTest"/>
  <testcase name="service" time="0.002" classname="testcases.CountingTest"/>
  <testcase name="service" time="0.001" classname="testcases.CountingTest"/>
  <testcase name="service" time="0.001" classname="testcases.CountingTest"/>
  <testcase name="service" time="0.000" classname="testcases.CountingTest"/>
  <testcase name="service" time="0.002" classname="testcases.CountingTest"/>
  <testcase name="service" time="0.338" classname="testcases.CountingTest"/>
  <testcase name="service" time="0.002" classname="testcases.CountingTest"/>
  <testcase name="service" time="0.003" classname="testcases.CountingTest"/>
  <testcase name="service" time="0.001" classname="testcases.CountingTest"/>
  <testcase name="service" time="1.049" classname="testcases.CountingTest"/>
  <testcase name="service" time="0.000" classname="testcases.CountingTest"/>
  <testcase name="service" time="0.002" classname="testcases.CountingTest"/>
  <testcase name="service" time="0.003" classname="testcases.CountingTest"/>
  <testcase name="service" time="0.008" classname="testcases.CountingTest"/>
  <testcase name="service" time="0.000" classname="testcases.CountingTest"/>
  <testcase name="service" time="0.001" classname="testcases.CountingTest"/>
  <testcase name="service" time="0.001" classname="testcases.CountingTest"/>
  <testcase name="service" time="0.292" classname="testcases.CountingTest"/>
  <testcase name="service" time="0.415" classname="testcases.CountingTest"/>
  <testcase name="service" time="0.000" classname="testcases.CountingTest"/>
  <testcase name="service" time="0.001" classname="testcases.CountingTest"/>
  <testcase name="service" time="0.263" classname="testcases.CountingTest"/>
  <testcase name="service" time="0.001" classname="testcases.CountingTest"/>
  <testcase name="service" time="0.000" classname="testcases.CountingTest"/>
  <testcase name="service" time="0.001" classname="testcases.CountingTest"/>
  <testcase name="service" time="0.014" classname="testcases.CountingTest"/>
  <testcase name="service" time="0.877" classname="testcases.CountingTest"/>
  <testcase name="service" time="0.001" classname="testcases.CountingTest"/>
  <testcase name="service" time="0.013" classname="testcases.CountingTest"/>
  <testcase name="service" time="0.000" classname="testcases.CountingTest"/>
  <testcase name="service" time="0.000" classname="testcases.CountingTest"/>
  <testcase name="service" time="0.001" classname="testcases.CountingTest"/>
  <testcase name="service" time="0.001" classname="testcases.CountingTest"/>
  <testcase name="service" time="0.000" classname="testcases.CountingTest"/>
  <testcase name="service" time="0.001" classname="testcases.CountingTest"/>
  <testcase name="service" time="0.001" classname="testcases.CountingTest"/>
  <testcase name="service" time="0.000" classname="testcases.CountingTest"/>
  <testcase name="service" time="0.001" classname="testcases.CountingTest"/>
  <testcase name="service" time="0.015" classname="testcases.CountingTest"/>
  <testcase name="service" time="0.000" classname="testcases.CountingTest"/>
  <testcase name="service" time="0.000" classname="testcases.CountingTest"/>
  <testcase name="service" time="0.003" classname="testcases.CountingTest"/>
  <testcase name="service" time="0.001" classname="testcases.CountingTest"/>
  <testcase name="service" time="0.001" classname="testcases.CountingTest"/>
  <testcase name="service" time="0.001" classname="testcases.CountingTest"/>
  <testcase name="service" time="0.000" classname="testcases.CountingTest"/>
  <testcase name="service" time="0.513" classname="testcases.CountingTest"/>
  <testcase name="service" time="0.792" classname="testcases.CountingTest"/>
  <testcase name="service" time="0.000" classname="testcases.CountingTest"/>
  <testcase name="service" time="0.001" classname="testcases.CountingTest"/>
  <testcase name="service" time="0.001" classname="testcases.CountingTest"/>
  <testcase name="service" time="0.000" classname="testcases.CountingTest"/>
  <testcase name="service" time="0.000" classname="testcases.CountingTest"/>
  <testcase name="service" time="0.282" classname="testcases.CountingTest"/>
  <testcase name="service" time="0.001" classname="testcases.CountingTest"/>
  <testcase name="service" time="0.106" classname="testcases.CountingTest"/>
  <testcase name="service" time="0.001" classname="testcases.CountingTest"/>
  <testcase name="service" time="0.001" classname="testcases.CountingTest"/>
  <testcase name="service" time="0.002" classname="testcases.CountingTest"/>
  <testcase name="service" time="0.000" classname="testcases.CountingTest"/>
  <testcase name="service" time="0.002" classname="testcases.CountingTest"/>
  <testcase name="service" time="0.000" classname="testcases.CountingTest"/>
  <testcase name="service" time="0.000" classname="testcases.CountingTest"/>
  <testcase name="service" time="0.002" classname="testcases.CountingTest"/>
  <testcase name="service" time="0.002" classname="testcases.CountingTest"/>
  <testcase name="service" time="0.000" classname="testcases.CountingTest"/>
  <testcase name="service" time="0.001" classname="testcases.CountingTest"/>
  <testcase name="service" time="0.569" classname="testcases.CountingTest"/>
  <testcase name="service" time="0.697" classname="testcases.CountingTest"/>
  <testcase name="service" time="0.050" classname="testcases.CountingTest"/>
  <testcase name="service" time="0.000" classname="testcases.CountingTest"/>
  <testcase name="service" time="0.632" classname="testcases.CountingTest"/>
  <testcase name="service" time="0.003" classname="testcases.CountingTest"/>
  <testcase name="service" time="0.001" classname="testcases.CountingTest"/>
  <testcase name="service" time="0.005" classname="testcases.CountingTest"/>
  <testcase name="service" time="0.203" classname="testcases.CountingTest"/>
  <testcase name="service" time="0.003" classname="testcases.CountingTest"/>
  <testcase name="service" time="0.000" classname="testcases.CountingTest"/>
  <testcase name="service" time="0.001" classname="testcases.CountingTest"/>
  <testcase name="service" time="0.001" classname="testcases.CountingTest"/>
  <testcase name="service" time="0.764" classname="testcases.CountingTest"/>
  <testcase name="service" time="0.002" classname="testcases.CountingTest"/>
  <testcase name="service" time="0.334" classname="testcases.CountingTest"/>
  <testcase name="service" time="0.001" classname="testcases.CountingTest"/>
  <testcase name="service" time="0.007" classname="testcases.CountingTest"/>
  <testcase name="service" time="0.011" classname="testcases.CountingTest"/>
  <testcase name="service" time="0.432" classname="testcases.CountingTest"/>
  <testcase name="service" time="0.026" classname="testcases.CountingTest"/>
  <testcase name="service" time="0.001" classname="testcases.CountingTest"/>
  <testcase name="service" time="0.004" classname="testcases.CountingTest"/>
  <testcase name="service" time="0.001" classname="testcases.CountingTest"/>
  <testcase name="service" time="0.006" classname="testcases.CountingTest"/>
  <testcase name="service" time="0.001" classname="testcases.CountingTest"/>
  <testcase name="service" time="0.001" classname="testcases.CountingTest"/>
  <testcase name="service" time="0.304" classname="testcases.CountingTest"/>
  <testcase name="service" time="0.006" classname="testcases.CountingTest"/>
  <testcase name="service" time="0.037" classname="testcases.CountingTest"/>
  <testcase name="service" time="0.750" classname="testcases.CountingTest"/>
  <testcase name="service" time="0.000" classname="testcases.CountingTest"/>
  <testcase name="service" time="0.000" classname="testcases.CountingTest"/>
  <testcase name="service" time="0.001" classname="testcases.CountingTest"/>
  <testcase name="service" time="0.001" classname="testcases.CountingTest"/>
  <testcase name="service" time="0.002" classname="testcases.CountingTest"/>
  <testcase name="service" time="0.202" classname="testcases.CountingTest"/>
  <testcase name="service" time="0.000" classname="testcases.CountingTest"/>
  <testcase name="service" time="0.489" classname="testcases.CountingTest"/>
  <testcase name="service" time="0.000" classname="testcases.CountingTest"/>
  <testcase name="service" time="0.000" classname="testcases.CountingTest"/>
  <testcase name="service" time="0.000" classname="testcases.CountingTest"/>
  <testcase name="service" time="0.042" classname="testcases.CountingTest"/>
  <testcase name="service" time="0.002" classname="testcases.CountingTest"/>
  <testcase name="service" time="0.003" classname="testcases.CountingTest"/>
  <testcase name="service" time="0.001" classname="testcases.CountingTest"/>
  <testcase name="service" time="0.000" classname="testcases.CountingTest"/>
  <testcase name="service" time="0.000" classname="testcases.CountingTest"/>
  <testcase name="service" time="0.003" classname="testcases.CountingTest"/>
  <testcase name="service" time="0.001" classname="testcases.CountingTest"/>
  <testcase name="service" time="0.001" classname="testcases.CountingTest"/>
  <testcase name="service" time="0.000" classname="testcases.CountingTest"/>
  <testcase name="service" time="0.001" classname="testcases.CountingTest"/>
  <testcase name="service" time="0.000" classname="testcases.CountingTest"/>
  <testcase name="service" time="0.000" classname="testcases.CountingTest"/>
  <testcase name="service" time="0.145" classname="testcases.CountingTest"/>
  <testcase name="service" time="0.001" classname="testcases.CountingTest"/>
  <testcase name="service" time="0.001" classname="testcases.CountingTest"/>
  <testcase name="service" time="0.000" classname="testcases.CountingTest"/>
  <testcase name="service" time="0.250" classname="testcases.CountingTest"/>
  <testcase name="service" time="0.006" classname="testcases.CountingTest"/>
  <testcase name="service" time="0.000" classname="testcases.CountingTest"/>
  <testcase name="service" time="0.519" classname="testcases.CountingTest"/>
  <testcase name="service" time="0.000" classname="testcases.CountingTest"/>
  <testcase name="service" time="0.000" classname="testcases.CountingTest"/>
  <testcase name="service" time="0.001" classname="testcases.CountingTest"/>
  <testcase name="service" time="0.001" classname="testcases.CountingTest"/>
  <testcase name="service" time="0.000" classname="testcases.CountingTest"/>
  <testcase name="service" time="0.000" classname="testcases.CountingTest"/>
  <testcase name="service" time="0.001" classname="testcases.CountingTest"/>
  <testcase name="service" time="0.000" classname="testcases.CountingTest"/>
  <testcase name="service" time="0.000" classname="testcases.CountingTest"/>
  <testcase name="service" time="0.930" classname="testcases.CountingTest"/>
  <testcase name="service" time="0.202" classname="testcases.CountingTest"/>
  <testcase name="service" time="0.000" classname="testcases.CountingTest"/>
  <testcase name="service" time="0.521" classname="testcases.CountingTest"/>
  <testcase name="service" time="0.002" classname="testcases.CountingTest"/>
  <testcase name="service" time="0.048" classname="testcases.CountingTest"/>
  <testcase name="service" time="0.000" classname="testcases.CountingTest"/>
  <testcase name="service" time="0.001" classname="testcases.CountingTest"/>
  <testcase name="service" time="0.023" classname="testcases.CountingTest"/>
  <testcase name="service" time="0.003" classname="testcases.CountingTest"/>
  <testcase name="service" time="0.001" classname="testcases.CountingTest"/>
  <testcase name="service" time="0.000" classname="testcases.CountingTest"/>
  <testcase name="service" time="0.000" classname="testcases.CountingTest"/>
  <testcase name="service" time="0.001" classname="testcases.CountingTest"/>
  <testcase name="service" time="0.056" classname="testcases.CountingTest"/>
  <testcase name="service" time="0.002" classname="testcases.CountingTest"/>
  <testcase name="service" time="0.000" classname="testcases.CountingTest"/>
  <testcase name="service" time="0.000" classname="testcases.CountingTest"/>
  <testcase name="service" time="0.003" classname="testcases.CountingTest"/>
  <testcase name="service" time="0.000" classname="testcases.CountingTest"/>
  <testcase name="service" time="0.036" classname="testcases.CountingTest"/>
  <testcase name="service" time="0.001" classname="testcases.CountingTest"/>
  <testcase name="service" time="0.001" classname="testcases.CountingTest"/>
  <testcase name="service" time="0.000" classname="testcases.CountingTest"/>
  <testcase name="service" time="0.819" classname="testcases.CountingTest"/>
  <testcase name="service" time="0.002" classname="testcases.CountingTest"/>
  <testcase name="service" time="0.514" classname="testcases.CountingTest"/>
  <testcase name="service" time="0.006" classname="testcases.CountingTest"/>
  <testcase name="service" time="0.000" classname="testcases.CountingTest"/>
  <testcase name="service" time="0.583" classname="testcases.CountingTest"/>
  <testcase name="service" time="0.339" classname="testcases.CountingTest"/>
  <testcase name="service" time="0.003" classname="testcases.CountingTest"/>
  <testcase name="service" time="0.004" classname="testcases.CountingTest"/>
  <testcase name="service" time="0.001" classname="testcases.CountingTest"/>
  <testcase name="service" time="0.002" classname="testcases.CountingTest"/>
  <testcase name="service" time="0.067" classname="testcases.CountingTest"/>
  <testcase name="service" time="0.001" classname="testcases.CountingTest"/>
  <testcase name="service" time="0.003" classname="testcases.CountingTest"/>
  <testcase name="service" time="0.172" classname="testcases.CountingTest"/>
  <testcase name="service" time="0.001" classname="testcases.CountingTest"/>
  <testcase name="service" time="0.077" classname="testcases.CountingTest"/>
  <testcase name="service" time="0.001" classname="testcases.CountingTest"/>
  <testcase name="service" time="0.156" classname="testcases.CountingTest"/>
  <testcase name="service" time="0.000" classname="testcases.CountingTest"/>
  <testcase name="service" time="0.610" classname="testcases.CountingTest"/>
  <testcase name="service" time="0.002" classname="testcases.CountingTest"/>
  <testcase name="service" time="0.000" classname="testcases.CountingTest"/>
  <testcase name="service" time="0.002" classname="testcases.CountingTest"/>
  <testcase name="service" time="0.029" classname="testcases.CountingTest"/>
  <testcase name="service" time="0.001" classname="testcases.CountingTest"/>
  <testcase name="service" time="0.304" classname="testcases.CountingTest"/>
  <testcase name="service" time="0.002" classname="testcases.CountingTest"/>
  <testcase name="service" time="0.329" classname="testcases.CountingTest"/>
  <testcase name="service" time="0.004" classname="testcases.CountingTest"/>
  <testcase name="service" time="0.158" classname="testcases.CountingTest"/>
  <testcase name="service" time="0.001" classname="testcases.CountingTest"/>
  <testcase name="service" time="0.001" classname="testcases.CountingTest"/>
  <testcase name="service" time="0.641" classname="testcases.CountingTest"/>
  <testcase name="service" time="0.002" classname="testcases.CountingTest"/>
  <testcase name="service" time="0.001" classname="testcases.CountingTest"/>
  <testcase name="service" time="0.001" classname="testcases.CountingTest"/>
  <testcase name="service" time="0.002" classname="testcases.CountingTest"/>
  <testcase name="service" time="0.005" classname="testcases.CountingTest"/>
  <testcase name="service" time="0.000" classname="testcases.CountingTest"/>
  <testcase name="service" time="0.972" classname="testcases.CountingTest"/>
  <testcase name="service" time="0.582" classname="testcases.CountingTest"/>
  <testcase name="service" time="0.002" classname="testcases.CountingTest"/>
  <testcase name="service" time="0.001" classname="testcases.CountingTest"/>
  <testcase name="service" time="0.003" classname="testcases.CountingTest"/>
  <testcase name="service" time="0.917" classname="testcases.CountingTest"/>
  <testcase name="service" time="0.001" classname="testcases.CountingTest"/>
  <testcase name="service" time="0.918" classname="testcases.CountingTest"/>
  <testcase name="service" time="1.027" classname="testcases.CountingTest"/>
  <testcase name="service" time="0.000" classname="testcases.CountingTest"/>
  <testcase name="service" time="0.003" classname="testcases.CountingTest"/>
  <testcase name="service" time="0.000" classname="testcases.CountingTest"/>
  <testcase name="service" time="0.002" classname="testcases.CountingTest"/>
  <testcase name="service" time="0.971" classname="testcases.CountingTest"/>
  <testcase name="service" time="0.786" classname="testcases.CountingTest"/>
  <testcase name="service" time="0.001" classname="testcases.CountingTest"/>
  <testcase name="service" time="0.011" classname="testcases.CountingTest"/>
  <testcase name="service" time="0.004" classname="testcases.CountingTest"/>
  <testcase name="service" time="0.002" classname="testcases.CountingTest"/>
  <testcase name="service" time="0.251" classname="testcases.CountingTest"/>
  <testcase name="service" time="0.332" classname="testcases.CountingTest"/>
  <testcase name="service" time="0.001" classname="testcases.CountingTest"/>
  <testcase name="service" time="0.007" classname="testcases.CountingTest"/>
  <testcase name="service" time="0.007" classname="testcases.CountingTest"/>
  <testcase name="service" time="0.000" classname="testcases.CountingTest"/>
  <testcase name="service" time="0.001" classname="testcases.CountingTest"/>
  <testcase name="service" time="0.472" classname="testcases.CountingTest"/>
  <testcase name="service" time="0.003" classname="testcases.CountingTest"/>
  <testcase name="service" time="0.003" classname="testcases.CountingTest"/>
  <testcase name="service" time="0.061" classname="testcases.CountingTest"/>
  <testcase name="service" time="0.000" classname="testcases.CountingTest"/>
  <testcase name="service" time="0.218" classname="testcases.CountingTest"/>
  <testcase name="service" time="0.000" classname="testcases.CountingTest"/>
  <testcase name="service" time="0.171" classname="testcases.CountingTest"/>
  <testcase name="service" time="0.003" classname="testcases.CountingTest"/>
  <testcase name="service" time="0.001" classname="testcases.CountingTest"/>
  <testcase name="service" time="0.000" classname="testcases.CountingTest"/>
  <testcase name="service" time="0.001" classname="testcases.CountingTest"/>
  <testcase name="service" time="0.000" classname="testcases.CountingTest"/>
  <testcase name="service" time="0.000" classname="testcases.CountingTest"/>
  <testcase name="service" time="0.001" classname="testcases.CountingTest"/>
  <testcase name="service" time="0.001" classname="testcases.CountingTest"/>
  <testcase name="service" time="0.946" classname="testcases.CountingTest"/>
  <testcase name="service" time="0.001" classname="testcases.CountingTest"/>
  <testcase name="service" time="0.000" classname="testcases.CountingTest"/>
  <testcase name="service" time="0.002" classname="testcases.CountingTest"/>
  <testcase name="service" time="0.004" classname="testcases.CountingTest"/>
  <testcase name="service" time="0.000" classname="testcases.CountingTest"/>
  <testcase name="service" time="0.000" classname="testcases.CountingTest"/>
  <testcase name="service" time="0.845" classname="testcases.CountingTest"/>
  <testcase name="service" time="0.000" classname="testcases.CountingTest"/>
  <testcase name="service" time="0.218" classname="testcases.CountingTest"/>
  <testcase name="service" time="0.002" classname="testcases.CountingTest"/>
  <testcase name="service" time="0.010" classname="testcases.CountingTest"/>
  <testcase name="service" time="0.000" classname="testcases.CountingTest"/>
  <testcase name="service" time="0.000" classname="testcases.CountingTest"/>
  <testcase name="service" time="0.001" classname="testcases.CountingTest"/>
  <testcase name="service" time="0.001" classname="testcases.CountingTest"/>
  <testcase name="service" time="0.003" classname="testcases.CountingTest"/>
  <testcase name="service" time="0.009" classname="testcases.CountingTest"/>
  <testcase name="service" time="0.000" classname="testcases.CountingTest"/>
  <testcase name="service" time="1.055" classname="testcases.CountingTest"/>
  <testcase name="service" time="0.001" classname="testcases.CountingTest"/>
  <testcase name="service" time="0.273" classname="testcases.CountingTest"/>
  <testcase name="service" time="0.002" classname="testcases.CountingTest"/>
  <testcase name="service" time="0.000" classname="testcases.CountingTest"/>
  <testcase name="service" time="0.001" classname="testcases.CountingTest"/>
  <testcase name="service" time="0.002" classname="testcases.CountingTest"/>
  <testcase name="service" time="0.000" classname="testcases.CountingTest"/>
  <testcase name="service" time="0.001" classname="testcases.CountingTest"/>
  <testcase name="service" time="0.046" classname="testcases.CountingTest"/>
  <testcase name="service" time="0.000" classname="testcases.CountingTest"/>
  <testcase name="service" time="0.001" classname="testcases.CountingTest"/>
  <testcase name="service" time="0.000" classname="testcases.CountingTest"/>
  <testcase name="service" time="0.003" classname="testcases.CountingTest"/>
  <testcase name="service" time="0.151" classname="testcases.CountingTest"/>
  <testcase name="service" time="0.005" classname="testcases.CountingTest"/>
  <testcase name="service" time="0.008" classname="testcases.CountingTest"/>
  <testcase name="service" time="0.003" classname="testcases.CountingTest"/>
  <testcase name="service" time="0.000" classname="testcases.CountingTest"/>
  <testcase name="service" time="0.725" classname="testcases.CountingTest"/>
  <testcase name="service" time="0.008" classname="testcases.CountingTest"/>
  <testcase name="service" time="0.001" classname="testcases.CountingTest"/>
  <testcase name="service" time="0.213" classname="testcases.CountingTest"/>
  <testcase name="service" time="0.000" classname="testcases.CountingTest"/>
  <testcase name="service" time="0.005" classname="testcases.CountingTest"/>
  <testcase name="service" time="0.001" classname="testcases.CountingTest"/>
  <testcase name="service" time="0.001" classname="testcases.CountingTest"/>
  <testcase name="service" time="0.841" classname="testcases.CountingTest"/>
  <testcase name="service" time="0.001" classname="testcases.CountingTest"/>
  <testcase name="service" time="0.601" classname="testcases.CountingTest"/>
  <testcase name="service" time="0.001" classname="testcases.CountingTest"/>
  <testcase name="service" time="0.000" classname="testcases.CountingTest"/>
  <testcase name="service" time="0.000" classname="testcases.CountingTest"/>
  <testcase name="service" time="0.027" classname="testcases.CountingTest"/>
  <testcase name="service" time="0.001" classname="testcases.CountingTest"/>
  <testcase name="service" time="0.004" classname="testcases.CountingTest"/>
  <testcase name="service" time="0.001" classname="testcases.CountingTest"/>
  <testcase name="service" time="0.001" classname="testcases.CountingTest"/>
  <testcase name="service" time="0.004" classname="testcases.CountingTest"/>
  <testcase name="service" time="0.318" classname="testcases.CountingTest"/>
  <testcase name="service" time="0.729" classname="testcases.CountingTest"/>
  <testcase name="service" time="0.000" classname="testcases.CountingTest"/>
  <testcase name="service" time="0.000" classname="testcases.CountingTest"/>
  <testcase name="service" time="0.012" classname="testcases.CountingTest"/>
  <testcase name="service" time="1.017" classname="testcases.CountingTest"/>
  <testcase name="service" time="0.001" classname="testcases.CountingTest"/>
  <testcase name="service" time="0.001" classname="testcases.CountingTest"/>
  <testcase name="service" time="0.001" classname="testcases.CountingTest"/>
  <testcase name="service" time="0.934" classname="testcases.CountingTest"/>
  <testcase name="service" time="0.008" classname="testcases.CountingTest"/>
  <testcase name="service" time="0.266" classname="testcases.CountingTest"/>
  <testcase name="service" time="0.950" classname="testcases.CountingTest"/>
  <testcase name="service" time="0.586" classname="testcases.CountingTest"/>
  <testcase name="service" time="0.001" classname="testcases.CountingTest"/>
  <testcase name="service" time="0.000" classname="testcases.CountingTest"/>
  <testcase name="service" time="0.001" classname="testcases.CountingTest"/>
  <testcase name="service" time="0.002" classname="testcases.CountingTest"/>
  <testcase name="service" time="0.001" classname="testcases.CountingTest"/>
  <testcase name="service" time="0.000" classname="testcases.CountingTest"/>
  <testcase name="service" time="0.000" classname="testcases.CountingTest"/>
  <testcase name="service" time="0.226" classname="testcases.CountingTest"/>
  <testcase name="service" time="0.001" classname="testcases.CountingTest"/>
  <testcase name="service" time="0.001" classname="testcases.CountingTest"/>
  <testcase name="service" time="0.000" classname="testcases.CountingTest"/>
  <testcase name="service" time="0.000" classname="testcases.CountingTest"/>
  <testcase name="service" time="0.057" classname="testcases.CountingTest"/>
  <testcase name="service" time="0.001" classname="testcases.CountingTest"/>
  <testcase name="service" time="0.001" classname="testcases.CountingTest"/>
  <testcase name="service" time="0.054" classname="testcases.CountingTest"/>
  <testcase name="service" time="0.567" classname="testcases.CountingTest"/>
  <testcase name="service" time="0.576" classname="testcases.CountingTest"/>
  <testcase name="service" time="0.001" classname="testcases.CountingTest"/>
  <testcase name="service" time="0.002" classname="testcases.CountingTest"/>
  <testcase name="service" time="0.206" classname="testcases.CountingTest"/>
  <testcase name="service" time="0.009" classname="testcases.CountingTest"/>
  <testcase name="service" time="0.480" classname="testcases.CountingTest"/>
  <testcase name="service" time="0.000" classname="testcases.CountingTest"/>
  <testcase name="service" time="0.600" classname="testcases.CountingTest"/>
  <testcase name="service" time="0.000" classname="testcases.CountingTest"/>
  <testcase name="service" time="0.037" classname="testcases.CountingTest"/>
  <testcase name="service" time="0.001" classname="testcases.CountingTest"/>
  <testcase name="service" time="0.000" classname="testcases.CountingTest"/>
  <testcase name="service" time="0.000" classname="testcases.CountingTest"/>
  <testcase name="service" time="0.019" classname="testcases.CountingTest"/>
  <testcase name="service" time="0.006" classname="testcases.CountingTest"/>
  <testcase name="service" time="0.000" classname="testcases.CountingTest"/>
  <testcase name="service" time="0.028" classname="testcases.CountingTest"/>
  <testcase name="service" time="0.000" classname="testcases.CountingTest"/>
  <testcase name="service" time="0.229" classname="testcases.CountingTest"/>
  <testcase name="service" time="0.009" classname="testcases.CountingTest"/>
  <testcase name="service" time="0.000" classname="testcases.CountingTest"/>
  <testcase name="service" time="0.003" classname="testcases.CountingTest"/>
  <testcase name="service" time="0.001" classname="testcases.CountingTest"/>
  <testcase name="service" time="0.003" classname="testcases.CountingTest"/>
  <testcase name="service" time="0.001" classname="testcases.CountingTest"/>
  <testcase name="service" time="0.005" classname="testcases.CountingTest"/>
  <testcase name="service" time="0.000" classname="testcases.CountingTest"/>
</testsuite> <!-- testcases.CountingTest -->
